Started by user [8mha:////4P6DN5/ptVItoZ4OD4ihaxoC7SB6SFdPlrS5lyDT9tW/AAAAlx+LCAAAAAAAAP9b85aBtbiIQTGjNKU4P08vOT+vOD8nVc83PyU1x6OyILUoJzMv2y+/JJUBAhiZGBgqihhk0NSjKDWzXb3RdlLBUSYGJk8GtpzUvPSSDB8G5tKinBIGIZ+sxLJE/ZzEvHT94JKizLx0a6BxUmjGOUNodHsLgAzWEgZu/dLi1CL9xJTczDwAj6GcLcAAAAA=[0madmin
Obtained Jenkinsfile from git git@github.com:keber/ProjectDevops.git
[8mha:////4Bdti9mZvlzbEV+jZuJ60/F4/AcN9zs2YmrLincfmoavAAAAoh+LCAAAAAAAAP9tjTEOwjAQBM8BClpKHuFItIiK1krDC0x8GCfWnbEdkooX8TX+gCESFVvtrLSa5wtWKcKBo5UdUu8otU4GP9jS5Mixv3geZcdn2TIl9igbHBs2eJyx4YwwR1SwULBGaj0nRzbDRnX6rmuvydanHMu2V1A5c4MHCFXMWcf8hSnC9jqYxPTz/BXAFEIGsfuclm8zQVqFvQAAAA==[0m[Pipeline] Start of Pipeline
[8mha:////4LDIHASoGj0Ihzamx6TjE33Nbrb4eTEqedfXg5a/+o1JAAAApR+LCAAAAAAAAP9tjTEOwjAUQ3+KOrAycohUghExsUZZOEFIQkgb/d8mKe3EibgadyBQiQlLlmxL1nu+oE4RjhQdby12HpP2vA+jK4lPFLtroIm3dOGaMFGwXNpJkrGnpUrKFhaxClYC1hZ1oOTRZdiIVt1VExS65pxj2Q4CKm8GeAAThZxVzN8yR9jeRpMIf5y/AJj7DGxXvP/86jduZBmjwAAAAA==[0m[Pipeline] node
Running on [8mha:////4GdOTMCV9OI317RLX7y0iP3ao1oxRrAOTW4l1QJtI5EbAAAAoR+LCAAAAAAAAP9b85aBtbiIQTGjNKU4P08vOT+vOD8nVc83PyU1x6OyILUoJzMv2y+/JJUBAhiZGBgqihhk0NSjKDWzXb3RdlLBUSYGJk8GtpzUvPSSDB8G5tKinBIGIZ+sxLJE/ZzEvHT94JKizLx0a6BxUmjGOUNodHsLgAz2EgZR/eT83ILSktQifY2k0sycEt3MPE19AHHxbH3KAAAA[0mJenkins in /var/jenkins_home/workspace/proyectoFinal3
[8mha:////4PfHoXbjFQnjWFHuW0fO5lP5OvetsW5VLk0qvJy77NipAAAApR+LCAAAAAAAAP9tjTEOwjAUQ3+KOrAycoh0gA0xsUZZOEFIQkgb/d8mKe3EibgadyBQiQlLlmxL1nu+oE4RjhQdby12HpP2vA+jK4lPFLtroIm3dOGaMFGwXNpJkrGnpUrKFhaxClYC1hZ1oOTRZdiIVt1VExS65pxj2Q4CKm8GeAAThZxVzN8yR9jeRpMIf5y/AJj7DGxXvP/86jfoP95RwAAAAA==[0m[Pipeline] {
[8mha:////4L+MXf4rUo/wzJQGWl11q4MfbNEBvaMCI2U2muDXrry+AAAApR+LCAAAAAAAAP9tjTEOwjAUQ3+KOrAycoh0gQkxsUZZOEFIQkgb/d8mKe3EibgadyBQiQlLlmxL1nu+oE4RjhQdby12HpP2vA+jK4lPFLtroIm3dOGaMFGwXNpJkrGnpUrKFhaxClYC1hZ1oOTRZdiIVt1VExS65pxj2Q4CKm8GeAAThZxVzN8yR9jeRpMIf5y/AJj7DGxXvP/86jc09154wAAAAA==[0m[Pipeline] stage
[8mha:////4ExC6zxnjw3So9Jxc79VJg4QhUqJQQsZyV1SlSAZNxFLAAAApR+LCAAAAAAAAP9tjTEOwjAUQ3+KOrAycoh0ggUxsUZZOEFIQkgb/d8mKe3EibgadyBQiQlLlmxL1nu+oE4RjhQdby12HpP2vA+jK4lPFLtroIm3dOGaMFGwXNpJkrGnpUrKFhaxClYC1hZ1oOTRZdiIVt1VExS65pxj2Q4CKm8GeAAThZxVzN8yR9jeRpMIf5y/AJj7DGxXvP/86jek7ggRwAAAAA==[0m[Pipeline] { (Declarative: Checkout SCM)
[8mha:////4JT3Rl7m1vgywJExSEwVERowFBy/gqP7q/Tg7hFX8JiJAAAAoh+LCAAAAAAAAP9tjTEOAiEURD9rLGwtPQTbaWGsbAmNJ0AWEZb8zwLrbuWJvJp3kLiJlZNMMm+a93rDOic4UbLcG+wdZu14DKOti0+U+lugiXu6ck2YKRguzSSpM+cFJRUDS1gDKwEbgzpQdmgLbIVXD9UGhba9lFS/o4DGdQM8gYlqLiqVL8wJdvexy4Q/z18BzLEA29ce4gfg7KmOvAAAAA==[0m[Pipeline] checkout
Selected Git installation does not exist. Using Default
The recommended git tool is: NONE
using credential github-keber
 > git rev-parse --resolve-git-dir /var/jenkins_home/workspace/proyectoFinal3/.git # timeout=10
Fetching changes from the remote Git repository
 > git config remote.origin.url git@github.com:keber/ProjectDevops.git # timeout=10
Fetching upstream changes from git@github.com:keber/ProjectDevops.git
 > git --version # timeout=10
 > git --version # 'git version 2.30.2'
using GIT_SSH to set credentials github-keber
Verifying host key using known hosts file
[8mha:////4IIlnQrC5KgvlsOq5Qd0DPgPctpHbD/paICoxpzsXlGLAAAAwB+LCAAAAAAAAP9djLENwjAQRY8gGIAS0VE77ihAVDQgRVAwQRSMfYl1tuwLStZgDWgYgnFYgIpE6fjN+19fes8PTGKAhakv0VFaOIrOqnTfehUsUnV0rFbbx2t79+8EkgNMrSLNJoNxHSzDLCvzWy5tTlqeOSDpTRNg/qfbDexlMGSUADS+K1+Gk2H2cS2lt7VGimmpqOqJTmpkUVhUxHI53KKTcrdFjEYYF1lUqhU3FfCKRc7o6Af/njhS1AAAAA==[0mYou're using 'Known hosts file' strategy to verify ssh host keys, but your known_hosts file does not exist, please go to 'Manage Jenkins' -> 'Configure Global Security' -> 'Git Host Key Verification Configuration' and configure host key verification.
 > git fetch --tags --force --progress -- git@github.com:keber/ProjectDevops.git +refs/heads/*:refs/remotes/origin/* # timeout=10
 > git rev-parse refs/remotes/origin/main^{commit} # timeout=10
Checking out Revision 7b70214ff8f75283327d1c930d986db4006c3973 (refs/remotes/origin/main)
 > git config core.sparsecheckout # timeout=10
 > git checkout -f 7b70214ff8f75283327d1c930d986db4006c3973 # timeout=10
Commit message: "Update README.md"
 > git rev-list --no-walk 7b70214ff8f75283327d1c930d986db4006c3973 # timeout=10
[8mha:////4Aq64PiKVf6C+eFYfTH7meOPn9AqESuszyZRwtjlt6WwAAAAoh+LCAAAAAAAAP9tjTEOAiEURD9rLGwtPQTbGRNjZUtoPAGyiLDkfxZYdytP5NW8g8RNrJxkknnTvNcb1jnBiZLl3mDvMGvHYxhtXXyi1N8CTdzTlWvCTMFwaSZJnTkvKKkYWMIaWAnYGNSBskNbYCu8eqg2KLTtpaT6HQU0rhvgCUxUc1GpfGFOsLuPXSb8ef4KYI6xADvU7j9Dg2gqvAAAAA==[0m[Pipeline] }
[8mha:////4FcY+UdW8y7tL8sexzc/nkiFcJuMbVS5jl4yvtJyZKl5AAAAoh+LCAAAAAAAAP9tjTEOAiEURD9rLGwtPQRbWRhjZUtoPAGyiLDkfxZYdytP5NW8g8RNrJxkknnTvNcb1jnBiZLl3mDvMGvHYxhtXXyi1N8CTdzTlWvCTMFwaSZJnTkvKKkYWMIaWAnYGNSBskNbYCu8eqg2KLTtpaT6HQU0rhvgCUxUc1GpfGFOsLuPXSb8ef4KYI6xADvU7j9J+wGOvAAAAA==[0m[Pipeline] // stage
[8mha:////4KeLTNM6ruhLcVI45pVAMr4Ls2A3FS7y91BKeD2iHzgnAAAAph+LCAAAAAAAAP9tjTEOwjAQBM9BKWgpeYQDEh2iorXc8AITG+PEugv2haTiRXyNPxCIRMVWOyut5vmCMic4UPKycdgGzHWQXez91ORAqb1EGmRDZ1kTZopOajdosu44oyZ2MEcUsFCwdFhHygE9w0o15m6qaNBXJ07TtldQBHuDBwg1mdkk/sKYYH3tbSb8ef4KYOwYxI6h2G4+x/INtuQqUcEAAAA=[0m[Pipeline] withEnv
[8mha:////4FXHZ/hNnwrRs61TwbpyYmCret5Q/HYnoq/1BggpNLzxAAAApR+LCAAAAAAAAP9tjTEOwjAUQ3+DOrAycoiUzoiJNerCCUITQtLo/zZJSSdOxNW4Ay2VmPBg2Zas93pDGQOcKBjuNHYWY2t570czJ54pdDdPmTu68pYwkte80bkhpc9rbShpWFUw2AjYamw9RYsmwU44+ZCVl2iqSwrzdhTArBrgCYWYyUmG9C1TgP19VJHwx/kLgKlPwOrDYvXyLD8BobDcwgAAAA==[0m[Pipeline] {
[8mha:////4BWBfFoVVRwe5YGGohrwkYMQta3jlIp9lADpwRivR0Q+AAAAph+LCAAAAAAAAP9tjTEOwjAUQ3+LOrAycohUZUVMrFEWThCaEJJG/7dJSjpxIq7GHWipxIQHy7ZkvdcbqhjgRMEwp7GzGFvLej+aObFMobt5yszRlbWEkbxmQmdBSp/XKihpWFWUsOGw1dh6ihZNgh138iFrL9HUlxTm7cihtGqAJxR8JicZ0rdMAfb3UUXCH+cvAKY+Qdk0ix2WZ/UBbwyqm8IAAAA=[0m[Pipeline] withEnv
[8mha:////4Cx9In/a8bNPJkQGurclfxc9AocT6lvjeViGHRNJct1pAAAAph+LCAAAAAAAAP9tjTEOwjAUQ3+LOrAycohUwIiYukZZOEFoQkgb/V9+UtqJE3E17kBLJSY8WLYl673eUESGE7ETjcXWY6y96ELvpiQG4vYaaBANXURNGClYoeygyNhqqYqShUVZDisJa4t1oOjRJdjIRj90GTS68px42o4Scm/u8IRMTuSkOX3LyLC99SYS/jh/ATB2CfLdfrbD/Cw+y7kUycIAAAA=[0m[Pipeline] {
[8mha:////4F9mSTeAOJ1sw2mN6J+VOy8WEUzogab7oYY3Cg80blC2AAAApx+LCAAAAAAAAP9tjTEOwjAUQ3+LOrAycohUCDbE1DXKwglCE0La6P/yk9JOnIircQdaKjHhwbItWe/1hiIynIidaCy2HmPtRRd6NyUxELfXQINo6CJqwkjBCmUHRcZWS1WULCzKclhJWFusA0WPLsFGNvqhy6DRlefE03aUkHtzhydkciInzelbRobtrTeR8Mf5C4CxS5Dv9rMd5mfxAbNWnxXCAAAA[0m[Pipeline] stage
[8mha:////4ILpxaq74QPZwlF7qmzu4H7qeECmTxjl75/pw/ABrlCOAAAApx+LCAAAAAAAAP9tjTEOwjAUQ3+LOrAycohUSDAhpq5RFk4QmhDSRv+Xn5R24kRcjTvQUokJD5ZtyXqvNxSR4UTsRGOx9RhrL7rQuymJgbi9BhpEQxdRE0YKVig7KDK2WqqiZGFRlsNKwtpiHSh6dAk2stEPXQaNrjwnnrajhNybOzwhkxM5aU7fMjJsb72JhD/OXwCMXYJ8t5/tMD+LD5WQ+PfCAAAA[0m[Pipeline] { (Declarative: Tool Install)
[8mha:////4HbIk3LyYXkYAgXf4E1EHzpo0hy99uNEAOkkVrT4jdLxAAAApB+LCAAAAAAAAP9tjTEOwjAQBC9BFLSUPOIiCmgQVVrLDS8wsTFOrDtjOyQVL+Jr/IFAJCq2WO1sM88XLFOEI0eLraHOUWocBt/baeHAsbt4HrDlMzZMib1BaQbJ2tQzSs4G5hQlLASsDDWekyObYS1adVeVV2SrU47TdxBQOn2DBxRiMmcV8xfGCJtrrxPTz/NXAGPIUG53n9qHN7LjSKW+AAAA[0m[Pipeline] tool
[8mha:////4I5YYDTEVHY1ODPIjCHHp2SPXVocqGYbAhnVxFAt1BUlAAAApR+LCAAAAAAAAP9tjTEOwjAQBC9BFLSUPOIiCkSBqNJabniBiY1xYt0Z2yGpeBFf4w8EIlGxxWpnm3m+YJkiHDlabA11jlLjMPjeTgsHjt3F84Atn7FhSuwNSjNI1qaeUXI2MKcoYSFgZajxnBzZDGvRqruqvCJbnXKcvoOA0ukbPKAQkzmrmL8wRthce52Yfp6/AhhDhnK7+9Q+vAHz0lO8vgAAAA==[0m[Pipeline] envVarsForTool
[8mha:////4GmlHJPihGVolJwDHaXchhrGTLihomnn4HRpxabcbxrDAAAApR+LCAAAAAAAAP9tjTEOwjAQBC9BFLSUPOIiCiQkRJXWcsMLTGyME+vO2A5JxYv4Gn8gEImKLVY728zzBcsU4cjRYmuoc5Qah8H3dlo4cOwungds+YwNU2JvUJpBsjb1jJKzgTlFCQsBK0ON5+TIZliLVt1V5RXZ6pTj9B0ElE7f4AGFmMxZxfyFMcLm2uvE9PP8FcAYMpTb3af24Q08zss7vgAAAA==[0m[Pipeline] tool
[8mha:////4IqrnLQeUM8+3T9TPsGAKTN4bdCE2QdKVHdBT4w2pso6AAAApR+LCAAAAAAAAP9tjTEOwjAQBC9BFLSUPOIiCgqEqNJabniBiY1xYt0Z2yGpeBFf4w8EIlGxxWpnm3m+YJkiHDlabA11jlLjMPjeTgsHjt3F84Atn7FhSuwNSjNI1qaeUXI2MKcoYSFgZajxnBzZDGvRqruqvCJbnXKcvoOA0ukbPKAQkzmrmL8wRthce52Yfp6/AhhDhnK7+9Q+vAF9/9AivgAAAA==[0m[Pipeline] envVarsForTool
[8mha:////4B7Ab9iatCsPWOIPllFlwH9iXprluu5gNbaZAt9F5P3FAAAApR+LCAAAAAAAAP9tjTEOwjAQBC9BFLSUPOICSFQoFa3lhheYxBgn1l2wHZyKF/E1/oBFJCq2WO1sM683LIOHmr3BTlNvKTQWBzeavDCx76+OE3Z8wYYpsNModZLc6tOMkqOGOUUJCwErTY3jYMlEWItOPVTlFJnqHH3+jgJK297hCYXI5qh8/MLkYXMb28D08/wVwDQMEcr9Ntfu8AGrSWhXvgAAAA==[0m[Pipeline] }
[8mha:////4P4iM30S6i/8qJ9qMNNxVlNfDNwPMuK1vqs1kIlQZ+iKAAAApB+LCAAAAAAAAP9tjTEOwjAQBC9BFLSUPOKiIDpEldZKwwtMbIwT687YDknFi/gaf8AiEhVbrHa2mdcb1jHAiYPBXtNgKXYWvRtNXjhxGK6OJ+z5gh1TZKex1VPLSjcLtpw0LClKWAnYaOocR0smwVb08iErJ8lU5xTydxRQWnWHJxQim5MM6QtzgN1tVJHp5/krgNn7BOW+zlUfPpiqM+u+AAAA[0m[Pipeline] // stage
[8mha:////4Pb/cOgBtcGLoZlmpbghuESdTbbnrllVWNuHYabRhRzBAAAApx+LCAAAAAAAAP9tjTEOwjAUQ3+LOrAycohUlBExdY2ycIKQhJA2+r8kKe3EibgadyBQiQkPlm3Jes8XVDHAkYJlncHeYVSODX60ObGJQn/xNLGOzkwRRvKGCTMJ0qZdqqBkYFFRworD2qDyFB3aBBveybusvURbn1LI24FD6fQNHlDwTE4ypG+ZA2yvo46EP85fAMxDgnK3z9Y0n2f1BjOvLvLCAAAA[0m[Pipeline] withEnv
[8mha:////4OdnmqHqECtlBco4NUJb6JpGFqJwTIDergFhLhY+w1XzAAAAph+LCAAAAAAAAP9tjTEOwjAUQ3+LOrAycohUKiNiYo2ycILQhJA0+r9NUtKJE3E17kBLJSY8WLYl673eUMUAJwqGOY2dxdha1vvRzIllCt3NU2aOrqwljOQ1EzoLUvq8VkFJw6qihA2HrcbWU7RoEuy4kw9Ze4mmvqQwb0cOpVUDPKHgMznJkL5lCrC/jyoS/jh/ATD1CcqmWeywPKsPpnFij8IAAAA=[0m[Pipeline] {
[8mha:////4HyIGYXtIXMUt1ZH9LCYsLgiGQy2QFyJBTqeCEznxvT4AAAApx+LCAAAAAAAAP9tjTEOwjAUQ3+LOrAycohUAjbE1DXKwglCE0La6P/yk9JOnIircQdaKjHhwbItWe/1hiIynIidaCy2HmPtRRd6NyUxELfXQINo6CJqwkjBCmUHRcZWS1WULCzKclhJWFusA0WPLsFGNvqhy6DRlefE03aUkHtzhydkciInzelbRobtrTeR8Mf5C4CxS5Dv9rMd5mfxAd6e6VPCAAAA[0m[Pipeline] stage
[8mha:////4LPH+6yiNl9O2nUDmWtis9jpnLSjV3IKmXcheIS4au3vAAAApx+LCAAAAAAAAP9tjTEOwjAUQ3+LOrAycohUQjAhpq5RFk4QmhDSRv+Xn5R24kRcjTvQUokJD5ZtyXqvNxSR4UTsRGOx9RhrL7rQuymJgbi9BhpEQxdRE0YKVig7KDK2WqqiZGFRlsNKwtpiHSh6dAk2stEPXQaNrjwnnrajhNybOzwhkxM5aU7fMjJsb72JhD/OXwCMXYJ8t5/tMD+LD/hYjrHCAAAA[0m[Pipeline] { (Hello)
[8mha:////4O0W6rBUlGmRURLth3zrZpauD5gd3SCNbSbrxN3FOwsDAAAApR+LCAAAAAAAAP9tjTEOwjAQBC9BFLSUPOIiIUGDqNJabniBiY1xYt0Z2yGpeBFf4w8EIlGxxWpnm3m+YJkiHDlabA11jlLjMPjeTgsHjt3F84Atn7FhSuwNSjNI1qaeUXI2MKcoYSFgZajxnBzZDGvRqruqvCJbnXKcvoOA0ukbPKAQkzmrmL8wRthce52Yfp6/AhhDhnK7+9Q+vAEIWoEpvgAAAA==[0m[Pipeline] tool
[8mha:////4BtZoVfmKuGZjyofRu6gMY0wOr/2ffCK6vDgy5DuRnlBAAAApR+LCAAAAAAAAP9tjTEOwjAQBC9BFLSUPOIiISEKRJXWcsMLTGyME+vO2A5JxYv4Gn8gEImKLVY728zzBcsU4cjRYmuoc5Qah8H3dlo4cOwungds+YwNU2JvUJpBsjb1jJKzgTlFCQsBK0ON5+TIZliLVt1V5RXZ6pTj9B0ElE7f4AGFmMxZxfyFMcLm2uvE9PP8FcAYMpTb3af24Q1Ja5owvgAAAA==[0m[Pipeline] envVarsForTool
[8mha:////4N5gcmPyEMTPqngepOgjZLzKQGNrSg8ZjSSW+qYVnsHoAAAApR+LCAAAAAAAAP9tjTEOwjAQBC9BFLSUPOIiISEhIaq0lhteYGJjnFh3xnZIKl7E1/gDgUhUbLHa2WaeL1imCEeOFltDnaPUOAy+t9PCgWN38Txgy2dsmBJ7g9IMkrWpZ5ScDcwpSlgIWBlqPCdHNsNatOquKq/IVqccp+8goHT6Bg8oxGTOKuYvjBE2114npp/nrwDGkKHc7j61D2+GdwK3vgAAAA==[0m[Pipeline] tool
[8mha:////4KJNxxDcd/SFAjiFn8L/1IotJxEUbGTFXujnsPqnzawjAAAApR+LCAAAAAAAAP9tjTEOwjAQBC9BFLSUPOIiIVEgRJXWcsMLTGyME+vO2A5JxYv4Gn8gEImKLVY728zzBcsU4cjRYmuoc5Qah8H3dlo4cOwungds+YwNU2JvUJpBsjb1jJKzgTlFCQsBK0ON5+TIZliLVt1V5RXZ6pTj9B0ElE7f4AGFmMxZxfyFMcLm2uvE9PP8FcAYMpTb3af24Q3HRhmuvgAAAA==[0m[Pipeline] envVarsForTool
[8mha:////4K0Hfv4IiXIIHdSU6XAUvYG6KsK5ugl8hVWZ44n1kq4PAAAAqB+LCAAAAAAAAP9tjTEOwjAUQ3+LOrAycogUgZhQJ9aoCycITQhJo/9LkpJOnIircQcClZjwYNmWrPd8QRU8NOQ1swp7g6EzbHCjzokl8v3FUWKWzqwjDOQUa1VqSarjXFuKCmYVJSw4LBV2joJBHWHFrbiL2gnU9Sn6vB04lEbe4AEFz+QofPyWycP6OspA+OP8BcA0RCi3+2y7zedZvQE/HbqGwgAAAA==[0m[Pipeline] withEnv
[8mha:////4EOo1KpZPQR6v7NpLp2NMUJa0YNAoqqaXMQMWTgsiupSAAAAph+LCAAAAAAAAP9tjTEOwjAUQ3+LOrAycogUxIiYukZZOEFoQkgb/V9+UtqJE3E17kBLJSY8WLYl673eUESGE7ETjcXWY6y96ELvpiQG4vYaaBANXURNGClYoeygyNhqqYqShUVZDisJa4t1oOjRJdjIRj90GTS68px42o4Scm/u8IRMTuSkOX3LyLC99SYS/jh/ATB2CfLDbrb9/Cw+ty4Up8IAAAA=[0m[Pipeline] {
[8mha:////4F6SUqGqucx4jWKCo+tmmq2kKf0n7IJYw+10IWTqwBL+AAAAox+LCAAAAAAAAP9tjTEOwjAQBC9BFLSUPOIioERUaS03vMDExjix7oztkFS8iK/xBwKRqNhitbPNPF+wTBGOHC22hjpHqXEYfG+nhQPH7uJ5wJbP2DAl9galGSRrU88oORuYU5SwELAy1HhOjmyGtWjVXVVeka1OOU7fQUDp9A0eUIjJnFXMXxgjbK69Tkw/z18BjCFDud9+ahfettHKdL4AAAA=[0m[Pipeline] echo
DB Engine is: sqlite
[8mha:////4GqDjqjoj4FHz9jHwofjFuMa9wYozMz/44UMiJLdcG22AAAAox+LCAAAAAAAAP9tjTEOwjAQBC9BFLSUPOIilBJR0VppeIFJjLFj3Tm2g1PxIr7GHwhEomKL1c4283zBOgY4ctBoFfWGYmvQu1HPCzOH/uo4o+ULtkyRncJG5YY7dVqw4aRgSVHCSsBGUes4GtIJtsLKu6ycJF2dU5i/g4DSdAM8oBCzOcmQvjAF2N3GLjL9PH8FMPkEZb3/VO3f9+DRbb4AAAA=[0m[Pipeline] echo
DISABLE_AUTH is: true
[8mha:////4GlT6JQdI+0+K9ssP4b8QwRm6bHWWIPWWnCejUGkSzL2AAAApB+LCAAAAAAAAP9tjTEOwjAQBC9BFLSUPOIiBB2iSmu54QUmNsaJdWdsh6TiRXyNPxCIRMUWq51t5vmCZYpw5GixNdQ5So3D4Hs7LRw4dhfPA7Z8xoYpsTcozSBZm3pGydnAnKKEhYCVocZzcmQzrEWr7qryimx1ynH6DgJKp2/wgEJM5qxi/sIYYXPtdWL6ef4KYAwZyt32U/vwBjB2kCK+AAAA[0m[Pipeline] echo
Build 17 on https://jenkins.devops-elgrupo.keberlabs.com/
[8mha:////4NT2cnLVXibahtduvVRd8Feu5EZaMJaMTqqZ5NZalX6OAAAApB+LCAAAAAAAAP9tjTEOwjAQBC9BFLSUPOIihKgQVVrLDS8wsTFOrDtjOyQVL+Jr/IFAJCq2WO1sM88XLFOEI0eLraHOUWocBt/baeHAsbt4HrDlMzZMib1BaQbJ2tQzSs4G5hQlLASsDDWekyObYS1adVeVV2SrU47TdxBQOn2DBxRiMmcV8xfGCJtrrxPTz/NXAGMIGcrd/lPbNzd1iZS+AAAA[0m[Pipeline] }
[8mha:////4HQd7+X54f94Ee2QY1pOm/pTTcGY8WE7A96whxZfdLKNAAAApR+LCAAAAAAAAP9tjTEOwjAQBC9BFLSUPOKChESDqNJabniBiY1xYt0Z2yGpeBFf4w8EIlGxxWpnm3m+YJkiHDlabA11jlLjMPjeTgsHjt3F84Atn7FhSuwNSjNI1qaeUXI2MKcoYSFgZajxnBzZDGvRqruqvCJbnXKcvoOA0ukbPKAQkzmrmL8wRthce52Yfp6/AhhDyFDu9p/avgEPNxplvgAAAA==[0m[Pipeline] // withEnv
[8mha:////4OE7Rm4EXG4LjE0U4+V7NSAlIjcgebP/snnAa38o3XOgAAAAph+LCAAAAAAAAP9tjTEOwjAQBC9BFLSUPOIigRAFSkVrueEFJjHGiXUXbAen4kV8jT9gEYmKLVY728zrDcvgoWZvsNPUWwqNxcGNJi9M7Pur44QdX7BhCuw0Sp0kt/o0o+SoYU5RwkLASlPjOFgyEdaiUw9VOUWmOkefv6OA0rZ3eEIhsjkqH78wedjcxjYw/Tx/BTANQ4Ryd8i13X8AZCE3x74AAAA=[0m[Pipeline] }
[8mha:////4NzQphSdEWIFN1Rzijz4E+CYhETPLng1H44d55cC5v5DAAAAph+LCAAAAAAAAP9tjTEOwjAQBC9BFLSUPOIiAQUSSkVrueEFJjHGiXUXbAen4kV8jT9gEYmKLVY728zrDcvgoWZvsNPUWwqNxcGNJi9M7Pur44QdX7BhCuw0Sp0kt/o0o+SoYU5RwkLASlPjOFgyEdaiUw9VOUWmOkefv6OA0rZ3eEIhsjkqH78wedjcxjYw/Tx/BTANQ4Ryd8i13X8AJ6NmQb4AAAA=[0m[Pipeline] // stage
[8mha:////4L85rr5tjhwDoH+2M7haYA2Hlf9REHygx2x0Ta22jsEAAAAAqB+LCAAAAAAAAP9tjTEOwjAUQ3+LOrAycohUohNCTF2jLJwgJCGkjf4vSUo7cSKuxh0IVGLCg2Vbst7zBVUMcKRgWWewdxiVY4MfbU5sotBfPE2sozNThJG8YcJMgrRplyooGVhUlLDisDaoPEWHNsGGd/Iuay/R1qcU8nbgUDp9gwcUPJOTDOlb5gDb66gj4Y/zFwDzkKDcNdma/edZvQG0hgBJwgAAAA==[0m[Pipeline] stage
[8mha:////4KkmD2rigrwZROB8MdjjIOfocycqWgeIt46oOQ0SkGYfAAAAqB+LCAAAAAAAAP9tjTEOwjAUQ3+LOrAycogUCRaEOrFGXThBaEJIGv1fkpR04kRcjTsQqMSEB8u2ZL3nC6rgoSGvmVXYGwydYYMbdU4ske8vjhKzdGYdYSCnWKtSS1Id59pSVDCrKGHBYamwcxQM6ggrbsVd1E6grk/R5+3AoTTyBg8oeCZH4eO3TB7W11EGwh/nLwCmIUK53WfbbT7P6g0Z/aLSwgAAAA==[0m[Pipeline] { (Git polling)
[8mha:////4AIJY25KKOCqKQoW2O/WClM8ZbG7HXO88OnuZHw20MoBAAAApB+LCAAAAAAAAP9tjTEOwjAQBC9BFLSUPOICEh2iSmu54QUmNsaJdWdsh6TiRXyNPxCIRMUWq51t5vmCZYpw5GixNdQ5So3D4Hs7LRw4dhfPA7Z8xoYpsTcozSBZm3pGydnAnKKEhYCVocZzcmQzrEWr7qryimx1ynH6DgJKp2/wgEJM5qxi/sIYYXPtdWL6ef4KYAwZyv32U7vwBl2WGva+AAAA[0m[Pipeline] tool
[8mha:////4ElXQ1m+ZpqvICMC8shg1LX9LZSm8pu2sEVFV5BlbuikAAAApB+LCAAAAAAAAP9tjTEOwjAQBC9BFLSUPOKCEB2iSmu54QUmNsaJdWdsh6TiRXyNPxCIRMUWq51t5vmCZYpw5GixNdQ5So3D4Hs7LRw4dhfPA7Z8xoYpsTcozSBZm3pGydnAnKKEhYCVocZzcmQzrEWr7qryimx1ynH6DgJKp2/wgEJM5qxi/sIYYXPtdWL6ef4KYAwZyv32U7vwBp7FN92+AAAA[0m[Pipeline] envVarsForTool
[8mha:////4CtHazwfzqXNfBxvz2KW7+8l5pXe9EOWcKePb0I68OF0AAAApB+LCAAAAAAAAP9tjTEOwjAQBC9BFLSUPOKCBB2iSmu54QUmNsaJdWdsh6TiRXyNPxCIRMUWq51t5vmCZYpw5GixNdQ5So3D4Hs7LRw4dhfPA7Z8xoYpsTcozSBZm3pGydnAnKKEhYCVocZzcmQzrEWr7qryimx1ynH6DgJKp2/wgEJM5qxi/sIYYXPtdWL6ef4KYAwZyv32U7vwBt/0LMS+AAAA[0m[Pipeline] tool
[8mha:////4KWsXyMeFJ1GkxdLnjV4JNXwb5sWxOrDHUIB4tyHALStAAAAox+LCAAAAAAAAP9tjTEOwjAQBC9BFLSUPOJCkQ5R0VppeIFJjLFj3Tm2g1PxIr7GHwhEomKL1c4283zBOgY4ctBoFfWGYmvQu1HPCzOH/uo4o+ULtkyRncJG5YY7dVqw4aRgSVHCSsBGUes4GtIJtsLKu6ycJF2dU5i/g4DSdAM8oBCzOcmQvjAF2N3GLjL9PH8FMPkEZb3/VO3fGGJti74AAAA=[0m[Pipeline] envVarsForTool
[8mha:////4L7j3DX/WPZxRim/BRBIvJs0SKnI12n/t8v8wP1fzq9EAAAApx+LCAAAAAAAAP9tjTEOwjAUQ3+LOrAycoiUASbE1DXKwglCE0La6P/yk9JOnIircQdaKjHhwbItWe/1hiIynIidaCy2HmPtRRd6NyUxELfXQINo6CJqwkjBCmUHRcZWS1WULCzKclhJWFusA0WPLsFGNvqhy6DRlefE03aUkHtzhydkciInzelbRobtrTeR8Mf5C4CxS5Dvd7Md5mfxAaC7uo3CAAAA[0m[Pipeline] withEnv
[8mha:////4CGRsWlwLegIO7l15fcd+57XsKC3imLiT9esq8yXIbHsAAAApx+LCAAAAAAAAP9tjTEOwjAUQ3+LOrAycoh0ARbE1DXKwglCE0La6P/yk9JOnIircQdaKjHhwbItWe/1hiIynIidaCy2HmPtRRd6NyUxELfXQINo6CJqwkjBCmUHRcZWS1WULCzKclhJWFusA0WPLsFGNvqhy6DRlefE03aUkHtzhydkciInzelbRobtrTeR8Mf5C4CxS5Dv9rMd5mfxAUxleXrCAAAA[0m[Pipeline] {
[8mha:////4IzT80kLZO4iUnaotw1HRClEiAeJLvykkxlkUGLYLWC2AAAApB+LCAAAAAAAAP9tjTEOwjAQBC9BFLSUPOLSICgQVVrLDS8wsTFOrDtjOyQVL+Jr/IFAJCq2WO1sM88XLFOEI0eLraHOUWocBt/baeHAsbt4HrDlMzZMib1BaQbJ2tQzSs4G5hQlLASsDDWekyObYS1adVeVV2SrU47TdxBQOn2DBxRiMmcV8xfGCJtrrxPTz/NXAGPIUG53n9qHN+EEkMO+AAAA[0m[Pipeline] git
Selected Git installation does not exist. Using Default
The recommended git tool is: NONE
using credential github-keber
 > git rev-parse --resolve-git-dir /var/jenkins_home/workspace/proyectoFinal3/.git # timeout=10
Fetching changes from the remote Git repository
 > git config remote.origin.url git@github.com:keber/ProjectDevops.git # timeout=10
Fetching upstream changes from git@github.com:keber/ProjectDevops.git
 > git --version # timeout=10
 > git --version # 'git version 2.30.2'
using GIT_SSH to set credentials github-keber
Verifying host key using known hosts file
[8mha:////4IIlnQrC5KgvlsOq5Qd0DPgPctpHbD/paICoxpzsXlGLAAAAwB+LCAAAAAAAAP9djLENwjAQRY8gGIAS0VE77ihAVDQgRVAwQRSMfYl1tuwLStZgDWgYgnFYgIpE6fjN+19fes8PTGKAhakv0VFaOIrOqnTfehUsUnV0rFbbx2t79+8EkgNMrSLNJoNxHSzDLCvzWy5tTlqeOSDpTRNg/qfbDexlMGSUADS+K1+Gk2H2cS2lt7VGimmpqOqJTmpkUVhUxHI53KKTcrdFjEYYF1lUqhU3FfCKRc7o6Af/njhS1AAAAA==[0mYou're using 'Known hosts file' strategy to verify ssh host keys, but your known_hosts file does not exist, please go to 'Manage Jenkins' -> 'Configure Global Security' -> 'Git Host Key Verification Configuration' and configure host key verification.
 > git fetch --tags --force --progress -- git@github.com:keber/ProjectDevops.git +refs/heads/*:refs/remotes/origin/* # timeout=10
 > git rev-parse refs/remotes/origin/main^{commit} # timeout=10
Checking out Revision 7b70214ff8f75283327d1c930d986db4006c3973 (refs/remotes/origin/main)
 > git config core.sparsecheckout # timeout=10
 > git checkout -f 7b70214ff8f75283327d1c930d986db4006c3973 # timeout=10
 > git branch -a -v --no-abbrev # timeout=10
 > git branch -D main # timeout=10
 > git checkout -b main 7b70214ff8f75283327d1c930d986db4006c3973 # timeout=10
Commit message: "Update README.md"
[8mha:////4J2p6AM0Du+lMzCEDTxGzJ9JhMVa6UORNuRIXsswYjzXAAAApR+LCAAAAAAAAP9tjTEOwjAQBC9BFLSUPOLSIISEqNJabniBiY1xYt0Z2yGpeBFf4w8EIlGxxWpnm3m+YJkiHDlabA11jlLjMPjeTgsHjt3F84Atn7FhSuwNSjNI1qaeUXI2MKcoYSFgZajxnBzZDGvRqruqvCJbnXKcvoOA0ukbPKAQkzmrmL8wRthce52Yfp6/AhhDyFBu95/avQEDW5U8vgAAAA==[0m[Pipeline] }
[8mha:////4K2Ro2BlhFELzJj7+mxZVBwncIbKSruS8xwYY29SlrGtAAAApB+LCAAAAAAAAP9tjTEOwjAQBC9BFLSUPOLSQIEQVVrLDS8wsTFOrDtjOyQVL+Jr/IFAJCq2WO1sM88XLFOEI0eLraHOUWocBt/baeHAsbt4HrDlMzZMib1BaQbJ2tQzSs4G5hQlLASsDDWekyObYS1adVeVV2SrU47TdxBQOn2DBxRiMmcV8xfGCJtrrxPTz/NXAGMIGcrt/lO7NxzZwG6+AAAA[0m[Pipeline] // withEnv
[8mha:////4P/f8hzbQKZ0bLm7S1e+gFmOHzvIgIAGwfIbv0O3y36WAAAApB+LCAAAAAAAAP9tjTEOwjAQBC9BFLSUPOKSAipEldZKwwtMbIwT687YDknFi/gaf8AiEhVbrHa2mdcb1jHAiYPBXtNgKXYWvRtNXjhxGK6OJ+z5gh1TZKex1VPLSjcLtpw0LClKWAnYaOocR0smwVb08iErJ8lU5xTydxRQWnWHJxQim5MM6QtzgN1tVJHp5/krgNn7BOWhzrWvP+930p++AAAA[0m[Pipeline] }
[8mha:////4IaelBa2INYTH8K8kNB93lmqxgbxgeeiKzHGwNqttJxMAAAAph+LCAAAAAAAAP9tjTEOwjAQBC9BFLSUPOIihCgQSkVrueEFJjHGiXUXbAen4kV8jT9gEYmKLVY728zrDcvgoWZvsNPUWwqNxcGNJi9M7Pur44QdX7BhCuw0Sp0kt/o0o+SoYU5RwkLASlPjOFgyEdaiUw9VOUWmOkefv6OA0rZ3eEIhsjkqH78wedjcxjYw/Tx/BTANQ4Ryv821O3wAKYoTYr4AAAA=[0m[Pipeline] // stage
[8mha:////4ESJDsHEw4xYvHRrkFiyVMeOUQ2QAF/2PnKINNbPjvbOAAAAqB+LCAAAAAAAAP9tjTEOwjAUQ3+LOrAycohUKmJCTF2jLpwgNCEkjf4vSUo6cSKuxh0IVGLCg2Vbst7zBVXwcCSvmVU4GAy9YaObdE4skR8ujhKzdGY9YSCnWKdSR1K1S+0oKlhUlLDisFbYOwoGdYQNt+IuaidQ16fo83bgUBp5gwcUPJOj8PFbZg/b6yQD4Y/zFwDzGKFsdtn2zedZvQFNQxdAwgAAAA==[0m[Pipeline] stage
[8mha:////4EpovBvGlwgs9x22YJpuV/3cQni/yI8ZGSqREGGUSB8cAAAApx+LCAAAAAAAAP9tjTEOwjAUQ3+LOrAycohUAjEhpq5RFk4QmhDSRv+Xn5R24kRcjTvQUokJD5ZtyXqvNxSR4UTsRGOx9RhrL7rQuymJgbi9BhpEQxdRE0YKVig7KDK2WqqiZGFRlsNKwtpiHSh6dAk2stEPXQaNrjwnnrajhNybOzwhkxM5aU7fMjJsb72JhD/OXwCMXYL8sJttPz+LD6emXT7CAAAA[0m[Pipeline] { (Build con maven)
[8mha:////4PfnKnPmClA7D4KZ/J4M6tDPqei7GH68fsd586FqxETPAAAApB+LCAAAAAAAAP9tjTEOwjAQBC9BFLSUPOJSABWiSmu54QUmNsaJdWdsh6TiRXyNPxCIRMUWq51t5vmCZYpw5GixNdQ5So3D4Hs7LRw4dhfPA7Z8xoYpsTcozSBZm3pGydnAnKKEhYCVocZzcmQzrEWr7qryimx1ynH6DgJKp2/wgEJM5qxi/sIYYXPtdWL6ef4KYAwZyv32U7vwBiwS7Xe+AAAA[0m[Pipeline] tool
[8mha:////4Gh65dgLALGxT2HTseMrjjhA/+exVFq5nGy/JE+Mk910AAAApB+LCAAAAAAAAP9tjTEOwjAQBC9BFLSUPOJSoFSIitZKwwtMYowd686xHZyKF/E1/kAgEhVbrHa2mecL1jHAkYNGq6g3FFuD3o16Xpg59FfHGS1fsGWK7BQ2KjfcqdOCDScFS4oSVgI2ilrH0ZBOsBVW3mXlJOnqnML8HQSUphvgAYWYzUmG9IUpwO42dpHp5/krgMknKOv9p2r/Bm0j9m6+AAAA[0m[Pipeline] envVarsForTool
[8mha:////4KTqXttL6eo2tIH6xTTG5H8h63kxpURcbjZI7t7sWLLJAAAApB+LCAAAAAAAAP9tjTEOwjAQBC9BFLSUPOJSIGgQVVrLDS8wsTFOrDtjOyQVL+Jr/IFAJCq2WO1sM88XLFOEI0eLraHOUWocBt/baeHAsbt4HrDlMzZMib1BaQbJ2tQzSs4G5hQlLASsDDWekyObYS1adVeVV2SrU47TdxBQOn2DBxRiMmcV8xfGCJtrrxPTz/NXAGPIUO62n9qHN65w20W+AAAA[0m[Pipeline] tool
[8mha:////4K7pQIIHY3sx7VO+b9Z1CGCXNx4Bb6wg5qZSi+AiKetvAAAApR+LCAAAAAAAAP9tjTEOwjAQBC9BFLSUPOJSIESBqNJabniBiY1xYt0Z2yGpeBFf4w8EIlGxxWpnm3m+YJkiHDlabA11jlLjMPjeTgsHjt3F84Atn7FhSuwNSjNI1qaeUXI2MKcoYSFgZajxnBzZDGvRqruqvCJbnXKcvoOA0ukbPKAQkzmrmL8wRthce52Yfp6/AhhDhnK3/dQ+vAHvQcBcvgAAAA==[0m[Pipeline] envVarsForTool
[8mha:////4NP1Eca6W5AYPHr7Y4mX3SLZziVLR+v0rgpqIq3+3bfUAAAAqB+LCAAAAAAAAP9tjTEOwjAUQ3+LOrAycoh0QEhIiKlrlIUThCaEtNH/5SelnTgRV+MOtFRiwoNlW7Le6w1FZDgRO9FYbD3G2osu9G5KYiBur4EG0dBF1ISRghXKDoqMrZaqKFlYlOWwkrC2WAeKHl2CjWz0Q5dBoyvPiaftKCH35g5PyORETprTt4wM21tvIuGP8xcAY5cg3+9mO8zP4gOkiRSVwgAAAA==[0m[Pipeline] withEnv
[8mha:////4EWX1E3Jdg5a5MKwDR4S4rsV8nw0R3XcpSg8HRbncwQQAAAApx+LCAAAAAAAAP9tjTEOwjAUQ3+LOrAycoh0QgIhpq5RFk4QmhDSRv+Xn5R24kRcjTvQUokJD5ZtyXqvNxSR4UTsRGOx9RhrL7rQuymJgbi9BhpEQxdRE0YKVig7KDK2WqqiZGFRlsNKwtpiHSh6dAk2stEPXQaNrjwnnrajhNybOzwhkxM5aU7fMjJsb72JhD/OXwCMXYJ8t5/tMD+LD0XdaX3CAAAA[0m[Pipeline] {
[8mha:////4MNTadrVDmTb4qCbr6GM37nXOAMd8BOPm+pohFSQgXcGAAAApR+LCAAAAAAAAP9tjTEOwjAQBC9BFLSUPOJCAxJCqWgtN7zAJMY4se6C7eBUvIiv8QcsIlGxxWpnm3m9YRk81OwNdpp6S6GxOLjR5IWJfX91nLDjCzZMgZ1GqZPkVp9mlBw1zClKWAhYaWocB0smwlp06qEqp8hU5+jzdxRQ2vYOTyhENkfl4xcmD5vb2Aamn+evAKYhQrk75Npvhw8/Nre1vgAAAA==[0m[Pipeline] sh
+ mvn -Dmaven.test.failure.ignore=true clean package
[INFO] Scanning for projects...
[INFO] 
[INFO] ---------------------< com.kibernumacademy:devops >---------------------
[INFO] Building devops 0.0.1-SNAPSHOT
[INFO]   from pom.xml
[INFO] --------------------------------[ jar ]---------------------------------
[INFO] 
[INFO] --- clean:3.2.0:clean (default-clean) @ devops ---
[INFO] Deleting /var/jenkins_home/workspace/proyectoFinal3/target
[INFO] 
[INFO] --- resources:3.3.1:resources (default-resources) @ devops ---
[INFO] Copying 1 resource from src/main/resources to target/classes
[INFO] Copying 5 resources from src/main/resources to target/classes
[INFO] 
[INFO] --- compiler:3.10.1:compile (default-compile) @ devops ---
[INFO] Changes detected - recompiling the module!
[INFO] Compiling 6 source files to /var/jenkins_home/workspace/proyectoFinal3/target/classes
[INFO] 
[INFO] --- resources:3.3.1:testResources (default-testResources) @ devops ---
[INFO] skip non existing resourceDirectory /var/jenkins_home/workspace/proyectoFinal3/src/test/resources
[INFO] 
[INFO] --- compiler:3.10.1:testCompile (default-testCompile) @ devops ---
[INFO] Changes detected - recompiling the module!
[INFO] Compiling 3 source files to /var/jenkins_home/workspace/proyectoFinal3/target/test-classes
[INFO] 
[INFO] --- surefire:2.22.2:test (default-test) @ devops ---
[INFO] 
[INFO] -------------------------------------------------------
[INFO]  T E S T S
[INFO] -------------------------------------------------------
[INFO] Running com.kibernumacademy.devops.services.StudentServiceImplTest
[INFO] Tests run: 3, Failures: 0, Errors: 0, Skipped: 0, Time elapsed: 1.454 s - in com.kibernumacademy.devops.services.StudentServiceImplTest
[INFO] Running com.kibernumacademy.devops.entitys.StudentTest
[INFO] Tests run: 3, Failures: 0, Errors: 0, Skipped: 0, Time elapsed: 0.001 s - in com.kibernumacademy.devops.entitys.StudentTest
[INFO] Running com.kibernumacademy.devops.DevopsApplicationTests
21:39:25.388 [main] DEBUG org.springframework.boot.test.context.SpringBootTestContextBootstrapper -- Neither @ContextConfiguration nor @ContextHierarchy found for test class [DevopsApplicationTests]: using SpringBootContextLoader
21:39:25.399 [main] DEBUG org.springframework.test.context.support.AbstractContextLoader -- Could not detect default resource locations for test class [com.kibernumacademy.devops.DevopsApplicationTests]: no resource found for suffixes {-context.xml, Context.groovy}.
21:39:25.400 [main] INFO org.springframework.test.context.support.AnnotationConfigContextLoaderUtils -- Could not detect default configuration classes for test class [com.kibernumacademy.devops.DevopsApplicationTests]: DevopsApplicationTests does not declare any static, non-private, non-final, nested classes annotated with @Configuration.
21:39:25.465 [main] DEBUG org.springframework.boot.test.context.SpringBootTestContextBootstrapper -- Using ContextCustomizers for test class [DevopsApplicationTests]: [ExcludeFilterContextCustomizer, DuplicateJsonObjectContextCustomizer, MockitoContextCustomizer, TestRestTemplateContextCustomizer, DisableObservabilityContextCustomizer, PropertyMappingContextCustomizer, Customizer]
21:39:25.649 [main] DEBUG org.springframework.context.annotation.ClassPathScanningCandidateComponentProvider -- Identified candidate component class: file [/var/jenkins_home/workspace/proyectoFinal3/target/classes/com/kibernumacademy/devops/DevopsApplication.class]
21:39:25.653 [main] INFO org.springframework.boot.test.context.SpringBootTestContextBootstrapper -- Found @SpringBootConfiguration com.kibernumacademy.devops.DevopsApplication for test class com.kibernumacademy.devops.DevopsApplicationTests
21:39:25.916 [main] DEBUG org.springframework.boot.test.context.SpringBootTestContextBootstrapper -- Using TestExecutionListeners for test class [DevopsApplicationTests]: [ServletTestExecutionListener, DirtiesContextBeforeModesTestExecutionListener, ApplicationEventsTestExecutionListener, MockitoTestExecutionListener, DependencyInjectionTestExecutionListener, DirtiesContextTestExecutionListener, TransactionalTestExecutionListener, SqlScriptsTestExecutionListener, EventPublishingTestExecutionListener, ResetMocksTestExecutionListener, RestDocsTestExecutionListener, MockRestServiceServerResetTestExecutionListener, MockMvcPrintOnlyOnFailureTestExecutionListener, WebDriverTestExecutionListener, MockWebServiceServerTestExecutionListener]
21:39:25.919 [main] DEBUG org.springframework.test.context.support.AbstractDirtiesContextTestExecutionListener -- Before test class: class [DevopsApplicationTests], class annotated with @DirtiesContext [false] with mode [null]

  .   ____          _            __ _ _
 /\\ / ___'_ __ _ _(_)_ __  __ _ \ \ \ \
( ( )\___ | '_ | '_| | '_ \/ _` | \ \ \ \
 \\/  ___)| |_)| | | | | || (_| |  ) ) ) )
  '  |____| .__|_| |_|_| |_\__, | / / / /
 =========|_|==============|___/=/_/_/_/
 :: Spring Boot ::                (v3.0.6)

2023-07-25T21:39:26.731Z  INFO 1206 --- [           main] c.k.devops.DevopsApplicationTests        : Starting DevopsApplicationTests using Java 17.0.7 with PID 1206 (started by root in /var/jenkins_home/workspace/proyectoFinal3)
2023-07-25T21:39:26.738Z  INFO 1206 --- [           main] c.k.devops.DevopsApplicationTests        : No active profile set, falling back to 1 default profile: "default"
2023-07-25T21:39:28.033Z  INFO 1206 --- [           main] .s.d.r.c.RepositoryConfigurationDelegate : Bootstrapping Spring Data JPA repositories in DEFAULT mode.
2023-07-25T21:39:28.155Z  INFO 1206 --- [           main] .s.d.r.c.RepositoryConfigurationDelegate : Finished Spring Data repository scanning in 103 ms. Found 1 JPA repository interfaces.
2023-07-25T21:39:29.226Z  INFO 1206 --- [           main] com.zaxxer.hikari.HikariDataSource       : HikariPool-1 - Starting...
2023-07-25T21:39:29.763Z  INFO 1206 --- [           main] com.zaxxer.hikari.pool.HikariPool        : HikariPool-1 - Added connection conn0: url=jdbc:h2:mem:0ef5f85b-8d17-4ab3-99ba-cee297f09ed6 user=SA
2023-07-25T21:39:29.767Z  INFO 1206 --- [           main] com.zaxxer.hikari.HikariDataSource       : HikariPool-1 - Start completed.
2023-07-25T21:39:29.881Z  INFO 1206 --- [           main] o.hibernate.jpa.internal.util.LogHelper  : HHH000204: Processing PersistenceUnitInfo [name: default]
2023-07-25T21:39:30.056Z  INFO 1206 --- [           main] org.hibernate.Version                    : HHH000412: Hibernate ORM core version 6.1.7.Final
2023-07-25T21:39:30.482Z  INFO 1206 --- [           main] SQL dialect                              : HHH000400: Using dialect: org.hibernate.dialect.H2Dialect
2023-07-25T21:39:31.720Z  INFO 1206 --- [           main] o.h.e.t.j.p.i.JtaPlatformInitiator       : HHH000490: Using JtaPlatform implementation: [org.hibernate.engine.transaction.jta.platform.internal.NoJtaPlatform]
2023-07-25T21:39:31.736Z  INFO 1206 --- [           main] j.LocalContainerEntityManagerFactoryBean : Initialized JPA EntityManagerFactory for persistence unit 'default'
2023-07-25T21:39:32.602Z  WARN 1206 --- [           main] JpaBaseConfiguration$JpaWebConfiguration : spring.jpa.open-in-view is enabled by default. Therefore, database queries may be performed during view rendering. Explicitly configure spring.jpa.open-in-view to disable this warning
2023-07-25T21:39:33.443Z  INFO 1206 --- [           main] o.s.b.a.h2.H2ConsoleAutoConfiguration    : H2 console available at '/h2-console'. Database available at 'jdbc:h2:mem:0ef5f85b-8d17-4ab3-99ba-cee297f09ed6'
2023-07-25T21:39:33.936Z  INFO 1206 --- [           main] o.s.s.web.DefaultSecurityFilterChain     : Will secure any request with [org.springframework.security.web.session.DisableEncodeUrlFilter@4d7fba20, org.springframework.security.web.context.request.async.WebAsyncManagerIntegrationFilter@112b3298, org.springframework.security.web.context.SecurityContextHolderFilter@5b160208, org.springframework.security.web.header.HeaderWriterFilter@2faae7f6, org.springframework.security.web.csrf.CsrfFilter@395115ac, org.springframework.security.web.authentication.logout.LogoutFilter@6dadcf58, org.springframework.security.web.authentication.UsernamePasswordAuthenticationFilter@789f5552, org.springframework.security.web.authentication.ui.DefaultLoginPageGeneratingFilter@59700156, org.springframework.security.web.authentication.ui.DefaultLogoutPageGeneratingFilter@51d2d336, org.springframework.security.web.authentication.www.BasicAuthenticationFilter@7b44e98e, org.springframework.security.web.savedrequest.RequestCacheAwareFilter@16a15261, org.springframework.security.web.servletapi.SecurityContextHolderAwareRequestFilter@3cf7433e, org.springframework.security.web.authentication.AnonymousAuthenticationFilter@90c01ab, org.springframework.security.web.access.ExceptionTranslationFilter@61c0fb12, org.springframework.security.web.access.intercept.AuthorizationFilter@70d16858]
2023-07-25T21:39:34.057Z  INFO 1206 --- [           main] c.k.devops.DevopsApplicationTests        : Started DevopsApplicationTests in 8.024 seconds (process running for 11.962)
[INFO] Tests run: 1, Failures: 0, Errors: 0, Skipped: 0, Time elapsed: 9.31 s - in com.kibernumacademy.devops.DevopsApplicationTests
2023-07-25T21:39:34.332Z  INFO 1206 --- [ionShutdownHook] j.LocalContainerEntityManagerFactoryBean : Closing JPA EntityManagerFactory for persistence unit 'default'
2023-07-25T21:39:34.338Z  INFO 1206 --- [ionShutdownHook] .SchemaDropperImpl$DelayedDropActionImpl : HHH000477: Starting delayed evictData of schema as part of SessionFactory shut-down'
2023-07-25T21:39:34.345Z  INFO 1206 --- [ionShutdownHook] com.zaxxer.hikari.HikariDataSource       : HikariPool-1 - Shutdown initiated...
2023-07-25T21:39:34.351Z  INFO 1206 --- [ionShutdownHook] com.zaxxer.hikari.HikariDataSource       : HikariPool-1 - Shutdown completed.
[INFO] 
[INFO] Results:
[INFO] 
[INFO] Tests run: 7, Failures: 0, Errors: 0, Skipped: 0
[INFO] 
[INFO] 
[INFO] --- jar:3.3.0:jar (default-jar) @ devops ---
[INFO] Building jar: /var/jenkins_home/workspace/proyectoFinal3/target/devops-0.0.1-SNAPSHOT.jar
[INFO] 
[INFO] --- spring-boot:3.0.6:repackage (repackage) @ devops ---
[INFO] Replacing main artifact with repackaged archive
[INFO] ------------------------------------------------------------------------
[INFO] BUILD SUCCESS
[INFO] ------------------------------------------------------------------------
[INFO] Total time:  21.958 s
[INFO] Finished at: 2023-07-25T21:39:36Z
[INFO] ------------------------------------------------------------------------
[8mha:////4OGgGiF/yEf4i3USvUe+YpExATIS/KRUpIt4TL77lipnAAAAph+LCAAAAAAAAP9tjTEOwjAQBC9BFLSUPOIiCpAQSkVrueEFJjHGiXUXbAen4kV8jT9gEYmKLVY728zrDcvgoWZvsNPUWwqNxcGNJi9M7Pur44QdX7BhCuw0Sp0kt/o0o+SoYU5RwkLASlPjOFgyEdaiUw9VOUWmOkefv6OA0rZ3eEIhsjkqH78wedjcxjYw/Tx/BTANQ4Ryv821O3wAMjehBb4AAAA=[0m[Pipeline] }
[8mha:////4F4kyHmk8+3lLbPQBkmbVlS9nBb5apiC+XpH7UgoAWo3AAAAph+LCAAAAAAAAP9tjTEOwjAQBC9BFLSUPOIiIYGQUCpayw0vMIkxTqy7YDs4FS/ia/wBi0hUbLHa2WZeb1gGDzV7g52m3lJoLA5uNHlhYt9fHSfs+IINU2CnUeokudWnGSVHDXOKEhYCVpoax8GSibAWnXqoyiky1Tn6/B0FlLa9wxMKkc1R+fiFycPmNraB6ef5K4BpGCKU+22u3eEDCnUy9L4AAAA=[0m[Pipeline] // withEnv
[8mha:////4OzPlKnjCoTq0Ufr3g3gC8eSQLi1mIPdV+EFBOv3MbEqAAAApR+LCAAAAAAAAP9tjTEOwjAQBC9BFLSUPOJSRNAgqrRWGl5gYmOcWHfGdkgqXsTX+AMWkajYYrWzzbzesI4BThwM9poGS7Gz6N1o8sKJw3B1PGHPF+yYIjuNrZ5aVrpZsOWkYUlRwkrARlPnOFoyCbailw9ZOUmmOqeQv6OA0qo7PKEQ2ZxkSF+YA+xuo4pMP89fAczeJygPda59/QEnf7yovgAAAA==[0m[Pipeline] }
[8mha:////4GFLOtbR96cQLig2tPC6Irlihqvu5/mtZPmZX4EBCB8YAAAApR+LCAAAAAAAAP9tjTEOwjAQBC9BFLSUPOIiIaBBqWgtN7zAJMY4se6C7eBUvIiv8QcsIlGxxWpnm3m9YRk81OwNdpp6S6GxOLjR5IWJfX91nLDjCzZMgZ1GqZPkVp9mlBw1zClKWAhYaWocB0smwlp06qEqp8hU5+jzdxRQ2vYOTyhENkfl4xcmD5vb2Aamn+evAKZhiFAedrn22w8Jf77CvgAAAA==[0m[Pipeline] // stage
[8mha:////4ItBYChIN9wnjvThvnDGn1Np2U0o9mDYqGocA5WmHrp4AAAAqB+LCAAAAAAAAP9tjTEOwjAUQ3+LOrAycohUAsGCOrFGXThBaEJIGv1fkpR04kRcjTsQqMSEB8u2ZL3nC6rgoSGvmVXYGwydYYMbdU4ske8vjhKzdGYdYSCnWKtSS1Id59pSVDCrKGHBYamwcxQM6ggrbsVd1E6grk/R5+3AoTTyBg8oeCZH4eO3TB7W11EGwh/nLwCmIUK52Wbb7z7P6g1oafpswgAAAA==[0m[Pipeline] stage
[8mha:////4KgPxXWJM11YG+oAZb6Cm8u48zUrYrgoWiHNP4oMJopFAAAAph+LCAAAAAAAAP9tjTEOwjAUQ3+DOrAycoh0ogtiYo26cILQhJA0+r9NUtKJE3E17kBLJSY8WLYl673eUMYAJwqGO42dxdha3vvRzIlnCt3NU+aOrrwljOQ1b3RuSOnzWhtKGlYVDDYCthpbT9GiSbATTj5k5SWa6pLCvB0FMKsGeEIhZnKSIX3LFGB/H1Uk/HH+AmDqE7D6sFi9PMsP+urdAcIAAAA=[0m[Pipeline] { (test maven)
[8mha:////4FOkpTb21VFVGY1k/E/dRmTOz2IEqdF9RKiBCLxnsEh7AAAAox+LCAAAAAAAAP9tjTESwiAURH/iWNhaegjSxcKxsmVoPAEmiBDmfwJEUnkir+YdRDNj5RY7+7Z5zxesY4AjBc2swsFg7AzzbtJlsUxhuDrKzNKFdYSRnGJCZUG9Oi0oKClYUtWw4rBR2DmKBnWCLbfyLhsnUTfnFMp34FCbfoQHVLyYkwzpC3OA3W3qI+HP81cAs09Qt+2n9v4N8tcxgr4AAAA=[0m[Pipeline] tool
[8mha:////4GL+wR8f8QV1FkQZdi+PzFTLtKjIn8vuD0mvsvhHLaYNAAAApB+LCAAAAAAAAP9tjbEOwiAURV9rHFwd/Qi6NSbGyZWw+AXYIkLJexSodPKL/DX/QbSJk3e4uecu5/mCdQxwpKCZVTgYjJ1h3k26LJYpDFdHmVm6sI4wklNMqCyoV6cFBSUFS6oaVhw2CjtH0aBOsOVW3mXjJOrmnEL5Dhxq04/wgIoXc5IhfWEOsLtNfST8ef4KYPYJ6rb91N6/AT3LqQW+AAAA[0m[Pipeline] envVarsForTool
[8mha:////4L889EowtYEHMLT0vMqquJuNyfxA0Gco6yCLCAwDuXJ4AAAApB+LCAAAAAAAAP9tjbEOwiAURV9rHFwd/Qi6NTHGyZWw+AXYIkLJexSodPKL/DX/QbSJk3e4uecu5/mCdQxwpKCZVTgYjJ1h3k26LJYpDFdHmVm6sI4wklNMqCyoV6cFBSUFS6oaVhw2CjtH0aBOsOVW3mXjJOrmnEL5Dhxq04/wgIoXc5IhfWEOsLtNfST8ef4KYPYJ6rb91N6/AXz6shy+AAAA[0m[Pipeline] tool
[8mha:////4HCxgF+W/McQvMv0vaUu5UzQqsCmkvoZHssivm/uLbI1AAAApB+LCAAAAAAAAP9tjTEOwjAQBC9BFLSUPMKhCgWiSmul4QUmPowT687YDknFi/gaf8AiEhVbrHa2mdcb1jHAiYMRPdJgKXZWeDeavMTEYbg6nkTPF9ExRXYoWpxa1tgs2HJCWFKUsJKwQeocR0smwVb26qEqp8hU5xTyd5RQWn2HJxQym5MK6QtzgN1t1JHp5/krgNknKOs612HvPwIrssy+AAAA[0m[Pipeline] envVarsForTool
[8mha:////4B1puZFShF0pO5WYgx8bczX262xboGwW/GwmnfgYBG41AAAAqB+LCAAAAAAAAP9tjTEOwjAUQ3+LOrAycohULGVATF2jLJwgJCGkjf4vSUo7cSKuxh0IVGLCg2Vbst7zBVUMcKRgWWewdxiVY4MfbU5sotBfPE2sozNThJG8YcJMgrRplyooGVhUlLDisDaoPEWHNsGGd/Iuay/R1qcU8nbgUDp9gwcUPJOTDOlb5gDb66gj4Y/zFwDzkKBsmmz73edZvQH3t00jwgAAAA==[0m[Pipeline] withEnv
[8mha:////4AAKJdl9MJjSx98KgdtZBVPOGdPAfHtBiulxrFUmMvQgAAAApx+LCAAAAAAAAP9tjTEOwjAUQ3+LOrAycohUsDAgpq5RFk4QmhDSRv+Xn5R24kRcjTvQUokJD5ZtyXqvNxSR4UTsRGOx9RhrL7rQuymJgbi9BhpEQxdRE0YKVig7KDK2WqqiZGFRlsNKwtpiHSh6dAk2stEPXQaNrjwnnrajhNybOzwhkxM5aU7fMjJsb72JhD/OXwCMXYL8sJttPz+LD7WcRxfCAAAA[0m[Pipeline] {
[8mha:////4CLSuOSMwC9DEULYboJcM9ZlnTFB+NbDIahPfxSbKV6YAAAApR+LCAAAAAAAAP9tjTEOwjAQBC9BFLSUPOIiQUGBqNJabniBiY1xYt0Z2yGpeBFf4w8EIlGxxWpnm3m+YJkiHDlabA11jlLjMPjeTgsHjt3F84Atn7FhSuwNSjNI1qaeUXI2MKcoYSFgZajxnBzZDGvRqruqvCJbnXKcvoOA0ukbPKAQkzmrmL8wRthce52Yfp6/AhhDhnK//dQuvAFMXHrfvgAAAA==[0m[Pipeline] sh
+ mvn test
[INFO] Scanning for projects...
[INFO] 
[INFO] ---------------------< com.kibernumacademy:devops >---------------------
[INFO] Building devops 0.0.1-SNAPSHOT
[INFO]   from pom.xml
[INFO] --------------------------------[ jar ]---------------------------------
[INFO] 
[INFO] --- resources:3.3.1:resources (default-resources) @ devops ---
[INFO] Copying 1 resource from src/main/resources to target/classes
[INFO] Copying 5 resources from src/main/resources to target/classes
[INFO] 
[INFO] --- compiler:3.10.1:compile (default-compile) @ devops ---
[INFO] Nothing to compile - all classes are up to date
[INFO] 
[INFO] --- resources:3.3.1:testResources (default-testResources) @ devops ---
[INFO] skip non existing resourceDirectory /var/jenkins_home/workspace/proyectoFinal3/src/test/resources
[INFO] 
[INFO] --- compiler:3.10.1:testCompile (default-testCompile) @ devops ---
[INFO] Nothing to compile - all classes are up to date
[INFO] 
[INFO] --- surefire:2.22.2:test (default-test) @ devops ---
[INFO] 
[INFO] -------------------------------------------------------
[INFO]  T E S T S
[INFO] -------------------------------------------------------
[INFO] Running com.kibernumacademy.devops.services.StudentServiceImplTest
[INFO] Tests run: 3, Failures: 0, Errors: 0, Skipped: 0, Time elapsed: 1.051 s - in com.kibernumacademy.devops.services.StudentServiceImplTest
[INFO] Running com.kibernumacademy.devops.entitys.StudentTest
[INFO] Tests run: 3, Failures: 0, Errors: 0, Skipped: 0, Time elapsed: 0.001 s - in com.kibernumacademy.devops.entitys.StudentTest
[INFO] Running com.kibernumacademy.devops.DevopsApplicationTests
21:39:45.151 [main] DEBUG org.springframework.boot.test.context.SpringBootTestContextBootstrapper -- Neither @ContextConfiguration nor @ContextHierarchy found for test class [DevopsApplicationTests]: using SpringBootContextLoader
21:39:45.166 [main] DEBUG org.springframework.test.context.support.AbstractContextLoader -- Could not detect default resource locations for test class [com.kibernumacademy.devops.DevopsApplicationTests]: no resource found for suffixes {-context.xml, Context.groovy}.
21:39:45.168 [main] INFO org.springframework.test.context.support.AnnotationConfigContextLoaderUtils -- Could not detect default configuration classes for test class [com.kibernumacademy.devops.DevopsApplicationTests]: DevopsApplicationTests does not declare any static, non-private, non-final, nested classes annotated with @Configuration.
21:39:45.218 [main] DEBUG org.springframework.boot.test.context.SpringBootTestContextBootstrapper -- Using ContextCustomizers for test class [DevopsApplicationTests]: [ExcludeFilterContextCustomizer, DuplicateJsonObjectContextCustomizer, MockitoContextCustomizer, TestRestTemplateContextCustomizer, DisableObservabilityContextCustomizer, PropertyMappingContextCustomizer, Customizer]
21:39:45.367 [main] DEBUG org.springframework.context.annotation.ClassPathScanningCandidateComponentProvider -- Identified candidate component class: file [/var/jenkins_home/workspace/proyectoFinal3/target/classes/com/kibernumacademy/devops/DevopsApplication.class]
21:39:45.371 [main] INFO org.springframework.boot.test.context.SpringBootTestContextBootstrapper -- Found @SpringBootConfiguration com.kibernumacademy.devops.DevopsApplication for test class com.kibernumacademy.devops.DevopsApplicationTests
21:39:45.551 [main] DEBUG org.springframework.boot.test.context.SpringBootTestContextBootstrapper -- Using TestExecutionListeners for test class [DevopsApplicationTests]: [ServletTestExecutionListener, DirtiesContextBeforeModesTestExecutionListener, ApplicationEventsTestExecutionListener, MockitoTestExecutionListener, DependencyInjectionTestExecutionListener, DirtiesContextTestExecutionListener, TransactionalTestExecutionListener, SqlScriptsTestExecutionListener, EventPublishingTestExecutionListener, ResetMocksTestExecutionListener, RestDocsTestExecutionListener, MockRestServiceServerResetTestExecutionListener, MockMvcPrintOnlyOnFailureTestExecutionListener, WebDriverTestExecutionListener, MockWebServiceServerTestExecutionListener]
21:39:45.555 [main] DEBUG org.springframework.test.context.support.AbstractDirtiesContextTestExecutionListener -- Before test class: class [DevopsApplicationTests], class annotated with @DirtiesContext [false] with mode [null]

  .   ____          _            __ _ _
 /\\ / ___'_ __ _ _(_)_ __  __ _ \ \ \ \
( ( )\___ | '_ | '_| | '_ \/ _` | \ \ \ \
 \\/  ___)| |_)| | | | | || (_| |  ) ) ) )
  '  |____| .__|_| |_|_| |_\__, | / / / /
 =========|_|==============|___/=/_/_/_/
 :: Spring Boot ::                (v3.0.6)

2023-07-25T21:39:46.141Z  INFO 1342 --- [           main] c.k.devops.DevopsApplicationTests        : Starting DevopsApplicationTests using Java 17.0.7 with PID 1342 (started by root in /var/jenkins_home/workspace/proyectoFinal3)
2023-07-25T21:39:46.145Z  INFO 1342 --- [           main] c.k.devops.DevopsApplicationTests        : No active profile set, falling back to 1 default profile: "default"
2023-07-25T21:39:47.237Z  INFO 1342 --- [           main] .s.d.r.c.RepositoryConfigurationDelegate : Bootstrapping Spring Data JPA repositories in DEFAULT mode.
2023-07-25T21:39:47.392Z  INFO 1342 --- [           main] .s.d.r.c.RepositoryConfigurationDelegate : Finished Spring Data repository scanning in 132 ms. Found 1 JPA repository interfaces.
2023-07-25T21:39:48.362Z  INFO 1342 --- [           main] com.zaxxer.hikari.HikariDataSource       : HikariPool-1 - Starting...
2023-07-25T21:39:48.769Z  INFO 1342 --- [           main] com.zaxxer.hikari.pool.HikariPool        : HikariPool-1 - Added connection conn0: url=jdbc:h2:mem:d284e895-10fd-40c9-b5b7-026e0d4737ff user=SA
2023-07-25T21:39:48.773Z  INFO 1342 --- [           main] com.zaxxer.hikari.HikariDataSource       : HikariPool-1 - Start completed.
2023-07-25T21:39:48.898Z  INFO 1342 --- [           main] o.hibernate.jpa.internal.util.LogHelper  : HHH000204: Processing PersistenceUnitInfo [name: default]
2023-07-25T21:39:49.040Z  INFO 1342 --- [           main] org.hibernate.Version                    : HHH000412: Hibernate ORM core version 6.1.7.Final
2023-07-25T21:39:49.415Z  INFO 1342 --- [           main] SQL dialect                              : HHH000400: Using dialect: org.hibernate.dialect.H2Dialect
2023-07-25T21:39:50.418Z  INFO 1342 --- [           main] o.h.e.t.j.p.i.JtaPlatformInitiator       : HHH000490: Using JtaPlatform implementation: [org.hibernate.engine.transaction.jta.platform.internal.NoJtaPlatform]
2023-07-25T21:39:50.432Z  INFO 1342 --- [           main] j.LocalContainerEntityManagerFactoryBean : Initialized JPA EntityManagerFactory for persistence unit 'default'
2023-07-25T21:39:51.097Z  WARN 1342 --- [           main] JpaBaseConfiguration$JpaWebConfiguration : spring.jpa.open-in-view is enabled by default. Therefore, database queries may be performed during view rendering. Explicitly configure spring.jpa.open-in-view to disable this warning
2023-07-25T21:39:51.742Z  INFO 1342 --- [           main] o.s.b.a.h2.H2ConsoleAutoConfiguration    : H2 console available at '/h2-console'. Database available at 'jdbc:h2:mem:d284e895-10fd-40c9-b5b7-026e0d4737ff'
2023-07-25T21:39:52.131Z  INFO 1342 --- [           main] o.s.s.web.DefaultSecurityFilterChain     : Will secure any request with [org.springframework.security.web.session.DisableEncodeUrlFilter@4d7fba20, org.springframework.security.web.context.request.async.WebAsyncManagerIntegrationFilter@112b3298, org.springframework.security.web.context.SecurityContextHolderFilter@5b160208, org.springframework.security.web.header.HeaderWriterFilter@2faae7f6, org.springframework.security.web.csrf.CsrfFilter@395115ac, org.springframework.security.web.authentication.logout.LogoutFilter@6dadcf58, org.springframework.security.web.authentication.UsernamePasswordAuthenticationFilter@789f5552, org.springframework.security.web.authentication.ui.DefaultLoginPageGeneratingFilter@59700156, org.springframework.security.web.authentication.ui.DefaultLogoutPageGeneratingFilter@51d2d336, org.springframework.security.web.authentication.www.BasicAuthenticationFilter@7b44e98e, org.springframework.security.web.savedrequest.RequestCacheAwareFilter@16a15261, org.springframework.security.web.servletapi.SecurityContextHolderAwareRequestFilter@3cf7433e, org.springframework.security.web.authentication.AnonymousAuthenticationFilter@90c01ab, org.springframework.security.web.access.ExceptionTranslationFilter@61c0fb12, org.springframework.security.web.access.intercept.AuthorizationFilter@70d16858]
2023-07-25T21:39:52.233Z  INFO 1342 --- [           main] c.k.devops.DevopsApplicationTests        : Started DevopsApplicationTests in 6.601 seconds (process running for 9.424)
[INFO] Tests run: 1, Failures: 0, Errors: 0, Skipped: 0, Time elapsed: 7.589 s - in com.kibernumacademy.devops.DevopsApplicationTests
2023-07-25T21:39:52.457Z  INFO 1342 --- [ionShutdownHook] j.LocalContainerEntityManagerFactoryBean : Closing JPA EntityManagerFactory for persistence unit 'default'
2023-07-25T21:39:52.459Z  INFO 1342 --- [ionShutdownHook] .SchemaDropperImpl$DelayedDropActionImpl : HHH000477: Starting delayed evictData of schema as part of SessionFactory shut-down'
2023-07-25T21:39:52.466Z  INFO 1342 --- [ionShutdownHook] com.zaxxer.hikari.HikariDataSource       : HikariPool-1 - Shutdown initiated...
2023-07-25T21:39:52.472Z  INFO 1342 --- [ionShutdownHook] com.zaxxer.hikari.HikariDataSource       : HikariPool-1 - Shutdown completed.
[INFO] 
[INFO] Results:
[INFO] 
[INFO] Tests run: 7, Failures: 0, Errors: 0, Skipped: 0
[INFO] 
[INFO] ------------------------------------------------------------------------
[INFO] BUILD SUCCESS
[INFO] ------------------------------------------------------------------------
[INFO] Total time:  12.645 s
[INFO] Finished at: 2023-07-25T21:39:52Z
[INFO] ------------------------------------------------------------------------
Post stage
[8mha:////4DBzxaQYuz4Pj3StKMi7rXgK0mlbiBFaxVCMlxpolCgeAAAApR+LCAAAAAAAAP9tjTEOwjAQBC9BFLSUPOIiISQKRJXWcsMLTGyME+vO2A5JxYv4Gn8gEImKLVY728zzBcsU4cjRYmuoc5Qah8H3dlo4cOwungds+YwNU2JvUJpBsjb1jJKzgTlFCQsBK0ON5+TIZliLVt1V5RXZ6pTj9B0ElE7f4AGFmMxZxfyFMcLm2uvE9PP8FcAYMpT77ad24Q2LyjuQvgAAAA==[0m[Pipeline] echo
Archivar artefactos
[8mha:////4A3VXj9UWHT9V+8WGeq/lYhrntWDQUt7jcPB9EJvS1BxAAAApR+LCAAAAAAAAP9tjTEOwjAQBC9BFLSUPOIiISEKRJXWcsMLTGyME+vO2A5JxYv4Gn8gEImKLVY728zzBcsU4cjRYmuoc5Qah8H3dlo4cOwungds+YwNU2JvUJpBsjb1jJKzgTlFCQsBK0ON5+TIZliLVt1V5RXZ6pTj9B0ElE7f4AGFmMxZxfyFMcLm2uvE9PP8FcAYMpT77ad24Q3K+yCJvgAAAA==[0m[Pipeline] archiveArtifacts
Archiving artifacts
[8mha:////4LpFuzDETOJDwcUgTb/fhoe3lX05iOWZeTPiUBjVpiocAAAApR+LCAAAAAAAAP9tjTEOwjAQBC9BFLSUPOIiUUCBqNJabniBiY1xYt0Z2yGpeBFf4w8EIlGxxWpnm3m+YJkiHDlabA11jlLjMPjeTgsHjt3F84Atn7FhSuwNSjNI1qaeUXI2MKcoYSFgZajxnBzZDGvRqruqvCJbnXKcvoOA0ukbPKAQkzmrmL8wRthce52Yfp6/AhhDyFDud5/avgE0tzcbvgAAAA==[0m[Pipeline] }
[8mha:////4Ip6thYDeY8Uocu+IjCWsJkFjE86q6E4K3qIDXTxqVrRAAAApB+LCAAAAAAAAP9tjTEOwjAQBC9BFLSUPOIiqhSIitZKwwtMYowd686xHZyKF/E1/kAgEhVbrHa2mecL1jHAkYNGq6g3FFuD3o16Xpg59FfHGS1fsGWK7BQ2KjfcqdOCDScFS4oSVgI2ilrH0ZBOsBVW3mXlJOnqnML8HQSUphvgAYWYzUmG9IUpwO42dpHp5/krgMn7BGVdf2r/Bis1Ykm+AAAA[0m[Pipeline] // withEnv
[8mha:////4Bklx4WOzeUv/XACWF+h2/Vq4dP91svBSmcGW6mvllzVAAAApB+LCAAAAAAAAP9tjTEOwjAQBC9BFLSUPOLSBSREldZKwwtMbIwT687YDknFi/gaf8AiEhVbrHa2mdcb1jHAiYPBXtNgKXYWvRtNXjhxGK6OJ+z5gh1TZKex1VPLSjcLtpw0LClKWAnYaOocR0smwVb08iErJ8lU5xTydxRQWnWHJxQim5MM6QtzgN1tVJHp5/krgNn7BOX+kKuuPxwjSz++AAAA[0m[Pipeline] }
[8mha:////4HMrkVyH/iKZ7HGIM+QOlNVm80APFkRgxuKMImSewR5EAAAApR+LCAAAAAAAAP9tjTEOwjAQBC9BFLSUPOJSAUIoFa3lhheYxBgn1l2wHZyKF/E1/oBFJCq2WO1sM683LIOHmr3BTlNvKTQWBzeavDCx76+OE3Z8wYYpsNModZLc6tOMkqOGOUUJCwErTY3jYMlEWItOPVTlFJnqHH3+jgJK297hCYXI5qh8/MLkYXMb28D08/wVwDQMEcr9Iddu+wEDoR5tvgAAAA==[0m[Pipeline] // stage
[8mha:////4BP6YAr6+gR7SqLZaHw24AeBKpiLRdwPQ8d31OpTY7/WAAAAqB+LCAAAAAAAAP9tjTEOwjAUQ3+LOrAycogUwYKEOrFGXThBaEJIGv1fkpR04kRcjTsQqMSEB8u2ZL3nC6rgoSGvmVXYGwydYYMbdU4ske8vjhKzdGYdYSCnWKtSS1Id59pSVDCrKGHBYamwcxQM6ggrbsVd1E6grk/R5+3AoTTyBg8oeCZH4eO3TB7W11EGwh/nLwCmIUK53WXbbz7P6g2GgwhswgAAAA==[0m[Pipeline] stage
[8mha:////4C25Y2C780Gob49V2Ad4D9QVMuTicxyKnzSnAcMWft8DAAAApx+LCAAAAAAAAP9tjTEOwjAUQ3+LOrAycogUNiTE1DXKwglCE0La6P/yk9JOnIircQdaKjHhwbItWe/1hiIynIidaCy2HmPtRRd6NyUxELfXQINo6CJqwkjBCmUHRcZWS1WULCzKclhJWFusA0WPLsFGNvqhy6DRlefE03aUkHtzhydkciInzelbRobtrTeR8Mf5C4CxS5AfdrPt52fxAUPegdTCAAAA[0m[Pipeline] { (Upload Artifact)
[8mha:////4FgVigxhul72sBnS2GJyfb+txW1PzuMcV7V+HGTytg7nAAAApB+LCAAAAAAAAP9tjTEOwjAQBC9BFLSUPOIiqJAQVVrLDS8wsTFOrDtjOyQVL+Jr/IFAJCq2WO1sM88XLFOEI0eLraHOUWocBt/baeHAsbt4HrDlMzZMib1BaQbJ2tQzSs4G5hQlLASsDDWekyObYS1adVeVV2SrU47TdxBQOn2DBxRiMmcV8xfGCJtrrxPTz/NXAGPIUO63n9qFNwEi9SW+AAAA[0m[Pipeline] tool
[8mha:////4BeUuTUzLLAywO6Ft6u41i55rlbk9eoc+A0MM9gTuTkcAAAApR+LCAAAAAAAAP9tjTEOwjAQBC9BFLSUPOIiRIOEqNJabniBiY1xYt0Z2yGpeBFf4w8EIlGxxWpnm3m+YJkiHDlabA11jlLjMPjeTgsHjt3F84Atn7FhSuwNSjNI1qaeUXI2MKcoYSFgZajxnBzZDGvRqruqvCJbnXKcvoOA0ukbPKAQkzmrmL8wRthce52Yfp6/AhhDhnK//dQuvAFAE+48vgAAAA==[0m[Pipeline] envVarsForTool
[8mha:////4Am8vQ9fAja7rX5chwobTf4rOZMePclHKtkPxlIzKKAyAAAApR+LCAAAAAAAAP9tjTEOwjAQBC9BFLSUPOIiJAokRJXWcsMLTGyME+vO2A5JxYv4Gn8gEImKLVY728zzBcsU4cjRYmuoc5Qah8H3dlo4cOwungds+YwNU2JvUJpBsjb1jJKzgTlFCQsBK0ON5+TIZliLVt1V5RXZ6pTj9B0ElE7f4AGFmMxZxfyFMcLm2uvE9PP8FcAYMpT77ad24Q2Hha9zvgAAAA==[0m[Pipeline] tool
[8mha:////4EuRN8AbOZBttPjI897dbnmljswubzyvE3cS3yNflrt2AAAApR+LCAAAAAAAAP9tjTEOwjAQBC9BFLSUPOIiCiQkRJXWcsMLTGyME+vO2A5JxYv4Gn8gEImKLVY728zzBcsU4cjRYmuoc5Qah8H3dlo4cOwungds+YwNU2JvUJpBsjb1jJKzgTlFCQsBK0ON5+TIZliLVt1V5RXZ6pTj9B0ElE7f4AGFmMxZxfyFMcLm2uvE9PP8FcAYMpT77ad24Q3GtLRqvgAAAA==[0m[Pipeline] envVarsForTool
[8mha:////4OM6NJeFsRJHHmWDJhEHWsy095+GBbwcvoUFMpF8NHhfAAAAqB+LCAAAAAAAAP9tjTEOwjAUQ3+LOrAycohULAgJMXWNsnCC0ISQNvq//KS0EyfiatyBlkpMeLBsS9Z7vaGIDCdiJxqLrcdYe9GF3k1JDMTtNdAgGrqImjBSsELZQZGx1VIVJQuLshxWEtYW60DRo0uwkY1+6DJodOU58bQdJeTe3OEJmZzISXP6lpFhe+tNJPxx/gJg7BLkh91s+/lZfAA7MQoIwgAAAA==[0m[Pipeline] withEnv
[8mha:////4M8VVNrjW37/+t8GPk1r0LTrDIOooDK8NW4RrkH/5d1IAAAApx+LCAAAAAAAAP9tjTEOwjAUQ3+LOrAycoh0AyTE1DXKwglCE0La6P/yk9JOnIircQdaKjHhwbItWe/1hiIynIidaCy2HmPtRRd6NyUxELfXQINo6CJqwkjBCmUHRcZWS1WULCzKclhJWFusA0WPLsFGNvqhy6DRlefE03aUkHtzhydkciInzelbRobtrTeR8Mf5C4CxS5AfdrPt52fxAR33berCAAAA[0m[Pipeline] {
[8mha:////4NujndP6tpwDeTczmFD4Nv1J+Kdp3cuuomaE5Wja399hAAAAox+LCAAAAAAAAP9tjTEOwjAQBC9BFLSUPOJSEglR0VppeIFJjLFj3Tm2g1PxIr7GHwhEomKL1c4283zBOgY4ctBoFfWGYmvQu1HPCzOH/uo4o+ULtkyRncJG5YY7dVqw4aRgSVHCSsBGUes4GtIJtsLKu6ycJF2dU5i/g4DSdAM8oBCzOcmQvjAF2N3GLjL9PH8FMPkEZb3/VO3fsf/KvL4AAAA=[0m[Pipeline] nexusArtifactUploader
Uploading artifact devops-0.0.1-SNAPSHOT.jar started....
GroupId: QA
ArtifactId: devops
Classifier: 
Type: jar
Version: 17-null
File: devops-0.0.1-SNAPSHOT.jar
Repository:proyecto-devops
Uploading: http://devops-elgrupo.keberlabs.com:8081/repository/proyecto-devops/QA/devops/17-null/devops-17-null.jar
10 % completed (5.4 MB / 49 MB).
20 % completed (10 MB / 49 MB).
30 % completed (15 MB / 49 MB).
40 % completed (20 MB / 49 MB).
50 % completed (25 MB / 49 MB).
60 % completed (30 MB / 49 MB).
70 % completed (35 MB / 49 MB).
80 % completed (40 MB / 49 MB).
90 % completed (45 MB / 49 MB).
100 % completed (49 MB / 49 MB).
Uploaded: http://devops-elgrupo.keberlabs.com:8081/repository/proyecto-devops/QA/devops/17-null/devops-17-null.jar (49 MB at 15 MB/s)
Uploading artifact devops-0.0.1-SNAPSHOT.jar completed.
[8mha:////4BOy5pXqPL2D/fmYatqWPzjKN8jc8SbjdTP5KvOUeFn1AAAAox+LCAAAAAAAAP9tjTEOwjAQBC9BFLSUPOJSAkJUaS03vMDExjix7oztkFS8iK/xBwKRqNhitbPNPF+wTBGOHC22hjpHqXEYfG+nhQPH7uJ5wJbP2DAl9galGSRrU88oORuYU5SwELAy1HhOjmyGtWjVXVVeka1OOU7fQUDp9A0eUIjJnFXMXxgjbK69Tkw/z18BjCFkKHf7T23fSJ3b674AAAA=[0m[Pipeline] }
[8mha:////4OseGodbsSovNxi9lwm/EkjUQejJ2aRzqZNd5TUhNhoEAAAApR+LCAAAAAAAAP9tjTEOwjAQBC9BFLSUPOJChUAoFa3lhheYxBgn1l2wHZyKF/E1/oBFJCq2WO1sM683LIOHmr3BTlNvKTQWBzeavDCx76+OE3Z8wYYpsNModZLc6tOMkqOGOUUJCwErTY3jYMlEWItOPVTlFJnqHH3+jgJK297hCYXI5qh8/MLkYXMb28D08/wVwDQMEcrDNtd+9wGi96QdvgAAAA==[0m[Pipeline] // withEnv
[8mha:////4P3Yr79Z8bFdxLBAQi1V6oco+uOl8XGtm2dacLuu8o9SAAAApB+LCAAAAAAAAP9tjTEOwjAQBC9BFLSUPOKidCBEldZKwwtMbIwT687YDknFi/gaf8AiEhVbrHa2mdcb1jHAiYPBXtNgKXYWvRtNXjhxGK6OJ+z5gh1TZKex1VPLSjcLtpw0LClKWAnYaOocR0smwVb08iErJ8lU5xTydxRQWnWHJxQim5MM6QtzgN1tVJHp5/krgNn7BOWhzrWvP6SxnEi+AAAA[0m[Pipeline] }
[8mha:////4Newb+vlKatimc9kXs4lJ21WkSxaQmroCVpWw5/4wedLAAAApR+LCAAAAAAAAP9tjTEOwjAQBC9BFLSUPOKCqEAoFa3lhheYxBgn1l2wHZyKF/E1/oBFJCq2WO1sM683LIOHmr3BTlNvKTQWBzeavDCx76+OE3Z8wYYpsNModZLc6tOMkqOGOUUJCwErTY3jYMlEWItOPVTlFJnqHH3+jgJK297hCYXI5qh8/MLkYXMb28D08/wVwDQMEcrDLtd++wGc8w+5vgAAAA==[0m[Pipeline] // stage
[8mha:////4HUR1T6PaJXvKhPzDSpau37L7DV4LkZGc/ORlXxLQmcBAAAAqB+LCAAAAAAAAP9tjTEOwjAUQ3+LOrAycohUohNCTF2jLJwgJCGkjf4vSUo7cSKuxh0IVGLCg2Vbst7zBVUMcKRgWWewdxiVY4MfbU5sotBfPE2sozNThJG8YcJMgrRplyooGVhUlLDisDaoPEWHNsGGd/Iuay/R1qcU8nbgUDp9gwcUPJOTDOlb5gDb66gj4Y/zFwDzkKDcNdn2zedZvQGc+utMwgAAAA==[0m[Pipeline] stage
[8mha:////4MJX4QFJjfJU06aAieTfjfMkcAkp3Ffy9yHDfPeAJ2fNAAAApx+LCAAAAAAAAP9tjTEOwjAUQ3+LOrAycoh0gAUhpq5RFk4QmhDSRv+Xn5R24kRcjTvQUokJD5ZtyXqvNxSR4UTsRGOx9RhrL7rQuymJgbi9BhpEQxdRE0YKVig7KDK2WqqiZGFRlsNKwtpiHSh6dAk2stEPXQaNrjwnnrajhNybOzwhkxM5aU7fMjJsb72JhD/OXwCMXYL8sJttPz+LDypufCDCAAAA[0m[Pipeline] { (Sonar Analysys)
[8mha:////4J3tg0h4FaPUNaJAXi6cwZ267P565ECQoU0e5aicIwf8AAAApB+LCAAAAAAAAP9tjTEOwjAQBC9BFLSUPOLSQIEQVVrLDS8wsTFOrDtjOyQVL+Jr/IFAJCq2WO1sM88XLFOEI0eLraHOUWocBt/baeHAsbt4HrDlMzZMib1BaQbJ2tQzSs4G5hQlLASsDDWekyObYS1adVeVV2SrU47TdxBQOn2DBxRiMmcV8xfGCJtrrxPTz/NXAGPIUO63n9qFN8jx5PW+AAAA[0m[Pipeline] tool
[8mha:////4Edm/EYbJapfzIo8YR0N2rgolZ/t3fyTIW0Bzm6cOWqfAAAApR+LCAAAAAAAAP9tjTEOwjAQBC9BFLSUPOLSICSEqNJabniBiY1xYt0Z2yGpeBFf4w8EIlGxxWpnm3m+YJkiHDlabA11jlLjMPjeTgsHjt3F84Atn7FhSuwNSjNI1qaeUXI2MKcoYSFgZajxnBzZDGvRqruqvCJbnXKcvoOA0ukbPKAQkzmrmL8wRthce52Yfp6/AhhDhnK//dQuvAELosnevgAAAA==[0m[Pipeline] envVarsForTool
[8mha:////4Gm1PZJjmXALHr3VaAFuHUPO/V9IOK9HvjeUo5Y/4/jGAAAApR+LCAAAAAAAAP9tjTEOwjAQBC9BFLSUPOLSICGEqNJabniBiY1xYt0Z2yGpeBFf4w8EIlGxxWpnm3m+YJkiHDlabA11jlLjMPjeTgsHjt3F84Atn7FhSuwNSjNI1qaeUXI2MKcoYSFgZajxnBzZDGvRqruqvCJbnXKcvoOA0ukbPKAQkzmrmL8wRthce52Yfp6/AhhDhnK//dQuvAFKk9LHvgAAAA==[0m[Pipeline] tool
[8mha:////4FtT8SAKhGnPllOr2MKBKikcSki9YAs34I8BoaJDbEDnAAAApB+LCAAAAAAAAP9tjTEOwjAQBC9BFLSUPOLSUIAQVVrLDS8wsTFOrDtjOyQVL+Jr/IFAJCq2WO1sM88XLFOEI0eLraHOUWocBt/baeHAsbt4HrDlMzZMib1BaQbJ2tQzSs4G5hQlLASsDDWekyObYS1adVeVV2SrU47TdxBQOn2DBxRiMmcV8xfGCJtrrxPTz/NXAGPIUO63n9qFN4WPSkC+AAAA[0m[Pipeline] envVarsForTool
[8mha:////4EWG374qVuvNwcUuj7satJJxGjiogCIfP9GPFzZLXOoiAAAApx+LCAAAAAAAAP9tjTEOwjAUQ3+DOrAycoh0YakQE2vUhROEJoSk0f9tkpJOnIircQdaKjHhwbItWe/1hjIGOFEw3GnsLMbW8t6PZk48U+hunjJ3dOUtYSSveaNzQ0qf19pQ0rCqYLARsNXYeooWTYKdcPIhKy/RVJcU5u0ogFk1wBMKMZOTDOlbpgD7+6gi4Y/zFwBTn4DVh8Xq5Vl+AHdo2bXCAAAA[0m[Pipeline] withEnv
[8mha:////4EdPKbT/lZHVJlgagtq7ytldXCOoNCAfRBQd/SoWixRtAAAApx+LCAAAAAAAAP9tjbEOgjAURR8QBldHP6LgSIwTa8PiF9RSa6F5D9uHMPlF/pr/IEri5J3uucnNeb4gjwGOFKzoDPYOo3Zi8KNdmpgo9BdPk+joLDRhJG9EY6aGWlOv2BAbWJOkkEnYGNSeokPLsJWduqvCK7TFicOyHSSkrr3BAxK5mFkF/sIcYHcd20j48/wVwDwwpFXFkO3L8nPN3zgbWwvDAAAA[0m[Pipeline] {
[8mha:////4Oe/3zbg5r/oW6AOaDcY7XwluFAud7x0+oPGoih13q5rAAAAox+LCAAAAAAAAP9tjTESgjAQRRcYC1tLDxGgdqxsMzSeIIYYA5ndkCxC5Ym8mneQgRkrf/Hnv9+89wd2KcKZohWdwd5h0k4EP9pliYlif/c0iY5uQhMm8kY0ZmqoNZcNG2IDW7IcCgl7g9pTcmgZDrJTT1V6hba8cly+k4TctQO8IJOLmVXkFeYIx8fYJsKf568A5sBQ1FW1dh2+9eP8fcAAAAA=[0m[Pipeline] echo
Sonar Analysis
[8mha:////4H9cyvxUwGOq0tjGVgCgYjVwQpaAYGukxjGSLfM96gt+AAAApx+LCAAAAAAAAP9tjbEOgjAYhH8gDK6OPkRBV+PE2rD4BLXUWmj+H9timXwiX813sELi5A2Xu0su3+sNpXdwIqdZr3Aw6KVho510SiySG66WIuvpwiShJ6tYq2JLnWrW2lJQsCrLoeCwUSgteYM6wJb34iEqK1BX5+DSduSQm+4OT8h4IgfhwlJmB7vb1HnCH+cvAOYxQLGv68UP32/5AYseFDjEAAAA[0m[Pipeline] withSonarQubeEnv
Injecting SonarQube environment variables using the configuration: sonar
[8mha:////4GWeICh1x1ZQMNXRwYn/dqI4Gx98CVR2xWXmb3IYX9v0AAAAqB+LCAAAAAAAAP9tjT0OwjAUg19bdWBl5BApPyPqxBp14QQhCSFp9F5JUtqJE3E17kBpJSY8WLYl63u9oYwBagqGOY2txSgt63xvpsQGCu3V08AcXZgkjOQ1a/TQkNKnpTaUNCzKcig4rDRKT9GiSbDmTjxE5QWa6pzCtB055Fbd4QkZn8hJhDSXMcDm1qtI+OP8BcDYJSh22/3sh++3/ACxU3MfxAAAAA==[0m[Pipeline] {
[8mha:////4JoWTcGAyizBYALuzLpMzzW6aad23EN9VONoQyAt0P/SAAAApR+LCAAAAAAAAP9tjTEOwjAQBC+JKGgpeYQDgg6lorXS8AJjG2PHugu2g1PxIr7GH4gSiYotVjvbzPsDqxigoWCY09hZjNKy3g9mWixT6G6eMnN0ZZIwktes1bklpc8LtpQ0LClKqDisNUpP0aJJsOFOPEXtBZr6ksL0nTiUVj3gBQWfzEmENMMYYHsfVCT8ef4KYOwTVPvdYe5j/wVTEASOwAAAAA==[0m[Pipeline] sh
+ mvn clean package sonar:sonar
[INFO] Scanning for projects...
[WARNING] The artifact org.codehaus.mojo:sonar-maven-plugin:jar:3.9.1.2184 has been relocated to org.sonarsource.scanner.maven:sonar-maven-plugin:jar:3.9.1.2184: SonarQube plugin was moved to SonarSource organisation
[INFO] 
[INFO] ---------------------< com.kibernumacademy:devops >---------------------
[INFO] Building devops 0.0.1-SNAPSHOT
[INFO]   from pom.xml
[INFO] --------------------------------[ jar ]---------------------------------
[INFO] 
[INFO] --- clean:3.2.0:clean (default-clean) @ devops ---
[INFO] Deleting /var/jenkins_home/workspace/proyectoFinal3/target
[INFO] 
[INFO] --- resources:3.3.1:resources (default-resources) @ devops ---
[INFO] Copying 1 resource from src/main/resources to target/classes
[INFO] Copying 5 resources from src/main/resources to target/classes
[INFO] 
[INFO] --- compiler:3.10.1:compile (default-compile) @ devops ---
[INFO] Changes detected - recompiling the module!
[INFO] Compiling 6 source files to /var/jenkins_home/workspace/proyectoFinal3/target/classes
[INFO] 
[INFO] --- resources:3.3.1:testResources (default-testResources) @ devops ---
[INFO] skip non existing resourceDirectory /var/jenkins_home/workspace/proyectoFinal3/src/test/resources
[INFO] 
[INFO] --- compiler:3.10.1:testCompile (default-testCompile) @ devops ---
[INFO] Changes detected - recompiling the module!
[INFO] Compiling 3 source files to /var/jenkins_home/workspace/proyectoFinal3/target/test-classes
[INFO] 
[INFO] --- surefire:2.22.2:test (default-test) @ devops ---
[INFO] 
[INFO] -------------------------------------------------------
[INFO]  T E S T S
[INFO] -------------------------------------------------------
[INFO] Running com.kibernumacademy.devops.services.StudentServiceImplTest
[INFO] Tests run: 3, Failures: 0, Errors: 0, Skipped: 0, Time elapsed: 1.034 s - in com.kibernumacademy.devops.services.StudentServiceImplTest
[INFO] Running com.kibernumacademy.devops.entitys.StudentTest
[INFO] Tests run: 3, Failures: 0, Errors: 0, Skipped: 0, Time elapsed: 0.001 s - in com.kibernumacademy.devops.entitys.StudentTest
[INFO] Running com.kibernumacademy.devops.DevopsApplicationTests
21:40:10.100 [main] DEBUG org.springframework.boot.test.context.SpringBootTestContextBootstrapper -- Neither @ContextConfiguration nor @ContextHierarchy found for test class [DevopsApplicationTests]: using SpringBootContextLoader
21:40:10.112 [main] DEBUG org.springframework.test.context.support.AbstractContextLoader -- Could not detect default resource locations for test class [com.kibernumacademy.devops.DevopsApplicationTests]: no resource found for suffixes {-context.xml, Context.groovy}.
21:40:10.113 [main] INFO org.springframework.test.context.support.AnnotationConfigContextLoaderUtils -- Could not detect default configuration classes for test class [com.kibernumacademy.devops.DevopsApplicationTests]: DevopsApplicationTests does not declare any static, non-private, non-final, nested classes annotated with @Configuration.
21:40:10.167 [main] DEBUG org.springframework.boot.test.context.SpringBootTestContextBootstrapper -- Using ContextCustomizers for test class [DevopsApplicationTests]: [ExcludeFilterContextCustomizer, DuplicateJsonObjectContextCustomizer, MockitoContextCustomizer, TestRestTemplateContextCustomizer, DisableObservabilityContextCustomizer, PropertyMappingContextCustomizer, Customizer]
21:40:10.301 [main] DEBUG org.springframework.context.annotation.ClassPathScanningCandidateComponentProvider -- Identified candidate component class: file [/var/jenkins_home/workspace/proyectoFinal3/target/classes/com/kibernumacademy/devops/DevopsApplication.class]
21:40:10.305 [main] INFO org.springframework.boot.test.context.SpringBootTestContextBootstrapper -- Found @SpringBootConfiguration com.kibernumacademy.devops.DevopsApplication for test class com.kibernumacademy.devops.DevopsApplicationTests
21:40:10.499 [main] DEBUG org.springframework.boot.test.context.SpringBootTestContextBootstrapper -- Using TestExecutionListeners for test class [DevopsApplicationTests]: [ServletTestExecutionListener, DirtiesContextBeforeModesTestExecutionListener, ApplicationEventsTestExecutionListener, MockitoTestExecutionListener, DependencyInjectionTestExecutionListener, DirtiesContextTestExecutionListener, TransactionalTestExecutionListener, SqlScriptsTestExecutionListener, EventPublishingTestExecutionListener, ResetMocksTestExecutionListener, RestDocsTestExecutionListener, MockRestServiceServerResetTestExecutionListener, MockMvcPrintOnlyOnFailureTestExecutionListener, WebDriverTestExecutionListener, MockWebServiceServerTestExecutionListener]
21:40:10.501 [main] DEBUG org.springframework.test.context.support.AbstractDirtiesContextTestExecutionListener -- Before test class: class [DevopsApplicationTests], class annotated with @DirtiesContext [false] with mode [null]

  .   ____          _            __ _ _
 /\\ / ___'_ __ _ _(_)_ __  __ _ \ \ \ \
( ( )\___ | '_ | '_| | '_ \/ _` | \ \ \ \
 \\/  ___)| |_)| | | | | || (_| |  ) ) ) )
  '  |____| .__|_| |_|_| |_\__, | / / / /
 =========|_|==============|___/=/_/_/_/
 :: Spring Boot ::                (v3.0.6)

2023-07-25T21:40:11.035Z  INFO 1472 --- [           main] c.k.devops.DevopsApplicationTests        : Starting DevopsApplicationTests using Java 17.0.7 with PID 1472 (started by root in /var/jenkins_home/workspace/proyectoFinal3)
2023-07-25T21:40:11.039Z  INFO 1472 --- [           main] c.k.devops.DevopsApplicationTests        : No active profile set, falling back to 1 default profile: "default"
2023-07-25T21:40:12.343Z  INFO 1472 --- [           main] .s.d.r.c.RepositoryConfigurationDelegate : Bootstrapping Spring Data JPA repositories in DEFAULT mode.
2023-07-25T21:40:12.439Z  INFO 1472 --- [           main] .s.d.r.c.RepositoryConfigurationDelegate : Finished Spring Data repository scanning in 84 ms. Found 1 JPA repository interfaces.
2023-07-25T21:40:13.325Z  INFO 1472 --- [           main] com.zaxxer.hikari.HikariDataSource       : HikariPool-1 - Starting...
2023-07-25T21:40:13.767Z  INFO 1472 --- [           main] com.zaxxer.hikari.pool.HikariPool        : HikariPool-1 - Added connection conn0: url=jdbc:h2:mem:813dd4bb-6f0d-4185-b1d6-5542f89b3876 user=SA
2023-07-25T21:40:13.770Z  INFO 1472 --- [           main] com.zaxxer.hikari.HikariDataSource       : HikariPool-1 - Start completed.
2023-07-25T21:40:13.853Z  INFO 1472 --- [           main] o.hibernate.jpa.internal.util.LogHelper  : HHH000204: Processing PersistenceUnitInfo [name: default]
2023-07-25T21:40:13.947Z  INFO 1472 --- [           main] org.hibernate.Version                    : HHH000412: Hibernate ORM core version 6.1.7.Final
2023-07-25T21:40:14.302Z  INFO 1472 --- [           main] SQL dialect                              : HHH000400: Using dialect: org.hibernate.dialect.H2Dialect
2023-07-25T21:40:15.323Z  INFO 1472 --- [           main] o.h.e.t.j.p.i.JtaPlatformInitiator       : HHH000490: Using JtaPlatform implementation: [org.hibernate.engine.transaction.jta.platform.internal.NoJtaPlatform]
2023-07-25T21:40:15.339Z  INFO 1472 --- [           main] j.LocalContainerEntityManagerFactoryBean : Initialized JPA EntityManagerFactory for persistence unit 'default'
2023-07-25T21:40:16.132Z  WARN 1472 --- [           main] JpaBaseConfiguration$JpaWebConfiguration : spring.jpa.open-in-view is enabled by default. Therefore, database queries may be performed during view rendering. Explicitly configure spring.jpa.open-in-view to disable this warning
2023-07-25T21:40:16.776Z  INFO 1472 --- [           main] o.s.b.a.h2.H2ConsoleAutoConfiguration    : H2 console available at '/h2-console'. Database available at 'jdbc:h2:mem:813dd4bb-6f0d-4185-b1d6-5542f89b3876'
2023-07-25T21:40:17.169Z  INFO 1472 --- [           main] o.s.s.web.DefaultSecurityFilterChain     : Will secure any request with [org.springframework.security.web.session.DisableEncodeUrlFilter@20505460, org.springframework.security.web.context.request.async.WebAsyncManagerIntegrationFilter@8eeb4c5, org.springframework.security.web.context.SecurityContextHolderFilter@8aafd70, org.springframework.security.web.header.HeaderWriterFilter@1104ad6a, org.springframework.security.web.csrf.CsrfFilter@293ba26c, org.springframework.security.web.authentication.logout.LogoutFilter@48d24d63, org.springframework.security.web.authentication.UsernamePasswordAuthenticationFilter@467421cc, org.springframework.security.web.authentication.ui.DefaultLoginPageGeneratingFilter@16a15261, org.springframework.security.web.authentication.ui.DefaultLogoutPageGeneratingFilter@2dc77962, org.springframework.security.web.authentication.www.BasicAuthenticationFilter@28c00acd, org.springframework.security.web.savedrequest.RequestCacheAwareFilter@7ca0b05e, org.springframework.security.web.servletapi.SecurityContextHolderAwareRequestFilter@2faae7f6, org.springframework.security.web.authentication.AnonymousAuthenticationFilter@32bae609, org.springframework.security.web.access.ExceptionTranslationFilter@3f030217, org.springframework.security.web.access.intercept.AuthorizationFilter@6dadcf58]
2023-07-25T21:40:17.278Z  INFO 1472 --- [           main] c.k.devops.DevopsApplicationTests        : Started DevopsApplicationTests in 6.721 seconds (process running for 9.662)
[INFO] Tests run: 1, Failures: 0, Errors: 0, Skipped: 0, Time elapsed: 7.634 s - in com.kibernumacademy.devops.DevopsApplicationTests
2023-07-25T21:40:17.510Z  INFO 1472 --- [ionShutdownHook] j.LocalContainerEntityManagerFactoryBean : Closing JPA EntityManagerFactory for persistence unit 'default'
2023-07-25T21:40:17.515Z  INFO 1472 --- [ionShutdownHook] .SchemaDropperImpl$DelayedDropActionImpl : HHH000477: Starting delayed evictData of schema as part of SessionFactory shut-down'
2023-07-25T21:40:17.521Z  INFO 1472 --- [ionShutdownHook] com.zaxxer.hikari.HikariDataSource       : HikariPool-1 - Shutdown initiated...
2023-07-25T21:40:17.525Z  INFO 1472 --- [ionShutdownHook] com.zaxxer.hikari.HikariDataSource       : HikariPool-1 - Shutdown completed.
[INFO] 
[INFO] Results:
[INFO] 
[INFO] Tests run: 7, Failures: 0, Errors: 0, Skipped: 0
[INFO] 
[INFO] 
[INFO] --- jar:3.3.0:jar (default-jar) @ devops ---
[INFO] Building jar: /var/jenkins_home/workspace/proyectoFinal3/target/devops-0.0.1-SNAPSHOT.jar
[INFO] 
[INFO] --- spring-boot:3.0.6:repackage (repackage) @ devops ---
[INFO] Replacing main artifact with repackaged archive
[INFO] 
[INFO] ---------------------< com.kibernumacademy:devops >---------------------
[INFO] Building devops 0.0.1-SNAPSHOT
[INFO]   from pom.xml
[INFO] --------------------------------[ jar ]---------------------------------
[INFO] 
[INFO] --- sonar:3.9.1.2184:sonar (default-cli) @ devops ---
[INFO] User cache: /root/.sonar/cache
[INFO] SonarQube version: 9.9.1.69595
[INFO] Default locale: "en", source code encoding: "UTF-8"
[INFO] Load global settings
[INFO] Load global settings (done) | time=496ms
[INFO] Server id: 147B411E-AYmDW1a2PktLiMdtqWf9
[INFO] User cache: /root/.sonar/cache
[INFO] Load/download plugins
[INFO] Load plugins index
[INFO] Load plugins index (done) | time=197ms
[INFO] Load/download plugins (done) | time=382ms
[INFO] Process project properties
[INFO] Process project properties (done) | time=21ms
[INFO] Execute project builders
[INFO] Execute project builders (done) | time=4ms
[INFO] Project key: com.kibernumacademy:devops
[INFO] Base dir: /var/jenkins_home/workspace/proyectoFinal3
[INFO] Working dir: /var/jenkins_home/workspace/proyectoFinal3/target/sonar
[INFO] Load project settings for component key: 'com.kibernumacademy:devops'
[INFO] Load project settings for component key: 'com.kibernumacademy:devops' (done) | time=211ms
[INFO] Auto-configuring with CI 'Jenkins'
[INFO] Load quality profiles
[INFO] Load quality profiles (done) | time=495ms
[INFO] Load active rules
[INFO] Load active rules (done) | time=8150ms
[INFO] Load analysis cache
[INFO] Load analysis cache (315 bytes) | time=60ms
[INFO] Load project repositories
[INFO] Load project repositories (done) | time=64ms
[INFO] Indexing files...
[INFO] Project configuration:
[INFO] 10 files indexed
[INFO] 0 files ignored because of scm ignore settings
[INFO] Quality profile for java: Sonar way
[INFO] Quality profile for xml: Sonar way
[INFO] ------------- Run sensors on module devops
[INFO] Load metrics repository
[INFO] Load metrics repository (done) | time=91ms
[INFO] Sensor JavaSensor [java]
[INFO] Configured Java source version (sonar.java.source): 11
[INFO] JavaClasspath initialization
[INFO] JavaClasspath initialization (done) | time=13ms
[INFO] JavaTestClasspath initialization
[INFO] JavaTestClasspath initialization (done) | time=7ms
[INFO] Server-side caching is enabled. The Java analyzer will not try to leverage data from a previous analysis.
[INFO] Using ECJ batch to parse 6 Main java source files with batch size 104 KB.
[INFO] Starting batch processing.
[INFO] The Java analyzer cannot skip unchanged files in this context. A full analysis is performed for all files.
[INFO] 100% analyzed
[INFO] Batch processing: Done.
[INFO] Did not optimize analysis for any files, performed a full analysis for all 6 files.
[INFO] Using ECJ batch to parse 3 Test java source files with batch size 104 KB.
[INFO] Starting batch processing.
[INFO] 100% analyzed
[INFO] Batch processing: Done.
[INFO] Did not optimize analysis for any files, performed a full analysis for all 3 files.
[INFO] No "Generated" source files to scan.
[INFO] Sensor JavaSensor [java] (done) | time=3042ms
[INFO] Sensor JaCoCo XML Report Importer [jacoco]
[INFO] 'sonar.coverage.jacoco.xmlReportPaths' is not defined. Using default locations: target/site/jacoco/jacoco.xml,target/site/jacoco-it/jacoco.xml,build/reports/jacoco/test/jacocoTestReport.xml
[INFO] No report imported, no coverage information will be imported by JaCoCo XML Report Importer
[INFO] Sensor JaCoCo XML Report Importer [jacoco] (done) | time=4ms
[INFO] Sensor CSS Rules [javascript]
[INFO] No CSS, PHP, HTML or VueJS files are found in the project. CSS analysis is skipped.
[INFO] Sensor CSS Rules [javascript] (done) | time=1ms
[INFO] Sensor C# Project Type Information [csharp]
[INFO] Sensor C# Project Type Information [csharp] (done) | time=2ms
[INFO] Sensor C# Analysis Log [csharp]
[INFO] Sensor C# Analysis Log [csharp] (done) | time=35ms
[INFO] Sensor C# Properties [csharp]
[INFO] Sensor C# Properties [csharp] (done) | time=0ms
[INFO] Sensor SurefireSensor [java]
[INFO] parsing [/var/jenkins_home/workspace/proyectoFinal3/target/surefire-reports]
[INFO] Sensor SurefireSensor [java] (done) | time=138ms
[INFO] Sensor HTML [web]
[INFO] Sensor HTML [web] (done) | time=5ms
[INFO] Sensor XML Sensor [xml]
[INFO] 1 source file to be analyzed
[INFO] 1/1 source file has been analyzed
[INFO] Sensor XML Sensor [xml] (done) | time=331ms
[INFO] Sensor TextAndSecretsSensor [text]
[INFO] 10 source files to be analyzed
[INFO] 10/10 source files have been analyzed
[INFO] Sensor TextAndSecretsSensor [text] (done) | time=49ms
[INFO] Sensor VB.NET Project Type Information [vbnet]
[INFO] Sensor VB.NET Project Type Information [vbnet] (done) | time=2ms
[INFO] Sensor VB.NET Analysis Log [vbnet]
[INFO] Sensor VB.NET Analysis Log [vbnet] (done) | time=35ms
[INFO] Sensor VB.NET Properties [vbnet]
[INFO] Sensor VB.NET Properties [vbnet] (done) | time=0ms
[INFO] Sensor IaC Docker Sensor [iac]
[INFO] 0 source files to be analyzed
[INFO] 0/0 source files have been analyzed
[INFO] Sensor IaC Docker Sensor [iac] (done) | time=112ms
[INFO] ------------- Run sensors on project
[INFO] Sensor Analysis Warnings import [csharp]
[INFO] Sensor Analysis Warnings import [csharp] (done) | time=1ms
[INFO] Sensor Zero Coverage Sensor
[INFO] Sensor Zero Coverage Sensor (done) | time=18ms
[INFO] Sensor Java CPD Block Indexer
[INFO] Sensor Java CPD Block Indexer (done) | time=62ms
[INFO] CPD Executor 2 files had no CPD blocks
[INFO] CPD Executor Calculating CPD for 4 files
[INFO] CPD Executor CPD calculation finished (done) | time=17ms
[INFO] Analysis report generated in 116ms, dir size=155.9 kB
[INFO] Analysis report compressed in 126ms, zip size=37.3 kB
[INFO] Analysis report uploaded in 107ms
[INFO] ANALYSIS SUCCESSFUL, you can find the results at: http://devops-elgrupo.keberlabs.com:9000/dashboard?id=com.kibernumacademy%3Adevops
[INFO] Note that you will be able to access the updated dashboard once the server has processed the submitted analysis report
[INFO] More about the report processing at http://devops-elgrupo.keberlabs.com:9000/api/ce/task?id=AYmO_0cfakr55e3npFKG
[INFO] Analysis total time: 19.375 s
[INFO] ------------------------------------------------------------------------
[INFO] BUILD SUCCESS
[INFO] ------------------------------------------------------------------------
[INFO] Total time:  41.147 s
[INFO] Finished at: 2023-07-25T21:40:41Z
[INFO] ------------------------------------------------------------------------
[8mha:////4Lhcw2OGWNHVMXH+x0+1tiiLwNexpLi4bh2NomP511a4AAAApR+LCAAAAAAAAP9tjTEOwjAQBC+JKGgpeYQDQlQoFa2VhhcY2xg71l2wHZyKF/E1/kCUSFRssdrZZt4fWMUADQXDnMbOYpSW9X4w02KZQnfzlJmjK5OEkbxmrc4tKX1esKWkYUlRQsVhrVF6ihZNgg134ilqL9DUlxSm78ShtOoBLyj4ZE4ipBnGANv7oCLhz/NXAGPfJ6j2u+Pchy8TI9fgwAAAAA==[0m[Pipeline] }
[8mha:////4OZtvwO9wRM0vdHOMz+9H8ZtwEK4Vt+iq3gi6WP6Oar/AAAApR+LCAAAAAAAAP9tjTESwiAURH+SsbC19BBELWycVLZMGk+AgAhh/o9AJJUn8mrewUwyY+UWO/u2ee8PrGKAhoJhTmNnMUrLej+YabFMobt5yszRlUnCSF6zVueWlD4v2FLSsKQooeKw1ig9RYsmwYY78RS1F2jqSwrTd+JQWvWAFxR8MicR0gxjgO19UJHw5/krgLHvE1T73XHuwxcYCTimwAAAAA==[0m[Pipeline] // withSonarQubeEnv
[8mha:////4H8tDB1DnfMEYaRuieiSTcinmGTSG4ZpNk6hw3wj8C9eAAAApR+LCAAAAAAAAP9tjTESgjAURD8wFraWHiJgZeFY0WZoPEEkMSZk/o9JECpP5NW8gxmYsXKLnX3bvPcHNjHAmYJmVuFgMPaGeTfqvNhEYbg5mpilK+sJIznFOjV1JFW7YkdJwZqihIrDVmHvKBrUCXbciqeonUBdX1LI34lDaeQDXlDwbE4ipAXmAPv7KCPhz/NXALP3CapDc1y6+QKAY0HuwAAAAA==[0m[Pipeline] }
[8mha:////4FeBtegcyD21e8+/VH24VhhzBFyQMA2vkKJ+Fgl+rHgUAAAApR+LCAAAAAAAAP9tjTESgjAQRZcwFraWHiJoJ+NQ2WZoPEEMMQYyu5gsQuWJvJp3kJEZK3/132ve6w2rFKGi6GRrsfOYjJd9GNz85EixuwYaZUsXaQgTBStrO9bU2NOCNbGFZZmAXMHaogmUPDqGjWr1QxdBoyvOHGd3VCB8c4cnZGous478hSnC9jY0ifDX+RuAqe8Z8v3uwCDK8gNaNvkBvwAAAA==[0m[Pipeline] // withEnv
[8mha:////4PKla3tqMZdm4f5kiNTjqT0HZ0w+hyh7FWkWtXCcMuWyAAAAph+LCAAAAAAAAP9tjbEOgjAURR8lDq6OfkTRxIUYJteGxS+opdZC8x62D2Hyi/w1/0EiiZN3uucs5/WGVYpQUXSytdh5TMbLPgxufnKk2F0DjbKlizSEiYKVtR1rauxpwZrYwrJMQK5gbdEESh4dw0a1+qGLoNEVZ46zOyoQvrnDEzI1l1lH/sIUYXsbmkT46/wNwNT3DPl+VzKI8vABQpkUtL8AAAA=[0m[Pipeline] }
[8mha:////4JN2np/bKu8p7vpjjK+XrAYujL+l0IoWtY30OZ314B51AAAApR+LCAAAAAAAAP9tjTESgjAQRRcYC1tLDxFkrByHyjZD4wkiiTGQ2cVkESpP5NW8gxmZsfJX/73mvd6wigFqClZ0BnuHsXVi8KNNT0wU+qunSXR0ES1hJG9EY6aGtDkt2BAbWJblUEhYG2w9RYeWYSM79VClV2jLM4fkjhJyp+/whEymMqvAX5gDbG+jjoS/zt8AzMPAUFTVjiE/7D+dVgirvwAAAA==[0m[Pipeline] // stage
[8mha:////4Pjhu/exWwBfKVQClDN0JMgMDq90XFHkmOj0pml7UcWoAAAApx+LCAAAAAAAAP9tjTEOwjAQBC+JUtBS8ghHhhJR0VppeIFxjHFi3QX7QlLxIr7GHwhEomKrnZVW83xBmSIcKDrRWuw8JuNFHwY3NzFS7C6BRtHSWRjCRMGK2o41Nfa4YE1sYUmWQ6FgZdEESh4dw1q1+q6roNFVJ47ztleQ++YGD8jUbGYd+QtThM11aBLhz/NXAFPPkG93DIWU8nMt3+uUjmvDAAAA[0m[Pipeline] stage
[8mha:////4CwOof2myrldb9DHgxJgBtMBdsODw5vW3inPAW7XcJMIAAAApx+LCAAAAAAAAP9tjTEOwjAUQ39bdWBl5BCpwoqYWKMunCA0ISSN/i9JSjtxIq7GHQitxIQHy7Zkvdcb6hjgSMEwp7G3GDvLBj+anNhEob96mpijC+sII3nNWj21pPRprS0lDauKEioBG42dp2jRJNgKJx+y8RJNc04hbwcBpVV3eEIhMjnJkJYyB9jdRhUJf5y/AJiHBBXnfPH991t/ANWAUNjEAAAA[0m[Pipeline] { (Declarative: Post Actions)
[8mha:////4GG3GOwgqv/OCKPs3JdeZOT46L4jRP2FCX35b5pOho3LAAAApB+LCAAAAAAAAP9tjTEOwjAQBC+JKGgpeYSjQImo0lppeIGJjbFj3RnbIal4EV/jD1iJRMUWq51t5v2BTQxwpqCZVTgYjL1h3o06LzZRGG6OJmbpynrCSE6xTk0dSdWu2FFSsKYooeKwVdg7igZ1gh234ilqJ1DXlxTyd+JQGvmAFxQ8m5MIaYE5wP4+ykj48/wVwOwTVE1zWProv374VhvAAAAA[0m[Pipeline] echo
Slack Notifications
[8mha:////4HrJZwx/Tsh2PyC5L2sNhqeNF+ZNppNttRGw7o5OksnbAAAApR+LCAAAAAAAAP9tjTEOwjAQBC+JKGgpeYSjIDpEldZKwwtMbIwd687YDknFi/gaf8BKJCq2WO1sM+8PbGKAMwXNrMLBYOwN827UebGJwnBzNDFLV9YTRnKKdWrqSKp2xY6SgjVFCRWHrcLeUTSoE+y4FU9RO4G6vqSQvxOH0sgHvKDg2ZxESAvMAfb3UUbCn+evAGafoGqaw9JH/wW5bhdUwAAAAA==[0m[Pipeline] slackSend
Slack Send Pipeline step running, values are - baseUrl: <empty>, teamDomain: devopselgrupo, channel: #proyecto-final, color: good, botUser: false, tokenCredentialId: slack, notifyCommitters: false, iconEmoji: <empty>, username: <empty>, timestamp: <empty>
[8mha:////4KUKk7TTWbAr02sv8znRe1dxZh50KID6BfURN8LyMChIAAAApR+LCAAAAAAAAP9tjTEOwjAQBC+JKGgpeYSjIFEhqrRWGl5gYmPsWHfGdkgqXsTX+ANWIlGxxWpnm3l/YBMDnCloZhUOBmNvmHejzotNFIabo4lZurKeMJJTrFNTR1K1K3aUFKwpSqg4bBX2jqJBnWDHrXiK2gnU9SWF/J04lEY+4AUFz+YkQlpgDrC/jzIS/jx/BTB7n6BqmuPShy9aImFCwAAAAA==[0m[Pipeline] }
[8mha:////4MHGiykk9AHeJEw2P0DiTOBBiVOWAHVRARxyYzbvctQgAAAApR+LCAAAAAAAAP9tjTEOwjAQBC+JKGgpeYSjNDSIitZKwwtMYowd686cHZKKF/E1/oCVSFRssdrZZt4f2ESGE7ERTuNgMXZWBD+avMREPNw8TcLRVXSEkbwWrZ5a6vV5xZaShjVFCZWErcbOU7RoEuykU09Ve4WmviTO31FCafsHvKCQ2ZwUpwVmhv197CPhz/NXAHMICaqmOSzdfAF9aYDqwAAAAA==[0m[Pipeline] // stage
[8mha:////4Kqe7uH1lRWQAdLn6et7V2nay0LxzswrcRjxuBhdFmXuAAAAph+LCAAAAAAAAP9tjTESgjAQRRcYC1tLDxEGLSwcKtsMjSeIIcZAZheTRag8kVfzDmZkxspf/fea93rDKgaoKVjRGewdRu3E4Eebnpgo9FdPk+joIjRhJG9EY6aGWnNasCE2sCzLoZCwNqg9RYeWYSM79VClV2jLM4fkjhJy197hCZlMZVaBvzAH2N7GNhL+On8DMA8DQ1FVB4Z8t/8A7r/5Vb8AAAA=[0m[Pipeline] }
[8mha:////4LAinu96eRyjBPh0deSHel88d9TdEEQMZnhwquAQqZrTAAAApR+LCAAAAAAAAP9tjbEOgjAURR8QB1dHP6IEJhPjxNqw+AW1rbXQvIftQ5j8In/Nf5BI4uSd7jnLeb1hkyKcKDrRWew9Ju3FEEa3PDFR7K+BJtHRRWjCRMGK1k4tGdus2BJbWJflUEjYWtSBkkfHsJOdeqgyKHTlmePijhJyb+7whEwuZVaRvzBH2N9Gkwh/nb8BmIeBoaiqA0Ne1x+tPajTvwAAAA==[0m[Pipeline] // withEnv
[8mha:////4Cq87jowKenwWZ1byY+OFCRNiXP5J6iZ/q+WWZHcABt4AAAApR+LCAAAAAAAAP9tjTEOwjAQBC+JKGgpeYSjiAohKlorDS8wsTFOrDtjX3AqXsTX+AMRkajYameaeb1hlSIcKVrRGxwcps6J4Ec7P5EpDldPWfR0ER1hIm9Ea3JL2pwWbIkNLCtKqCSsDXaekkPLsJG9eqjaK7T1mePsDhJKp+/whELOZVaRvzBF2N5GnQh/nb8BmEJgqJpmz1A2uw9djd5EvwAAAA==[0m[Pipeline] }
[8mha:////4Dg2Kx+OL+LlMiB9oimcfE85RrMSMzEWJT2V7x2NwHzrAAAApB+LCAAAAAAAAP9tjTESgjAQRRcYC1tLDxGE1rGizdB4ghhiDGR2MVmEyhN5Ne9gRmas/NV/r3mvN2xigBMFK3qDg8OonRj9ZNMTM4Xh6mkWPV2EJozkjWjN3FJnmhVbYgPrshwKCVuD2lN0aBl2slcPVXqFtjxzSO4oIXfdHZ6QyVRmFfgLS4D9beoi4a/zNwDLODIUVX1gyKv6A572PiW/AAAA[0m[Pipeline] // withEnv
[8mha:////4C3y8cYnmM2K6axQ/NBd5CaHJdKRLNWjrSNF415Ql2CSAAAApB+LCAAAAAAAAP9tjTESgjAQRRcYC1tLDxEmto6VbYbGE8QQYyCzC8kiVJ7Iq3kHMzJj5a/+e817vWGTIpwoOtFZ7D0m48UQJpefmCn2t0Cz6OgqDGGiYEVj54Zae16xIbawriihUrC1aAIlj45hpzr90HXQ6OoLx+yOCkrfjvCEQuUy68hfWCLs71ObCH+dvwFYhoGhkgfJUEr5AYF0a3e/AAAA[0m[Pipeline] }
[8mha:////4GNl0rGCwJMSDDubDeDWCopRUROHStArsxsMn8RX+LVmAAAApB+LCAAAAAAAAP9tjTESgjAQRRcYC1tLDxGE1rGizdB4ghhiDGR2MVmEyhN5Ne9gRmas/NV/r3mvN2xigBMFK3qDg8OonRj9ZNMTM4Xh6mkWPV2EJozkjWjN3FJnmhVbYgPrshwKCVuD2lN0aBl2slcPVXqFtjxzSO4oIXfdHZ6QyVRmFfgLS4D9beoi4a/zNwDLODIUVV0z5NXhA7k2+Ia/AAAA[0m[Pipeline] // withEnv
[8mha:////4JR7gir0beCSqvRm3KWc99Gx6yiH6hyABWlQFSW6IbPRAAAApB+LCAAAAAAAAP9tjTsOwjAQBdeJKGgpOYQjPh2iorXScALjGOPE2g32BqfiRFyNOxARiYpXvZlmXm9YpAhHik62FjuPyXjZh8FNT2aK3TVQli1dpCFMFKysba6psacZa2IL80QBpYKlRRMoeXQMK9Xqh66CRledOU7uoKDwzR2eINRUZh35C2OE9W1oEuGv8zcAY98zlJvtjkHsPzqTqUK+AAAA[0m[Pipeline] }
[8mha:////4BB+DQtn0VR6qV67u8jhua5upEsoWiCEn2E4MHxWegmZAAAApB+LCAAAAAAAAP9tjTsOwjAQBdeJKGgpOYQjPh2iorXScALjGOPE2g32BqfiRFyNOxARiYpXvZlmXm9YpAhHik62FjuPyXjZh8FNT2aK3TVQli1dpCFMFKysba6psacZa2IL80QBpYKlRRMoeXQMK9Xqh66CRledOU7uoKDwzR2eINRUZh35C2OE9W1oEuGv8zcAY98zlJvtnkHsPona7W6+AAAA[0m[Pipeline] // node
[8mha:////4IGR0ymzOFdj33CgIgCuPSKyARx7UV6+Q3BE4dMsc1b9AAAApB+LCAAAAAAAAP9tjTEOwjAQBC+JKGgpeYQjIlEhKlorDS8wsTFOrDtjX3AqXsTX+AMRkajYameaeb1hlSIcKVrRGxwcps6J4Ec7P5EpDldPWfR0ER1hIm9Ea3JL2pwWbIkNLCtKqCSsDXaekkPLsJG9eqjaK7T1mePsDhJKp+/whELOZVaRvzBF2N5GnQh/nb8BmEJgqHbNnqFoPq/DiiS+AAAA[0m[Pipeline] End of Pipeline
Finished: SUCCESS
