Started by remote host 52.23.192.172
Obtained Jenkinsfile from git git@github.com:keber/ProjectDevops.git
[8mha:////4Bdti9mZvlzbEV+jZuJ60/F4/AcN9zs2YmrLincfmoavAAAAoh+LCAAAAAAAAP9tjTEOwjAQBM8BClpKHuFItIiK1krDC0x8GCfWnbEdkooX8TX+gCESFVvtrLSa5wtWKcKBo5UdUu8otU4GP9jS5Mixv3geZcdn2TIl9igbHBs2eJyx4YwwR1SwULBGaj0nRzbDRnX6rmuvydanHMu2V1A5c4MHCFXMWcf8hSnC9jqYxPTz/BXAFEIGsfuclm8zQVqFvQAAAA==[0m[Pipeline] Start of Pipeline
[8mha:////4LDIHASoGj0Ihzamx6TjE33Nbrb4eTEqedfXg5a/+o1JAAAApR+LCAAAAAAAAP9tjTEOwjAUQ3+KOrAycohUghExsUZZOEFIQkgb/d8mKe3EibgadyBQiQlLlmxL1nu+oE4RjhQdby12HpP2vA+jK4lPFLtroIm3dOGaMFGwXNpJkrGnpUrKFhaxClYC1hZ1oOTRZdiIVt1VExS65pxj2Q4CKm8GeAAThZxVzN8yR9jeRpMIf5y/AJj7DGxXvP/86jduZBmjwAAAAA==[0m[Pipeline] node
Running on [8mha:////4GdOTMCV9OI317RLX7y0iP3ao1oxRrAOTW4l1QJtI5EbAAAAoR+LCAAAAAAAAP9b85aBtbiIQTGjNKU4P08vOT+vOD8nVc83PyU1x6OyILUoJzMv2y+/JJUBAhiZGBgqihhk0NSjKDWzXb3RdlLBUSYGJk8GtpzUvPSSDB8G5tKinBIGIZ+sxLJE/ZzEvHT94JKizLx0a6BxUmjGOUNodHsLgAz2EgZR/eT83ILSktQifY2k0sycEt3MPE19AHHxbH3KAAAA[0mJenkins in /var/jenkins_home/workspace/proyectoFinal3
[8mha:////4PfHoXbjFQnjWFHuW0fO5lP5OvetsW5VLk0qvJy77NipAAAApR+LCAAAAAAAAP9tjTEOwjAUQ3+KOrAycoh0gA0xsUZZOEFIQkgb/d8mKe3EibgadyBQiQlLlmxL1nu+oE4RjhQdby12HpP2vA+jK4lPFLtroIm3dOGaMFGwXNpJkrGnpUrKFhaxClYC1hZ1oOTRZdiIVt1VExS65pxj2Q4CKm8GeAAThZxVzN8yR9jeRpMIf5y/AJj7DGxXvP/86jfoP95RwAAAAA==[0m[Pipeline] {
[8mha:////4L+MXf4rUo/wzJQGWl11q4MfbNEBvaMCI2U2muDXrry+AAAApR+LCAAAAAAAAP9tjTEOwjAUQ3+KOrAycoh0gQkxsUZZOEFIQkgb/d8mKe3EibgadyBQiQlLlmxL1nu+oE4RjhQdby12HpP2vA+jK4lPFLtroIm3dOGaMFGwXNpJkrGnpUrKFhaxClYC1hZ1oOTRZdiIVt1VExS65pxj2Q4CKm8GeAAThZxVzN8yR9jeRpMIf5y/AJj7DGxXvP/86jc09154wAAAAA==[0m[Pipeline] stage
[8mha:////4ExC6zxnjw3So9Jxc79VJg4QhUqJQQsZyV1SlSAZNxFLAAAApR+LCAAAAAAAAP9tjTEOwjAUQ3+KOrAycoh0ggUxsUZZOEFIQkgb/d8mKe3EibgadyBQiQlLlmxL1nu+oE4RjhQdby12HpP2vA+jK4lPFLtroIm3dOGaMFGwXNpJkrGnpUrKFhaxClYC1hZ1oOTRZdiIVt1VExS65pxj2Q4CKm8GeAAThZxVzN8yR9jeRpMIf5y/AJj7DGxXvP/86jek7ggRwAAAAA==[0m[Pipeline] { (Declarative: Checkout SCM)
[8mha:////4JT3Rl7m1vgywJExSEwVERowFBy/gqP7q/Tg7hFX8JiJAAAAoh+LCAAAAAAAAP9tjTEOAiEURD9rLGwtPQTbaWGsbAmNJ0AWEZb8zwLrbuWJvJp3kLiJlZNMMm+a93rDOic4UbLcG+wdZu14DKOti0+U+lugiXu6ck2YKRguzSSpM+cFJRUDS1gDKwEbgzpQdmgLbIVXD9UGhba9lFS/o4DGdQM8gYlqLiqVL8wJdvexy4Q/z18BzLEA29ce4gfg7KmOvAAAAA==[0m[Pipeline] checkout
Selected Git installation does not exist. Using Default
The recommended git tool is: NONE
using credential github-keber
 > git rev-parse --resolve-git-dir /var/jenkins_home/workspace/proyectoFinal3/.git # timeout=10
Fetching changes from the remote Git repository
 > git config remote.origin.url git@github.com:keber/ProjectDevops.git # timeout=10
Fetching upstream changes from git@github.com:keber/ProjectDevops.git
 > git --version # timeout=10
 > git --version # 'git version 2.30.2'
using GIT_SSH to set credentials github-keber
Verifying host key using known hosts file
[8mha:////4IIlnQrC5KgvlsOq5Qd0DPgPctpHbD/paICoxpzsXlGLAAAAwB+LCAAAAAAAAP9djLENwjAQRY8gGIAS0VE77ihAVDQgRVAwQRSMfYl1tuwLStZgDWgYgnFYgIpE6fjN+19fes8PTGKAhakv0VFaOIrOqnTfehUsUnV0rFbbx2t79+8EkgNMrSLNJoNxHSzDLCvzWy5tTlqeOSDpTRNg/qfbDexlMGSUADS+K1+Gk2H2cS2lt7VGimmpqOqJTmpkUVhUxHI53KKTcrdFjEYYF1lUqhU3FfCKRc7o6Af/njhS1AAAAA==[0mYou're using 'Known hosts file' strategy to verify ssh host keys, but your known_hosts file does not exist, please go to 'Manage Jenkins' -> 'Configure Global Security' -> 'Git Host Key Verification Configuration' and configure host key verification.
 > git fetch --tags --force --progress -- git@github.com:keber/ProjectDevops.git +refs/heads/*:refs/remotes/origin/* # timeout=10
 > git rev-parse refs/remotes/origin/main^{commit} # timeout=10
Checking out Revision 777962aea9b058089fdf4ff77e214cdc6791003b (refs/remotes/origin/main)
 > git config core.sparsecheckout # timeout=10
 > git checkout -f 777962aea9b058089fdf4ff77e214cdc6791003b # timeout=10
Commit message: "Update pom.xml"
 > git rev-list --no-walk 129fb3536aff57f0015806249e562ed497dd97ad # timeout=10
[8mha:////4Aq64PiKVf6C+eFYfTH7meOPn9AqESuszyZRwtjlt6WwAAAAoh+LCAAAAAAAAP9tjTEOAiEURD9rLGwtPQTbGRNjZUtoPAGyiLDkfxZYdytP5NW8g8RNrJxkknnTvNcb1jnBiZLl3mDvMGvHYxhtXXyi1N8CTdzTlWvCTMFwaSZJnTkvKKkYWMIaWAnYGNSBskNbYCu8eqg2KLTtpaT6HQU0rhvgCUxUc1GpfGFOsLuPXSb8ef4KYI6xADvU7j9Dg2gqvAAAAA==[0m[Pipeline] }
[8mha:////4FcY+UdW8y7tL8sexzc/nkiFcJuMbVS5jl4yvtJyZKl5AAAAoh+LCAAAAAAAAP9tjTEOAiEURD9rLGwtPQRbWRhjZUtoPAGyiLDkfxZYdytP5NW8g8RNrJxkknnTvNcb1jnBiZLl3mDvMGvHYxhtXXyi1N8CTdzTlWvCTMFwaSZJnTkvKKkYWMIaWAnYGNSBskNbYCu8eqg2KLTtpaT6HQU0rhvgCUxUc1GpfGFOsLuPXSb8ef4KYI6xADvU7j9J+wGOvAAAAA==[0m[Pipeline] // stage
[8mha:////4KeLTNM6ruhLcVI45pVAMr4Ls2A3FS7y91BKeD2iHzgnAAAAph+LCAAAAAAAAP9tjTEOwjAQBM9BKWgpeYQDEh2iorXc8AITG+PEugv2haTiRXyNPxCIRMVWOyut5vmCMic4UPKycdgGzHWQXez91ORAqb1EGmRDZ1kTZopOajdosu44oyZ2MEcUsFCwdFhHygE9w0o15m6qaNBXJ07TtldQBHuDBwg1mdkk/sKYYH3tbSb8ef4KYOwYxI6h2G4+x/INtuQqUcEAAAA=[0m[Pipeline] withEnv
[8mha:////4FXHZ/hNnwrRs61TwbpyYmCret5Q/HYnoq/1BggpNLzxAAAApR+LCAAAAAAAAP9tjTEOwjAUQ3+DOrAycoiUzoiJNerCCUITQtLo/zZJSSdOxNW4Ay2VmPBg2Zas93pDGQOcKBjuNHYWY2t570czJ54pdDdPmTu68pYwkte80bkhpc9rbShpWFUw2AjYamw9RYsmwU44+ZCVl2iqSwrzdhTArBrgCYWYyUmG9C1TgP19VJHwx/kLgKlPwOrDYvXyLD8BobDcwgAAAA==[0m[Pipeline] {
[8mha:////4BWBfFoVVRwe5YGGohrwkYMQta3jlIp9lADpwRivR0Q+AAAAph+LCAAAAAAAAP9tjTEOwjAUQ3+LOrAycohUZUVMrFEWThCaEJJG/7dJSjpxIq7GHWipxIQHy7ZkvdcbqhjgRMEwp7GzGFvLej+aObFMobt5yszRlbWEkbxmQmdBSp/XKihpWFWUsOGw1dh6ihZNgh138iFrL9HUlxTm7cihtGqAJxR8JicZ0rdMAfb3UUXCH+cvAKY+Qdk0ix2WZ/UBbwyqm8IAAAA=[0m[Pipeline] withEnv
[8mha:////4Cx9In/a8bNPJkQGurclfxc9AocT6lvjeViGHRNJct1pAAAAph+LCAAAAAAAAP9tjTEOwjAUQ3+LOrAycohUwIiYukZZOEFoQkgb/V9+UtqJE3E17kBLJSY8WLYl673eUESGE7ETjcXWY6y96ELvpiQG4vYaaBANXURNGClYoeygyNhqqYqShUVZDisJa4t1oOjRJdjIRj90GTS68px42o4Scm/u8IRMTuSkOX3LyLC99SYS/jh/ATB2CfLdfrbD/Cw+y7kUycIAAAA=[0m[Pipeline] {
[8mha:////4F9mSTeAOJ1sw2mN6J+VOy8WEUzogab7oYY3Cg80blC2AAAApx+LCAAAAAAAAP9tjTEOwjAUQ3+LOrAycohUCDbE1DXKwglCE0La6P/yk9JOnIircQdaKjHhwbItWe/1hiIynIidaCy2HmPtRRd6NyUxELfXQINo6CJqwkjBCmUHRcZWS1WULCzKclhJWFusA0WPLsFGNvqhy6DRlefE03aUkHtzhydkciInzelbRobtrTeR8Mf5C4CxS5Dv9rMd5mfxAbNWnxXCAAAA[0m[Pipeline] stage
[8mha:////4ILpxaq74QPZwlF7qmzu4H7qeECmTxjl75/pw/ABrlCOAAAApx+LCAAAAAAAAP9tjTEOwjAUQ3+LOrAycohUSDAhpq5RFk4QmhDSRv+Xn5R24kRcjTvQUokJD5ZtyXqvNxSR4UTsRGOx9RhrL7rQuymJgbi9BhpEQxdRE0YKVig7KDK2WqqiZGFRlsNKwtpiHSh6dAk2stEPXQaNrjwnnrajhNybOzwhkxM5aU7fMjJsb72JhD/OXwCMXYJ8t5/tMD+LD5WQ+PfCAAAA[0m[Pipeline] { (Declarative: Tool Install)
[8mha:////4HbIk3LyYXkYAgXf4E1EHzpo0hy99uNEAOkkVrT4jdLxAAAApB+LCAAAAAAAAP9tjTEOwjAQBC9BFLSUPOIiCmgQVVrLDS8wsTFOrDtjOyQVL+Jr/IFAJCq2WO1sM88XLFOEI0eLraHOUWocBt/baeHAsbt4HrDlMzZMib1BaQbJ2tQzSs4G5hQlLASsDDWekyObYS1adVeVV2SrU47TdxBQOn2DBxRiMmcV8xfGCJtrrxPTz/NXAGPIUG53n9qHN7LjSKW+AAAA[0m[Pipeline] tool
[8mha:////4I5YYDTEVHY1ODPIjCHHp2SPXVocqGYbAhnVxFAt1BUlAAAApR+LCAAAAAAAAP9tjTEOwjAQBC9BFLSUPOIiCkSBqNJabniBiY1xYt0Z2yGpeBFf4w8EIlGxxWpnm3m+YJkiHDlabA11jlLjMPjeTgsHjt3F84Atn7FhSuwNSjNI1qaeUXI2MKcoYSFgZajxnBzZDGvRqruqvCJbnXKcvoOA0ukbPKAQkzmrmL8wRthce52Yfp6/AhhDhnK7+9Q+vAHz0lO8vgAAAA==[0m[Pipeline] envVarsForTool
[8mha:////4GmlHJPihGVolJwDHaXchhrGTLihomnn4HRpxabcbxrDAAAApR+LCAAAAAAAAP9tjTEOwjAQBC9BFLSUPOIiCiQkRJXWcsMLTGyME+vO2A5JxYv4Gn8gEImKLVY728zzBcsU4cjRYmuoc5Qah8H3dlo4cOwungds+YwNU2JvUJpBsjb1jJKzgTlFCQsBK0ON5+TIZliLVt1V5RXZ6pTj9B0ElE7f4AGFmMxZxfyFMcLm2uvE9PP8FcAYMpTb3af24Q08zss7vgAAAA==[0m[Pipeline] tool
[8mha:////4IqrnLQeUM8+3T9TPsGAKTN4bdCE2QdKVHdBT4w2pso6AAAApR+LCAAAAAAAAP9tjTEOwjAQBC9BFLSUPOIiCgqEqNJabniBiY1xYt0Z2yGpeBFf4w8EIlGxxWpnm3m+YJkiHDlabA11jlLjMPjeTgsHjt3F84Atn7FhSuwNSjNI1qaeUXI2MKcoYSFgZajxnBzZDGvRqruqvCJbnXKcvoOA0ukbPKAQkzmrmL8wRthce52Yfp6/AhhDhnK7+9Q+vAF9/9AivgAAAA==[0m[Pipeline] envVarsForTool
[8mha:////4B7Ab9iatCsPWOIPllFlwH9iXprluu5gNbaZAt9F5P3FAAAApR+LCAAAAAAAAP9tjTEOwjAQBC9BFLSUPOICSFQoFa3lhheYxBgn1l2wHZyKF/E1/oBFJCq2WO1sM683LIOHmr3BTlNvKTQWBzeavDCx76+OE3Z8wYYpsNModZLc6tOMkqOGOUUJCwErTY3jYMlEWItOPVTlFJnqHH3+jgJK297hCYXI5qh8/MLkYXMb28D08/wVwDQMEcr9Ntfu8AGrSWhXvgAAAA==[0m[Pipeline] }
[8mha:////4P4iM30S6i/8qJ9qMNNxVlNfDNwPMuK1vqs1kIlQZ+iKAAAApB+LCAAAAAAAAP9tjTEOwjAQBC9BFLSUPOKiIDpEldZKwwtMbIwT687YDknFi/gaf8AiEhVbrHa2mdcb1jHAiYPBXtNgKXYWvRtNXjhxGK6OJ+z5gh1TZKex1VPLSjcLtpw0LClKWAnYaOocR0smwVb08iErJ8lU5xTydxRQWnWHJxQim5MM6QtzgN1tVJHp5/krgNn7BOW+zlUfPpiqM+u+AAAA[0m[Pipeline] // stage
[8mha:////4Pb/cOgBtcGLoZlmpbghuESdTbbnrllVWNuHYabRhRzBAAAApx+LCAAAAAAAAP9tjTEOwjAUQ3+LOrAycohUlBExdY2ycIKQhJA2+r8kKe3EibgadyBQiQkPlm3Jes8XVDHAkYJlncHeYVSODX60ObGJQn/xNLGOzkwRRvKGCTMJ0qZdqqBkYFFRworD2qDyFB3aBBveybusvURbn1LI24FD6fQNHlDwTE4ypG+ZA2yvo46EP85fAMxDgnK3z9Y0n2f1BjOvLvLCAAAA[0m[Pipeline] withEnv
[8mha:////4OdnmqHqECtlBco4NUJb6JpGFqJwTIDergFhLhY+w1XzAAAAph+LCAAAAAAAAP9tjTEOwjAUQ3+LOrAycohUKiNiYo2ycILQhJA0+r9NUtKJE3E17kBLJSY8WLYl673eUMUAJwqGOY2dxdha1vvRzIllCt3NU2aOrqwljOQ1EzoLUvq8VkFJw6qihA2HrcbWU7RoEuy4kw9Ze4mmvqQwb0cOpVUDPKHgMznJkL5lCrC/jyoS/jh/ATD1CcqmWeywPKsPpnFij8IAAAA=[0m[Pipeline] {
[8mha:////4HyIGYXtIXMUt1ZH9LCYsLgiGQy2QFyJBTqeCEznxvT4AAAApx+LCAAAAAAAAP9tjTEOwjAUQ3+LOrAycohUAjbE1DXKwglCE0La6P/yk9JOnIircQdaKjHhwbItWe/1hiIynIidaCy2HmPtRRd6NyUxELfXQINo6CJqwkjBCmUHRcZWS1WULCzKclhJWFusA0WPLsFGNvqhy6DRlefE03aUkHtzhydkciInzelbRobtrTeR8Mf5C4CxS5Dv9rMd5mfxAd6e6VPCAAAA[0m[Pipeline] stage
[8mha:////4LPH+6yiNl9O2nUDmWtis9jpnLSjV3IKmXcheIS4au3vAAAApx+LCAAAAAAAAP9tjTEOwjAUQ3+LOrAycohUQjAhpq5RFk4QmhDSRv+Xn5R24kRcjTvQUokJD5ZtyXqvNxSR4UTsRGOx9RhrL7rQuymJgbi9BhpEQxdRE0YKVig7KDK2WqqiZGFRlsNKwtpiHSh6dAk2stEPXQaNrjwnnrajhNybOzwhkxM5aU7fMjJsb72JhD/OXwCMXYJ8t5/tMD+LD/hYjrHCAAAA[0m[Pipeline] { (Hello)
[8mha:////4O0W6rBUlGmRURLth3zrZpauD5gd3SCNbSbrxN3FOwsDAAAApR+LCAAAAAAAAP9tjTEOwjAQBC9BFLSUPOIiIUGDqNJabniBiY1xYt0Z2yGpeBFf4w8EIlGxxWpnm3m+YJkiHDlabA11jlLjMPjeTgsHjt3F84Atn7FhSuwNSjNI1qaeUXI2MKcoYSFgZajxnBzZDGvRqruqvCJbnXKcvoOA0ukbPKAQkzmrmL8wRthce52Yfp6/AhhDhnK7+9Q+vAEIWoEpvgAAAA==[0m[Pipeline] tool
[8mha:////4BtZoVfmKuGZjyofRu6gMY0wOr/2ffCK6vDgy5DuRnlBAAAApR+LCAAAAAAAAP9tjTEOwjAQBC9BFLSUPOIiISEKRJXWcsMLTGyME+vO2A5JxYv4Gn8gEImKLVY728zzBcsU4cjRYmuoc5Qah8H3dlo4cOwungds+YwNU2JvUJpBsjb1jJKzgTlFCQsBK0ON5+TIZliLVt1V5RXZ6pTj9B0ElE7f4AGFmMxZxfyFMcLm2uvE9PP8FcAYMpTb3af24Q1Ja5owvgAAAA==[0m[Pipeline] envVarsForTool
[8mha:////4N5gcmPyEMTPqngepOgjZLzKQGNrSg8ZjSSW+qYVnsHoAAAApR+LCAAAAAAAAP9tjTEOwjAQBC9BFLSUPOIiISEhIaq0lhteYGJjnFh3xnZIKl7E1/gDgUhUbLHa2WaeL1imCEeOFltDnaPUOAy+t9PCgWN38Txgy2dsmBJ7g9IMkrWpZ5ScDcwpSlgIWBlqPCdHNsNatOquKq/IVqccp+8goHT6Bg8oxGTOKuYvjBE2114npp/nrwDGkKHc7j61D2+GdwK3vgAAAA==[0m[Pipeline] tool
[8mha:////4KJNxxDcd/SFAjiFn8L/1IotJxEUbGTFXujnsPqnzawjAAAApR+LCAAAAAAAAP9tjTEOwjAQBC9BFLSUPOIiIVEgRJXWcsMLTGyME+vO2A5JxYv4Gn8gEImKLVY728zzBcsU4cjRYmuoc5Qah8H3dlo4cOwungds+YwNU2JvUJpBsjb1jJKzgTlFCQsBK0ON5+TIZliLVt1V5RXZ6pTj9B0ElE7f4AGFmMxZxfyFMcLm2uvE9PP8FcAYMpTb3af24Q3HRhmuvgAAAA==[0m[Pipeline] envVarsForTool
[8mha:////4K0Hfv4IiXIIHdSU6XAUvYG6KsK5ugl8hVWZ44n1kq4PAAAAqB+LCAAAAAAAAP9tjTEOwjAUQ3+LOrAycogUgZhQJ9aoCycITQhJo/9LkpJOnIircQcClZjwYNmWrPd8QRU8NOQ1swp7g6EzbHCjzokl8v3FUWKWzqwjDOQUa1VqSarjXFuKCmYVJSw4LBV2joJBHWHFrbiL2gnU9Sn6vB04lEbe4AEFz+QofPyWycP6OspA+OP8BcA0RCi3+2y7zedZvQE/HbqGwgAAAA==[0m[Pipeline] withEnv
[8mha:////4EOo1KpZPQR6v7NpLp2NMUJa0YNAoqqaXMQMWTgsiupSAAAAph+LCAAAAAAAAP9tjTEOwjAUQ3+LOrAycogUxIiYukZZOEFoQkgb/V9+UtqJE3E17kBLJSY8WLYl673eUESGE7ETjcXWY6y96ELvpiQG4vYaaBANXURNGClYoeygyNhqqYqShUVZDisJa4t1oOjRJdjIRj90GTS68px42o4Scm/u8IRMTuSkOX3LyLC99SYS/jh/ATB2CfLDbrb9/Cw+ty4Up8IAAAA=[0m[Pipeline] {
[8mha:////4F6SUqGqucx4jWKCo+tmmq2kKf0n7IJYw+10IWTqwBL+AAAAox+LCAAAAAAAAP9tjTEOwjAQBC9BFLSUPOIioERUaS03vMDExjix7oztkFS8iK/xBwKRqNhitbPNPF+wTBGOHC22hjpHqXEYfG+nhQPH7uJ5wJbP2DAl9galGSRrU88oORuYU5SwELAy1HhOjmyGtWjVXVVeka1OOU7fQUDp9A0eUIjJnFXMXxgjbK69Tkw/z18BjCFDud9+ahfettHKdL4AAAA=[0m[Pipeline] echo
DB Engine is: sqlite
[8mha:////4GqDjqjoj4FHz9jHwofjFuMa9wYozMz/44UMiJLdcG22AAAAox+LCAAAAAAAAP9tjTEOwjAQBC9BFLSUPOIilBJR0VppeIFJjLFj3Tm2g1PxIr7GHwhEomKL1c4283zBOgY4ctBoFfWGYmvQu1HPCzOH/uo4o+ULtkyRncJG5YY7dVqw4aRgSVHCSsBGUes4GtIJtsLKu6ycJF2dU5i/g4DSdAM8oBCzOcmQvjAF2N3GLjL9PH8FMPkEZb3/VO3f9+DRbb4AAAA=[0m[Pipeline] echo
DISABLE_AUTH is: true
[8mha:////4GlT6JQdI+0+K9ssP4b8QwRm6bHWWIPWWnCejUGkSzL2AAAApB+LCAAAAAAAAP9tjTEOwjAQBC9BFLSUPOIiBB2iSmu54QUmNsaJdWdsh6TiRXyNPxCIRMUWq51t5vmCZYpw5GixNdQ5So3D4Hs7LRw4dhfPA7Z8xoYpsTcozSBZm3pGydnAnKKEhYCVocZzcmQzrEWr7qryimx1ynH6DgJKp2/wgEJM5qxi/sIYYXPtdWL6ef4KYAwZyt32U/vwBjB2kCK+AAAA[0m[Pipeline] echo
Build 24 on https://jenkins.devops-elgrupo.keberlabs.com/
[8mha:////4NT2cnLVXibahtduvVRd8Feu5EZaMJaMTqqZ5NZalX6OAAAApB+LCAAAAAAAAP9tjTEOwjAQBC9BFLSUPOIihKgQVVrLDS8wsTFOrDtjOyQVL+Jr/IFAJCq2WO1sM88XLFOEI0eLraHOUWocBt/baeHAsbt4HrDlMzZMib1BaQbJ2tQzSs4G5hQlLASsDDWekyObYS1adVeVV2SrU47TdxBQOn2DBxRiMmcV8xfGCJtrrxPTz/NXAGMIGcrd/lPbNzd1iZS+AAAA[0m[Pipeline] }
[8mha:////4HQd7+X54f94Ee2QY1pOm/pTTcGY8WE7A96whxZfdLKNAAAApR+LCAAAAAAAAP9tjTEOwjAQBC9BFLSUPOKChESDqNJabniBiY1xYt0Z2yGpeBFf4w8EIlGxxWpnm3m+YJkiHDlabA11jlLjMPjeTgsHjt3F84Atn7FhSuwNSjNI1qaeUXI2MKcoYSFgZajxnBzZDGvRqruqvCJbnXKcvoOA0ukbPKAQkzmrmL8wRthce52Yfp6/AhhDyFDu9p/avgEPNxplvgAAAA==[0m[Pipeline] // withEnv
[8mha:////4OE7Rm4EXG4LjE0U4+V7NSAlIjcgebP/snnAa38o3XOgAAAAph+LCAAAAAAAAP9tjTEOwjAQBC9BFLSUPOIigRAFSkVrueEFJjHGiXUXbAen4kV8jT9gEYmKLVY728zrDcvgoWZvsNPUWwqNxcGNJi9M7Pur44QdX7BhCuw0Sp0kt/o0o+SoYU5RwkLASlPjOFgyEdaiUw9VOUWmOkefv6OA0rZ3eEIhsjkqH78wedjcxjYw/Tx/BTANQ4Ryd8i13X8AZCE3x74AAAA=[0m[Pipeline] }
[8mha:////4NzQphSdEWIFN1Rzijz4E+CYhETPLng1H44d55cC5v5DAAAAph+LCAAAAAAAAP9tjTEOwjAQBC9BFLSUPOIiAQUSSkVrueEFJjHGiXUXbAen4kV8jT9gEYmKLVY728zrDcvgoWZvsNPUWwqNxcGNJi9M7Pur44QdX7BhCuw0Sp0kt/o0o+SoYU5RwkLASlPjOFgyEdaiUw9VOUWmOkefv6OA0rZ3eEIhsjkqH78wedjcxjYw/Tx/BTANQ4Ryd8i13X8AJ6NmQb4AAAA=[0m[Pipeline] // stage
[8mha:////4L85rr5tjhwDoH+2M7haYA2Hlf9REHygx2x0Ta22jsEAAAAAqB+LCAAAAAAAAP9tjTEOwjAUQ3+LOrAycohUohNCTF2jLJwgJCGkjf4vSUo7cSKuxh0IVGLCg2Vbst7zBVUMcKRgWWewdxiVY4MfbU5sotBfPE2sozNThJG8YcJMgrRplyooGVhUlLDisDaoPEWHNsGGd/Iuay/R1qcU8nbgUDp9gwcUPJOTDOlb5gDb66gj4Y/zFwDzkKDcNdma/edZvQG0hgBJwgAAAA==[0m[Pipeline] stage
[8mha:////4KkmD2rigrwZROB8MdjjIOfocycqWgeIt46oOQ0SkGYfAAAAqB+LCAAAAAAAAP9tjTEOwjAUQ3+LOrAycogUCRaEOrFGXThBaEJIGv1fkpR04kRcjTsQqMSEB8u2ZL3nC6rgoSGvmVXYGwydYYMbdU4ske8vjhKzdGYdYSCnWKtSS1Id59pSVDCrKGHBYamwcxQM6ggrbsVd1E6grk/R5+3AoTTyBg8oeCZH4eO3TB7W11EGwh/nLwCmIUK53WfbbT7P6g0Z/aLSwgAAAA==[0m[Pipeline] { (Git polling)
[8mha:////4AIJY25KKOCqKQoW2O/WClM8ZbG7HXO88OnuZHw20MoBAAAApB+LCAAAAAAAAP9tjTEOwjAQBC9BFLSUPOICEh2iSmu54QUmNsaJdWdsh6TiRXyNPxCIRMUWq51t5vmCZYpw5GixNdQ5So3D4Hs7LRw4dhfPA7Z8xoYpsTcozSBZm3pGydnAnKKEhYCVocZzcmQzrEWr7qryimx1ynH6DgJKp2/wgEJM5qxi/sIYYXPtdWL6ef4KYAwZyv32U7vwBl2WGva+AAAA[0m[Pipeline] tool
[8mha:////4ElXQ1m+ZpqvICMC8shg1LX9LZSm8pu2sEVFV5BlbuikAAAApB+LCAAAAAAAAP9tjTEOwjAQBC9BFLSUPOKCEB2iSmu54QUmNsaJdWdsh6TiRXyNPxCIRMUWq51t5vmCZYpw5GixNdQ5So3D4Hs7LRw4dhfPA7Z8xoYpsTcozSBZm3pGydnAnKKEhYCVocZzcmQzrEWr7qryimx1ynH6DgJKp2/wgEJM5qxi/sIYYXPtdWL6ef4KYAwZyv32U7vwBp7FN92+AAAA[0m[Pipeline] envVarsForTool
[8mha:////4CtHazwfzqXNfBxvz2KW7+8l5pXe9EOWcKePb0I68OF0AAAApB+LCAAAAAAAAP9tjTEOwjAQBC9BFLSUPOKCBB2iSmu54QUmNsaJdWdsh6TiRXyNPxCIRMUWq51t5vmCZYpw5GixNdQ5So3D4Hs7LRw4dhfPA7Z8xoYpsTcozSBZm3pGydnAnKKEhYCVocZzcmQzrEWr7qryimx1ynH6DgJKp2/wgEJM5qxi/sIYYXPtdWL6ef4KYAwZyv32U7vwBt/0LMS+AAAA[0m[Pipeline] tool
[8mha:////4KWsXyMeFJ1GkxdLnjV4JNXwb5sWxOrDHUIB4tyHALStAAAAox+LCAAAAAAAAP9tjTEOwjAQBC9BFLSUPOJCkQ5R0VppeIFJjLFj3Tm2g1PxIr7GHwhEomKL1c4283zBOgY4ctBoFfWGYmvQu1HPCzOH/uo4o+ULtkyRncJG5YY7dVqw4aRgSVHCSsBGUes4GtIJtsLKu6ycJF2dU5i/g4DSdAM8oBCzOcmQvjAF2N3GLjL9PH8FMPkEZb3/VO3fGGJti74AAAA=[0m[Pipeline] envVarsForTool
[8mha:////4L7j3DX/WPZxRim/BRBIvJs0SKnI12n/t8v8wP1fzq9EAAAApx+LCAAAAAAAAP9tjTEOwjAUQ3+LOrAycoiUASbE1DXKwglCE0La6P/yk9JOnIircQdaKjHhwbItWe/1hiIynIidaCy2HmPtRRd6NyUxELfXQINo6CJqwkjBCmUHRcZWS1WULCzKclhJWFusA0WPLsFGNvqhy6DRlefE03aUkHtzhydkciInzelbRobtrTeR8Mf5C4CxS5Dvd7Md5mfxAaC7uo3CAAAA[0m[Pipeline] withEnv
[8mha:////4CGRsWlwLegIO7l15fcd+57XsKC3imLiT9esq8yXIbHsAAAApx+LCAAAAAAAAP9tjTEOwjAUQ3+LOrAycoh0ARbE1DXKwglCE0La6P/yk9JOnIircQdaKjHhwbItWe/1hiIynIidaCy2HmPtRRd6NyUxELfXQINo6CJqwkjBCmUHRcZWS1WULCzKclhJWFusA0WPLsFGNvqhy6DRlefE03aUkHtzhydkciInzelbRobtrTeR8Mf5C4CxS5Dv9rMd5mfxAUxleXrCAAAA[0m[Pipeline] {
[8mha:////4IzT80kLZO4iUnaotw1HRClEiAeJLvykkxlkUGLYLWC2AAAApB+LCAAAAAAAAP9tjTEOwjAQBC9BFLSUPOLSICgQVVrLDS8wsTFOrDtjOyQVL+Jr/IFAJCq2WO1sM88XLFOEI0eLraHOUWocBt/baeHAsbt4HrDlMzZMib1BaQbJ2tQzSs4G5hQlLASsDDWekyObYS1adVeVV2SrU47TdxBQOn2DBxRiMmcV8xfGCJtrrxPTz/NXAGPIUG53n9qHN+EEkMO+AAAA[0m[Pipeline] git
Selected Git installation does not exist. Using Default
The recommended git tool is: NONE
using credential github-keber
 > git rev-parse --resolve-git-dir /var/jenkins_home/workspace/proyectoFinal3/.git # timeout=10
Fetching changes from the remote Git repository
 > git config remote.origin.url git@github.com:keber/ProjectDevops.git # timeout=10
Fetching upstream changes from git@github.com:keber/ProjectDevops.git
 > git --version # timeout=10
 > git --version # 'git version 2.30.2'
using GIT_SSH to set credentials github-keber
Verifying host key using known hosts file
[8mha:////4IIlnQrC5KgvlsOq5Qd0DPgPctpHbD/paICoxpzsXlGLAAAAwB+LCAAAAAAAAP9djLENwjAQRY8gGIAS0VE77ihAVDQgRVAwQRSMfYl1tuwLStZgDWgYgnFYgIpE6fjN+19fes8PTGKAhakv0VFaOIrOqnTfehUsUnV0rFbbx2t79+8EkgNMrSLNJoNxHSzDLCvzWy5tTlqeOSDpTRNg/qfbDexlMGSUADS+K1+Gk2H2cS2lt7VGimmpqOqJTmpkUVhUxHI53KKTcrdFjEYYF1lUqhU3FfCKRc7o6Af/njhS1AAAAA==[0mYou're using 'Known hosts file' strategy to verify ssh host keys, but your known_hosts file does not exist, please go to 'Manage Jenkins' -> 'Configure Global Security' -> 'Git Host Key Verification Configuration' and configure host key verification.
 > git fetch --tags --force --progress -- git@github.com:keber/ProjectDevops.git +refs/heads/*:refs/remotes/origin/* # timeout=10
 > git rev-parse refs/remotes/origin/main^{commit} # timeout=10
Checking out Revision 777962aea9b058089fdf4ff77e214cdc6791003b (refs/remotes/origin/main)
 > git config core.sparsecheckout # timeout=10
 > git checkout -f 777962aea9b058089fdf4ff77e214cdc6791003b # timeout=10
 > git branch -a -v --no-abbrev # timeout=10
 > git branch -D main # timeout=10
 > git checkout -b main 777962aea9b058089fdf4ff77e214cdc6791003b # timeout=10
Commit message: "Update pom.xml"
[8mha:////4J2p6AM0Du+lMzCEDTxGzJ9JhMVa6UORNuRIXsswYjzXAAAApR+LCAAAAAAAAP9tjTEOwjAQBC9BFLSUPOLSIISEqNJabniBiY1xYt0Z2yGpeBFf4w8EIlGxxWpnm3m+YJkiHDlabA11jlLjMPjeTgsHjt3F84Atn7FhSuwNSjNI1qaeUXI2MKcoYSFgZajxnBzZDGvRqruqvCJbnXKcvoOA0ukbPKAQkzmrmL8wRthce52Yfp6/AhhDyFBu95/avQEDW5U8vgAAAA==[0m[Pipeline] }
[8mha:////4K2Ro2BlhFELzJj7+mxZVBwncIbKSruS8xwYY29SlrGtAAAApB+LCAAAAAAAAP9tjTEOwjAQBC9BFLSUPOLSQIEQVVrLDS8wsTFOrDtjOyQVL+Jr/IFAJCq2WO1sM88XLFOEI0eLraHOUWocBt/baeHAsbt4HrDlMzZMib1BaQbJ2tQzSs4G5hQlLASsDDWekyObYS1adVeVV2SrU47TdxBQOn2DBxRiMmcV8xfGCJtrrxPTz/NXAGMIGcrt/lO7NxzZwG6+AAAA[0m[Pipeline] // withEnv
[8mha:////4P/f8hzbQKZ0bLm7S1e+gFmOHzvIgIAGwfIbv0O3y36WAAAApB+LCAAAAAAAAP9tjTEOwjAQBC9BFLSUPOKSAipEldZKwwtMbIwT687YDknFi/gaf8AiEhVbrHa2mdcb1jHAiYPBXtNgKXYWvRtNXjhxGK6OJ+z5gh1TZKex1VPLSjcLtpw0LClKWAnYaOocR0smwVb08iErJ8lU5xTydxRQWnWHJxQim5MM6QtzgN1tVJHp5/krgNn7BOWhzrWvP+930p++AAAA[0m[Pipeline] }
[8mha:////4IaelBa2INYTH8K8kNB93lmqxgbxgeeiKzHGwNqttJxMAAAAph+LCAAAAAAAAP9tjTEOwjAQBC9BFLSUPOIihCgQSkVrueEFJjHGiXUXbAen4kV8jT9gEYmKLVY728zrDcvgoWZvsNPUWwqNxcGNJi9M7Pur44QdX7BhCuw0Sp0kt/o0o+SoYU5RwkLASlPjOFgyEdaiUw9VOUWmOkefv6OA0rZ3eEIhsjkqH78wedjcxjYw/Tx/BTANQ4Ryv821O3wAKYoTYr4AAAA=[0m[Pipeline] // stage
[8mha:////4ESJDsHEw4xYvHRrkFiyVMeOUQ2QAF/2PnKINNbPjvbOAAAAqB+LCAAAAAAAAP9tjTEOwjAUQ3+LOrAycohUKmJCTF2jLpwgNCEkjf4vSUo6cSKuxh0IVGLCg2Vbst7zBVXwcCSvmVU4GAy9YaObdE4skR8ujhKzdGY9YSCnWKdSR1K1S+0oKlhUlLDisFbYOwoGdYQNt+IuaidQ16fo83bgUBp5gwcUPJOj8PFbZg/b6yQD4Y/zFwDzGKFsdtn2zedZvQFNQxdAwgAAAA==[0m[Pipeline] stage
[8mha:////4EpovBvGlwgs9x22YJpuV/3cQni/yI8ZGSqREGGUSB8cAAAApx+LCAAAAAAAAP9tjTEOwjAUQ3+LOrAycohUAjEhpq5RFk4QmhDSRv+Xn5R24kRcjTvQUokJD5ZtyXqvNxSR4UTsRGOx9RhrL7rQuymJgbi9BhpEQxdRE0YKVig7KDK2WqqiZGFRlsNKwtpiHSh6dAk2stEPXQaNrjwnnrajhNybOzwhkxM5aU7fMjJsb72JhD/OXwCMXYL8sJttPz+LD6emXT7CAAAA[0m[Pipeline] { (Build con maven)
[8mha:////4PfnKnPmClA7D4KZ/J4M6tDPqei7GH68fsd586FqxETPAAAApB+LCAAAAAAAAP9tjTEOwjAQBC9BFLSUPOJSABWiSmu54QUmNsaJdWdsh6TiRXyNPxCIRMUWq51t5vmCZYpw5GixNdQ5So3D4Hs7LRw4dhfPA7Z8xoYpsTcozSBZm3pGydnAnKKEhYCVocZzcmQzrEWr7qryimx1ynH6DgJKp2/wgEJM5qxi/sIYYXPtdWL6ef4KYAwZyv32U7vwBiwS7Xe+AAAA[0m[Pipeline] tool
[8mha:////4Gh65dgLALGxT2HTseMrjjhA/+exVFq5nGy/JE+Mk910AAAApB+LCAAAAAAAAP9tjTEOwjAQBC9BFLSUPOJSoFSIitZKwwtMYowd686xHZyKF/E1/kAgEhVbrHa2mecL1jHAkYNGq6g3FFuD3o16Xpg59FfHGS1fsGWK7BQ2KjfcqdOCDScFS4oSVgI2ilrH0ZBOsBVW3mXlJOnqnML8HQSUphvgAYWYzUmG9IUpwO42dpHp5/krgMknKOv9p2r/Bm0j9m6+AAAA[0m[Pipeline] envVarsForTool
[8mha:////4KTqXttL6eo2tIH6xTTG5H8h63kxpURcbjZI7t7sWLLJAAAApB+LCAAAAAAAAP9tjTEOwjAQBC9BFLSUPOJSIGgQVVrLDS8wsTFOrDtjOyQVL+Jr/IFAJCq2WO1sM88XLFOEI0eLraHOUWocBt/baeHAsbt4HrDlMzZMib1BaQbJ2tQzSs4G5hQlLASsDDWekyObYS1adVeVV2SrU47TdxBQOn2DBxRiMmcV8xfGCJtrrxPTz/NXAGPIUO62n9qHN65w20W+AAAA[0m[Pipeline] tool
[8mha:////4K7pQIIHY3sx7VO+b9Z1CGCXNx4Bb6wg5qZSi+AiKetvAAAApR+LCAAAAAAAAP9tjTEOwjAQBC9BFLSUPOJSIESBqNJabniBiY1xYt0Z2yGpeBFf4w8EIlGxxWpnm3m+YJkiHDlabA11jlLjMPjeTgsHjt3F84Atn7FhSuwNSjNI1qaeUXI2MKcoYSFgZajxnBzZDGvRqruqvCJbnXKcvoOA0ukbPKAQkzmrmL8wRthce52Yfp6/AhhDhnK3/dQ+vAHvQcBcvgAAAA==[0m[Pipeline] envVarsForTool
[8mha:////4NP1Eca6W5AYPHr7Y4mX3SLZziVLR+v0rgpqIq3+3bfUAAAAqB+LCAAAAAAAAP9tjTEOwjAUQ3+LOrAycoh0QEhIiKlrlIUThCaEtNH/5SelnTgRV+MOtFRiwoNlW7Le6w1FZDgRO9FYbD3G2osu9G5KYiBur4EG0dBF1ISRghXKDoqMrZaqKFlYlOWwkrC2WAeKHl2CjWz0Q5dBoyvPiaftKCH35g5PyORETprTt4wM21tvIuGP8xcAY5cg3+9mO8zP4gOkiRSVwgAAAA==[0m[Pipeline] withEnv
[8mha:////4EWX1E3Jdg5a5MKwDR4S4rsV8nw0R3XcpSg8HRbncwQQAAAApx+LCAAAAAAAAP9tjTEOwjAUQ3+LOrAycoh0QgIhpq5RFk4QmhDSRv+Xn5R24kRcjTvQUokJD5ZtyXqvNxSR4UTsRGOx9RhrL7rQuymJgbi9BhpEQxdRE0YKVig7KDK2WqqiZGFRlsNKwtpiHSh6dAk2stEPXQaNrjwnnrajhNybOzwhkxM5aU7fMjJsb72JhD/OXwCMXYJ8t5/tMD+LD0XdaX3CAAAA[0m[Pipeline] {
[8mha:////4MNTadrVDmTb4qCbr6GM37nXOAMd8BOPm+pohFSQgXcGAAAApR+LCAAAAAAAAP9tjTEOwjAQBC9BFLSUPOJCAxJCqWgtN7zAJMY4se6C7eBUvIiv8QcsIlGxxWpnm3m9YRk81OwNdpp6S6GxOLjR5IWJfX91nLDjCzZMgZ1GqZPkVp9mlBw1zClKWAhYaWocB0smwlp06qEqp8hU5+jzdxRQ2vYOTyhENkfl4xcmD5vb2Aamn+evAKYhQrk75Npvhw8/Nre1vgAAAA==[0m[Pipeline] sh
+ mvn -Dmaven.test.failure.ignore=true clean package
[INFO] Scanning for projects...
[INFO] 
[INFO] ---------------------< com.kibernumacademy:devops >---------------------
[INFO] Building devops 0.0.1-SNAPSHOT
[INFO]   from pom.xml
[INFO] --------------------------------[ jar ]---------------------------------
Downloading from central: https://repo.maven.apache.org/maven2/org/yaml/snakeyaml/maven-metadata.xml
Progress (1): 1.2 kB                    Downloaded from central: https://repo.maven.apache.org/maven2/org/yaml/snakeyaml/maven-metadata.xml (1.2 kB at 2.0 kB/s)
[INFO] 
[INFO] --- clean:3.2.0:clean (default-clean) @ devops ---
[INFO] Deleting /var/jenkins_home/workspace/proyectoFinal3/target
[INFO] 
[INFO] --- resources:3.3.1:resources (default-resources) @ devops ---
[INFO] Copying 1 resource from src/main/resources to target/classes
[INFO] Copying 5 resources from src/main/resources to target/classes
[INFO] 
[INFO] --- compiler:3.10.1:compile (default-compile) @ devops ---
[INFO] Changes detected - recompiling the module!
[INFO] Compiling 6 source files to /var/jenkins_home/workspace/proyectoFinal3/target/classes
[INFO] 
[INFO] --- resources:3.3.1:testResources (default-testResources) @ devops ---
[INFO] skip non existing resourceDirectory /var/jenkins_home/workspace/proyectoFinal3/src/test/resources
[INFO] 
[INFO] --- compiler:3.10.1:testCompile (default-testCompile) @ devops ---
[INFO] Changes detected - recompiling the module!
[INFO] Compiling 3 source files to /var/jenkins_home/workspace/proyectoFinal3/target/test-classes
[INFO] 
[INFO] --- surefire:2.22.2:test (default-test) @ devops ---
[INFO] 
[INFO] -------------------------------------------------------
[INFO]  T E S T S
[INFO] -------------------------------------------------------
[INFO] Running com.kibernumacademy.devops.services.StudentServiceImplTest
[INFO] Tests run: 3, Failures: 0, Errors: 0, Skipped: 0, Time elapsed: 1.162 s - in com.kibernumacademy.devops.services.StudentServiceImplTest
[INFO] Running com.kibernumacademy.devops.entitys.StudentTest
[INFO] Tests run: 3, Failures: 0, Errors: 0, Skipped: 0, Time elapsed: 0.001 s - in com.kibernumacademy.devops.entitys.StudentTest
[INFO] Running com.kibernumacademy.devops.DevopsApplicationTests
01:40:53.876 [main] DEBUG org.springframework.boot.test.context.SpringBootTestContextBootstrapper -- Neither @ContextConfiguration nor @ContextHierarchy found for test class [DevopsApplicationTests]: using SpringBootContextLoader
01:40:53.886 [main] DEBUG org.springframework.test.context.support.AbstractContextLoader -- Could not detect default resource locations for test class [com.kibernumacademy.devops.DevopsApplicationTests]: no resource found for suffixes {-context.xml, Context.groovy}.
01:40:53.888 [main] INFO org.springframework.test.context.support.AnnotationConfigContextLoaderUtils -- Could not detect default configuration classes for test class [com.kibernumacademy.devops.DevopsApplicationTests]: DevopsApplicationTests does not declare any static, non-private, non-final, nested classes annotated with @Configuration.
01:40:53.960 [main] DEBUG org.springframework.boot.test.context.SpringBootTestContextBootstrapper -- Using ContextCustomizers for test class [DevopsApplicationTests]: [ExcludeFilterContextCustomizer, DuplicateJsonObjectContextCustomizer, MockitoContextCustomizer, TestRestTemplateContextCustomizer, DisableObservabilityContextCustomizer, PropertyMappingContextCustomizer, Customizer]
01:40:54.112 [main] DEBUG org.springframework.context.annotation.ClassPathScanningCandidateComponentProvider -- Identified candidate component class: file [/var/jenkins_home/workspace/proyectoFinal3/target/classes/com/kibernumacademy/devops/DevopsApplication.class]
01:40:54.115 [main] INFO org.springframework.boot.test.context.SpringBootTestContextBootstrapper -- Found @SpringBootConfiguration com.kibernumacademy.devops.DevopsApplication for test class com.kibernumacademy.devops.DevopsApplicationTests
01:40:54.325 [main] DEBUG org.springframework.boot.test.context.SpringBootTestContextBootstrapper -- Using TestExecutionListeners for test class [DevopsApplicationTests]: [ServletTestExecutionListener, DirtiesContextBeforeModesTestExecutionListener, ApplicationEventsTestExecutionListener, MockitoTestExecutionListener, DependencyInjectionTestExecutionListener, DirtiesContextTestExecutionListener, TransactionalTestExecutionListener, SqlScriptsTestExecutionListener, EventPublishingTestExecutionListener, ResetMocksTestExecutionListener, RestDocsTestExecutionListener, MockRestServiceServerResetTestExecutionListener, MockMvcPrintOnlyOnFailureTestExecutionListener, WebDriverTestExecutionListener, MockWebServiceServerTestExecutionListener]
01:40:54.327 [main] DEBUG org.springframework.test.context.support.AbstractDirtiesContextTestExecutionListener -- Before test class: class [DevopsApplicationTests], class annotated with @DirtiesContext [false] with mode [null]

  .   ____          _            __ _ _
 /\\ / ___'_ __ _ _(_)_ __  __ _ \ \ \ \
( ( )\___ | '_ | '_| | '_ \/ _` | \ \ \ \
 \\/  ___)| |_)| | | | | || (_| |  ) ) ) )
  '  |____| .__|_| |_|_| |_\__, | / / / /
 =========|_|==============|___/=/_/_/_/
 :: Spring Boot ::                (v3.0.6)

2023-07-26T01:40:54.924Z  INFO 6036 --- [           main] c.k.devops.DevopsApplicationTests        : Starting DevopsApplicationTests using Java 17.0.7 with PID 6036 (started by root in /var/jenkins_home/workspace/proyectoFinal3)
2023-07-26T01:40:54.928Z  INFO 6036 --- [           main] c.k.devops.DevopsApplicationTests        : No active profile set, falling back to 1 default profile: "default"
2023-07-26T01:40:56.214Z  INFO 6036 --- [           main] .s.d.r.c.RepositoryConfigurationDelegate : Bootstrapping Spring Data JPA repositories in DEFAULT mode.
2023-07-26T01:40:56.340Z  INFO 6036 --- [           main] .s.d.r.c.RepositoryConfigurationDelegate : Finished Spring Data repository scanning in 105 ms. Found 1 JPA repository interfaces.
2023-07-26T01:40:57.414Z  INFO 6036 --- [           main] com.zaxxer.hikari.HikariDataSource       : HikariPool-1 - Starting...
2023-07-26T01:40:57.981Z  INFO 6036 --- [           main] com.zaxxer.hikari.pool.HikariPool        : HikariPool-1 - Added connection conn0: url=jdbc:h2:mem:b8a6659c-4d74-4181-b06d-98695a99c785 user=SA
2023-07-26T01:40:57.985Z  INFO 6036 --- [           main] com.zaxxer.hikari.HikariDataSource       : HikariPool-1 - Start completed.
2023-07-26T01:40:58.082Z  INFO 6036 --- [           main] o.hibernate.jpa.internal.util.LogHelper  : HHH000204: Processing PersistenceUnitInfo [name: default]
2023-07-26T01:40:58.195Z  INFO 6036 --- [           main] org.hibernate.Version                    : HHH000412: Hibernate ORM core version 6.1.7.Final
2023-07-26T01:40:58.553Z  INFO 6036 --- [           main] SQL dialect                              : HHH000400: Using dialect: org.hibernate.dialect.H2Dialect
2023-07-26T01:40:59.634Z  INFO 6036 --- [           main] o.h.e.t.j.p.i.JtaPlatformInitiator       : HHH000490: Using JtaPlatform implementation: [org.hibernate.engine.transaction.jta.platform.internal.NoJtaPlatform]
2023-07-26T01:40:59.651Z  INFO 6036 --- [           main] j.LocalContainerEntityManagerFactoryBean : Initialized JPA EntityManagerFactory for persistence unit 'default'
2023-07-26T01:41:00.426Z  WARN 6036 --- [           main] JpaBaseConfiguration$JpaWebConfiguration : spring.jpa.open-in-view is enabled by default. Therefore, database queries may be performed during view rendering. Explicitly configure spring.jpa.open-in-view to disable this warning
2023-07-26T01:41:01.209Z  INFO 6036 --- [           main] o.s.b.a.h2.H2ConsoleAutoConfiguration    : H2 console available at '/h2-console'. Database available at 'jdbc:h2:mem:b8a6659c-4d74-4181-b06d-98695a99c785'
2023-07-26T01:41:01.580Z  INFO 6036 --- [           main] o.s.s.web.DefaultSecurityFilterChain     : Will secure any request with [org.springframework.security.web.session.DisableEncodeUrlFilter@71e55e48, org.springframework.security.web.context.request.async.WebAsyncManagerIntegrationFilter@36696821, org.springframework.security.web.context.SecurityContextHolderFilter@20d92f1e, org.springframework.security.web.header.HeaderWriterFilter@16a15261, org.springframework.security.web.csrf.CsrfFilter@1c41931a, org.springframework.security.web.authentication.logout.LogoutFilter@4c9bed65, org.springframework.security.web.authentication.UsernamePasswordAuthenticationFilter@8eeb4c5, org.springframework.security.web.authentication.ui.DefaultLoginPageGeneratingFilter@6c167296, org.springframework.security.web.authentication.ui.DefaultLogoutPageGeneratingFilter@5f01361e, org.springframework.security.web.authentication.www.BasicAuthenticationFilter@51d2d336, org.springframework.security.web.savedrequest.RequestCacheAwareFilter@68cc6319, org.springframework.security.web.servletapi.SecurityContextHolderAwareRequestFilter@59700156, org.springframework.security.web.authentication.AnonymousAuthenticationFilter@769a9b7a, org.springframework.security.web.access.ExceptionTranslationFilter@5b160208, org.springframework.security.web.access.intercept.AuthorizationFilter@20505460]
2023-07-26T01:41:01.710Z  INFO 6036 --- [           main] c.k.devops.DevopsApplicationTests        : Started DevopsApplicationTests in 7.302 seconds (process running for 10.472)
[INFO] Tests run: 1, Failures: 0, Errors: 0, Skipped: 0, Time elapsed: 8.31 s - in com.kibernumacademy.devops.DevopsApplicationTests
2023-07-26T01:41:01.922Z  INFO 6036 --- [ionShutdownHook] j.LocalContainerEntityManagerFactoryBean : Closing JPA EntityManagerFactory for persistence unit 'default'
2023-07-26T01:41:01.924Z  INFO 6036 --- [ionShutdownHook] .SchemaDropperImpl$DelayedDropActionImpl : HHH000477: Starting delayed evictData of schema as part of SessionFactory shut-down'
2023-07-26T01:41:01.934Z  INFO 6036 --- [ionShutdownHook] com.zaxxer.hikari.HikariDataSource       : HikariPool-1 - Shutdown initiated...
2023-07-26T01:41:01.941Z  INFO 6036 --- [ionShutdownHook] com.zaxxer.hikari.HikariDataSource       : HikariPool-1 - Shutdown completed.
[INFO] 
[INFO] Results:
[INFO] 
[INFO] Tests run: 7, Failures: 0, Errors: 0, Skipped: 0
[INFO] 
[INFO] 
[INFO] --- jar:3.3.0:jar (default-jar) @ devops ---
[INFO] Building jar: /var/jenkins_home/workspace/proyectoFinal3/target/simple-springmvc-docker.jar
[INFO] 
[INFO] --- spring-boot:3.0.6:repackage (repackage) @ devops ---
[INFO] Replacing main artifact with repackaged archive
[INFO] ------------------------------------------------------------------------
[INFO] BUILD SUCCESS
[INFO] ------------------------------------------------------------------------
[INFO] Total time:  20.361 s
[INFO] Finished at: 2023-07-26T01:41:04Z
[INFO] ------------------------------------------------------------------------
[8mha:////4OGgGiF/yEf4i3USvUe+YpExATIS/KRUpIt4TL77lipnAAAAph+LCAAAAAAAAP9tjTEOwjAQBC9BFLSUPOIiCpAQSkVrueEFJjHGiXUXbAen4kV8jT9gEYmKLVY728zrDcvgoWZvsNPUWwqNxcGNJi9M7Pur44QdX7BhCuw0Sp0kt/o0o+SoYU5RwkLASlPjOFgyEdaiUw9VOUWmOkefv6OA0rZ3eEIhsjkqH78wedjcxjYw/Tx/BTANQ4Ryv821O3wAMjehBb4AAAA=[0m[Pipeline] }
[8mha:////4F4kyHmk8+3lLbPQBkmbVlS9nBb5apiC+XpH7UgoAWo3AAAAph+LCAAAAAAAAP9tjTEOwjAQBC9BFLSUPOIiIYGQUCpayw0vMIkxTqy7YDs4FS/ia/wBi0hUbLHa2WZeb1gGDzV7g52m3lJoLA5uNHlhYt9fHSfs+IINU2CnUeokudWnGSVHDXOKEhYCVpoax8GSibAWnXqoyiky1Tn6/B0FlLa9wxMKkc1R+fiFycPmNraB6ef5K4BpGCKU+22u3eEDCnUy9L4AAAA=[0m[Pipeline] // withEnv
[8mha:////4OzPlKnjCoTq0Ufr3g3gC8eSQLi1mIPdV+EFBOv3MbEqAAAApR+LCAAAAAAAAP9tjTEOwjAQBC9BFLSUPOJSRNAgqrRWGl5gYmOcWHfGdkgqXsTX+AMWkajYYrWzzbzesI4BThwM9poGS7Gz6N1o8sKJw3B1PGHPF+yYIjuNrZ5aVrpZsOWkYUlRwkrARlPnOFoyCbailw9ZOUmmOqeQv6OA0qo7PKEQ2ZxkSF+YA+xuo4pMP89fAczeJygPda59/QEnf7yovgAAAA==[0m[Pipeline] }
[8mha:////4GFLOtbR96cQLig2tPC6Irlihqvu5/mtZPmZX4EBCB8YAAAApR+LCAAAAAAAAP9tjTEOwjAQBC9BFLSUPOIiIaBBqWgtN7zAJMY4se6C7eBUvIiv8QcsIlGxxWpnm3m9YRk81OwNdpp6S6GxOLjR5IWJfX91nLDjCzZMgZ1GqZPkVp9mlBw1zClKWAhYaWocB0smwlp06qEqp8hU5+jzdxRQ2vYOTyhENkfl4xcmD5vb2Aamn+evAKZhiFAedrn22w8Jf77CvgAAAA==[0m[Pipeline] // stage
[8mha:////4ItBYChIN9wnjvThvnDGn1Np2U0o9mDYqGocA5WmHrp4AAAAqB+LCAAAAAAAAP9tjTEOwjAUQ3+LOrAycohUAsGCOrFGXThBaEJIGv1fkpR04kRcjTsQqMSEB8u2ZL3nC6rgoSGvmVXYGwydYYMbdU4ske8vjhKzdGYdYSCnWKtSS1Id59pSVDCrKGHBYamwcxQM6ggrbsVd1E6grk/R5+3AoTTyBg8oeCZH4eO3TB7W11EGwh/nLwCmIUK52Wbb7z7P6g1oafpswgAAAA==[0m[Pipeline] stage
[8mha:////4KgPxXWJM11YG+oAZb6Cm8u48zUrYrgoWiHNP4oMJopFAAAAph+LCAAAAAAAAP9tjTEOwjAUQ3+DOrAycoh0ogtiYo26cILQhJA0+r9NUtKJE3E17kBLJSY8WLYl673eUMYAJwqGO42dxdha3vvRzIlnCt3NU+aOrrwljOQ1b3RuSOnzWhtKGlYVDDYCthpbT9GiSbATTj5k5SWa6pLCvB0FMKsGeEIhZnKSIX3LFGB/H1Uk/HH+AmDqE7D6sFi9PMsP+urdAcIAAAA=[0m[Pipeline] { (test maven)
[8mha:////4FOkpTb21VFVGY1k/E/dRmTOz2IEqdF9RKiBCLxnsEh7AAAAox+LCAAAAAAAAP9tjTESwiAURH/iWNhaegjSxcKxsmVoPAEmiBDmfwJEUnkir+YdRDNj5RY7+7Z5zxesY4AjBc2swsFg7AzzbtJlsUxhuDrKzNKFdYSRnGJCZUG9Oi0oKClYUtWw4rBR2DmKBnWCLbfyLhsnUTfnFMp34FCbfoQHVLyYkwzpC3OA3W3qI+HP81cAs09Qt+2n9v4N8tcxgr4AAAA=[0m[Pipeline] tool
[8mha:////4GL+wR8f8QV1FkQZdi+PzFTLtKjIn8vuD0mvsvhHLaYNAAAApB+LCAAAAAAAAP9tjbEOwiAURV9rHFwd/Qi6NSbGyZWw+AXYIkLJexSodPKL/DX/QbSJk3e4uecu5/mCdQxwpKCZVTgYjJ1h3k26LJYpDFdHmVm6sI4wklNMqCyoV6cFBSUFS6oaVhw2CjtH0aBOsOVW3mXjJOrmnEL5Dhxq04/wgIoXc5IhfWEOsLtNfST8ef4KYPYJ6rb91N6/AT3LqQW+AAAA[0m[Pipeline] envVarsForTool
[8mha:////4L889EowtYEHMLT0vMqquJuNyfxA0Gco6yCLCAwDuXJ4AAAApB+LCAAAAAAAAP9tjbEOwiAURV9rHFwd/Qi6NTHGyZWw+AXYIkLJexSodPKL/DX/QbSJk3e4uecu5/mCdQxwpKCZVTgYjJ1h3k26LJYpDFdHmVm6sI4wklNMqCyoV6cFBSUFS6oaVhw2CjtH0aBOsOVW3mXjJOrmnEL5Dhxq04/wgIoXc5IhfWEOsLtNfST8ef4KYPYJ6rb91N6/AXz6shy+AAAA[0m[Pipeline] tool
[8mha:////4HCxgF+W/McQvMv0vaUu5UzQqsCmkvoZHssivm/uLbI1AAAApB+LCAAAAAAAAP9tjTEOwjAQBC9BFLSUPMKhCgWiSmul4QUmPowT687YDknFi/gaf8AiEhVbrHa2mdcb1jHAiYMRPdJgKXZWeDeavMTEYbg6nkTPF9ExRXYoWpxa1tgs2HJCWFKUsJKwQeocR0smwVb26qEqp8hU5xTyd5RQWn2HJxQym5MK6QtzgN1t1JHp5/krgNknKOs612HvPwIrssy+AAAA[0m[Pipeline] envVarsForTool
[8mha:////4B1puZFShF0pO5WYgx8bczX262xboGwW/GwmnfgYBG41AAAAqB+LCAAAAAAAAP9tjTEOwjAUQ3+LOrAycohULGVATF2jLJwgJCGkjf4vSUo7cSKuxh0IVGLCg2Vbst7zBVUMcKRgWWewdxiVY4MfbU5sotBfPE2sozNThJG8YcJMgrRplyooGVhUlLDisDaoPEWHNsGGd/Iuay/R1qcU8nbgUDp9gwcUPJOTDOlb5gDb66gj4Y/zFwDzkKBsmmz73edZvQH3t00jwgAAAA==[0m[Pipeline] withEnv
[8mha:////4AAKJdl9MJjSx98KgdtZBVPOGdPAfHtBiulxrFUmMvQgAAAApx+LCAAAAAAAAP9tjTEOwjAUQ3+LOrAycohUsDAgpq5RFk4QmhDSRv+Xn5R24kRcjTvQUokJD5ZtyXqvNxSR4UTsRGOx9RhrL7rQuymJgbi9BhpEQxdRE0YKVig7KDK2WqqiZGFRlsNKwtpiHSh6dAk2stEPXQaNrjwnnrajhNybOzwhkxM5aU7fMjJsb72JhD/OXwCMXYL8sJttPz+LD7WcRxfCAAAA[0m[Pipeline] {
[8mha:////4CLSuOSMwC9DEULYboJcM9ZlnTFB+NbDIahPfxSbKV6YAAAApR+LCAAAAAAAAP9tjTEOwjAQBC9BFLSUPOIiQUGBqNJabniBiY1xYt0Z2yGpeBFf4w8EIlGxxWpnm3m+YJkiHDlabA11jlLjMPjeTgsHjt3F84Atn7FhSuwNSjNI1qaeUXI2MKcoYSFgZajxnBzZDGvRqruqvCJbnXKcvoOA0ukbPKAQkzmrmL8wRthce52Yfp6/AhhDhnK//dQuvAFMXHrfvgAAAA==[0m[Pipeline] sh
+ mvn test
[INFO] Scanning for projects...
[INFO] 
[INFO] ---------------------< com.kibernumacademy:devops >---------------------
[INFO] Building devops 0.0.1-SNAPSHOT
[INFO]   from pom.xml
[INFO] --------------------------------[ jar ]---------------------------------
[INFO] 
[INFO] --- resources:3.3.1:resources (default-resources) @ devops ---
[INFO] Copying 1 resource from src/main/resources to target/classes
[INFO] Copying 5 resources from src/main/resources to target/classes
[INFO] 
[INFO] --- compiler:3.10.1:compile (default-compile) @ devops ---
[INFO] Nothing to compile - all classes are up to date
[INFO] 
[INFO] --- resources:3.3.1:testResources (default-testResources) @ devops ---
[INFO] skip non existing resourceDirectory /var/jenkins_home/workspace/proyectoFinal3/src/test/resources
[INFO] 
[INFO] --- compiler:3.10.1:testCompile (default-testCompile) @ devops ---
[INFO] Nothing to compile - all classes are up to date
[INFO] 
[INFO] --- surefire:2.22.2:test (default-test) @ devops ---
[INFO] 
[INFO] -------------------------------------------------------
[INFO]  T E S T S
[INFO] -------------------------------------------------------
[INFO] Running com.kibernumacademy.devops.services.StudentServiceImplTest
[INFO] Tests run: 3, Failures: 0, Errors: 0, Skipped: 0, Time elapsed: 0.954 s - in com.kibernumacademy.devops.services.StudentServiceImplTest
[INFO] Running com.kibernumacademy.devops.entitys.StudentTest
[INFO] Tests run: 3, Failures: 0, Errors: 0, Skipped: 0, Time elapsed: 0.007 s - in com.kibernumacademy.devops.entitys.StudentTest
[INFO] Running com.kibernumacademy.devops.DevopsApplicationTests
01:41:12.276 [main] DEBUG org.springframework.boot.test.context.SpringBootTestContextBootstrapper -- Neither @ContextConfiguration nor @ContextHierarchy found for test class [DevopsApplicationTests]: using SpringBootContextLoader
01:41:12.287 [main] DEBUG org.springframework.test.context.support.AbstractContextLoader -- Could not detect default resource locations for test class [com.kibernumacademy.devops.DevopsApplicationTests]: no resource found for suffixes {-context.xml, Context.groovy}.
01:41:12.288 [main] INFO org.springframework.test.context.support.AnnotationConfigContextLoaderUtils -- Could not detect default configuration classes for test class [com.kibernumacademy.devops.DevopsApplicationTests]: DevopsApplicationTests does not declare any static, non-private, non-final, nested classes annotated with @Configuration.
01:41:12.334 [main] DEBUG org.springframework.boot.test.context.SpringBootTestContextBootstrapper -- Using ContextCustomizers for test class [DevopsApplicationTests]: [ExcludeFilterContextCustomizer, DuplicateJsonObjectContextCustomizer, MockitoContextCustomizer, TestRestTemplateContextCustomizer, DisableObservabilityContextCustomizer, PropertyMappingContextCustomizer, Customizer]
01:41:12.461 [main] DEBUG org.springframework.context.annotation.ClassPathScanningCandidateComponentProvider -- Identified candidate component class: file [/var/jenkins_home/workspace/proyectoFinal3/target/classes/com/kibernumacademy/devops/DevopsApplication.class]
01:41:12.464 [main] INFO org.springframework.boot.test.context.SpringBootTestContextBootstrapper -- Found @SpringBootConfiguration com.kibernumacademy.devops.DevopsApplication for test class com.kibernumacademy.devops.DevopsApplicationTests
01:41:12.627 [main] DEBUG org.springframework.boot.test.context.SpringBootTestContextBootstrapper -- Using TestExecutionListeners for test class [DevopsApplicationTests]: [ServletTestExecutionListener, DirtiesContextBeforeModesTestExecutionListener, ApplicationEventsTestExecutionListener, MockitoTestExecutionListener, DependencyInjectionTestExecutionListener, DirtiesContextTestExecutionListener, TransactionalTestExecutionListener, SqlScriptsTestExecutionListener, EventPublishingTestExecutionListener, ResetMocksTestExecutionListener, RestDocsTestExecutionListener, MockRestServiceServerResetTestExecutionListener, MockMvcPrintOnlyOnFailureTestExecutionListener, WebDriverTestExecutionListener, MockWebServiceServerTestExecutionListener]
01:41:12.629 [main] DEBUG org.springframework.test.context.support.AbstractDirtiesContextTestExecutionListener -- Before test class: class [DevopsApplicationTests], class annotated with @DirtiesContext [false] with mode [null]

  .   ____          _            __ _ _
 /\\ / ___'_ __ _ _(_)_ __  __ _ \ \ \ \
( ( )\___ | '_ | '_| | '_ \/ _` | \ \ \ \
 \\/  ___)| |_)| | | | | || (_| |  ) ) ) )
  '  |____| .__|_| |_|_| |_\__, | / / / /
 =========|_|==============|___/=/_/_/_/
 :: Spring Boot ::                (v3.0.6)

2023-07-26T01:41:13.119Z  INFO 6165 --- [           main] c.k.devops.DevopsApplicationTests        : Starting DevopsApplicationTests using Java 17.0.7 with PID 6165 (started by root in /var/jenkins_home/workspace/proyectoFinal3)
2023-07-26T01:41:13.121Z  INFO 6165 --- [           main] c.k.devops.DevopsApplicationTests        : No active profile set, falling back to 1 default profile: "default"
2023-07-26T01:41:14.199Z  INFO 6165 --- [           main] .s.d.r.c.RepositoryConfigurationDelegate : Bootstrapping Spring Data JPA repositories in DEFAULT mode.
2023-07-26T01:41:14.329Z  INFO 6165 --- [           main] .s.d.r.c.RepositoryConfigurationDelegate : Finished Spring Data repository scanning in 115 ms. Found 1 JPA repository interfaces.
2023-07-26T01:41:15.178Z  INFO 6165 --- [           main] com.zaxxer.hikari.HikariDataSource       : HikariPool-1 - Starting...
2023-07-26T01:41:15.578Z  INFO 6165 --- [           main] com.zaxxer.hikari.pool.HikariPool        : HikariPool-1 - Added connection conn0: url=jdbc:h2:mem:acb8ed71-af6f-4aff-991b-0bdd8feb268a user=SA
2023-07-26T01:41:15.584Z  INFO 6165 --- [           main] com.zaxxer.hikari.HikariDataSource       : HikariPool-1 - Start completed.
2023-07-26T01:41:15.670Z  INFO 6165 --- [           main] o.hibernate.jpa.internal.util.LogHelper  : HHH000204: Processing PersistenceUnitInfo [name: default]
2023-07-26T01:41:15.754Z  INFO 6165 --- [           main] org.hibernate.Version                    : HHH000412: Hibernate ORM core version 6.1.7.Final
2023-07-26T01:41:16.113Z  INFO 6165 --- [           main] SQL dialect                              : HHH000400: Using dialect: org.hibernate.dialect.H2Dialect
2023-07-26T01:41:17.103Z  INFO 6165 --- [           main] o.h.e.t.j.p.i.JtaPlatformInitiator       : HHH000490: Using JtaPlatform implementation: [org.hibernate.engine.transaction.jta.platform.internal.NoJtaPlatform]
2023-07-26T01:41:17.116Z  INFO 6165 --- [           main] j.LocalContainerEntityManagerFactoryBean : Initialized JPA EntityManagerFactory for persistence unit 'default'
2023-07-26T01:41:17.696Z  WARN 6165 --- [           main] JpaBaseConfiguration$JpaWebConfiguration : spring.jpa.open-in-view is enabled by default. Therefore, database queries may be performed during view rendering. Explicitly configure spring.jpa.open-in-view to disable this warning
2023-07-26T01:41:18.352Z  INFO 6165 --- [           main] o.s.b.a.h2.H2ConsoleAutoConfiguration    : H2 console available at '/h2-console'. Database available at 'jdbc:h2:mem:acb8ed71-af6f-4aff-991b-0bdd8feb268a'
2023-07-26T01:41:18.697Z  INFO 6165 --- [           main] o.s.s.web.DefaultSecurityFilterChain     : Will secure any request with [org.springframework.security.web.session.DisableEncodeUrlFilter@39921410, org.springframework.security.web.context.request.async.WebAsyncManagerIntegrationFilter@71e55e48, org.springframework.security.web.context.SecurityContextHolderFilter@5d8112e6, org.springframework.security.web.header.HeaderWriterFilter@237bdbcb, org.springframework.security.web.csrf.CsrfFilter@278cbf5a, org.springframework.security.web.authentication.logout.LogoutFilter@2b06c388, org.springframework.security.web.authentication.UsernamePasswordAuthenticationFilter@20505460, org.springframework.security.web.authentication.ui.DefaultLoginPageGeneratingFilter@3d9cba2, org.springframework.security.web.authentication.ui.DefaultLogoutPageGeneratingFilter@36696821, org.springframework.security.web.authentication.www.BasicAuthenticationFilter@112b3298, org.springframework.security.web.savedrequest.RequestCacheAwareFilter@3cf7433e, org.springframework.security.web.servletapi.SecurityContextHolderAwareRequestFilter@522f74a1, org.springframework.security.web.authentication.AnonymousAuthenticationFilter@5f01361e, org.springframework.security.web.access.ExceptionTranslationFilter@1443539, org.springframework.security.web.access.intercept.AuthorizationFilter@2267b0bb]
2023-07-26T01:41:18.786Z  INFO 6165 --- [           main] c.k.devops.DevopsApplicationTests        : Started DevopsApplicationTests in 6.1 seconds (process running for 8.702)
[INFO] Tests run: 1, Failures: 0, Errors: 0, Skipped: 0, Time elapsed: 6.973 s - in com.kibernumacademy.devops.DevopsApplicationTests
2023-07-26T01:41:19.002Z  INFO 6165 --- [ionShutdownHook] j.LocalContainerEntityManagerFactoryBean : Closing JPA EntityManagerFactory for persistence unit 'default'
2023-07-26T01:41:19.004Z  INFO 6165 --- [ionShutdownHook] .SchemaDropperImpl$DelayedDropActionImpl : HHH000477: Starting delayed evictData of schema as part of SessionFactory shut-down'
2023-07-26T01:41:19.010Z  INFO 6165 --- [ionShutdownHook] com.zaxxer.hikari.HikariDataSource       : HikariPool-1 - Shutdown initiated...
2023-07-26T01:41:19.016Z  INFO 6165 --- [ionShutdownHook] com.zaxxer.hikari.HikariDataSource       : HikariPool-1 - Shutdown completed.
[INFO] 
[INFO] Results:
[INFO] 
[INFO] Tests run: 7, Failures: 0, Errors: 0, Skipped: 0
[INFO] 
[INFO] ------------------------------------------------------------------------
[INFO] BUILD SUCCESS
[INFO] ------------------------------------------------------------------------
[INFO] Total time:  11.906 s
[INFO] Finished at: 2023-07-26T01:41:19Z
[INFO] ------------------------------------------------------------------------
Post stage
[8mha:////4DBzxaQYuz4Pj3StKMi7rXgK0mlbiBFaxVCMlxpolCgeAAAApR+LCAAAAAAAAP9tjTEOwjAQBC9BFLSUPOIiISQKRJXWcsMLTGyME+vO2A5JxYv4Gn8gEImKLVY728zzBcsU4cjRYmuoc5Qah8H3dlo4cOwungds+YwNU2JvUJpBsjb1jJKzgTlFCQsBK0ON5+TIZliLVt1V5RXZ6pTj9B0ElE7f4AGFmMxZxfyFMcLm2uvE9PP8FcAYMpT77ad24Q2LyjuQvgAAAA==[0m[Pipeline] echo
Archivar artefactos
[8mha:////4A3VXj9UWHT9V+8WGeq/lYhrntWDQUt7jcPB9EJvS1BxAAAApR+LCAAAAAAAAP9tjTEOwjAQBC9BFLSUPOIiISEKRJXWcsMLTGyME+vO2A5JxYv4Gn8gEImKLVY728zzBcsU4cjRYmuoc5Qah8H3dlo4cOwungds+YwNU2JvUJpBsjb1jJKzgTlFCQsBK0ON5+TIZliLVt1V5RXZ6pTj9B0ElE7f4AGFmMxZxfyFMcLm2uvE9PP8FcAYMpT77ad24Q3K+yCJvgAAAA==[0m[Pipeline] archiveArtifacts
Archiving artifacts
[8mha:////4LpFuzDETOJDwcUgTb/fhoe3lX05iOWZeTPiUBjVpiocAAAApR+LCAAAAAAAAP9tjTEOwjAQBC9BFLSUPOIiUUCBqNJabniBiY1xYt0Z2yGpeBFf4w8EIlGxxWpnm3m+YJkiHDlabA11jlLjMPjeTgsHjt3F84Atn7FhSuwNSjNI1qaeUXI2MKcoYSFgZajxnBzZDGvRqruqvCJbnXKcvoOA0ukbPKAQkzmrmL8wRthce52Yfp6/AhhDyFDud5/avgE0tzcbvgAAAA==[0m[Pipeline] }
[8mha:////4Ip6thYDeY8Uocu+IjCWsJkFjE86q6E4K3qIDXTxqVrRAAAApB+LCAAAAAAAAP9tjTEOwjAQBC9BFLSUPOIiqhSIitZKwwtMYowd686xHZyKF/E1/kAgEhVbrHa2mecL1jHAkYNGq6g3FFuD3o16Xpg59FfHGS1fsGWK7BQ2KjfcqdOCDScFS4oSVgI2ilrH0ZBOsBVW3mXlJOnqnML8HQSUphvgAYWYzUmG9IUpwO42dpHp5/krgMn7BGVdf2r/Bis1Ykm+AAAA[0m[Pipeline] // withEnv
[8mha:////4Bklx4WOzeUv/XACWF+h2/Vq4dP91svBSmcGW6mvllzVAAAApB+LCAAAAAAAAP9tjTEOwjAQBC9BFLSUPOLSBSREldZKwwtMbIwT687YDknFi/gaf8AiEhVbrHa2mdcb1jHAiYPBXtNgKXYWvRtNXjhxGK6OJ+z5gh1TZKex1VPLSjcLtpw0LClKWAnYaOocR0smwVb08iErJ8lU5xTydxRQWnWHJxQim5MM6QtzgN1tVJHp5/krgNn7BOX+kKuuPxwjSz++AAAA[0m[Pipeline] }
[8mha:////4HMrkVyH/iKZ7HGIM+QOlNVm80APFkRgxuKMImSewR5EAAAApR+LCAAAAAAAAP9tjTEOwjAQBC9BFLSUPOJSAUIoFa3lhheYxBgn1l2wHZyKF/E1/oBFJCq2WO1sM683LIOHmr3BTlNvKTQWBzeavDCx76+OE3Z8wYYpsNModZLc6tOMkqOGOUUJCwErTY3jYMlEWItOPVTlFJnqHH3+jgJK297hCYXI5qh8/MLkYXMb28D08/wVwDQMEcr9Iddu+wEDoR5tvgAAAA==[0m[Pipeline] // stage
[8mha:////4BP6YAr6+gR7SqLZaHw24AeBKpiLRdwPQ8d31OpTY7/WAAAAqB+LCAAAAAAAAP9tjTEOwjAUQ3+LOrAycogUwYKEOrFGXThBaEJIGv1fkpR04kRcjTsQqMSEB8u2ZL3nC6rgoSGvmVXYGwydYYMbdU4ske8vjhKzdGYdYSCnWKtSS1Id59pSVDCrKGHBYamwcxQM6ggrbsVd1E6grk/R5+3AoTTyBg8oeCZH4eO3TB7W11EGwh/nLwCmIUK53WXbbz7P6g2GgwhswgAAAA==[0m[Pipeline] stage
[8mha:////4C25Y2C780Gob49V2Ad4D9QVMuTicxyKnzSnAcMWft8DAAAApx+LCAAAAAAAAP9tjTEOwjAUQ3+LOrAycogUNiTE1DXKwglCE0La6P/yk9JOnIircQdaKjHhwbItWe/1hiIynIidaCy2HmPtRRd6NyUxELfXQINo6CJqwkjBCmUHRcZWS1WULCzKclhJWFusA0WPLsFGNvqhy6DRlefE03aUkHtzhydkciInzelbRobtrTeR8Mf5C4CxS5AfdrPt52fxAUPegdTCAAAA[0m[Pipeline] { (Upload Artifact)
[8mha:////4FgVigxhul72sBnS2GJyfb+txW1PzuMcV7V+HGTytg7nAAAApB+LCAAAAAAAAP9tjTEOwjAQBC9BFLSUPOIiqJAQVVrLDS8wsTFOrDtjOyQVL+Jr/IFAJCq2WO1sM88XLFOEI0eLraHOUWocBt/baeHAsbt4HrDlMzZMib1BaQbJ2tQzSs4G5hQlLASsDDWekyObYS1adVeVV2SrU47TdxBQOn2DBxRiMmcV8xfGCJtrrxPTz/NXAGPIUO63n9qFNwEi9SW+AAAA[0m[Pipeline] tool
[8mha:////4BeUuTUzLLAywO6Ft6u41i55rlbk9eoc+A0MM9gTuTkcAAAApR+LCAAAAAAAAP9tjTEOwjAQBC9BFLSUPOIiRIOEqNJabniBiY1xYt0Z2yGpeBFf4w8EIlGxxWpnm3m+YJkiHDlabA11jlLjMPjeTgsHjt3F84Atn7FhSuwNSjNI1qaeUXI2MKcoYSFgZajxnBzZDGvRqruqvCJbnXKcvoOA0ukbPKAQkzmrmL8wRthce52Yfp6/AhhDhnK//dQuvAFAE+48vgAAAA==[0m[Pipeline] envVarsForTool
[8mha:////4Am8vQ9fAja7rX5chwobTf4rOZMePclHKtkPxlIzKKAyAAAApR+LCAAAAAAAAP9tjTEOwjAQBC9BFLSUPOIiJAokRJXWcsMLTGyME+vO2A5JxYv4Gn8gEImKLVY728zzBcsU4cjRYmuoc5Qah8H3dlo4cOwungds+YwNU2JvUJpBsjb1jJKzgTlFCQsBK0ON5+TIZliLVt1V5RXZ6pTj9B0ElE7f4AGFmMxZxfyFMcLm2uvE9PP8FcAYMpT77ad24Q2Hha9zvgAAAA==[0m[Pipeline] tool
[8mha:////4EuRN8AbOZBttPjI897dbnmljswubzyvE3cS3yNflrt2AAAApR+LCAAAAAAAAP9tjTEOwjAQBC9BFLSUPOIiCiQkRJXWcsMLTGyME+vO2A5JxYv4Gn8gEImKLVY728zzBcsU4cjRYmuoc5Qah8H3dlo4cOwungds+YwNU2JvUJpBsjb1jJKzgTlFCQsBK0ON5+TIZliLVt1V5RXZ6pTj9B0ElE7f4AGFmMxZxfyFMcLm2uvE9PP8FcAYMpT77ad24Q3GtLRqvgAAAA==[0m[Pipeline] envVarsForTool
[8mha:////4OM6NJeFsRJHHmWDJhEHWsy095+GBbwcvoUFMpF8NHhfAAAAqB+LCAAAAAAAAP9tjTEOwjAUQ3+LOrAycohULAgJMXWNsnCC0ISQNvq//KS0EyfiatyBlkpMeLBsS9Z7vaGIDCdiJxqLrcdYe9GF3k1JDMTtNdAgGrqImjBSsELZQZGx1VIVJQuLshxWEtYW60DRo0uwkY1+6DJodOU58bQdJeTe3OEJmZzISXP6lpFhe+tNJPxx/gJg7BLkh91s+/lZfAA7MQoIwgAAAA==[0m[Pipeline] withEnv
[8mha:////4M8VVNrjW37/+t8GPk1r0LTrDIOooDK8NW4RrkH/5d1IAAAApx+LCAAAAAAAAP9tjTEOwjAUQ3+LOrAycoh0AyTE1DXKwglCE0La6P/yk9JOnIircQdaKjHhwbItWe/1hiIynIidaCy2HmPtRRd6NyUxELfXQINo6CJqwkjBCmUHRcZWS1WULCzKclhJWFusA0WPLsFGNvqhy6DRlefE03aUkHtzhydkciInzelbRobtrTeR8Mf5C4CxS5AfdrPt52fxAR33berCAAAA[0m[Pipeline] {
[8mha:////4NujndP6tpwDeTczmFD4Nv1J+Kdp3cuuomaE5Wja399hAAAAox+LCAAAAAAAAP9tjTEOwjAQBC9BFLSUPOJSEglR0VppeIFJjLFj3Tm2g1PxIr7GHwhEomKL1c4283zBOgY4ctBoFfWGYmvQu1HPCzOH/uo4o+ULtkyRncJG5YY7dVqw4aRgSVHCSsBGUes4GtIJtsLKu6ycJF2dU5i/g4DSdAM8oBCzOcmQvjAF2N3GLjL9PH8FMPkEZb3/VO3fsf/KvL4AAAA=[0m[Pipeline] nexusArtifactUploader
devops-0.0.1-SNAPSHOT.jar file doesn't exist
[8mha:////4BOy5pXqPL2D/fmYatqWPzjKN8jc8SbjdTP5KvOUeFn1AAAAox+LCAAAAAAAAP9tjTEOwjAQBC9BFLSUPOJSAkJUaS03vMDExjix7oztkFS8iK/xBwKRqNhitbPNPF+wTBGOHC22hjpHqXEYfG+nhQPH7uJ5wJbP2DAl9galGSRrU88oORuYU5SwELAy1HhOjmyGtWjVXVVeka1OOU7fQUDp9A0eUIjJnFXMXxgjbK69Tkw/z18BjCFkKHf7T23fSJ3b674AAAA=[0m[Pipeline] }
[8mha:////4OseGodbsSovNxi9lwm/EkjUQejJ2aRzqZNd5TUhNhoEAAAApR+LCAAAAAAAAP9tjTEOwjAQBC9BFLSUPOJChUAoFa3lhheYxBgn1l2wHZyKF/E1/oBFJCq2WO1sM683LIOHmr3BTlNvKTQWBzeavDCx76+OE3Z8wYYpsNModZLc6tOMkqOGOUUJCwErTY3jYMlEWItOPVTlFJnqHH3+jgJK297hCYXI5qh8/MLkYXMb28D08/wVwDQMEcrDNtd+9wGi96QdvgAAAA==[0m[Pipeline] // withEnv
[8mha:////4P3Yr79Z8bFdxLBAQi1V6oco+uOl8XGtm2dacLuu8o9SAAAApB+LCAAAAAAAAP9tjTEOwjAQBC9BFLSUPOKidCBEldZKwwtMbIwT687YDknFi/gaf8AiEhVbrHa2mdcb1jHAiYPBXtNgKXYWvRtNXjhxGK6OJ+z5gh1TZKex1VPLSjcLtpw0LClKWAnYaOocR0smwVb08iErJ8lU5xTydxRQWnWHJxQim5MM6QtzgN1tVJHp5/krgNn7BOWhzrWvP6SxnEi+AAAA[0m[Pipeline] }
[8mha:////4Newb+vlKatimc9kXs4lJ21WkSxaQmroCVpWw5/4wedLAAAApR+LCAAAAAAAAP9tjTEOwjAQBC9BFLSUPOKCqEAoFa3lhheYxBgn1l2wHZyKF/E1/oBFJCq2WO1sM683LIOHmr3BTlNvKTQWBzeavDCx76+OE3Z8wYYpsNModZLc6tOMkqOGOUUJCwErTY3jYMlEWItOPVTlFJnqHH3+jgJK297hCYXI5qh8/MLkYXMb28D08/wVwDQMEcrDLtd++wGc8w+5vgAAAA==[0m[Pipeline] // stage
[8mha:////4HUR1T6PaJXvKhPzDSpau37L7DV4LkZGc/ORlXxLQmcBAAAAqB+LCAAAAAAAAP9tjTEOwjAUQ3+LOrAycohUohNCTF2jLJwgJCGkjf4vSUo7cSKuxh0IVGLCg2Vbst7zBVUMcKRgWWewdxiVY4MfbU5sotBfPE2sozNThJG8YcJMgrRplyooGVhUlLDisDaoPEWHNsGGd/Iuay/R1qcU8nbgUDp9gwcUPJOTDOlb5gDb66gj4Y/zFwDzkKDcNdn2zedZvQGc+utMwgAAAA==[0m[Pipeline] stage
[8mha:////4MJX4QFJjfJU06aAieTfjfMkcAkp3Ffy9yHDfPeAJ2fNAAAApx+LCAAAAAAAAP9tjTEOwjAUQ3+LOrAycoh0gAUhpq5RFk4QmhDSRv+Xn5R24kRcjTvQUokJD5ZtyXqvNxSR4UTsRGOx9RhrL7rQuymJgbi9BhpEQxdRE0YKVig7KDK2WqqiZGFRlsNKwtpiHSh6dAk2stEPXQaNrjwnnrajhNybOzwhkxM5aU7fMjJsb72JhD/OXwCMXYL8sJttPz+LDypufCDCAAAA[0m[Pipeline] { (Sonar Analysys)
Stage "Sonar Analysys" skipped due to earlier failure(s)
[8mha:////4Mb7DWyKWLHqVY/fvj2Guh+khNUm8H0IlrVgFwJ5vUi8AAAApB+LCAAAAAAAAP9tjTEOwjAQBC9BFLSUPOLSQIEQVVrLDS8wsTFOrDtjOyQVL+Jr/IFAJCq2WO1sM88XLFOEI0eLraHOUWocBt/baeHAsbt4HrDlMzZMib1BaQbJ2tQzSs4G5hQlLASsDDWekyObYS1adVeVV2SrU47TdxBQOn2DBxRiMmcV8xfGCJtrrxPTz/NXAGMIGcr97lPbN3w2fLq+AAAA[0m[Pipeline] }
[8mha:////4I9NXlB/tm7leookgnXgFrOdoWik1dv4cX88tovb0lUWAAAApR+LCAAAAAAAAP9tjTEOwjAQBC9BFLSUPOJSICEhRJXWcsMLTGyME+vO2A5JxYv4Gn8gEImKLVY728zzBcsU4cjRYmuoc5Qah8H3dlo4cOwungds+YwNU2JvUJpBsjb1jJKzgTlFCQsBK0ON5+TIZliLVt1V5RXZ6pTj9B0ElE7f4AGFmMxZxfyFMcLm2uvE9PP8FcAYQoZyv/vU9g1x0YyivgAAAA==[0m[Pipeline] // stage
[8mha:////4P17AHoATJZzTiBfCT7wZuY7kFZuB59ylBjBFfak6ApsAAAAqB+LCAAAAAAAAP9tjTEOwjAUQ3+LOrAycohUggEh1Ik16sIJQhNC0uj/kqSkEyfiatyBQCUmPFi2Jes9X1AFDw15zazC3mDoDBvcqHNiiXx/cZSYpTPrCAM5xVqVWpLqONeWooJZRQkLDkuFnaNgUEdYcSvuonYCdX2KPm8HDqWRN3hAwTM5Ch+/ZfKwvo4yEP44fwEwDRHKzTbbfvd5Vm+KuHrXwgAAAA==[0m[Pipeline] stage
[8mha:////4PIOVo6N1EXYda777QvcB14z+jfetCBvF4f/Kr6rdXC5AAAAph+LCAAAAAAAAP9tjTEOwjAUQ3+LOrAycoh0BISYukZZOEFoQkgb/V9+UtqJE3E17kBLJSY8WLYl673eUESGE7ETjcXWY6y96ELvpiQG4vYaaBANXURNGClYoeygyNhqqYqShUVZDisJa4t1oOjRJdjIRj90GTS68px42o4Scm/u8IRMTuSkOX3LyLC99SYS/jh/ATB2CfLDbrb9/Cw+091n58IAAAA=[0m[Pipeline] { (Declarative: Post Actions)
[8mha:////4I9aykgEeVvwjMXBuBtLnQK3JEmgkDJWJp/DqXtpr78YAAAAox+LCAAAAAAAAP9tjTEOwjAQBC9BFLSUPOLSEiEqWisNLzCJMXasO8d2cCpexNf4A4FIVGyx2tlmni9YxwBHDhqtot5QbA16N+p5YebQXx1ntHzBlimyU9io3HCnTgs2nBQsKUpYCdgoah1HQzrBVlh5l5WTpKtzCvN3EFCaboAHFGI2JxnSF6YAu9vYRaaf568AJp+grPefqv0bsNTxnr4AAAA=[0m[Pipeline] echo
Slack Notifications
[8mha:////4JVxE1H8JQUWHfGVFfxCBnnMPrI9fg81PH08iCLPshyNAAAApR+LCAAAAAAAAP9tjTESgjAQRRcYC1tLDxGw03GobDM0niCGGAOZXUwWofJEXs07mJEZK3/132ve6w2rGKCmYEVnsHcYtRODH216YqLQXz1NoqOL0ISRvBGNmRpqzWnBhtjAsiyHQsLaoPYUHVqGjezUQ5VeoS3PHJI7Sshde4cnZDKVWQX+whxgexvbSPjr/A3APDDkhz1Dsauq4QM8qYROvwAAAA==[0m[Pipeline] slackSend
Slack Send Pipeline step running, values are - baseUrl: <empty>, teamDomain: devopselgrupo, channel: #proyecto-final, color: danger, botUser: false, tokenCredentialId: slack, notifyCommitters: false, iconEmoji: <empty>, username: <empty>, timestamp: <empty>
[8mha:////4JGin1X9QfUYi33pudCr00QqxILa5vYhrPsiTAHkwmruAAAApR+LCAAAAAAAAP9tjTESgjAQRRcYC1tLDxGk03GobDM0niCSGAOZXUwWofJEXs07mJEZK3/132ve6w2rGKCmYEVnsHcYWycGP9r0xEShv3qaREcX0RJG8kY0ZmpIm9OCDbGBZVkOhYS1wdZTdGgZNrJTD1V6hbY8c0juKCF3+g5PyGQqswr8hTnA9jbqSPjr/A3APAwMRbWrGPLD/gMEV/FRvwAAAA==[0m[Pipeline] }
[8mha:////4Li625OgIKn9HqMLg1CjkVV6l24gn3/21dna80nAqvdDAAAAph+LCAAAAAAAAP9tjTEOwjAQBC+JKGgpeYQDNAhFVLRWGl5gYmOcWHfBvpBUvIiv8QcsIlGx1c4083rDIgY4UrCiNdg5jI0TvR9semKk0F09jaKli2gII3kjajPWpM1pxprYwLwsh0LC0mDjKTq0DCvZqocqvUJbnjkkV0nInb7DEzKZyqwCf2EKsL4NOhL+On8DMPU9Q7Hd7Bjyw/4DOzjaR78AAAA=[0m[Pipeline] // stage
[8mha:////4IhqFvVUhZ4m7wzWzUI5XAhndigvCCxzzNCwwqsk1iPgAAAApB+LCAAAAAAAAP9tjTESgjAQRZcwFraWHiKolA6VbYbGE8QQYyCzi8kiVJ7Iq3kHGZmx8lf/vea93rBKESqKTrYWO4/JeNmHwc1PjhS7a6BRtnSRhjBRsLK2Y02NPS1YE1tYlgnIFawtmkDJo2PYqFY/dBE0uuLMcXZHBcI3d3hCpuYy68hfmCJsb0OTCH+dvwGY+p4h3+9KBnEoP0z2H2i/AAAA[0m[Pipeline] }
[8mha:////4EbUjN7M32rsU9T1LFh7ojg7fsJxDTaAg3XwZSOhGYo9AAAApR+LCAAAAAAAAP9tjTESgjAQRZcwFraWHiIoY+dQ2WZoPEEMMQYyu5gsQuWJvJp3kJEZK3/132ve6w2rFKGi6GRrsfOYjJd9GNz85EixuwYaZUsXaQgTBStrO9bU2NOCNbGFZZmAXMHaogmUPDqGjWr1QxdBoyvOHGd3VCB8c4cnZGous478hSnC9jY0ifDX+RuAqe8Z8v3uwCDK8gNi9h0CvwAAAA==[0m[Pipeline] // withEnv
[8mha:////4KeY3e8yudRrWDvd7aR3kOkPJLUwzugtejGeJqMXyFYMAAAApR+LCAAAAAAAAP9tjTESgjAQRRcYC1tLDxFkHCuHyjZD4wkiiTGQ2cVkESpP5NW8gxmZsfJX/73mvd6wigFqClZ0BnuHsXVi8KNNT0wU+qunSXR0ES1hJG9EY6aGtDkt2BAbWJblUEhYG2w9RYeWYSM79VClV2jLM4fkjhJyp+/whEymMqvAX5gDbG+jjoS/zt8AzMPAUFS7A0Ne7T+SRmuVvwAAAA==[0m[Pipeline] }
[8mha:////4IF9UCAh8ljKBbzuaJnTEF73BLOvOynFMHf6hJD3CPajAAAApR+LCAAAAAAAAP9tjTESgjAQRRcYC1tLDxHEwsahss3QeIJIYgxkdjFZhMoTeTXvYEZmrPzVf695rzesYoCaghWdwd5hbJ0Y/GjTExOF/uppEh1dREsYyRvRmKkhbU4LNsQGlmU5FBLWBltP0aFl2MhOPVTpFdryzCG5o4Tc6Ts8IZOpzCrwF+YA29uoI+Gv8zcA8zAwFNXuwJBX+w+qBPhkvwAAAA==[0m[Pipeline] // withEnv
[8mha:////4Nru021odQTlZv7KFBjUtDwS6T5E5o6NBJPqHHfUVZLZAAAApR+LCAAAAAAAAP9tjTESgjAQRRcYC1tLDxGksnCsbDM0niCSGAOZ3ZgshsoTeTXvICMzVv7qv9e81xtWKcKRohW9wcFh6pwIfrTzE5nicPWURU8X0REm8ka0JrekzWnBltjAsqKESsLaYOcpObQMG9mrh6q9QlufOc7uIKF0+g5PKORcZhX5C1OE7W3UifDX+RuAKQSGqtntGcqm+QC1hq02vwAAAA==[0m[Pipeline] }
[8mha:////4Ow0Tkq+TNbkxufWVPalgc+C0tEfBXvk+HyXM04obXXJAAAApR+LCAAAAAAAAP9tjTESgjAQRRcYC1tLDxGgc8axos3QeIKYxBjI7GKyCJUn8mreQUZmrPzVf695rzdsUoQTRSc6i73HpL0YwuiWJyaK/TXQJDq6CE2YKFjR2qklY5sVW2IL67IcCglbizpQ8ugYdrJTD1UGha48c1zcUULuzR2ekMmlzCryF+YI+9toEuGv8zcA8zAwFHV1YMjr6gP2BPywvwAAAA==[0m[Pipeline] // withEnv
[8mha:////4EZwTK7PVLa8bKQnDu8YVFl4Y1+oGzQlnTlbuCK00bmrAAAApR+LCAAAAAAAAP9tjTEOwjAQBM+JKGgpeYQDEg1CVLRWGl5gHGOcWHfBvuBUvIiv8QciIlGx1c4083rDIkU4UnSytdh5TMbLPgxuejJT7K6BsmzpIg1homBlbXNNjT3NWBNbmCcKKBUsLZpAyaNjWKlWP3QVNLrqzHFyBwWFb+7wBKGmMuvIXxgjrG9Dkwh/nb8BGPueodxu9gxi9wGQKtFFvgAAAA==[0m[Pipeline] }
[8mha:////4GZL0cjA153SfsdyE0NZIhGnu5tllzttnQ39rGDU1mU6AAAApB+LCAAAAAAAAP9tjTEOwjAQBC+JKGgpeYRDRImoaK00vMDExjix7ox9wal4EV/jD0REomKrnWnm9YZVinCkaEVvcHCYOieCH+38RKY4XD1l0dNFdISJvBGtyS1pc1qwJTawrCihkrA22HlKDi3DRvbqoWqv0NZnjrM7SCidvsMTCjmXWUX+whRhext1Ivx1/gZgCoGhapodQ7H/AOcO+R2+AAAA[0m[Pipeline] // node
[8mha:////4JMdzob85kIvXjwa6rzuiHRSSxqZ7OhFdTZcURhWhQPOAAAAox+LCAAAAAAAAP9tjTESgjAQRT8yFraWHiIMto6VbYbGE0SIMZDZxWQRKk/k1byDjMxY+av/XvNeb6xTxJGjU62lzlOqverD4OanRo7dNfCoWr6omilxsKqyY8WNPS1YsVgsy1bINTaW6sDJkxNsdWsepgiGXHGWOLuDxso3dzyR6bksJsoXpojdbWgS06/zN4Cp7wV5WZaCbP8BwReeV74AAAA=[0m[Pipeline] End of Pipeline
Also:   org.jenkinsci.plugins.workflow.actions.ErrorAction$ErrorId: 3816a883-d5bc-4e81-9619-af0e9492a087
java.io.IOException: devops-0.0.1-SNAPSHOT.jar file doesn't exist
	at sp.sd.nexusartifactuploader.steps.NexusArtifactUploaderStep$Execution$1.call(NexusArtifactUploaderStep.java:266)
	at sp.sd.nexusartifactuploader.steps.NexusArtifactUploaderStep$Execution$1.call(NexusArtifactUploaderStep.java:255)
	at hudson.FilePath.act(FilePath.java:1286)
	at sp.sd.nexusartifactuploader.steps.NexusArtifactUploaderStep$Execution.run(NexusArtifactUploaderStep.java:255)
	at sp.sd.nexusartifactuploader.steps.NexusArtifactUploaderStep$Execution.run(NexusArtifactUploaderStep.java:216)
	at org.jenkinsci.plugins.workflow.steps.AbstractSynchronousNonBlockingStepExecution$1$1.call(AbstractSynchronousNonBlockingStepExecution.java:47)
	at hudson.security.ACL.impersonate2(ACL.java:451)
	at hudson.security.ACL.impersonate(ACL.java:463)
	at org.jenkinsci.plugins.workflow.steps.AbstractSynchronousNonBlockingStepExecution$1.run(AbstractSynchronousNonBlockingStepExecution.java:44)
	at java.base/java.util.concurrent.Executors$RunnableAdapter.call(Executors.java:515)
	at java.base/java.util.concurrent.FutureTask.run(FutureTask.java:264)
	at java.base/java.util.concurrent.ThreadPoolExecutor.runWorker(ThreadPoolExecutor.java:1128)
	at java.base/java.util.concurrent.ThreadPoolExecutor$Worker.run(ThreadPoolExecutor.java:628)
	at java.base/java.lang.Thread.run(Thread.java:829)
Finished: FAILURE
