Started by user [8mha:////4P6DN5/ptVItoZ4OD4ihaxoC7SB6SFdPlrS5lyDT9tW/AAAAlx+LCAAAAAAAAP9b85aBtbiIQTGjNKU4P08vOT+vOD8nVc83PyU1x6OyILUoJzMv2y+/JJUBAhiZGBgqihhk0NSjKDWzXb3RdlLBUSYGJk8GtpzUvPSSDB8G5tKinBIGIZ+sxLJE/ZzEvHT94JKizLx0a6BxUmjGOUNodHsLgAzWEgZu/dLi1CL9xJTczDwAj6GcLcAAAAA=[0madmin
Running as SYSTEM
Building in workspace /var/jenkins_home/workspace/devopsCompleto
The recommended git tool is: NONE
using credential github-keber
 > git rev-parse --resolve-git-dir /var/jenkins_home/workspace/devopsCompleto/.git # timeout=10
Fetching changes from the remote Git repository
 > git config remote.origin.url https://github.com/keber/ProjectDevops.git # timeout=10
Fetching upstream changes from https://github.com/keber/ProjectDevops.git
 > git --version # timeout=10
 > git --version # 'git version 2.30.2'
using GIT_SSH to set credentials github-keber
Verifying host key using known hosts file
[8mha:////4IIlnQrC5KgvlsOq5Qd0DPgPctpHbD/paICoxpzsXlGLAAAAwB+LCAAAAAAAAP9djLENwjAQRY8gGIAS0VE77ihAVDQgRVAwQRSMfYl1tuwLStZgDWgYgnFYgIpE6fjN+19fes8PTGKAhakv0VFaOIrOqnTfehUsUnV0rFbbx2t79+8EkgNMrSLNJoNxHSzDLCvzWy5tTlqeOSDpTRNg/qfbDexlMGSUADS+K1+Gk2H2cS2lt7VGimmpqOqJTmpkUVhUxHI53KKTcrdFjEYYF1lUqhU3FfCKRc7o6Af/njhS1AAAAA==[0mYou're using 'Known hosts file' strategy to verify ssh host keys, but your known_hosts file does not exist, please go to 'Manage Jenkins' -> 'Configure Global Security' -> 'Git Host Key Verification Configuration' and configure host key verification.
 > git fetch --tags --force --progress -- https://github.com/keber/ProjectDevops.git +refs/heads/*:refs/remotes/origin/* # timeout=10
 > git rev-parse refs/remotes/origin/main^{commit} # timeout=10
Checking out Revision d7527ccb719ee9d53775a6a37aeec6b1f82cd461 (refs/remotes/origin/main)
 > git config core.sparsecheckout # timeout=10
 > git checkout -f d7527ccb719ee9d53775a6a37aeec6b1f82cd461 # timeout=10
Commit message: "Updated to match head repository"
 > git rev-list --no-walk d7527ccb719ee9d53775a6a37aeec6b1f82cd461 # timeout=10
[devopsCompleto] $ /opt/maven/bin/mvn clean install
[INFO] Scanning for projects...
[INFO] 
[INFO] ---------------------< com.kibernumacademy:devops >---------------------
[INFO] Building devops 0.0.1-SNAPSHOT
[INFO]   from pom.xml
[INFO] --------------------------------[ jar ]---------------------------------
[INFO] 
[INFO] --- clean:3.2.0:clean (default-clean) @ devops ---
[INFO] Deleting /var/jenkins_home/workspace/devopsCompleto/target
[INFO] 
[INFO] --- resources:3.3.1:resources (default-resources) @ devops ---
[INFO] Copying 1 resource from src/main/resources to target/classes
[INFO] Copying 5 resources from src/main/resources to target/classes
[INFO] 
[INFO] --- compiler:3.10.1:compile (default-compile) @ devops ---
[INFO] Changes detected - recompiling the module!
[INFO] Compiling 6 source files to /var/jenkins_home/workspace/devopsCompleto/target/classes
[INFO] 
[INFO] --- resources:3.3.1:testResources (default-testResources) @ devops ---
[INFO] skip non existing resourceDirectory /var/jenkins_home/workspace/devopsCompleto/src/test/resources
[INFO] 
[INFO] --- compiler:3.10.1:testCompile (default-testCompile) @ devops ---
[INFO] Changes detected - recompiling the module!
[INFO] Compiling 3 source files to /var/jenkins_home/workspace/devopsCompleto/target/test-classes
[INFO] 
[INFO] --- surefire:2.22.2:test (default-test) @ devops ---
[INFO] 
[INFO] -------------------------------------------------------
[INFO]  T E S T S
[INFO] -------------------------------------------------------
[INFO] Running com.kibernumacademy.devops.services.StudentServiceImplTest
[INFO] Tests run: 3, Failures: 0, Errors: 0, Skipped: 0, Time elapsed: 3.082 s - in com.kibernumacademy.devops.services.StudentServiceImplTest
[INFO] Running com.kibernumacademy.devops.entitys.StudentTest
[INFO] Tests run: 3, Failures: 0, Errors: 0, Skipped: 0, Time elapsed: 0.017 s - in com.kibernumacademy.devops.entitys.StudentTest
[INFO] Running com.kibernumacademy.devops.DevopsApplicationTests
01:31:32.389 [main] DEBUG org.springframework.boot.test.context.SpringBootTestContextBootstrapper -- Neither @ContextConfiguration nor @ContextHierarchy found for test class [DevopsApplicationTests]: using SpringBootContextLoader
01:31:32.402 [main] DEBUG org.springframework.test.context.support.AbstractContextLoader -- Could not detect default resource locations for test class [com.kibernumacademy.devops.DevopsApplicationTests]: no resource found for suffixes {-context.xml, Context.groovy}.
01:31:32.403 [main] INFO org.springframework.test.context.support.AnnotationConfigContextLoaderUtils -- Could not detect default configuration classes for test class [com.kibernumacademy.devops.DevopsApplicationTests]: DevopsApplicationTests does not declare any static, non-private, non-final, nested classes annotated with @Configuration.
01:31:32.461 [main] DEBUG org.springframework.boot.test.context.SpringBootTestContextBootstrapper -- Using ContextCustomizers for test class [DevopsApplicationTests]: [ExcludeFilterContextCustomizer, DuplicateJsonObjectContextCustomizer, MockitoContextCustomizer, TestRestTemplateContextCustomizer, DisableObservabilityContextCustomizer, PropertyMappingContextCustomizer, Customizer]
01:31:32.634 [main] DEBUG org.springframework.context.annotation.ClassPathScanningCandidateComponentProvider -- Identified candidate component class: file [/var/jenkins_home/workspace/devopsCompleto/target/classes/com/kibernumacademy/devops/DevopsApplication.class]
01:31:32.637 [main] INFO org.springframework.boot.test.context.SpringBootTestContextBootstrapper -- Found @SpringBootConfiguration com.kibernumacademy.devops.DevopsApplication for test class com.kibernumacademy.devops.DevopsApplicationTests
01:31:32.905 [main] DEBUG org.springframework.boot.test.context.SpringBootTestContextBootstrapper -- Using TestExecutionListeners for test class [DevopsApplicationTests]: [ServletTestExecutionListener, DirtiesContextBeforeModesTestExecutionListener, ApplicationEventsTestExecutionListener, MockitoTestExecutionListener, DependencyInjectionTestExecutionListener, DirtiesContextTestExecutionListener, TransactionalTestExecutionListener, SqlScriptsTestExecutionListener, EventPublishingTestExecutionListener, ResetMocksTestExecutionListener, RestDocsTestExecutionListener, MockRestServiceServerResetTestExecutionListener, MockMvcPrintOnlyOnFailureTestExecutionListener, WebDriverTestExecutionListener, MockWebServiceServerTestExecutionListener]
01:31:32.906 [main] DEBUG org.springframework.test.context.support.AbstractDirtiesContextTestExecutionListener -- Before test class: class [DevopsApplicationTests], class annotated with @DirtiesContext [false] with mode [null]

  .   ____          _            __ _ _
 /\\ / ___'_ __ _ _(_)_ __  __ _ \ \ \ \
( ( )\___ | '_ | '_| | '_ \/ _` | \ \ \ \
 \\/  ___)| |_)| | | | | || (_| |  ) ) ) )
  '  |____| .__|_| |_|_| |_\__, | / / / /
 =========|_|==============|___/=/_/_/_/
 :: Spring Boot ::                (v3.0.6)

2023-07-25T01:31:34.263Z  INFO 211 --- [           main] c.k.devops.DevopsApplicationTests        : Starting DevopsApplicationTests using Java 17.0.7 with PID 211 (started by root in /var/jenkins_home/workspace/devopsCompleto)
2023-07-25T01:31:34.267Z  INFO 211 --- [           main] c.k.devops.DevopsApplicationTests        : No active profile set, falling back to 1 default profile: "default"
2023-07-25T01:31:36.694Z  INFO 211 --- [           main] .s.d.r.c.RepositoryConfigurationDelegate : Bootstrapping Spring Data JPA repositories in DEFAULT mode.
2023-07-25T01:31:36.944Z  INFO 211 --- [           main] .s.d.r.c.RepositoryConfigurationDelegate : Finished Spring Data repository scanning in 227 ms. Found 1 JPA repository interfaces.
2023-07-25T01:31:38.777Z  INFO 211 --- [           main] com.zaxxer.hikari.HikariDataSource       : HikariPool-1 - Starting...
2023-07-25T01:31:39.411Z  INFO 211 --- [           main] com.zaxxer.hikari.pool.HikariPool        : HikariPool-1 - Added connection conn0: url=jdbc:h2:mem:38d93988-1226-45c6-8896-e060199acf31 user=SA
2023-07-25T01:31:39.416Z  INFO 211 --- [           main] com.zaxxer.hikari.HikariDataSource       : HikariPool-1 - Start completed.
2023-07-25T01:31:39.588Z  INFO 211 --- [           main] o.hibernate.jpa.internal.util.LogHelper  : HHH000204: Processing PersistenceUnitInfo [name: default]
2023-07-25T01:31:39.759Z  INFO 211 --- [           main] org.hibernate.Version                    : HHH000412: Hibernate ORM core version 6.1.7.Final
2023-07-25T01:31:40.253Z  INFO 211 --- [           main] SQL dialect                              : HHH000400: Using dialect: org.hibernate.dialect.H2Dialect
2023-07-25T01:31:41.517Z  INFO 211 --- [           main] o.h.e.t.j.p.i.JtaPlatformInitiator       : HHH000490: Using JtaPlatform implementation: [org.hibernate.engine.transaction.jta.platform.internal.NoJtaPlatform]
2023-07-25T01:31:41.533Z  INFO 211 --- [           main] j.LocalContainerEntityManagerFactoryBean : Initialized JPA EntityManagerFactory for persistence unit 'default'
2023-07-25T01:31:42.374Z  WARN 211 --- [           main] JpaBaseConfiguration$JpaWebConfiguration : spring.jpa.open-in-view is enabled by default. Therefore, database queries may be performed during view rendering. Explicitly configure spring.jpa.open-in-view to disable this warning
2023-07-25T01:31:43.300Z  INFO 211 --- [           main] o.s.b.a.h2.H2ConsoleAutoConfiguration    : H2 console available at '/h2-console'. Database available at 'jdbc:h2:mem:38d93988-1226-45c6-8896-e060199acf31'
2023-07-25T01:31:43.900Z  INFO 211 --- [           main] o.s.s.web.DefaultSecurityFilterChain     : Will secure any request with [org.springframework.security.web.session.DisableEncodeUrlFilter@1e2bc241, org.springframework.security.web.context.request.async.WebAsyncManagerIntegrationFilter@543196f9, org.springframework.security.web.context.SecurityContextHolderFilter@673a5aa7, org.springframework.security.web.header.HeaderWriterFilter@61c0fb12, org.springframework.security.web.csrf.CsrfFilter@7e5e7753, org.springframework.security.web.authentication.logout.LogoutFilter@202d1424, org.springframework.security.web.authentication.UsernamePasswordAuthenticationFilter@63b2418e, org.springframework.security.web.authentication.ui.DefaultLoginPageGeneratingFilter@544733a4, org.springframework.security.web.authentication.ui.DefaultLogoutPageGeneratingFilter@4d7fba20, org.springframework.security.web.authentication.www.BasicAuthenticationFilter@106b476a, org.springframework.security.web.savedrequest.RequestCacheAwareFilter@5b160208, org.springframework.security.web.servletapi.SecurityContextHolderAwareRequestFilter@5d8112e6, org.springframework.security.web.authentication.AnonymousAuthenticationFilter@112b3298, org.springframework.security.web.access.ExceptionTranslationFilter@7ca0b05e, org.springframework.security.web.access.intercept.AuthorizationFilter@7e35d743]
2023-07-25T01:31:43.994Z  INFO 211 --- [           main] c.k.devops.DevopsApplicationTests        : Started DevopsApplicationTests in 11.0 seconds (process running for 19.187)
[INFO] Tests run: 1, Failures: 0, Errors: 0, Skipped: 0, Time elapsed: 13.041 s - in com.kibernumacademy.devops.DevopsApplicationTests
2023-07-25T01:31:44.299Z  INFO 211 --- [ionShutdownHook] j.LocalContainerEntityManagerFactoryBean : Closing JPA EntityManagerFactory for persistence unit 'default'
2023-07-25T01:31:44.303Z  INFO 211 --- [ionShutdownHook] .SchemaDropperImpl$DelayedDropActionImpl : HHH000477: Starting delayed evictData of schema as part of SessionFactory shut-down'
2023-07-25T01:31:44.313Z  INFO 211 --- [ionShutdownHook] com.zaxxer.hikari.HikariDataSource       : HikariPool-1 - Shutdown initiated...
2023-07-25T01:31:44.328Z  INFO 211 --- [ionShutdownHook] com.zaxxer.hikari.HikariDataSource       : HikariPool-1 - Shutdown completed.
[INFO] 
[INFO] Results:
[INFO] 
[INFO] Tests run: 7, Failures: 0, Errors: 0, Skipped: 0
[INFO] 
[INFO] 
[INFO] --- jar:3.3.0:jar (default-jar) @ devops ---
Downloading from central: https://repo.maven.apache.org/maven2/org/apache/maven/shared/file-management/3.1.0/file-management-3.1.0.pom
Progress (1): 1.4/4.5 kBProgress (1): 2.7/4.5 kBProgress (1): 4.1/4.5 kBProgress (1): 4.5 kB                        Downloaded from central: https://repo.maven.apache.org/maven2/org/apache/maven/shared/file-management/3.1.0/file-management-3.1.0.pom (4.5 kB at 5.9 kB/s)
Downloading from central: https://repo.maven.apache.org/maven2/org/apache/maven/shared/maven-shared-components/36/maven-shared-components-36.pom
Progress (1): 1.4/4.9 kBProgress (1): 2.7/4.9 kBProgress (1): 4.1/4.9 kBProgress (1): 4.9 kB                        Downloaded from central: https://repo.maven.apache.org/maven2/org/apache/maven/shared/maven-shared-components/36/maven-shared-components-36.pom (4.9 kB at 204 kB/s)
Downloading from central: https://repo.maven.apache.org/maven2/org/codehaus/plexus/plexus-utils/3.3.0/plexus-utils-3.3.0.pom
Progress (1): 1.4/5.2 kBProgress (1): 2.7/5.2 kBProgress (1): 4.1/5.2 kBProgress (1): 5.2 kB                        Downloaded from central: https://repo.maven.apache.org/maven2/org/codehaus/plexus/plexus-utils/3.3.0/plexus-utils-3.3.0.pom (5.2 kB at 247 kB/s)
Downloading from central: https://repo.maven.apache.org/maven2/org/apache/maven/maven-archiver/3.6.0/maven-archiver-3.6.0.pom
Progress (1): 1.4/3.9 kBProgress (1): 2.7/3.9 kBProgress (1): 3.9 kB                        Downloaded from central: https://repo.maven.apache.org/maven2/org/apache/maven/maven-archiver/3.6.0/maven-archiver-3.6.0.pom (3.9 kB at 218 kB/s)
Downloading from central: https://repo.maven.apache.org/maven2/org/codehaus/plexus/plexus-io/3.4.0/plexus-io-3.4.0.pom
Progress (1): 1.4/6.0 kBProgress (1): 2.7/6.0 kBProgress (1): 4.1/6.0 kBProgress (1): 5.5/6.0 kBProgress (1): 6.0 kB                        Downloaded from central: https://repo.maven.apache.org/maven2/org/codehaus/plexus/plexus-io/3.4.0/plexus-io-3.4.0.pom (6.0 kB at 231 kB/s)
Downloading from central: https://repo.maven.apache.org/maven2/org/codehaus/plexus/plexus-archiver/4.4.0/plexus-archiver-4.4.0.pom
Progress (1): 1.4/6.3 kBProgress (1): 2.7/6.3 kBProgress (1): 4.1/6.3 kBProgress (1): 5.5/6.3 kBProgress (1): 6.3 kB                        Downloaded from central: https://repo.maven.apache.org/maven2/org/codehaus/plexus/plexus-archiver/4.4.0/plexus-archiver-4.4.0.pom (6.3 kB at 202 kB/s)
Downloading from central: https://repo.maven.apache.org/maven2/org/apache/commons/commons-compress/1.21/commons-compress-1.21.pom
Progress (1): 1.4/20 kBProgress (1): 2.7/20 kBProgress (1): 4.1/20 kBProgress (1): 5.5/20 kBProgress (1): 6.9/20 kBProgress (1): 8.2/20 kBProgress (1): 9.6/20 kBProgress (1): 11/20 kB Progress (1): 12/20 kBProgress (1): 14/20 kBProgress (1): 15/20 kBProgress (1): 16/20 kBProgress (1): 18/20 kBProgress (1): 19/20 kBProgress (1): 20 kB                      Downloaded from central: https://repo.maven.apache.org/maven2/org/apache/commons/commons-compress/1.21/commons-compress-1.21.pom (20 kB at 757 kB/s)
Downloading from central: https://repo.maven.apache.org/maven2/org/iq80/snappy/snappy/0.4/snappy-0.4.pom
Progress (1): 15 kB                   Downloaded from central: https://repo.maven.apache.org/maven2/org/iq80/snappy/snappy/0.4/snappy-0.4.pom (15 kB at 469 kB/s)
Downloading from central: https://repo.maven.apache.org/maven2/org/tukaani/xz/1.9/xz-1.9.pom
Progress (1): 2.0 kB                    Downloaded from central: https://repo.maven.apache.org/maven2/org/tukaani/xz/1.9/xz-1.9.pom (2.0 kB at 146 kB/s)
Downloading from central: https://repo.maven.apache.org/maven2/org/codehaus/plexus/plexus-utils/3.4.2/plexus-utils-3.4.2.pom
Progress (1): 8.2 kB                    Downloaded from central: https://repo.maven.apache.org/maven2/org/codehaus/plexus/plexus-utils/3.4.2/plexus-utils-3.4.2.pom (8.2 kB at 483 kB/s)
Downloading from central: https://repo.maven.apache.org/maven2/org/apache/maven/shared/file-management/3.1.0/file-management-3.1.0.jar
Progress (1): 16/36 kBProgress (1): 33/36 kBProgress (1): 36 kB                      Downloaded from central: https://repo.maven.apache.org/maven2/org/apache/maven/shared/file-management/3.1.0/file-management-3.1.0.jar (36 kB at 1.7 MB/s)
Downloading from central: https://repo.maven.apache.org/maven2/org/apache/maven/maven-archiver/3.6.0/maven-archiver-3.6.0.jar
Downloading from central: https://repo.maven.apache.org/maven2/org/codehaus/plexus/plexus-io/3.4.0/plexus-io-3.4.0.jar
Downloading from central: https://repo.maven.apache.org/maven2/org/codehaus/plexus/plexus-archiver/4.4.0/plexus-archiver-4.4.0.jar
Progress (1): 16/26 kB                      Downloading from central: https://repo.maven.apache.org/maven2/org/apache/commons/commons-compress/1.21/commons-compress-1.21.jar
Progress (1): 26 kB                   Downloading from central: https://repo.maven.apache.org/maven2/org/iq80/snappy/snappy/0.4/snappy-0.4.jar
Downloaded from central: https://repo.maven.apache.org/maven2/org/apache/maven/maven-archiver/3.6.0/maven-archiver-3.6.0.jar (26 kB at 535 kB/s)
Downloading from central: https://repo.maven.apache.org/maven2/org/tukaani/xz/1.9/xz-1.9.jar
Progress (1): 16/211 kBProgress (2): 16/211 kB | 16/58 kBProgress (3): 16/211 kB | 16/58 kB | 0/1.0 MBProgress (3): 16/211 kB | 33/58 kB | 0/1.0 MBProgress (3): 16/211 kB | 33/58 kB | 0/1.0 MBProgress (3): 16/211 kB | 33/58 kB | 0/1.0 MBProgress (3): 16/211 kB | 33/58 kB | 0/1.0 MBProgress (3): 16/211 kB | 33/58 kB | 0/1.0 MBProgress (3): 16/211 kB | 33/58 kB | 0/1.0 MBProgress (3): 16/211 kB | 33/58 kB | 0/1.0 MBProgress (3): 16/211 kB | 33/58 kB | 0/1.0 MBProgress (3): 16/211 kB | 33/58 kB | 0/1.0 MBProgress (3): 16/211 kB | 33/58 kB | 0/1.0 MBProgress (3): 16/211 kB | 33/58 kB | 0/1.0 MBProgress (3): 16/211 kB | 49/58 kB | 0/1.0 MBProgress (3): 16/211 kB | 58 kB | 0/1.0 MB   Progress (3): 16/211 kB | 58 kB | 0/1.0 MBProgress (4): 16/211 kB | 58 kB | 0/1.0 MB | 16/79 kBProgress (4): 33/211 kB | 58 kB | 0/1.0 MB | 16/79 kBProgress (4): 33/211 kB | 58 kB | 0/1.0 MB | 16/79 kBProgress (4): 49/211 kB | 58 kB | 0/1.0 MB | 16/79 kBProgress (4): 66/211 kB | 58 kB | 0/1.0 MB | 16/79 kBProgress (4): 66/211 kB | 58 kB | 0/1.0 MB | 16/79 kBProgress (4): 66/211 kB | 58 kB | 0.1/1.0 MB | 16/79 kB                                                       Downloaded from central: https://repo.maven.apache.org/maven2/org/iq80/snappy/snappy/0.4/snappy-0.4.jar (58 kB at 674 kB/s)
Downloading from central: https://repo.maven.apache.org/maven2/org/codehaus/plexus/plexus-utils/3.4.2/plexus-utils-3.4.2.jar
Progress (4): 66/211 kB | 0.1/1.0 MB | 16/79 kB | 16/116 kBProgress (4): 66/211 kB | 0.1/1.0 MB | 16/79 kB | 33/116 kBProgress (4): 66/211 kB | 0.1/1.0 MB | 16/79 kB | 33/116 kBProgress (4): 66/211 kB | 0.1/1.0 MB | 16/79 kB | 49/116 kBProgress (4): 66/211 kB | 0.1/1.0 MB | 16/79 kB | 49/116 kBProgress (4): 66/211 kB | 0.1/1.0 MB | 16/79 kB | 66/116 kBProgress (4): 66/211 kB | 0.1/1.0 MB | 16/79 kB | 82/116 kBProgress (4): 66/211 kB | 0.1/1.0 MB | 33/79 kB | 82/116 kBProgress (4): 66/211 kB | 0.1/1.0 MB | 33/79 kB | 82/116 kBProgress (4): 82/211 kB | 0.1/1.0 MB | 33/79 kB | 82/116 kBProgress (4): 82/211 kB | 0.1/1.0 MB | 33/79 kB | 98/116 kBProgress (4): 82/211 kB | 0.1/1.0 MB | 33/79 kB | 98/116 kBProgress (4): 82/211 kB | 0.1/1.0 MB | 33/79 kB | 115/116 kBProgress (4): 82/211 kB | 0.1/1.0 MB | 33/79 kB | 116 kB                                                            Downloaded from central: https://repo.maven.apache.org/maven2/org/tukaani/xz/1.9/xz-1.9.jar (116 kB at 1.0 MB/s)
Progress (4): 82/211 kB | 0.1/1.0 MB | 33/79 kB | 16/267 kBProgress (4): 82/211 kB | 0.1/1.0 MB | 33/79 kB | 16/267 kBProgress (4): 98/211 kB | 0.1/1.0 MB | 33/79 kB | 16/267 kBProgress (4): 98/211 kB | 0.1/1.0 MB | 49/79 kB | 16/267 kBProgress (4): 115/211 kB | 0.1/1.0 MB | 49/79 kB | 16/267 kBProgress (4): 115/211 kB | 0.1/1.0 MB | 66/79 kB | 16/267 kBProgress (4): 115/211 kB | 0.1/1.0 MB | 66/79 kB | 32/267 kBProgress (4): 115/211 kB | 0.1/1.0 MB | 79 kB | 32/267 kB   Progress (4): 131/211 kB | 0.1/1.0 MB | 79 kB | 32/267 kBProgress (4): 147/211 kB | 0.1/1.0 MB | 79 kB | 32/267 kB                                                         Downloaded from central: https://repo.maven.apache.org/maven2/org/codehaus/plexus/plexus-io/3.4.0/plexus-io-3.4.0.jar (79 kB at 422 kB/s)
Progress (3): 147/211 kB | 0.2/1.0 MB | 32/267 kBProgress (3): 147/211 kB | 0.2/1.0 MB | 49/267 kBProgress (3): 164/211 kB | 0.2/1.0 MB | 49/267 kBProgress (3): 164/211 kB | 0.2/1.0 MB | 49/267 kBProgress (3): 164/211 kB | 0.2/1.0 MB | 65/267 kBProgress (3): 164/211 kB | 0.2/1.0 MB | 65/267 kBProgress (3): 180/211 kB | 0.2/1.0 MB | 65/267 kBProgress (3): 180/211 kB | 0.2/1.0 MB | 81/267 kBProgress (3): 180/211 kB | 0.2/1.0 MB | 81/267 kBProgress (3): 180/211 kB | 0.2/1.0 MB | 98/267 kBProgress (3): 180/211 kB | 0.2/1.0 MB | 114/267 kBProgress (3): 197/211 kB | 0.2/1.0 MB | 114/267 kBProgress (3): 197/211 kB | 0.2/1.0 MB | 130/267 kBProgress (3): 211 kB | 0.2/1.0 MB | 130/267 kB                                                  Downloaded from central: https://repo.maven.apache.org/maven2/org/codehaus/plexus/plexus-archiver/4.4.0/plexus-archiver-4.4.0.jar (211 kB at 912 kB/s)
Progress (2): 0.2/1.0 MB | 130/267 kBProgress (2): 0.2/1.0 MB | 147/267 kBProgress (2): 0.2/1.0 MB | 147/267 kBProgress (2): 0.3/1.0 MB | 147/267 kBProgress (2): 0.3/1.0 MB | 147/267 kBProgress (2): 0.3/1.0 MB | 147/267 kBProgress (2): 0.3/1.0 MB | 147/267 kBProgress (2): 0.3/1.0 MB | 147/267 kBProgress (2): 0.3/1.0 MB | 147/267 kBProgress (2): 0.4/1.0 MB | 147/267 kBProgress (2): 0.4/1.0 MB | 147/267 kBProgress (2): 0.4/1.0 MB | 147/267 kBProgress (2): 0.4/1.0 MB | 147/267 kBProgress (2): 0.4/1.0 MB | 163/267 kBProgress (2): 0.4/1.0 MB | 163/267 kBProgress (2): 0.4/1.0 MB | 180/267 kBProgress (2): 0.4/1.0 MB | 180/267 kBProgress (2): 0.4/1.0 MB | 196/267 kBProgress (2): 0.4/1.0 MB | 212/267 kBProgress (2): 0.4/1.0 MB | 229/267 kBProgress (2): 0.4/1.0 MB | 245/267 kBProgress (2): 0.5/1.0 MB | 245/267 kBProgress (2): 0.5/1.0 MB | 262/267 kBProgress (2): 0.5/1.0 MB | 267 kB                                     Downloaded from central: https://repo.maven.apache.org/maven2/org/codehaus/plexus/plexus-utils/3.4.2/plexus-utils-3.4.2.jar (267 kB at 972 kB/s)
Progress (1): 0.5/1.0 MBProgress (1): 0.5/1.0 MBProgress (1): 0.5/1.0 MBProgress (1): 0.5/1.0 MBProgress (1): 0.5/1.0 MBProgress (1): 0.5/1.0 MBProgress (1): 0.6/1.0 MBProgress (1): 0.6/1.0 MBProgress (1): 0.6/1.0 MBProgress (1): 0.6/1.0 MBProgress (1): 0.6/1.0 MBProgress (1): 0.6/1.0 MBProgress (1): 0.7/1.0 MBProgress (1): 0.7/1.0 MBProgress (1): 0.7/1.0 MBProgress (1): 0.7/1.0 MBProgress (1): 0.7/1.0 MBProgress (1): 0.7/1.0 MBProgress (1): 0.8/1.0 MBProgress (1): 0.8/1.0 MBProgress (1): 0.8/1.0 MBProgress (1): 0.8/1.0 MBProgress (1): 0.8/1.0 MBProgress (1): 0.8/1.0 MBProgress (1): 0.9/1.0 MBProgress (1): 0.9/1.0 MBProgress (1): 0.9/1.0 MBProgress (1): 0.9/1.0 MBProgress (1): 0.9/1.0 MBProgress (1): 0.9/1.0 MBProgress (1): 1.0/1.0 MBProgress (1): 1.0/1.0 MBProgress (1): 1.0/1.0 MBProgress (1): 1.0/1.0 MBProgress (1): 1.0/1.0 MBProgress (1): 1.0 MB                        Downloaded from central: https://repo.maven.apache.org/maven2/org/apache/commons/commons-compress/1.21/commons-compress-1.21.jar (1.0 MB at 2.5 MB/s)
[INFO] Building jar: /var/jenkins_home/workspace/devopsCompleto/target/devops-0.0.1-SNAPSHOT.jar
[INFO] 
[INFO] --- spring-boot:3.0.6:repackage (repackage) @ devops ---
Downloading from central: https://repo.maven.apache.org/maven2/org/springframework/boot/spring-boot-buildpack-platform/3.0.6/spring-boot-buildpack-platform-3.0.6.pom
Progress (1): 3.4 kB                    Downloaded from central: https://repo.maven.apache.org/maven2/org/springframework/boot/spring-boot-buildpack-platform/3.0.6/spring-boot-buildpack-platform-3.0.6.pom (3.4 kB at 211 kB/s)
Downloading from central: https://repo.maven.apache.org/maven2/net/java/dev/jna/jna-platform/5.7.0/jna-platform-5.7.0.pom
Progress (1): 1.8 kB                    Downloaded from central: https://repo.maven.apache.org/maven2/net/java/dev/jna/jna-platform/5.7.0/jna-platform-5.7.0.pom (1.8 kB at 112 kB/s)
Downloading from central: https://repo.maven.apache.org/maven2/net/java/dev/jna/jna/5.7.0/jna-5.7.0.pom
Progress (1): 1.6 kB                    Downloaded from central: https://repo.maven.apache.org/maven2/net/java/dev/jna/jna/5.7.0/jna-5.7.0.pom (1.6 kB at 49 kB/s)
Downloading from central: https://repo.maven.apache.org/maven2/org/apache/httpcomponents/httpclient/4.5.14/httpclient-4.5.14.pom
Progress (1): 6.6 kB                    Downloaded from central: https://repo.maven.apache.org/maven2/org/apache/httpcomponents/httpclient/4.5.14/httpclient-4.5.14.pom (6.6 kB at 331 kB/s)
Downloading from central: https://repo.maven.apache.org/maven2/org/apache/httpcomponents/httpcomponents-client/4.5.14/httpcomponents-client-4.5.14.pom
Progress (1): 15 kB                   Downloaded from central: https://repo.maven.apache.org/maven2/org/apache/httpcomponents/httpcomponents-client/4.5.14/httpcomponents-client-4.5.14.pom (15 kB at 804 kB/s)
Downloading from central: https://repo.maven.apache.org/maven2/org/apache/httpcomponents/httpcomponents-parent/11/httpcomponents-parent-11.pom
Progress (1): 16/35 kBProgress (1): 32/35 kBProgress (1): 35 kB                      Downloaded from central: https://repo.maven.apache.org/maven2/org/apache/httpcomponents/httpcomponents-parent/11/httpcomponents-parent-11.pom (35 kB at 1.2 MB/s)
Downloading from central: https://repo.maven.apache.org/maven2/org/apache/httpcomponents/httpcore/4.4.16/httpcore-4.4.16.pom
Progress (1): 5.0 kB                    Downloaded from central: https://repo.maven.apache.org/maven2/org/apache/httpcomponents/httpcore/4.4.16/httpcore-4.4.16.pom (5.0 kB at 382 kB/s)
Downloading from central: https://repo.maven.apache.org/maven2/org/apache/httpcomponents/httpcomponents-core/4.4.16/httpcomponents-core-4.4.16.pom
Progress (1): 12 kB                   Downloaded from central: https://repo.maven.apache.org/maven2/org/apache/httpcomponents/httpcomponents-core/4.4.16/httpcomponents-core-4.4.16.pom (12 kB at 747 kB/s)
Downloading from central: https://repo.maven.apache.org/maven2/commons-codec/commons-codec/1.11/commons-codec-1.11.pom
Progress (1): 14 kB                   Downloaded from central: https://repo.maven.apache.org/maven2/commons-codec/commons-codec/1.11/commons-codec-1.11.pom (14 kB at 776 kB/s)
Downloading from central: https://repo.maven.apache.org/maven2/org/tomlj/tomlj/1.0.0/tomlj-1.0.0.pom
Progress (1): 2.8 kB                    Downloaded from central: https://repo.maven.apache.org/maven2/org/tomlj/tomlj/1.0.0/tomlj-1.0.0.pom (2.8 kB at 235 kB/s)
Downloading from central: https://repo.maven.apache.org/maven2/org/antlr/antlr4-runtime/4.7.2/antlr4-runtime-4.7.2.pom
Progress (1): 3.6 kB                    Downloaded from central: https://repo.maven.apache.org/maven2/org/antlr/antlr4-runtime/4.7.2/antlr4-runtime-4.7.2.pom (3.6 kB at 278 kB/s)
Downloading from central: https://repo.maven.apache.org/maven2/org/antlr/antlr4-master/4.7.2/antlr4-master-4.7.2.pom
Progress (1): 4.4 kB                    Downloaded from central: https://repo.maven.apache.org/maven2/org/antlr/antlr4-master/4.7.2/antlr4-master-4.7.2.pom (4.4 kB at 339 kB/s)
Downloading from central: https://repo.maven.apache.org/maven2/com/google/code/findbugs/jsr305/3.0.2/jsr305-3.0.2.pom
Progress (1): 4.3 kB                    Downloaded from central: https://repo.maven.apache.org/maven2/com/google/code/findbugs/jsr305/3.0.2/jsr305-3.0.2.pom (4.3 kB at 330 kB/s)
Downloading from central: https://repo.maven.apache.org/maven2/org/springframework/boot/spring-boot-loader-tools/3.0.6/spring-boot-loader-tools-3.0.6.pom
Progress (1): 2.2 kB                    Downloaded from central: https://repo.maven.apache.org/maven2/org/springframework/boot/spring-boot-loader-tools/3.0.6/spring-boot-loader-tools-3.0.6.pom (2.2 kB at 172 kB/s)
Downloading from central: https://repo.maven.apache.org/maven2/org/codehaus/plexus/plexus-utils/1.5.8/plexus-utils-1.5.8.pom
Progress (1): 8.1 kB                    Downloaded from central: https://repo.maven.apache.org/maven2/org/codehaus/plexus/plexus-utils/1.5.8/plexus-utils-1.5.8.pom (8.1 kB at 323 kB/s)
Downloading from central: https://repo.maven.apache.org/maven2/org/apache/maven/plugins/maven-shade-plugin/3.2.4/maven-shade-plugin-3.2.4.pom
Progress (1): 11 kB                   Downloaded from central: https://repo.maven.apache.org/maven2/org/apache/maven/plugins/maven-shade-plugin/3.2.4/maven-shade-plugin-3.2.4.pom (11 kB at 371 kB/s)
Downloading from central: https://repo.maven.apache.org/maven2/org/apache/maven/maven-plugin-api/3.0/maven-plugin-api-3.0.pom
Progress (1): 2.3 kB                    Downloaded from central: https://repo.maven.apache.org/maven2/org/apache/maven/maven-plugin-api/3.0/maven-plugin-api-3.0.pom (2.3 kB at 56 kB/s)
Downloading from central: https://repo.maven.apache.org/maven2/org/apache/maven/maven/3.0/maven-3.0.pom
Progress (1): 16/22 kBProgress (1): 22 kB                      Downloaded from central: https://repo.maven.apache.org/maven2/org/apache/maven/maven/3.0/maven-3.0.pom (22 kB at 912 kB/s)
Downloading from central: https://repo.maven.apache.org/maven2/org/apache/maven/maven-parent/15/maven-parent-15.pom
Progress (1): 16/24 kBProgress (1): 24 kB                      Downloaded from central: https://repo.maven.apache.org/maven2/org/apache/maven/maven-parent/15/maven-parent-15.pom (24 kB at 1.2 MB/s)
Downloading from central: https://repo.maven.apache.org/maven2/org/apache/apache/6/apache-6.pom
Progress (1): 13 kB                   Downloaded from central: https://repo.maven.apache.org/maven2/org/apache/apache/6/apache-6.pom (13 kB at 800 kB/s)
Downloading from central: https://repo.maven.apache.org/maven2/org/apache/maven/maven-model/3.0/maven-model-3.0.pom
Progress (1): 3.9 kB                    Downloaded from central: https://repo.maven.apache.org/maven2/org/apache/maven/maven-model/3.0/maven-model-3.0.pom (3.9 kB at 177 kB/s)
Downloading from central: https://repo.maven.apache.org/maven2/org/codehaus/plexus/plexus-utils/2.0.4/plexus-utils-2.0.4.pom
Progress (1): 3.3 kB                    Downloaded from central: https://repo.maven.apache.org/maven2/org/codehaus/plexus/plexus-utils/2.0.4/plexus-utils-2.0.4.pom (3.3 kB at 278 kB/s)
Downloading from central: https://repo.maven.apache.org/maven2/org/codehaus/plexus/plexus/2.0.6/plexus-2.0.6.pom
Progress (1): 16/17 kBProgress (1): 17 kB                      Downloaded from central: https://repo.maven.apache.org/maven2/org/codehaus/plexus/plexus/2.0.6/plexus-2.0.6.pom (17 kB at 986 kB/s)
Downloading from central: https://repo.maven.apache.org/maven2/org/apache/maven/maven-artifact/3.0/maven-artifact-3.0.pom
Progress (1): 1.9 kB                    Downloaded from central: https://repo.maven.apache.org/maven2/org/apache/maven/maven-artifact/3.0/maven-artifact-3.0.pom (1.9 kB at 96 kB/s)
Downloading from central: https://repo.maven.apache.org/maven2/org/sonatype/sisu/sisu-inject-plexus/1.4.2/sisu-inject-plexus-1.4.2.pom
Progress (1): 5.4 kB                    Downloaded from central: https://repo.maven.apache.org/maven2/org/sonatype/sisu/sisu-inject-plexus/1.4.2/sisu-inject-plexus-1.4.2.pom (5.4 kB at 283 kB/s)
Downloading from central: https://repo.maven.apache.org/maven2/org/sonatype/sisu/inject/guice-plexus/1.4.2/guice-plexus-1.4.2.pom
Progress (1): 3.1 kB                    Downloaded from central: https://repo.maven.apache.org/maven2/org/sonatype/sisu/inject/guice-plexus/1.4.2/guice-plexus-1.4.2.pom (3.1 kB at 241 kB/s)
Downloading from central: https://repo.maven.apache.org/maven2/org/sonatype/sisu/inject/guice-bean/1.4.2/guice-bean-1.4.2.pom
Progress (1): 2.6 kB                    Downloaded from central: https://repo.maven.apache.org/maven2/org/sonatype/sisu/inject/guice-bean/1.4.2/guice-bean-1.4.2.pom (2.6 kB at 200 kB/s)
Downloading from central: https://repo.maven.apache.org/maven2/org/sonatype/sisu/sisu-inject/1.4.2/sisu-inject-1.4.2.pom
Progress (1): 1.2 kB                    Downloaded from central: https://repo.maven.apache.org/maven2/org/sonatype/sisu/sisu-inject/1.4.2/sisu-inject-1.4.2.pom (1.2 kB at 78 kB/s)
Downloading from central: https://repo.maven.apache.org/maven2/org/sonatype/sisu/sisu-parent/1.4.2/sisu-parent-1.4.2.pom
Progress (1): 7.8 kB                    Downloaded from central: https://repo.maven.apache.org/maven2/org/sonatype/sisu/sisu-parent/1.4.2/sisu-parent-1.4.2.pom (7.8 kB at 210 kB/s)
Downloading from central: https://repo.maven.apache.org/maven2/org/sonatype/forge/forge-parent/6/forge-parent-6.pom
Progress (1): 11 kB                   Downloaded from central: https://repo.maven.apache.org/maven2/org/sonatype/forge/forge-parent/6/forge-parent-6.pom (11 kB at 384 kB/s)
Downloading from central: https://repo.maven.apache.org/maven2/org/codehaus/plexus/plexus-component-annotations/1.5.4/plexus-component-annotations-1.5.4.pom
Progress (1): 815 B                   Downloaded from central: https://repo.maven.apache.org/maven2/org/codehaus/plexus/plexus-component-annotations/1.5.4/plexus-component-annotations-1.5.4.pom (815 B at 41 kB/s)
Downloading from central: https://repo.maven.apache.org/maven2/org/codehaus/plexus/plexus-containers/1.5.4/plexus-containers-1.5.4.pom
Progress (1): 4.2 kB                    Downloaded from central: https://repo.maven.apache.org/maven2/org/codehaus/plexus/plexus-containers/1.5.4/plexus-containers-1.5.4.pom (4.2 kB at 177 kB/s)
Downloading from central: https://repo.maven.apache.org/maven2/org/codehaus/plexus/plexus/2.0.5/plexus-2.0.5.pom
Progress (1): 16/17 kBProgress (1): 17 kB                      Downloaded from central: https://repo.maven.apache.org/maven2/org/codehaus/plexus/plexus/2.0.5/plexus-2.0.5.pom (17 kB at 667 kB/s)
Downloading from central: https://repo.maven.apache.org/maven2/org/codehaus/plexus/plexus-classworlds/2.2.3/plexus-classworlds-2.2.3.pom
Progress (1): 4.0 kB                    Downloaded from central: https://repo.maven.apache.org/maven2/org/codehaus/plexus/plexus-classworlds/2.2.3/plexus-classworlds-2.2.3.pom (4.0 kB at 148 kB/s)
Downloading from central: https://repo.maven.apache.org/maven2/org/codehaus/plexus/plexus-utils/2.0.5/plexus-utils-2.0.5.pom
Progress (1): 3.3 kB                    Downloaded from central: https://repo.maven.apache.org/maven2/org/codehaus/plexus/plexus-utils/2.0.5/plexus-utils-2.0.5.pom (3.3 kB at 123 kB/s)
Downloading from central: https://repo.maven.apache.org/maven2/org/sonatype/sisu/sisu-inject-bean/1.4.2/sisu-inject-bean-1.4.2.pom
Progress (1): 5.5 kB                    Downloaded from central: https://repo.maven.apache.org/maven2/org/sonatype/sisu/sisu-inject-bean/1.4.2/sisu-inject-bean-1.4.2.pom (5.5 kB at 152 kB/s)
Downloading from central: https://repo.maven.apache.org/maven2/org/sonatype/sisu/sisu-guice/2.1.7/sisu-guice-2.1.7.pom
Progress (1): 11 kB                   Downloaded from central: https://repo.maven.apache.org/maven2/org/sonatype/sisu/sisu-guice/2.1.7/sisu-guice-2.1.7.pom (11 kB at 481 kB/s)
Downloading from central: https://repo.maven.apache.org/maven2/org/apache/maven/maven-core/3.0/maven-core-3.0.pom
Progress (1): 6.6 kB                    Downloaded from central: https://repo.maven.apache.org/maven2/org/apache/maven/maven-core/3.0/maven-core-3.0.pom (6.6 kB at 414 kB/s)
Downloading from central: https://repo.maven.apache.org/maven2/org/apache/maven/maven-settings/3.0/maven-settings-3.0.pom
Progress (1): 1.9 kB                    Downloaded from central: https://repo.maven.apache.org/maven2/org/apache/maven/maven-settings/3.0/maven-settings-3.0.pom (1.9 kB at 55 kB/s)
Downloading from central: https://repo.maven.apache.org/maven2/org/apache/maven/maven-settings-builder/3.0/maven-settings-builder-3.0.pom
Progress (1): 2.2 kB                    Downloaded from central: https://repo.maven.apache.org/maven2/org/apache/maven/maven-settings-builder/3.0/maven-settings-builder-3.0.pom (2.2 kB at 82 kB/s)
Downloading from central: https://repo.maven.apache.org/maven2/org/codehaus/plexus/plexus-interpolation/1.14/plexus-interpolation-1.14.pom
Progress (1): 910 B                   Downloaded from central: https://repo.maven.apache.org/maven2/org/codehaus/plexus/plexus-interpolation/1.14/plexus-interpolation-1.14.pom (910 B at 61 kB/s)
Downloading from central: https://repo.maven.apache.org/maven2/org/codehaus/plexus/plexus-components/1.1.18/plexus-components-1.1.18.pom
Progress (1): 5.4 kB                    Downloaded from central: https://repo.maven.apache.org/maven2/org/codehaus/plexus/plexus-components/1.1.18/plexus-components-1.1.18.pom (5.4 kB at 412 kB/s)
Downloading from central: https://repo.maven.apache.org/maven2/org/codehaus/plexus/plexus/2.0.7/plexus-2.0.7.pom
Progress (1): 16/17 kBProgress (1): 17 kB                      Downloaded from central: https://repo.maven.apache.org/maven2/org/codehaus/plexus/plexus/2.0.7/plexus-2.0.7.pom (17 kB at 1.3 MB/s)
Downloading from central: https://repo.maven.apache.org/maven2/org/codehaus/plexus/plexus-component-annotations/1.5.5/plexus-component-annotations-1.5.5.pom
Progress (1): 815 B                   Downloaded from central: https://repo.maven.apache.org/maven2/org/codehaus/plexus/plexus-component-annotations/1.5.5/plexus-component-annotations-1.5.5.pom (815 B at 45 kB/s)
Downloading from central: https://repo.maven.apache.org/maven2/org/codehaus/plexus/plexus-containers/1.5.5/plexus-containers-1.5.5.pom
Progress (1): 4.2 kB                    Downloaded from central: https://repo.maven.apache.org/maven2/org/codehaus/plexus/plexus-containers/1.5.5/plexus-containers-1.5.5.pom (4.2 kB at 249 kB/s)
Downloading from central: https://repo.maven.apache.org/maven2/org/apache/maven/maven-repository-metadata/3.0/maven-repository-metadata-3.0.pom
Progress (1): 1.9 kB                    Downloaded from central: https://repo.maven.apache.org/maven2/org/apache/maven/maven-repository-metadata/3.0/maven-repository-metadata-3.0.pom (1.9 kB at 148 kB/s)
Downloading from central: https://repo.maven.apache.org/maven2/org/apache/maven/maven-model-builder/3.0/maven-model-builder-3.0.pom
Progress (1): 2.2 kB                    Downloaded from central: https://repo.maven.apache.org/maven2/org/apache/maven/maven-model-builder/3.0/maven-model-builder-3.0.pom (2.2 kB at 225 kB/s)
Downloading from central: https://repo.maven.apache.org/maven2/org/apache/maven/maven-aether-provider/3.0/maven-aether-provider-3.0.pom
Progress (1): 2.5 kB                    Downloaded from central: https://repo.maven.apache.org/maven2/org/apache/maven/maven-aether-provider/3.0/maven-aether-provider-3.0.pom (2.5 kB at 206 kB/s)
Downloading from central: https://repo.maven.apache.org/maven2/org/sonatype/aether/aether-api/1.7/aether-api-1.7.pom
Progress (1): 1.7 kB                    Downloaded from central: https://repo.maven.apache.org/maven2/org/sonatype/aether/aether-api/1.7/aether-api-1.7.pom (1.7 kB at 167 kB/s)
Downloading from central: https://repo.maven.apache.org/maven2/org/sonatype/aether/aether-parent/1.7/aether-parent-1.7.pom
Progress (1): 7.7 kB                    Downloaded from central: https://repo.maven.apache.org/maven2/org/sonatype/aether/aether-parent/1.7/aether-parent-1.7.pom (7.7 kB at 644 kB/s)
Downloading from central: https://repo.maven.apache.org/maven2/org/sonatype/aether/aether-util/1.7/aether-util-1.7.pom
Progress (1): 2.1 kB                    Downloaded from central: https://repo.maven.apache.org/maven2/org/sonatype/aether/aether-util/1.7/aether-util-1.7.pom (2.1 kB at 129 kB/s)
Downloading from central: https://repo.maven.apache.org/maven2/org/sonatype/aether/aether-impl/1.7/aether-impl-1.7.pom
Progress (1): 3.7 kB                    Downloaded from central: https://repo.maven.apache.org/maven2/org/sonatype/aether/aether-impl/1.7/aether-impl-1.7.pom (3.7 kB at 284 kB/s)
Downloading from central: https://repo.maven.apache.org/maven2/org/sonatype/aether/aether-spi/1.7/aether-spi-1.7.pom
Progress (1): 1.7 kB                    Downloaded from central: https://repo.maven.apache.org/maven2/org/sonatype/aether/aether-spi/1.7/aether-spi-1.7.pom (1.7 kB at 134 kB/s)
Downloading from central: https://repo.maven.apache.org/maven2/org/apache/maven/shared/maven-artifact-transfer/0.12.0/maven-artifact-transfer-0.12.0.pom
Progress (1): 11 kB                   Downloaded from central: https://repo.maven.apache.org/maven2/org/apache/maven/shared/maven-artifact-transfer/0.12.0/maven-artifact-transfer-0.12.0.pom (11 kB at 865 kB/s)
Downloading from central: https://repo.maven.apache.org/maven2/org/apache/maven/shared/maven-shared-components/33/maven-shared-components-33.pom
Progress (1): 5.1 kB                    Downloaded from central: https://repo.maven.apache.org/maven2/org/apache/maven/shared/maven-shared-components/33/maven-shared-components-33.pom (5.1 kB at 364 kB/s)
Downloading from central: https://repo.maven.apache.org/maven2/org/codehaus/plexus/plexus-component-annotations/1.7.1/plexus-component-annotations-1.7.1.pom
Progress (1): 770 B                   Downloaded from central: https://repo.maven.apache.org/maven2/org/codehaus/plexus/plexus-component-annotations/1.7.1/plexus-component-annotations-1.7.1.pom (770 B at 59 kB/s)
Downloading from central: https://repo.maven.apache.org/maven2/org/codehaus/plexus/plexus-containers/1.7.1/plexus-containers-1.7.1.pom
Progress (1): 5.0 kB                    Downloaded from central: https://repo.maven.apache.org/maven2/org/codehaus/plexus/plexus-containers/1.7.1/plexus-containers-1.7.1.pom (5.0 kB at 387 kB/s)
Downloading from central: https://repo.maven.apache.org/maven2/org/apache/maven/shared/maven-common-artifact-filters/3.0.1/maven-common-artifact-filters-3.0.1.pom
Progress (1): 4.8 kB                    Downloaded from central: https://repo.maven.apache.org/maven2/org/apache/maven/shared/maven-common-artifact-filters/3.0.1/maven-common-artifact-filters-3.0.1.pom (4.8 kB at 403 kB/s)
Downloading from central: https://repo.maven.apache.org/maven2/org/apache/maven/shared/maven-shared-components/30/maven-shared-components-30.pom
Progress (1): 4.6 kB                    Downloaded from central: https://repo.maven.apache.org/maven2/org/apache/maven/shared/maven-shared-components/30/maven-shared-components-30.pom (4.6 kB at 417 kB/s)
Downloading from central: https://repo.maven.apache.org/maven2/org/apache/maven/maven-parent/30/maven-parent-30.pom
Progress (1): 16/41 kBProgress (1): 33/41 kBProgress (1): 41 kB                      Downloaded from central: https://repo.maven.apache.org/maven2/org/apache/maven/maven-parent/30/maven-parent-30.pom (41 kB at 2.4 MB/s)
Downloading from central: https://repo.maven.apache.org/maven2/org/apache/maven/shared/maven-shared-utils/3.1.0/maven-shared-utils-3.1.0.pom
Progress (1): 5.0 kB                    Downloaded from central: https://repo.maven.apache.org/maven2/org/apache/maven/shared/maven-shared-utils/3.1.0/maven-shared-utils-3.1.0.pom (5.0 kB at 332 kB/s)
Downloading from central: https://repo.maven.apache.org/maven2/commons-io/commons-io/2.5/commons-io-2.5.pom
Progress (1): 13 kB                   Downloaded from central: https://repo.maven.apache.org/maven2/commons-io/commons-io/2.5/commons-io-2.5.pom (13 kB at 1.0 MB/s)
Downloading from central: https://repo.maven.apache.org/maven2/org/apache/commons/commons-parent/39/commons-parent-39.pom
Progress (1): 16/62 kBProgress (1): 32/62 kBProgress (1): 49/62 kBProgress (1): 62 kB                      Downloaded from central: https://repo.maven.apache.org/maven2/org/apache/commons/commons-parent/39/commons-parent-39.pom (62 kB at 2.0 MB/s)
Downloading from central: https://repo.maven.apache.org/maven2/org/apache/apache/16/apache-16.pom
Progress (1): 15 kB                   Downloaded from central: https://repo.maven.apache.org/maven2/org/apache/apache/16/apache-16.pom (15 kB at 962 kB/s)
Downloading from central: https://repo.maven.apache.org/maven2/org/codehaus/plexus/plexus-utils/3.1.1/plexus-utils-3.1.1.pom
Progress (1): 5.1 kB                    Downloaded from central: https://repo.maven.apache.org/maven2/org/codehaus/plexus/plexus-utils/3.1.1/plexus-utils-3.1.1.pom (5.1 kB at 298 kB/s)
Downloading from central: https://repo.maven.apache.org/maven2/org/slf4j/slf4j-api/1.7.5/slf4j-api-1.7.5.pom
Progress (1): 2.7 kB                    Downloaded from central: https://repo.maven.apache.org/maven2/org/slf4j/slf4j-api/1.7.5/slf4j-api-1.7.5.pom (2.7 kB at 158 kB/s)
Downloading from central: https://repo.maven.apache.org/maven2/org/slf4j/slf4j-parent/1.7.5/slf4j-parent-1.7.5.pom
Progress (1): 12 kB                   Downloaded from central: https://repo.maven.apache.org/maven2/org/slf4j/slf4j-parent/1.7.5/slf4j-parent-1.7.5.pom (12 kB at 621 kB/s)
Downloading from central: https://repo.maven.apache.org/maven2/org/ow2/asm/asm/8.0/asm-8.0.pom
Progress (1): 2.9 kB                    Downloaded from central: https://repo.maven.apache.org/maven2/org/ow2/asm/asm/8.0/asm-8.0.pom (2.9 kB at 140 kB/s)
Downloading from central: https://repo.maven.apache.org/maven2/org/ow2/asm/asm-commons/8.0/asm-commons-8.0.pom
Progress (1): 3.7 kB                    Downloaded from central: https://repo.maven.apache.org/maven2/org/ow2/asm/asm-commons/8.0/asm-commons-8.0.pom (3.7 kB at 183 kB/s)
Downloading from central: https://repo.maven.apache.org/maven2/org/ow2/asm/asm-tree/8.0/asm-tree-8.0.pom
Progress (1): 3.1 kB                    Downloaded from central: https://repo.maven.apache.org/maven2/org/ow2/asm/asm-tree/8.0/asm-tree-8.0.pom (3.1 kB at 142 kB/s)
Downloading from central: https://repo.maven.apache.org/maven2/org/ow2/asm/asm-analysis/8.0/asm-analysis-8.0.pom
Progress (1): 3.2 kB                    Downloaded from central: https://repo.maven.apache.org/maven2/org/ow2/asm/asm-analysis/8.0/asm-analysis-8.0.pom (3.2 kB at 144 kB/s)
Downloading from central: https://repo.maven.apache.org/maven2/org/jdom/jdom2/2.0.6/jdom2-2.0.6.pom
Progress (1): 4.6 kB                    Downloaded from central: https://repo.maven.apache.org/maven2/org/jdom/jdom2/2.0.6/jdom2-2.0.6.pom (4.6 kB at 383 kB/s)
Downloading from central: https://repo.maven.apache.org/maven2/org/apache/maven/shared/maven-dependency-tree/3.0.1/maven-dependency-tree-3.0.1.pom
Progress (1): 7.5 kB                    Downloaded from central: https://repo.maven.apache.org/maven2/org/apache/maven/shared/maven-dependency-tree/3.0.1/maven-dependency-tree-3.0.1.pom (7.5 kB at 536 kB/s)
Downloading from central: https://repo.maven.apache.org/maven2/org/codehaus/plexus/plexus-component-annotations/1.6/plexus-component-annotations-1.6.pom
Progress (1): 748 B                   Downloaded from central: https://repo.maven.apache.org/maven2/org/codehaus/plexus/plexus-component-annotations/1.6/plexus-component-annotations-1.6.pom (748 B at 58 kB/s)
Downloading from central: https://repo.maven.apache.org/maven2/org/codehaus/plexus/plexus-containers/1.6/plexus-containers-1.6.pom
Progress (1): 3.8 kB                    Downloaded from central: https://repo.maven.apache.org/maven2/org/codehaus/plexus/plexus-containers/1.6/plexus-containers-1.6.pom (3.8 kB at 377 kB/s)
Downloading from central: https://repo.maven.apache.org/maven2/org/codehaus/plexus/plexus/3.3.2/plexus-3.3.2.pom
Progress (1): 16/22 kBProgress (1): 22 kB                      Downloaded from central: https://repo.maven.apache.org/maven2/org/codehaus/plexus/plexus/3.3.2/plexus-3.3.2.pom (22 kB at 2.0 MB/s)
Downloading from central: https://repo.maven.apache.org/maven2/org/sonatype/spice/spice-parent/17/spice-parent-17.pom
Progress (1): 6.8 kB                    Downloaded from central: https://repo.maven.apache.org/maven2/org/sonatype/spice/spice-parent/17/spice-parent-17.pom (6.8 kB at 563 kB/s)
Downloading from central: https://repo.maven.apache.org/maven2/org/eclipse/aether/aether-util/0.9.0.M2/aether-util-0.9.0.M2.pom
Progress (1): 2.0 kB                    Downloaded from central: https://repo.maven.apache.org/maven2/org/eclipse/aether/aether-util/0.9.0.M2/aether-util-0.9.0.M2.pom (2.0 kB at 51 kB/s)
Downloading from central: https://repo.maven.apache.org/maven2/org/eclipse/aether/aether/0.9.0.M2/aether-0.9.0.M2.pom
Progress (1): 16/28 kBProgress (1): 28 kB                      Downloaded from central: https://repo.maven.apache.org/maven2/org/eclipse/aether/aether/0.9.0.M2/aether-0.9.0.M2.pom (28 kB at 1.4 MB/s)
Downloading from central: https://repo.maven.apache.org/maven2/org/vafer/jdependency/2.4.0/jdependency-2.4.0.pom
Progress (1): 15 kB                   Downloaded from central: https://repo.maven.apache.org/maven2/org/vafer/jdependency/2.4.0/jdependency-2.4.0.pom (15 kB at 1.2 MB/s)
Downloading from central: https://repo.maven.apache.org/maven2/org/ow2/asm/asm-util/8.0/asm-util-8.0.pom
Progress (1): 3.7 kB                    Downloaded from central: https://repo.maven.apache.org/maven2/org/ow2/asm/asm-util/8.0/asm-util-8.0.pom (3.7 kB at 281 kB/s)
Downloading from central: https://repo.maven.apache.org/maven2/com/google/guava/guava/28.2-android/guava-28.2-android.pom
Progress (1): 11 kB                   Downloaded from central: https://repo.maven.apache.org/maven2/com/google/guava/guava/28.2-android/guava-28.2-android.pom (11 kB at 781 kB/s)
Downloading from central: https://repo.maven.apache.org/maven2/com/google/guava/guava-parent/28.2-android/guava-parent-28.2-android.pom
Progress (1): 13 kB                   Downloaded from central: https://repo.maven.apache.org/maven2/com/google/guava/guava-parent/28.2-android/guava-parent-28.2-android.pom (13 kB at 717 kB/s)
Downloading from central: https://repo.maven.apache.org/maven2/com/google/guava/failureaccess/1.0.1/failureaccess-1.0.1.pom
Progress (1): 2.4 kB                    Downloaded from central: https://repo.maven.apache.org/maven2/com/google/guava/failureaccess/1.0.1/failureaccess-1.0.1.pom (2.4 kB at 219 kB/s)
Downloading from central: https://repo.maven.apache.org/maven2/com/google/guava/guava-parent/26.0-android/guava-parent-26.0-android.pom
Progress (1): 10 kB                   Downloaded from central: https://repo.maven.apache.org/maven2/com/google/guava/guava-parent/26.0-android/guava-parent-26.0-android.pom (10 kB at 1.1 MB/s)
Downloading from central: https://repo.maven.apache.org/maven2/com/google/guava/listenablefuture/9999.0-empty-to-avoid-conflict-with-guava/listenablefuture-9999.0-empty-to-avoid-conflict-with-guava.pom
Progress (1): 2.3 kB                    Downloaded from central: https://repo.maven.apache.org/maven2/com/google/guava/listenablefuture/9999.0-empty-to-avoid-conflict-with-guava/listenablefuture-9999.0-empty-to-avoid-conflict-with-guava.pom (2.3 kB at 175 kB/s)
Downloading from central: https://repo.maven.apache.org/maven2/org/checkerframework/checker-compat-qual/2.5.5/checker-compat-qual-2.5.5.pom
Progress (1): 2.7 kB                    Downloaded from central: https://repo.maven.apache.org/maven2/org/checkerframework/checker-compat-qual/2.5.5/checker-compat-qual-2.5.5.pom (2.7 kB at 250 kB/s)
Downloading from central: https://repo.maven.apache.org/maven2/com/google/errorprone/error_prone_annotations/2.3.4/error_prone_annotations-2.3.4.pom
Progress (1): 2.1 kB                    Downloaded from central: https://repo.maven.apache.org/maven2/com/google/errorprone/error_prone_annotations/2.3.4/error_prone_annotations-2.3.4.pom (2.1 kB at 151 kB/s)
Downloading from central: https://repo.maven.apache.org/maven2/com/google/errorprone/error_prone_parent/2.3.4/error_prone_parent-2.3.4.pom
Progress (1): 5.4 kB                    Downloaded from central: https://repo.maven.apache.org/maven2/com/google/errorprone/error_prone_parent/2.3.4/error_prone_parent-2.3.4.pom (5.4 kB at 452 kB/s)
Downloading from central: https://repo.maven.apache.org/maven2/com/google/j2objc/j2objc-annotations/1.3/j2objc-annotations-1.3.pom
Progress (1): 2.8 kB                    Downloaded from central: https://repo.maven.apache.org/maven2/com/google/j2objc/j2objc-annotations/1.3/j2objc-annotations-1.3.pom (2.8 kB at 230 kB/s)
Downloading from central: https://repo.maven.apache.org/maven2/org/apache/commons/commons-lang3/3.7/commons-lang3-3.7.pom
Progress (1): 16/28 kBProgress (1): 28 kB                      Downloaded from central: https://repo.maven.apache.org/maven2/org/apache/commons/commons-lang3/3.7/commons-lang3-3.7.pom (28 kB at 1.1 MB/s)
Downloading from central: https://repo.maven.apache.org/maven2/org/springframework/boot/spring-boot-buildpack-platform/3.0.6/spring-boot-buildpack-platform-3.0.6.jar
Progress (1): 16/255 kBProgress (1): 32/255 kBProgress (1): 49/255 kBProgress (1): 65/255 kBProgress (1): 81/255 kBProgress (1): 98/255 kBProgress (1): 114/255 kBProgress (1): 131/255 kBProgress (1): 147/255 kBProgress (1): 163/255 kBProgress (1): 180/255 kBProgress (1): 196/255 kBProgress (1): 212/255 kBProgress (1): 229/255 kBProgress (1): 245/255 kBProgress (1): 255 kB                        Downloaded from central: https://repo.maven.apache.org/maven2/org/springframework/boot/spring-boot-buildpack-platform/3.0.6/spring-boot-buildpack-platform-3.0.6.jar (255 kB at 6.1 MB/s)
Downloading from central: https://repo.maven.apache.org/maven2/net/java/dev/jna/jna/5.7.0/jna-5.7.0.jar
Downloading from central: https://repo.maven.apache.org/maven2/net/java/dev/jna/jna-platform/5.7.0/jna-platform-5.7.0.jar
Downloading from central: https://repo.maven.apache.org/maven2/org/apache/httpcomponents/httpclient/4.5.14/httpclient-4.5.14.jar
Downloading from central: https://repo.maven.apache.org/maven2/commons-codec/commons-codec/1.11/commons-codec-1.11.jar
Downloading from central: https://repo.maven.apache.org/maven2/org/apache/httpcomponents/httpcore/4.4.16/httpcore-4.4.16.jar
Progress (1): 0/1.7 MBProgress (1): 0/1.7 MBProgress (1): 0/1.7 MBProgress (2): 0/1.7 MB | 0/1.3 MBProgress (2): 0/1.7 MB | 0/1.3 MBProgress (3): 0/1.7 MB | 0/1.3 MB | 16/786 kBProgress (4): 0/1.7 MB | 0/1.3 MB | 16/786 kB | 16/335 kBProgress (4): 0.1/1.7 MB | 0/1.3 MB | 16/786 kB | 16/335 kBProgress (4): 0.1/1.7 MB | 0/1.3 MB | 16/786 kB | 16/335 kBProgress (4): 0.1/1.7 MB | 0/1.3 MB | 32/786 kB | 16/335 kBProgress (4): 0.1/1.7 MB | 0.1/1.3 MB | 32/786 kB | 16/335 kBProgress (5): 0.1/1.7 MB | 0.1/1.3 MB | 32/786 kB | 16/335 kB | 16/328 kBProgress (5): 0.1/1.7 MB | 0.1/1.3 MB | 32/786 kB | 16/335 kB | 16/328 kBProgress (5): 0.1/1.7 MB | 0.1/1.3 MB | 32/786 kB | 33/335 kB | 16/328 kBProgress (5): 0.1/1.7 MB | 0.1/1.3 MB | 32/786 kB | 33/335 kB | 33/328 kBProgress (5): 0.1/1.7 MB | 0.1/1.3 MB | 32/786 kB | 49/335 kB | 33/328 kBProgress (5): 0.1/1.7 MB | 0.1/1.3 MB | 32/786 kB | 49/335 kB | 33/328 kBProgress (5): 0.1/1.7 MB | 0.1/1.3 MB | 32/786 kB | 49/335 kB | 33/328 kBProgress (5): 0.1/1.7 MB | 0.1/1.3 MB | 32/786 kB | 49/335 kB | 33/328 kBProgress (5): 0.1/1.7 MB | 0.1/1.3 MB | 32/786 kB | 49/335 kB | 33/328 kBProgress (5): 0.1/1.7 MB | 0.1/1.3 MB | 49/786 kB | 49/335 kB | 33/328 kBProgress (5): 0.1/1.7 MB | 0.1/1.3 MB | 65/786 kB | 49/335 kB | 33/328 kBProgress (5): 0.1/1.7 MB | 0.1/1.3 MB | 65/786 kB | 49/335 kB | 49/328 kBProgress (5): 0.1/1.7 MB | 0.1/1.3 MB | 65/786 kB | 49/335 kB | 49/328 kBProgress (5): 0.1/1.7 MB | 0.1/1.3 MB | 65/786 kB | 66/335 kB | 49/328 kBProgress (5): 0.1/1.7 MB | 0.1/1.3 MB | 65/786 kB | 82/335 kB | 49/328 kBProgress (5): 0.1/1.7 MB | 0.1/1.3 MB | 65/786 kB | 82/335 kB | 66/328 kBProgress (5): 0.1/1.7 MB | 0.1/1.3 MB | 81/786 kB | 82/335 kB | 66/328 kBProgress (5): 0.1/1.7 MB | 0.1/1.3 MB | 81/786 kB | 82/335 kB | 66/328 kBProgress (5): 0.1/1.7 MB | 0.1/1.3 MB | 81/786 kB | 82/335 kB | 82/328 kBProgress (5): 0.1/1.7 MB | 0.1/1.3 MB | 81/786 kB | 82/335 kB | 82/328 kBProgress (5): 0.1/1.7 MB | 0.1/1.3 MB | 98/786 kB | 82/335 kB | 82/328 kBProgress (5): 0.1/1.7 MB | 0.1/1.3 MB | 98/786 kB | 98/335 kB | 82/328 kBProgress (5): 0.1/1.7 MB | 0.1/1.3 MB | 98/786 kB | 98/335 kB | 82/328 kBProgress (5): 0.1/1.7 MB | 0.1/1.3 MB | 98/786 kB | 98/335 kB | 98/328 kBProgress (5): 0.1/1.7 MB | 0.1/1.3 MB | 114/786 kB | 98/335 kB | 98/328 kBProgress (5): 0.1/1.7 MB | 0.1/1.3 MB | 114/786 kB | 115/335 kB | 98/328 kBProgress (5): 0.2/1.7 MB | 0.1/1.3 MB | 114/786 kB | 115/335 kB | 98/328 kBProgress (5): 0.2/1.7 MB | 0.1/1.3 MB | 114/786 kB | 115/335 kB | 98/328 kBProgress (5): 0.2/1.7 MB | 0.1/1.3 MB | 114/786 kB | 131/335 kB | 98/328 kBProgress (5): 0.2/1.7 MB | 0.1/1.3 MB | 114/786 kB | 131/335 kB | 115/328 kBProgress (5): 0.2/1.7 MB | 0.1/1.3 MB | 114/786 kB | 131/335 kB | 115/328 kBProgress (5): 0.2/1.7 MB | 0.1/1.3 MB | 131/786 kB | 131/335 kB | 115/328 kBProgress (5): 0.2/1.7 MB | 0.1/1.3 MB | 131/786 kB | 147/335 kB | 115/328 kBProgress (5): 0.2/1.7 MB | 0.1/1.3 MB | 131/786 kB | 147/335 kB | 131/328 kBProgress (5): 0.2/1.7 MB | 0.1/1.3 MB | 147/786 kB | 147/335 kB | 131/328 kBProgress (5): 0.2/1.7 MB | 0.1/1.3 MB | 163/786 kB | 147/335 kB | 131/328 kBProgress (5): 0.2/1.7 MB | 0.1/1.3 MB | 163/786 kB | 147/335 kB | 131/328 kBProgress (5): 0.2/1.7 MB | 0.1/1.3 MB | 163/786 kB | 147/335 kB | 131/328 kBProgress (5): 0.2/1.7 MB | 0.1/1.3 MB | 163/786 kB | 164/335 kB | 131/328 kBProgress (5): 0.2/1.7 MB | 0.1/1.3 MB | 163/786 kB | 164/335 kB | 131/328 kBProgress (5): 0.2/1.7 MB | 0.1/1.3 MB | 180/786 kB | 164/335 kB | 131/328 kBProgress (5): 0.2/1.7 MB | 0.1/1.3 MB | 180/786 kB | 180/335 kB | 131/328 kBProgress (5): 0.2/1.7 MB | 0.2/1.3 MB | 180/786 kB | 180/335 kB | 131/328 kBProgress (5): 0.2/1.7 MB | 0.2/1.3 MB | 180/786 kB | 180/335 kB | 131/328 kBProgress (5): 0.2/1.7 MB | 0.2/1.3 MB | 180/786 kB | 180/335 kB | 131/328 kBProgress (5): 0.2/1.7 MB | 0.2/1.3 MB | 196/786 kB | 180/335 kB | 131/328 kBProgress (5): 0.2/1.7 MB | 0.2/1.3 MB | 212/786 kB | 180/335 kB | 131/328 kBProgress (5): 0.2/1.7 MB | 0.2/1.3 MB | 212/786 kB | 180/335 kB | 131/328 kBProgress (5): 0.2/1.7 MB | 0.2/1.3 MB | 212/786 kB | 180/335 kB | 131/328 kBProgress (5): 0.2/1.7 MB | 0.2/1.3 MB | 212/786 kB | 180/335 kB | 131/328 kBProgress (5): 0.2/1.7 MB | 0.2/1.3 MB | 212/786 kB | 180/335 kB | 131/328 kBProgress (5): 0.3/1.7 MB | 0.2/1.3 MB | 212/786 kB | 180/335 kB | 131/328 kBProgress (5): 0.3/1.7 MB | 0.2/1.3 MB | 212/786 kB | 180/335 kB | 147/328 kBProgress (5): 0.3/1.7 MB | 0.2/1.3 MB | 229/786 kB | 180/335 kB | 147/328 kBProgress (5): 0.3/1.7 MB | 0.3/1.3 MB | 229/786 kB | 180/335 kB | 147/328 kBProgress (5): 0.3/1.7 MB | 0.3/1.3 MB | 229/786 kB | 180/335 kB | 164/328 kBProgress (5): 0.3/1.7 MB | 0.3/1.3 MB | 229/786 kB | 180/335 kB | 164/328 kBProgress (5): 0.3/1.7 MB | 0.3/1.3 MB | 229/786 kB | 180/335 kB | 164/328 kBProgress (5): 0.3/1.7 MB | 0.3/1.3 MB | 229/786 kB | 180/335 kB | 180/328 kBProgress (5): 0.3/1.7 MB | 0.3/1.3 MB | 245/786 kB | 180/335 kB | 180/328 kBProgress (5): 0.3/1.7 MB | 0.3/1.3 MB | 245/786 kB | 180/335 kB | 180/328 kBProgress (5): 0.3/1.7 MB | 0.3/1.3 MB | 245/786 kB | 180/335 kB | 180/328 kBProgress (5): 0.3/1.7 MB | 0.3/1.3 MB | 245/786 kB | 197/335 kB | 180/328 kBProgress (5): 0.3/1.7 MB | 0.3/1.3 MB | 245/786 kB | 197/335 kB | 180/328 kBProgress (5): 0.3/1.7 MB | 0.3/1.3 MB | 245/786 kB | 213/335 kB | 180/328 kBProgress (5): 0.3/1.7 MB | 0.3/1.3 MB | 245/786 kB | 213/335 kB | 180/328 kBProgress (5): 0.3/1.7 MB | 0.3/1.3 MB | 245/786 kB | 213/335 kB | 180/328 kBProgress (5): 0.3/1.7 MB | 0.3/1.3 MB | 245/786 kB | 229/335 kB | 180/328 kBProgress (5): 0.3/1.7 MB | 0.3/1.3 MB | 245/786 kB | 229/335 kB | 197/328 kBProgress (5): 0.3/1.7 MB | 0.3/1.3 MB | 245/786 kB | 229/335 kB | 213/328 kBProgress (5): 0.3/1.7 MB | 0.3/1.3 MB | 245/786 kB | 229/335 kB | 229/328 kBProgress (5): 0.3/1.7 MB | 0.3/1.3 MB | 245/786 kB | 229/335 kB | 246/328 kBProgress (5): 0.3/1.7 MB | 0.3/1.3 MB | 245/786 kB | 229/335 kB | 256/328 kBProgress (5): 0.3/1.7 MB | 0.3/1.3 MB | 245/786 kB | 229/335 kB | 256/328 kBProgress (5): 0.3/1.7 MB | 0.3/1.3 MB | 245/786 kB | 229/335 kB | 272/328 kBProgress (5): 0.3/1.7 MB | 0.3/1.3 MB | 245/786 kB | 246/335 kB | 272/328 kBProgress (5): 0.4/1.7 MB | 0.3/1.3 MB | 245/786 kB | 246/335 kB | 272/328 kBProgress (5): 0.4/1.7 MB | 0.3/1.3 MB | 245/786 kB | 246/335 kB | 272/328 kBProgress (5): 0.4/1.7 MB | 0.3/1.3 MB | 245/786 kB | 246/335 kB | 272/328 kBProgress (5): 0.4/1.7 MB | 0.3/1.3 MB | 245/786 kB | 262/335 kB | 272/328 kBProgress (5): 0.4/1.7 MB | 0.4/1.3 MB | 245/786 kB | 262/335 kB | 272/328 kBProgress (5): 0.4/1.7 MB | 0.4/1.3 MB | 245/786 kB | 262/335 kB | 289/328 kBProgress (5): 0.4/1.7 MB | 0.4/1.3 MB | 245/786 kB | 262/335 kB | 289/328 kBProgress (5): 0.4/1.7 MB | 0.4/1.3 MB | 245/786 kB | 279/335 kB | 289/328 kBProgress (5): 0.4/1.7 MB | 0.4/1.3 MB | 245/786 kB | 279/335 kB | 305/328 kBProgress (5): 0.4/1.7 MB | 0.4/1.3 MB | 245/786 kB | 279/335 kB | 305/328 kBProgress (5): 0.4/1.7 MB | 0.4/1.3 MB | 245/786 kB | 279/335 kB | 321/328 kBProgress (5): 0.4/1.7 MB | 0.4/1.3 MB | 245/786 kB | 279/335 kB | 328 kB    Progress (5): 0.4/1.7 MB | 0.4/1.3 MB | 245/786 kB | 295/335 kB | 328 kBProgress (5): 0.4/1.7 MB | 0.4/1.3 MB | 245/786 kB | 295/335 kB | 328 kBProgress (5): 0.4/1.7 MB | 0.4/1.3 MB | 245/786 kB | 311/335 kB | 328 kBProgress (5): 0.4/1.7 MB | 0.4/1.3 MB | 245/786 kB | 311/335 kB | 328 kBProgress (5): 0.4/1.7 MB | 0.4/1.3 MB | 245/786 kB | 311/335 kB | 328 kBProgress (5): 0.4/1.7 MB | 0.4/1.3 MB | 245/786 kB | 328/335 kB | 328 kBProgress (5): 0.4/1.7 MB | 0.4/1.3 MB | 245/786 kB | 335 kB | 328 kB                                                                        Downloaded from central: https://repo.maven.apache.org/maven2/org/apache/httpcomponents/httpcore/4.4.16/httpcore-4.4.16.jar (328 kB at 1.4 MB/s)
Downloaded from central: https://repo.maven.apache.org/maven2/commons-codec/commons-codec/1.11/commons-codec-1.11.jar (335 kB at 1.5 MB/s)
Downloading from central: https://repo.maven.apache.org/maven2/org/antlr/antlr4-runtime/4.7.2/antlr4-runtime-4.7.2.jar
Progress (3): 0.4/1.7 MB | 0.4/1.3 MB | 245/786 kBProgress (3): 0.4/1.7 MB | 0.4/1.3 MB | 245/786 kBProgress (3): 0.4/1.7 MB | 0.4/1.3 MB | 245/786 kB                                                  Downloading from central: https://repo.maven.apache.org/maven2/org/tomlj/tomlj/1.0.0/tomlj-1.0.0.jar
Progress (3): 0.5/1.7 MB | 0.4/1.3 MB | 245/786 kBProgress (3): 0.5/1.7 MB | 0.4/1.3 MB | 245/786 kBProgress (4): 0.5/1.7 MB | 0.4/1.3 MB | 245/786 kB | 16/338 kBProgress (5): 0.5/1.7 MB | 0.4/1.3 MB | 245/786 kB | 16/338 kB | 16/157 kBProgress (5): 0.5/1.7 MB | 0.4/1.3 MB | 245/786 kB | 16/338 kB | 33/157 kBProgress (5): 0.5/1.7 MB | 0.4/1.3 MB | 245/786 kB | 32/338 kB | 33/157 kBProgress (5): 0.5/1.7 MB | 0.4/1.3 MB | 245/786 kB | 32/338 kB | 33/157 kBProgress (5): 0.5/1.7 MB | 0.4/1.3 MB | 245/786 kB | 32/338 kB | 49/157 kBProgress (5): 0.5/1.7 MB | 0.4/1.3 MB | 245/786 kB | 49/338 kB | 49/157 kBProgress (5): 0.5/1.7 MB | 0.4/1.3 MB | 245/786 kB | 49/338 kB | 49/157 kBProgress (5): 0.5/1.7 MB | 0.4/1.3 MB | 245/786 kB | 65/338 kB | 49/157 kBProgress (5): 0.5/1.7 MB | 0.5/1.3 MB | 245/786 kB | 65/338 kB | 49/157 kBProgress (5): 0.5/1.7 MB | 0.5/1.3 MB | 245/786 kB | 65/338 kB | 62/157 kBProgress (5): 0.5/1.7 MB | 0.5/1.3 MB | 245/786 kB | 65/338 kB | 78/157 kBProgress (5): 0.5/1.7 MB | 0.5/1.3 MB | 245/786 kB | 81/338 kB | 78/157 kBProgress (5): 0.5/1.7 MB | 0.5/1.3 MB | 262/786 kB | 81/338 kB | 78/157 kBProgress (5): 0.5/1.7 MB | 0.5/1.3 MB | 278/786 kB | 81/338 kB | 78/157 kBProgress (5): 0.5/1.7 MB | 0.5/1.3 MB | 294/786 kB | 81/338 kB | 78/157 kBProgress (5): 0.5/1.7 MB | 0.5/1.3 MB | 294/786 kB | 81/338 kB | 94/157 kBProgress (5): 0.5/1.7 MB | 0.5/1.3 MB | 294/786 kB | 98/338 kB | 94/157 kBProgress (5): 0.5/1.7 MB | 0.5/1.3 MB | 294/786 kB | 98/338 kB | 94/157 kBProgress (5): 0.5/1.7 MB | 0.5/1.3 MB | 294/786 kB | 98/338 kB | 111/157 kBProgress (5): 0.5/1.7 MB | 0.5/1.3 MB | 294/786 kB | 98/338 kB | 111/157 kBProgress (5): 0.5/1.7 MB | 0.5/1.3 MB | 294/786 kB | 98/338 kB | 111/157 kBProgress (5): 0.5/1.7 MB | 0.5/1.3 MB | 294/786 kB | 114/338 kB | 111/157 kBProgress (5): 0.5/1.7 MB | 0.5/1.3 MB | 311/786 kB | 114/338 kB | 111/157 kBProgress (5): 0.5/1.7 MB | 0.5/1.3 MB | 311/786 kB | 114/338 kB | 127/157 kBProgress (5): 0.5/1.7 MB | 0.5/1.3 MB | 311/786 kB | 130/338 kB | 127/157 kBProgress (5): 0.5/1.7 MB | 0.5/1.3 MB | 327/786 kB | 130/338 kB | 127/157 kBProgress (5): 0.5/1.7 MB | 0.5/1.3 MB | 344/786 kB | 130/338 kB | 127/157 kBProgress (5): 0.5/1.7 MB | 0.5/1.3 MB | 344/786 kB | 130/338 kB | 127/157 kBProgress (5): 0.5/1.7 MB | 0.5/1.3 MB | 344/786 kB | 130/338 kB | 127/157 kBProgress (5): 0.5/1.7 MB | 0.5/1.3 MB | 344/786 kB | 130/338 kB | 143/157 kBProgress (5): 0.5/1.7 MB | 0.6/1.3 MB | 344/786 kB | 130/338 kB | 143/157 kBProgress (5): 0.5/1.7 MB | 0.6/1.3 MB | 344/786 kB | 130/338 kB | 157 kB    Progress (5): 0.5/1.7 MB | 0.6/1.3 MB | 344/786 kB | 147/338 kB | 157 kBProgress (5): 0.5/1.7 MB | 0.6/1.3 MB | 344/786 kB | 147/338 kB | 157 kBProgress (5): 0.5/1.7 MB | 0.6/1.3 MB | 344/786 kB | 163/338 kB | 157 kB                                                                        Downloaded from central: https://repo.maven.apache.org/maven2/org/tomlj/tomlj/1.0.0/tomlj-1.0.0.jar (157 kB at 478 kB/s)
Progress (4): 0.5/1.7 MB | 0.6/1.3 MB | 344/786 kB | 163/338 kBProgress (4): 0.5/1.7 MB | 0.6/1.3 MB | 360/786 kB | 163/338 kBProgress (4): 0.5/1.7 MB | 0.6/1.3 MB | 360/786 kB | 180/338 kBProgress (4): 0.5/1.7 MB | 0.6/1.3 MB | 360/786 kB | 180/338 kB                                                               Downloading from central: https://repo.maven.apache.org/maven2/com/google/code/findbugs/jsr305/3.0.2/jsr305-3.0.2.jar
Progress (4): 0.5/1.7 MB | 0.6/1.3 MB | 360/786 kB | 196/338 kBProgress (4): 0.5/1.7 MB | 0.6/1.3 MB | 376/786 kB | 196/338 kBProgress (4): 0.5/1.7 MB | 0.6/1.3 MB | 376/786 kB | 196/338 kBProgress (4): 0.5/1.7 MB | 0.6/1.3 MB | 393/786 kB | 196/338 kBProgress (4): 0.5/1.7 MB | 0.6/1.3 MB | 402/786 kB | 196/338 kBProgress (4): 0.5/1.7 MB | 0.6/1.3 MB | 402/786 kB | 196/338 kBProgress (4): 0.5/1.7 MB | 0.6/1.3 MB | 402/786 kB | 212/338 kBProgress (4): 0.5/1.7 MB | 0.6/1.3 MB | 418/786 kB | 212/338 kBProgress (4): 0.5/1.7 MB | 0.6/1.3 MB | 435/786 kB | 212/338 kBProgress (4): 0.5/1.7 MB | 0.6/1.3 MB | 435/786 kB | 229/338 kBProgress (5): 0.5/1.7 MB | 0.6/1.3 MB | 435/786 kB | 229/338 kB | 16/20 kBProgress (5): 0.5/1.7 MB | 0.6/1.3 MB | 435/786 kB | 245/338 kB | 16/20 kBProgress (5): 0.5/1.7 MB | 0.6/1.3 MB | 451/786 kB | 245/338 kB | 16/20 kBProgress (5): 0.5/1.7 MB | 0.6/1.3 MB | 451/786 kB | 245/338 kB | 16/20 kBProgress (5): 0.5/1.7 MB | 0.6/1.3 MB | 451/786 kB | 245/338 kB | 20 kB   Progress (5): 0.5/1.7 MB | 0.6/1.3 MB | 468/786 kB | 245/338 kB | 20 kBProgress (5): 0.5/1.7 MB | 0.7/1.3 MB | 468/786 kB | 245/338 kB | 20 kBProgress (5): 0.5/1.7 MB | 0.7/1.3 MB | 484/786 kB | 245/338 kB | 20 kBProgress (5): 0.5/1.7 MB | 0.7/1.3 MB | 500/786 kB | 245/338 kB | 20 kB                                                                       Downloaded from central: https://repo.maven.apache.org/maven2/com/google/code/findbugs/jsr305/3.0.2/jsr305-3.0.2.jar (20 kB at 54 kB/s)
Downloading from central: https://repo.maven.apache.org/maven2/org/springframework/boot/spring-boot-loader-tools/3.0.6/spring-boot-loader-tools-3.0.6.jar
Progress (4): 0.5/1.7 MB | 0.7/1.3 MB | 517/786 kB | 245/338 kBProgress (4): 0.5/1.7 MB | 0.7/1.3 MB | 533/786 kB | 245/338 kBProgress (4): 0.5/1.7 MB | 0.7/1.3 MB | 549/786 kB | 245/338 kBProgress (4): 0.5/1.7 MB | 0.7/1.3 MB | 549/786 kB | 245/338 kBProgress (4): 0.5/1.7 MB | 0.7/1.3 MB | 549/786 kB | 245/338 kBProgress (4): 0.5/1.7 MB | 0.7/1.3 MB | 566/786 kB | 245/338 kBProgress (4): 0.5/1.7 MB | 0.7/1.3 MB | 566/786 kB | 245/338 kBProgress (4): 0.5/1.7 MB | 0.7/1.3 MB | 582/786 kB | 245/338 kBProgress (4): 0.5/1.7 MB | 0.7/1.3 MB | 582/786 kB | 262/338 kBProgress (4): 0.5/1.7 MB | 0.7/1.3 MB | 582/786 kB | 278/338 kBProgress (4): 0.5/1.7 MB | 0.7/1.3 MB | 582/786 kB | 278/338 kBProgress (5): 0.5/1.7 MB | 0.7/1.3 MB | 582/786 kB | 278/338 kB | 16/251 kBProgress (5): 0.5/1.7 MB | 0.7/1.3 MB | 582/786 kB | 278/338 kB | 33/251 kBProgress (5): 0.5/1.7 MB | 0.7/1.3 MB | 582/786 kB | 294/338 kB | 33/251 kBProgress (5): 0.5/1.7 MB | 0.7/1.3 MB | 599/786 kB | 294/338 kB | 33/251 kBProgress (5): 0.5/1.7 MB | 0.7/1.3 MB | 599/786 kB | 311/338 kB | 33/251 kBProgress (5): 0.5/1.7 MB | 0.7/1.3 MB | 599/786 kB | 311/338 kB | 49/251 kBProgress (5): 0.5/1.7 MB | 0.7/1.3 MB | 599/786 kB | 311/338 kB | 49/251 kBProgress (5): 0.5/1.7 MB | 0.7/1.3 MB | 599/786 kB | 327/338 kB | 49/251 kBProgress (5): 0.5/1.7 MB | 0.7/1.3 MB | 599/786 kB | 338 kB | 49/251 kB    Progress (5): 0.5/1.7 MB | 0.7/1.3 MB | 599/786 kB | 338 kB | 66/251 kB                                                                       Downloaded from central: https://repo.maven.apache.org/maven2/org/antlr/antlr4-runtime/4.7.2/antlr4-runtime-4.7.2.jar (338 kB at 808 kB/s)
Downloading from central: https://repo.maven.apache.org/maven2/org/codehaus/plexus/plexus-utils/1.5.8/plexus-utils-1.5.8.jar
Progress (4): 0.5/1.7 MB | 0.8/1.3 MB | 599/786 kB | 66/251 kBProgress (4): 0.5/1.7 MB | 0.8/1.3 MB | 599/786 kB | 66/251 kBProgress (4): 0.5/1.7 MB | 0.8/1.3 MB | 615/786 kB | 66/251 kBProgress (4): 0.5/1.7 MB | 0.8/1.3 MB | 615/786 kB | 66/251 kBProgress (4): 0.5/1.7 MB | 0.8/1.3 MB | 631/786 kB | 66/251 kBProgress (4): 0.5/1.7 MB | 0.8/1.3 MB | 631/786 kB | 66/251 kBProgress (4): 0.5/1.7 MB | 0.8/1.3 MB | 631/786 kB | 66/251 kBProgress (4): 0.5/1.7 MB | 0.8/1.3 MB | 631/786 kB | 66/251 kBProgress (4): 0.6/1.7 MB | 0.8/1.3 MB | 631/786 kB | 66/251 kBProgress (4): 0.6/1.7 MB | 0.8/1.3 MB | 631/786 kB | 66/251 kBProgress (4): 0.6/1.7 MB | 0.8/1.3 MB | 631/786 kB | 66/251 kBProgress (4): 0.6/1.7 MB | 0.8/1.3 MB | 648/786 kB | 66/251 kBProgress (4): 0.6/1.7 MB | 0.8/1.3 MB | 648/786 kB | 66/251 kBProgress (4): 0.6/1.7 MB | 0.8/1.3 MB | 664/786 kB | 66/251 kBProgress (4): 0.6/1.7 MB | 0.8/1.3 MB | 664/786 kB | 66/251 kBProgress (4): 0.6/1.7 MB | 0.8/1.3 MB | 681/786 kB | 66/251 kBProgress (4): 0.6/1.7 MB | 0.8/1.3 MB | 697/786 kB | 66/251 kBProgress (4): 0.6/1.7 MB | 0.8/1.3 MB | 697/786 kB | 66/251 kBProgress (4): 0.6/1.7 MB | 0.8/1.3 MB | 697/786 kB | 66/251 kBProgress (4): 0.6/1.7 MB | 0.8/1.3 MB | 697/786 kB | 82/251 kBProgress (5): 0.6/1.7 MB | 0.8/1.3 MB | 697/786 kB | 82/251 kB | 16/268 kBProgress (5): 0.6/1.7 MB | 0.8/1.3 MB | 697/786 kB | 82/251 kB | 16/268 kBProgress (5): 0.6/1.7 MB | 0.8/1.3 MB | 697/786 kB | 82/251 kB | 16/268 kBProgress (5): 0.6/1.7 MB | 0.8/1.3 MB | 697/786 kB | 82/251 kB | 33/268 kBProgress (5): 0.6/1.7 MB | 0.8/1.3 MB | 713/786 kB | 82/251 kB | 33/268 kBProgress (5): 0.6/1.7 MB | 0.8/1.3 MB | 713/786 kB | 98/251 kB | 33/268 kBProgress (5): 0.6/1.7 MB | 0.8/1.3 MB | 713/786 kB | 115/251 kB | 33/268 kBProgress (5): 0.6/1.7 MB | 0.8/1.3 MB | 730/786 kB | 115/251 kB | 33/268 kBProgress (5): 0.6/1.7 MB | 0.8/1.3 MB | 730/786 kB | 131/251 kB | 33/268 kBProgress (5): 0.6/1.7 MB | 0.8/1.3 MB | 730/786 kB | 147/251 kB | 33/268 kBProgress (5): 0.6/1.7 MB | 0.8/1.3 MB | 730/786 kB | 147/251 kB | 49/268 kBProgress (5): 0.6/1.7 MB | 0.8/1.3 MB | 730/786 kB | 147/251 kB | 49/268 kBProgress (5): 0.7/1.7 MB | 0.8/1.3 MB | 730/786 kB | 147/251 kB | 49/268 kBProgress (5): 0.7/1.7 MB | 0.8/1.3 MB | 730/786 kB | 147/251 kB | 66/268 kBProgress (5): 0.7/1.7 MB | 0.8/1.3 MB | 730/786 kB | 164/251 kB | 66/268 kBProgress (5): 0.7/1.7 MB | 0.8/1.3 MB | 730/786 kB | 180/251 kB | 66/268 kBProgress (5): 0.7/1.7 MB | 0.8/1.3 MB | 730/786 kB | 197/251 kB | 66/268 kBProgress (5): 0.7/1.7 MB | 0.8/1.3 MB | 730/786 kB | 213/251 kB | 66/268 kBProgress (5): 0.7/1.7 MB | 0.8/1.3 MB | 730/786 kB | 213/251 kB | 82/268 kBProgress (5): 0.7/1.7 MB | 0.9/1.3 MB | 730/786 kB | 213/251 kB | 82/268 kBProgress (5): 0.7/1.7 MB | 0.9/1.3 MB | 746/786 kB | 213/251 kB | 82/268 kBProgress (5): 0.7/1.7 MB | 0.9/1.3 MB | 746/786 kB | 213/251 kB | 82/268 kBProgress (5): 0.7/1.7 MB | 0.9/1.3 MB | 762/786 kB | 213/251 kB | 82/268 kBProgress (5): 0.7/1.7 MB | 0.9/1.3 MB | 762/786 kB | 213/251 kB | 82/268 kBProgress (5): 0.7/1.7 MB | 0.9/1.3 MB | 762/786 kB | 229/251 kB | 82/268 kBProgress (5): 0.7/1.7 MB | 0.9/1.3 MB | 762/786 kB | 229/251 kB | 82/268 kBProgress (5): 0.7/1.7 MB | 0.9/1.3 MB | 762/786 kB | 229/251 kB | 82/268 kBProgress (5): 0.7/1.7 MB | 0.9/1.3 MB | 762/786 kB | 229/251 kB | 82/268 kBProgress (5): 0.7/1.7 MB | 0.9/1.3 MB | 762/786 kB | 229/251 kB | 82/268 kBProgress (5): 0.7/1.7 MB | 0.9/1.3 MB | 762/786 kB | 229/251 kB | 82/268 kBProgress (5): 0.8/1.7 MB | 0.9/1.3 MB | 762/786 kB | 229/251 kB | 82/268 kBProgress (5): 0.8/1.7 MB | 0.9/1.3 MB | 779/786 kB | 229/251 kB | 82/268 kBProgress (5): 0.8/1.7 MB | 0.9/1.3 MB | 779/786 kB | 229/251 kB | 82/268 kBProgress (5): 0.8/1.7 MB | 0.9/1.3 MB | 786 kB | 229/251 kB | 82/268 kB    Progress (5): 0.8/1.7 MB | 0.9/1.3 MB | 786 kB | 229/251 kB | 82/268 kBProgress (5): 0.8/1.7 MB | 0.9/1.3 MB | 786 kB | 229/251 kB | 98/268 kBProgress (5): 0.8/1.7 MB | 0.9/1.3 MB | 786 kB | 229/251 kB | 98/268 kBProgress (5): 0.8/1.7 MB | 0.9/1.3 MB | 786 kB | 229/251 kB | 98/268 kBProgress (5): 0.8/1.7 MB | 0.9/1.3 MB | 786 kB | 229/251 kB | 98/268 kBProgress (5): 0.8/1.7 MB | 0.9/1.3 MB | 786 kB | 229/251 kB | 115/268 kBProgress (5): 0.8/1.7 MB | 0.9/1.3 MB | 786 kB | 229/251 kB | 115/268 kBProgress (5): 0.8/1.7 MB | 0.9/1.3 MB | 786 kB | 229/251 kB | 115/268 kBProgress (5): 0.8/1.7 MB | 0.9/1.3 MB | 786 kB | 229/251 kB | 115/268 kBProgress (5): 0.9/1.7 MB | 0.9/1.3 MB | 786 kB | 229/251 kB | 115/268 kBProgress (5): 0.9/1.7 MB | 0.9/1.3 MB | 786 kB | 229/251 kB | 115/268 kBProgress (5): 0.9/1.7 MB | 0.9/1.3 MB | 786 kB | 229/251 kB | 115/268 kBProgress (5): 0.9/1.7 MB | 0.9/1.3 MB | 786 kB | 229/251 kB | 115/268 kBProgress (5): 0.9/1.7 MB | 0.9/1.3 MB | 786 kB | 246/251 kB | 115/268 kBProgress (5): 0.9/1.7 MB | 0.9/1.3 MB | 786 kB | 246/251 kB | 131/268 kBProgress (5): 0.9/1.7 MB | 0.9/1.3 MB | 786 kB | 251 kB | 131/268 kB    Progress (5): 0.9/1.7 MB | 0.9/1.3 MB | 786 kB | 251 kB | 147/268 kB                                                                    Downloaded from central: https://repo.maven.apache.org/maven2/org/springframework/boot/spring-boot-loader-tools/3.0.6/spring-boot-loader-tools-3.0.6.jar (251 kB at 478 kB/s)
Downloading from central: https://repo.maven.apache.org/maven2/org/apache/maven/plugins/maven-shade-plugin/3.2.4/maven-shade-plugin-3.2.4.jar
Progress (4): 0.9/1.7 MB | 0.9/1.3 MB | 786 kB | 164/268 kBProgress (4): 0.9/1.7 MB | 1.0/1.3 MB | 786 kB | 164/268 kBProgress (4): 0.9/1.7 MB | 1.0/1.3 MB | 786 kB | 164/268 kBProgress (4): 0.9/1.7 MB | 1.0/1.3 MB | 786 kB | 180/268 kBProgress (4): 0.9/1.7 MB | 1.0/1.3 MB | 786 kB | 197/268 kBProgress (4): 0.9/1.7 MB | 1.0/1.3 MB | 786 kB | 213/268 kBProgress (4): 0.9/1.7 MB | 1.0/1.3 MB | 786 kB | 213/268 kBProgress (4): 0.9/1.7 MB | 1.0/1.3 MB | 786 kB | 229/268 kBProgress (4): 0.9/1.7 MB | 1.0/1.3 MB | 786 kB | 229/268 kBProgress (4): 0.9/1.7 MB | 1.0/1.3 MB | 786 kB | 246/268 kBProgress (4): 0.9/1.7 MB | 1.0/1.3 MB | 786 kB | 246/268 kBProgress (4): 1.0/1.7 MB | 1.0/1.3 MB | 786 kB | 246/268 kBProgress (5): 1.0/1.7 MB | 1.0/1.3 MB | 786 kB | 246/268 kB | 16/134 kB                                                                       Downloaded from central: https://repo.maven.apache.org/maven2/org/apache/httpcomponents/httpclient/4.5.14/httpclient-4.5.14.jar (786 kB at 1.3 MB/s)
Progress (4): 1.0/1.7 MB | 1.0/1.3 MB | 246/268 kB | 16/134 kBProgress (4): 1.0/1.7 MB | 1.0/1.3 MB | 246/268 kB | 33/134 kBProgress (4): 1.0/1.7 MB | 1.0/1.3 MB | 246/268 kB | 33/134 kBProgress (4): 1.0/1.7 MB | 1.0/1.3 MB | 246/268 kB | 33/134 kBProgress (4): 1.0/1.7 MB | 1.0/1.3 MB | 262/268 kB | 33/134 kBProgress (4): 1.0/1.7 MB | 1.0/1.3 MB | 262/268 kB | 33/134 kBProgress (4): 1.0/1.7 MB | 1.0/1.3 MB | 268 kB | 33/134 kB    Progress (4): 1.0/1.7 MB | 1.0/1.3 MB | 268 kB | 33/134 kBProgress (4): 1.0/1.7 MB | 1.0/1.3 MB | 268 kB | 33/134 kB                                                          Downloading from central: https://repo.maven.apache.org/maven2/org/apache/maven/maven-plugin-api/3.0/maven-plugin-api-3.0.jar
Downloaded from central: https://repo.maven.apache.org/maven2/org/codehaus/plexus/plexus-utils/1.5.8/plexus-utils-1.5.8.jar (268 kB at 451 kB/s)
Progress (3): 1.0/1.7 MB | 1.0/1.3 MB | 33/134 kBProgress (3): 1.0/1.7 MB | 1.0/1.3 MB | 33/134 kBProgress (3): 1.0/1.7 MB | 1.0/1.3 MB | 33/134 kBProgress (3): 1.0/1.7 MB | 1.1/1.3 MB | 33/134 kBProgress (3): 1.0/1.7 MB | 1.1/1.3 MB | 37/134 kBProgress (3): 1.0/1.7 MB | 1.1/1.3 MB | 37/134 kBProgress (3): 1.0/1.7 MB | 1.1/1.3 MB | 53/134 kB                                                 Downloading from central: https://repo.maven.apache.org/maven2/org/sonatype/sisu/sisu-inject-plexus/1.4.2/sisu-inject-plexus-1.4.2.jar
Progress (3): 1.0/1.7 MB | 1.1/1.3 MB | 69/134 kBProgress (3): 1.0/1.7 MB | 1.1/1.3 MB | 86/134 kBProgress (3): 1.0/1.7 MB | 1.1/1.3 MB | 102/134 kBProgress (3): 1.0/1.7 MB | 1.1/1.3 MB | 102/134 kBProgress (3): 1.0/1.7 MB | 1.1/1.3 MB | 118/134 kBProgress (3): 1.0/1.7 MB | 1.1/1.3 MB | 118/134 kBProgress (3): 1.1/1.7 MB | 1.1/1.3 MB | 118/134 kBProgress (3): 1.1/1.7 MB | 1.1/1.3 MB | 118/134 kBProgress (3): 1.1/1.7 MB | 1.1/1.3 MB | 118/134 kBProgress (3): 1.1/1.7 MB | 1.1/1.3 MB | 134 kB    Progress (3): 1.1/1.7 MB | 1.1/1.3 MB | 134 kB                                              Downloaded from central: https://repo.maven.apache.org/maven2/org/apache/maven/plugins/maven-shade-plugin/3.2.4/maven-shade-plugin-3.2.4.jar (134 kB at 220 kB/s)
Progress (3): 1.1/1.7 MB | 1.1/1.3 MB | 16/49 kB                                                Downloading from central: https://repo.maven.apache.org/maven2/org/sonatype/sisu/sisu-inject-bean/1.4.2/sisu-inject-bean-1.4.2.jar
Progress (3): 1.1/1.7 MB | 1.1/1.3 MB | 16/49 kBProgress (4): 1.1/1.7 MB | 1.1/1.3 MB | 16/49 kB | 16/202 kBProgress (4): 1.1/1.7 MB | 1.1/1.3 MB | 16/49 kB | 16/202 kBProgress (4): 1.1/1.7 MB | 1.1/1.3 MB | 16/49 kB | 16/202 kBProgress (4): 1.1/1.7 MB | 1.1/1.3 MB | 33/49 kB | 16/202 kBProgress (4): 1.1/1.7 MB | 1.1/1.3 MB | 33/49 kB | 16/202 kBProgress (4): 1.2/1.7 MB | 1.1/1.3 MB | 33/49 kB | 16/202 kBProgress (4): 1.2/1.7 MB | 1.1/1.3 MB | 33/49 kB | 16/202 kBProgress (4): 1.2/1.7 MB | 1.1/1.3 MB | 33/49 kB | 32/202 kBProgress (4): 1.2/1.7 MB | 1.1/1.3 MB | 33/49 kB | 32/202 kBProgress (4): 1.2/1.7 MB | 1.1/1.3 MB | 49 kB | 32/202 kB   Progress (4): 1.2/1.7 MB | 1.1/1.3 MB | 49 kB | 32/202 kBProgress (4): 1.2/1.7 MB | 1.1/1.3 MB | 49 kB | 32/202 kBProgress (4): 1.2/1.7 MB | 1.1/1.3 MB | 49 kB | 32/202 kB                                                         Downloaded from central: https://repo.maven.apache.org/maven2/org/apache/maven/maven-plugin-api/3.0/maven-plugin-api-3.0.jar (49 kB at 78 kB/s)
Downloading from central: https://repo.maven.apache.org/maven2/org/sonatype/sisu/sisu-guice/2.1.7/sisu-guice-2.1.7-noaop.jar
Progress (3): 1.2/1.7 MB | 1.2/1.3 MB | 32/202 kBProgress (3): 1.2/1.7 MB | 1.2/1.3 MB | 49/202 kBProgress (3): 1.2/1.7 MB | 1.2/1.3 MB | 49/202 kBProgress (3): 1.3/1.7 MB | 1.2/1.3 MB | 49/202 kBProgress (3): 1.3/1.7 MB | 1.2/1.3 MB | 49/202 kBProgress (3): 1.3/1.7 MB | 1.2/1.3 MB | 49/202 kBProgress (3): 1.3/1.7 MB | 1.2/1.3 MB | 49/202 kBProgress (3): 1.3/1.7 MB | 1.2/1.3 MB | 65/202 kBProgress (4): 1.3/1.7 MB | 1.2/1.3 MB | 65/202 kB | 16/153 kBProgress (5): 1.3/1.7 MB | 1.2/1.3 MB | 65/202 kB | 16/153 kB | 16/472 kBProgress (5): 1.3/1.7 MB | 1.2/1.3 MB | 65/202 kB | 16/153 kB | 16/472 kBProgress (5): 1.3/1.7 MB | 1.2/1.3 MB | 65/202 kB | 32/153 kB | 16/472 kBProgress (5): 1.3/1.7 MB | 1.2/1.3 MB | 65/202 kB | 32/153 kB | 16/472 kBProgress (5): 1.3/1.7 MB | 1.2/1.3 MB | 81/202 kB | 32/153 kB | 16/472 kBProgress (5): 1.3/1.7 MB | 1.2/1.3 MB | 81/202 kB | 32/153 kB | 16/472 kBProgress (5): 1.3/1.7 MB | 1.2/1.3 MB | 81/202 kB | 32/153 kB | 16/472 kBProgress (5): 1.4/1.7 MB | 1.2/1.3 MB | 81/202 kB | 32/153 kB | 16/472 kBProgress (5): 1.4/1.7 MB | 1.2/1.3 MB | 81/202 kB | 32/153 kB | 16/472 kBProgress (5): 1.4/1.7 MB | 1.2/1.3 MB | 81/202 kB | 32/153 kB | 16/472 kBProgress (5): 1.4/1.7 MB | 1.2/1.3 MB | 81/202 kB | 32/153 kB | 16/472 kBProgress (5): 1.4/1.7 MB | 1.2/1.3 MB | 98/202 kB | 32/153 kB | 16/472 kBProgress (5): 1.4/1.7 MB | 1.2/1.3 MB | 98/202 kB | 32/153 kB | 16/472 kBProgress (5): 1.4/1.7 MB | 1.2/1.3 MB | 98/202 kB | 32/153 kB | 16/472 kBProgress (5): 1.4/1.7 MB | 1.2/1.3 MB | 98/202 kB | 49/153 kB | 16/472 kBProgress (5): 1.4/1.7 MB | 1.2/1.3 MB | 98/202 kB | 49/153 kB | 32/472 kBProgress (5): 1.4/1.7 MB | 1.2/1.3 MB | 98/202 kB | 49/153 kB | 32/472 kBProgress (5): 1.4/1.7 MB | 1.2/1.3 MB | 98/202 kB | 65/153 kB | 32/472 kBProgress (5): 1.4/1.7 MB | 1.2/1.3 MB | 114/202 kB | 65/153 kB | 32/472 kBProgress (5): 1.4/1.7 MB | 1.2/1.3 MB | 131/202 kB | 65/153 kB | 32/472 kBProgress (5): 1.4/1.7 MB | 1.2/1.3 MB | 131/202 kB | 65/153 kB | 32/472 kBProgress (5): 1.4/1.7 MB | 1.2/1.3 MB | 131/202 kB | 65/153 kB | 32/472 kBProgress (5): 1.4/1.7 MB | 1.2/1.3 MB | 131/202 kB | 81/153 kB | 32/472 kBProgress (5): 1.4/1.7 MB | 1.2/1.3 MB | 131/202 kB | 81/153 kB | 49/472 kBProgress (5): 1.5/1.7 MB | 1.2/1.3 MB | 131/202 kB | 81/153 kB | 49/472 kBProgress (5): 1.5/1.7 MB | 1.2/1.3 MB | 131/202 kB | 81/153 kB | 65/472 kBProgress (5): 1.5/1.7 MB | 1.2/1.3 MB | 131/202 kB | 81/153 kB | 65/472 kBProgress (5): 1.5/1.7 MB | 1.2/1.3 MB | 131/202 kB | 81/153 kB | 81/472 kBProgress (5): 1.5/1.7 MB | 1.2/1.3 MB | 131/202 kB | 98/153 kB | 81/472 kBProgress (5): 1.5/1.7 MB | 1.3/1.3 MB | 131/202 kB | 98/153 kB | 81/472 kBProgress (5): 1.5/1.7 MB | 1.3/1.3 MB | 131/202 kB | 114/153 kB | 81/472 kBProgress (5): 1.5/1.7 MB | 1.3/1.3 MB | 131/202 kB | 114/153 kB | 81/472 kBProgress (5): 1.5/1.7 MB | 1.3/1.3 MB | 131/202 kB | 114/153 kB | 81/472 kBProgress (5): 1.5/1.7 MB | 1.3/1.3 MB | 147/202 kB | 114/153 kB | 81/472 kBProgress (5): 1.5/1.7 MB | 1.3/1.3 MB | 147/202 kB | 114/153 kB | 81/472 kBProgress (5): 1.5/1.7 MB | 1.3/1.3 MB | 163/202 kB | 114/153 kB | 81/472 kBProgress (5): 1.5/1.7 MB | 1.3/1.3 MB | 180/202 kB | 114/153 kB | 81/472 kBProgress (5): 1.5/1.7 MB | 1.3/1.3 MB | 196/202 kB | 114/153 kB | 81/472 kBProgress (5): 1.5/1.7 MB | 1.3/1.3 MB | 202 kB | 114/153 kB | 81/472 kB    Progress (5): 1.5/1.7 MB | 1.3/1.3 MB | 202 kB | 131/153 kB | 81/472 kB                                                                       Downloaded from central: https://repo.maven.apache.org/maven2/org/sonatype/sisu/sisu-inject-plexus/1.4.2/sisu-inject-plexus-1.4.2.jar (202 kB at 277 kB/s)
Progress (4): 1.5/1.7 MB | 1.3/1.3 MB | 147/153 kB | 81/472 kBProgress (4): 1.5/1.7 MB | 1.3/1.3 MB | 153 kB | 81/472 kB    Progress (4): 1.5/1.7 MB | 1.3/1.3 MB | 153 kB | 81/472 kBProgress (4): 1.5/1.7 MB | 1.3 MB | 153 kB | 81/472 kB                                                          Downloaded from central: https://repo.maven.apache.org/maven2/net/java/dev/jna/jna-platform/5.7.0/jna-platform-5.7.0.jar (1.3 MB at 1.8 MB/s)
Downloading from central: https://repo.maven.apache.org/maven2/org/apache/maven/maven-core/3.0/maven-core-3.0.jar
Progress (3): 1.5/1.7 MB | 153 kB | 81/472 kBProgress (3): 1.5/1.7 MB | 153 kB | 98/472 kB                                             Downloading from central: https://repo.maven.apache.org/maven2/org/apache/maven/maven-model/3.0/maven-model-3.0.jar
Progress (3): 1.5/1.7 MB | 153 kB | 114/472 kBProgress (3): 1.5/1.7 MB | 153 kB | 114/472 kBProgress (3): 1.5/1.7 MB | 153 kB | 114/472 kBProgress (3): 1.5/1.7 MB | 153 kB | 114/472 kB                                              Downloaded from central: https://repo.maven.apache.org/maven2/org/sonatype/sisu/sisu-inject-bean/1.4.2/sisu-inject-bean-1.4.2.jar (153 kB at 203 kB/s)
Downloading from central: https://repo.maven.apache.org/maven2/org/apache/maven/maven-settings/3.0/maven-settings-3.0.jar
Progress (2): 1.6/1.7 MB | 114/472 kBProgress (2): 1.6/1.7 MB | 114/472 kBProgress (2): 1.6/1.7 MB | 114/472 kBProgress (2): 1.6/1.7 MB | 114/472 kBProgress (3): 1.6/1.7 MB | 114/472 kB | 16/165 kBProgress (4): 1.6/1.7 MB | 114/472 kB | 16/165 kB | 16/47 kBProgress (4): 1.6/1.7 MB | 114/472 kB | 16/165 kB | 33/47 kBProgress (4): 1.6/1.7 MB | 114/472 kB | 33/165 kB | 33/47 kBProgress (4): 1.6/1.7 MB | 114/472 kB | 49/165 kB | 33/47 kBProgress (4): 1.6/1.7 MB | 114/472 kB | 49/165 kB | 33/47 kBProgress (4): 1.6/1.7 MB | 114/472 kB | 49/165 kB | 47 kB                                                            Downloaded from central: https://repo.maven.apache.org/maven2/org/apache/maven/maven-settings/3.0/maven-settings-3.0.jar (47 kB at 60 kB/s)
Downloading from central: https://repo.maven.apache.org/maven2/org/apache/maven/maven-settings-builder/3.0/maven-settings-builder-3.0.jar
Progress (3): 1.6/1.7 MB | 130/472 kB | 49/165 kBProgress (3): 1.6/1.7 MB | 130/472 kB | 66/165 kBProgress (3): 1.6/1.7 MB | 130/472 kB | 82/165 kBProgress (3): 1.6/1.7 MB | 130/472 kB | 82/165 kBProgress (3): 1.6/1.7 MB | 147/472 kB | 82/165 kBProgress (3): 1.7/1.7 MB | 147/472 kB | 82/165 kBProgress (3): 1.7/1.7 MB | 163/472 kB | 82/165 kBProgress (3): 1.7/1.7 MB | 180/472 kB | 82/165 kBProgress (3): 1.7/1.7 MB | 196/472 kB | 82/165 kBProgress (3): 1.7/1.7 MB | 212/472 kB | 82/165 kBProgress (3): 1.7/1.7 MB | 229/472 kB | 82/165 kBProgress (3): 1.7/1.7 MB | 245/472 kB | 82/165 kBProgress (3): 1.7/1.7 MB | 262/472 kB | 82/165 kBProgress (3): 1.7/1.7 MB | 278/472 kB | 82/165 kBProgress (4): 1.7/1.7 MB | 278/472 kB | 82/165 kB | 16/527 kBProgress (4): 1.7/1.7 MB | 278/472 kB | 82/165 kB | 33/527 kBProgress (4): 1.7/1.7 MB | 278/472 kB | 82/165 kB | 49/527 kBProgress (5): 1.7/1.7 MB | 278/472 kB | 82/165 kB | 49/527 kB | 16/38 kBProgress (5): 1.7/1.7 MB | 278/472 kB | 82/165 kB | 49/527 kB | 33/38 kBProgress (5): 1.7/1.7 MB | 278/472 kB | 82/165 kB | 49/527 kB | 38 kB   Progress (5): 1.7/1.7 MB | 278/472 kB | 98/165 kB | 49/527 kB | 38 kBProgress (5): 1.7/1.7 MB | 278/472 kB | 115/165 kB | 49/527 kB | 38 kBProgress (5): 1.7/1.7 MB | 278/472 kB | 131/165 kB | 49/527 kB | 38 kBProgress (5): 1.7/1.7 MB | 278/472 kB | 131/165 kB | 66/527 kB | 38 kBProgress (5): 1.7/1.7 MB | 278/472 kB | 147/165 kB | 66/527 kB | 38 kBProgress (5): 1.7/1.7 MB | 294/472 kB | 147/165 kB | 66/527 kB | 38 kBProgress (5): 1.7/1.7 MB | 294/472 kB | 147/165 kB | 82/527 kB | 38 kBProgress (5): 1.7/1.7 MB | 311/472 kB | 147/165 kB | 82/527 kB | 38 kBProgress (5): 1.7/1.7 MB | 311/472 kB | 147/165 kB | 98/527 kB | 38 kBProgress (5): 1.7/1.7 MB | 327/472 kB | 147/165 kB | 98/527 kB | 38 kBProgress (5): 1.7/1.7 MB | 327/472 kB | 164/165 kB | 98/527 kB | 38 kBProgress (5): 1.7/1.7 MB | 343/472 kB | 164/165 kB | 98/527 kB | 38 kB                                                                      Downloaded from central: https://repo.maven.apache.org/maven2/org/apache/maven/maven-settings-builder/3.0/maven-settings-builder-3.0.jar (38 kB at 43 kB/s)
Downloading from central: https://repo.maven.apache.org/maven2/org/apache/maven/maven-repository-metadata/3.0/maven-repository-metadata-3.0.jar
Progress (4): 1.7/1.7 MB | 343/472 kB | 165 kB | 98/527 kBProgress (4): 1.7/1.7 MB | 360/472 kB | 165 kB | 98/527 kBProgress (4): 1.7/1.7 MB | 360/472 kB | 165 kB | 115/527 kBProgress (4): 1.7/1.7 MB | 376/472 kB | 165 kB | 115/527 kB                                                           Downloaded from central: https://repo.maven.apache.org/maven2/org/apache/maven/maven-model/3.0/maven-model-3.0.jar (165 kB at 188 kB/s)
Downloading from central: https://repo.maven.apache.org/maven2/org/apache/maven/maven-model-builder/3.0/maven-model-builder-3.0.jar
Progress (3): 1.7/1.7 MB | 376/472 kB | 131/527 kBProgress (3): 1.7/1.7 MB | 393/472 kB | 131/527 kBProgress (3): 1.7/1.7 MB | 402/472 kB | 131/527 kBProgress (3): 1.7/1.7 MB | 418/472 kB | 131/527 kBProgress (3): 1.7/1.7 MB | 435/472 kB | 131/527 kBProgress (3): 1.7/1.7 MB | 451/472 kB | 131/527 kBProgress (3): 1.7/1.7 MB | 468/472 kB | 131/527 kBProgress (3): 1.7/1.7 MB | 472 kB | 131/527 kB                                                  Downloaded from central: https://repo.maven.apache.org/maven2/org/sonatype/sisu/sisu-guice/2.1.7/sisu-guice-2.1.7-noaop.jar (472 kB at 531 kB/s)
Downloading from central: https://repo.maven.apache.org/maven2/org/apache/maven/maven-aether-provider/3.0/maven-aether-provider-3.0.jar
Progress (3): 1.7/1.7 MB | 131/527 kB | 16/148 kBProgress (3): 1.7/1.7 MB | 147/527 kB | 16/148 kBProgress (3): 1.7/1.7 MB | 164/527 kB | 16/148 kBProgress (3): 1.7/1.7 MB | 180/527 kB | 16/148 kBProgress (3): 1.7/1.7 MB | 197/527 kB | 16/148 kBProgress (4): 1.7/1.7 MB | 197/527 kB | 16/148 kB | 16/51 kBProgress (4): 1.7/1.7 MB | 197/527 kB | 16/148 kB | 32/51 kBProgress (4): 1.7/1.7 MB | 213/527 kB | 16/148 kB | 32/51 kBProgress (5): 1.7/1.7 MB | 213/527 kB | 16/148 kB | 32/51 kB | 16/30 kBProgress (5): 1.7/1.7 MB | 229/527 kB | 16/148 kB | 32/51 kB | 16/30 kBProgress (5): 1.7/1.7 MB | 246/527 kB | 16/148 kB | 32/51 kB | 16/30 kBProgress (5): 1.7/1.7 MB | 246/527 kB | 33/148 kB | 32/51 kB | 16/30 kBProgress (5): 1.7/1.7 MB | 246/527 kB | 49/148 kB | 32/51 kB | 16/30 kBProgress (5): 1.7/1.7 MB | 246/527 kB | 65/148 kB | 32/51 kB | 16/30 kBProgress (5): 1.7/1.7 MB | 246/527 kB | 65/148 kB | 49/51 kB | 16/30 kBProgress (5): 1.7/1.7 MB | 246/527 kB | 65/148 kB | 49/51 kB | 30 kB   Progress (5): 1.7/1.7 MB | 246/527 kB | 65/148 kB | 51 kB | 30 kB                                                                    Downloaded from central: https://repo.maven.apache.org/maven2/org/apache/maven/maven-repository-metadata/3.0/maven-repository-metadata-3.0.jar (30 kB at 32 kB/s)
Downloading from central: https://repo.maven.apache.org/maven2/org/sonatype/aether/aether-impl/1.7/aether-impl-1.7.jar
Downloaded from central: https://repo.maven.apache.org/maven2/org/apache/maven/maven-aether-provider/3.0/maven-aether-provider-3.0.jar (51 kB at 55 kB/s)
Downloading from central: https://repo.maven.apache.org/maven2/org/sonatype/aether/aether-spi/1.7/aether-spi-1.7.jar
Progress (3): 1.7/1.7 MB | 246/527 kB | 81/148 kBProgress (3): 1.7/1.7 MB | 262/527 kB | 81/148 kBProgress (3): 1.7/1.7 MB | 262/527 kB | 97/148 kBProgress (3): 1.7/1.7 MB | 279/527 kB | 97/148 kBProgress (3): 1.7/1.7 MB | 279/527 kB | 114/148 kBProgress (3): 1.7/1.7 MB | 295/527 kB | 114/148 kBProgress (4): 1.7/1.7 MB | 295/527 kB | 114/148 kB | 14 kB                                                          Downloaded from central: https://repo.maven.apache.org/maven2/org/sonatype/aether/aether-spi/1.7/aether-spi-1.7.jar (14 kB at 14 kB/s)
Downloading from central: https://repo.maven.apache.org/maven2/org/sonatype/aether/aether-api/1.7/aether-api-1.7.jar
Progress (3): 1.7/1.7 MB | 295/527 kB | 130/148 kBProgress (3): 1.7/1.7 MB | 295/527 kB | 147/148 kBProgress (3): 1.7/1.7 MB | 295/527 kB | 148 kB    Progress (4): 1.7/1.7 MB | 295/527 kB | 148 kB | 16/106 kBProgress (4): 1.7/1.7 MB | 295/527 kB | 148 kB | 32/106 kBProgress (4): 1.7/1.7 MB | 295/527 kB | 148 kB | 49/106 kB                                                          Downloaded from central: https://repo.maven.apache.org/maven2/org/apache/maven/maven-model-builder/3.0/maven-model-builder-3.0.jar (148 kB at 155 kB/s)
Progress (4): 1.7/1.7 MB | 295/527 kB | 49/106 kB | 16/74 kBProgress (4): 1.7/1.7 MB | 295/527 kB | 65/106 kB | 16/74 kBProgress (4): 1.7/1.7 MB | 295/527 kB | 81/106 kB | 16/74 kBProgress (4): 1.7/1.7 MB | 311/527 kB | 81/106 kB | 16/74 kB                                                            Downloading from central: https://repo.maven.apache.org/maven2/org/sonatype/aether/aether-util/1.7/aether-util-1.7.jar
Progress (4): 1.7/1.7 MB | 328/527 kB | 81/106 kB | 16/74 kBProgress (4): 1.7/1.7 MB | 328/527 kB | 98/106 kB | 16/74 kBProgress (4): 1.7/1.7 MB | 328/527 kB | 106 kB | 16/74 kB   Progress (4): 1.7/1.7 MB | 344/527 kB | 106 kB | 16/74 kB                                                         Downloaded from central: https://repo.maven.apache.org/maven2/org/sonatype/aether/aether-impl/1.7/aether-impl-1.7.jar (106 kB at 110 kB/s)
Downloading from central: https://repo.maven.apache.org/maven2/org/codehaus/plexus/plexus-interpolation/1.14/plexus-interpolation-1.14.jar
Progress (3): 1.7/1.7 MB | 344/527 kB | 33/74 kBProgress (3): 1.7/1.7 MB | 344/527 kB | 49/74 kBProgress (3): 1.7/1.7 MB | 344/527 kB | 66/74 kBProgress (3): 1.7/1.7 MB | 344/527 kB | 74 kB                                                Downloaded from central: https://repo.maven.apache.org/maven2/org/sonatype/aether/aether-api/1.7/aether-api-1.7.jar (74 kB at 76 kB/s)
Downloading from central: https://repo.maven.apache.org/maven2/org/codehaus/plexus/plexus-classworlds/2.2.3/plexus-classworlds-2.2.3.jar
Progress (3): 1.7/1.7 MB | 344/527 kB | 16/108 kBProgress (4): 1.7/1.7 MB | 344/527 kB | 16/108 kB | 16/61 kBProgress (4): 1.7/1.7 MB | 344/527 kB | 16/108 kB | 32/61 kBProgress (4): 1.7/1.7 MB | 360/527 kB | 16/108 kB | 32/61 kBProgress (4): 1.7/1.7 MB | 377/527 kB | 16/108 kB | 32/61 kBProgress (5): 1.7/1.7 MB | 377/527 kB | 16/108 kB | 32/61 kB | 16/46 kBProgress (5): 1.7/1.7 MB | 377/527 kB | 16/108 kB | 49/61 kB | 16/46 kBProgress (5): 1.7/1.7 MB | 393/527 kB | 16/108 kB | 49/61 kB | 16/46 kBProgress (5): 1.7/1.7 MB | 393/527 kB | 32/108 kB | 49/61 kB | 16/46 kBProgress (5): 1.7/1.7 MB | 393/527 kB | 32/108 kB | 49/61 kB | 33/46 kBProgress (5): 1.7/1.7 MB | 410/527 kB | 32/108 kB | 49/61 kB | 33/46 kBProgress (5): 1.7/1.7 MB | 410/527 kB | 32/108 kB | 61 kB | 33/46 kB   Progress (5): 1.7/1.7 MB | 410/527 kB | 49/108 kB | 61 kB | 33/46 kBProgress (5): 1.7/1.7 MB | 410/527 kB | 49/108 kB | 61 kB | 46 kB                                                                    Downloaded from central: https://repo.maven.apache.org/maven2/org/codehaus/plexus/plexus-interpolation/1.14/plexus-interpolation-1.14.jar (61 kB at 61 kB/s)
Downloading from central: https://repo.maven.apache.org/maven2/org/codehaus/plexus/plexus-component-annotations/1.5.5/plexus-component-annotations-1.5.5.jar
Progress (4): 1.7/1.7 MB | 426/527 kB | 49/108 kB | 46 kB                                                         Downloaded from central: https://repo.maven.apache.org/maven2/org/codehaus/plexus/plexus-classworlds/2.2.3/plexus-classworlds-2.2.3.jar (46 kB at 46 kB/s)
Downloading from central: https://repo.maven.apache.org/maven2/org/apache/maven/maven-artifact/3.0/maven-artifact-3.0.jar
Progress (3): 1.7/1.7 MB | 442/527 kB | 49/108 kBProgress (3): 1.7/1.7 MB | 459/527 kB | 49/108 kBProgress (3): 1.7/1.7 MB | 459/527 kB | 65/108 kBProgress (3): 1.7/1.7 MB | 475/527 kB | 65/108 kBProgress (3): 1.7/1.7 MB | 475/527 kB | 81/108 kBProgress (3): 1.7/1.7 MB | 492/527 kB | 81/108 kBProgress (3): 1.7/1.7 MB | 492/527 kB | 98/108 kBProgress (3): 1.7/1.7 MB | 492/527 kB | 108 kB                                                 Downloaded from central: https://repo.maven.apache.org/maven2/org/sonatype/aether/aether-util/1.7/aether-util-1.7.jar (108 kB at 107 kB/s)
Downloading from central: https://repo.maven.apache.org/maven2/org/apache/maven/shared/maven-artifact-transfer/0.12.0/maven-artifact-transfer-0.12.0.jar
Progress (3): 1.7/1.7 MB | 492/527 kB | 4.2 kBProgress (4): 1.7/1.7 MB | 492/527 kB | 4.2 kB | 16/52 kB                                                         Downloaded from central: https://repo.maven.apache.org/maven2/org/codehaus/plexus/plexus-component-annotations/1.5.5/plexus-component-annotations-1.5.5.jar (4.2 kB at 4.2 kB/s)
Downloading from central: https://repo.maven.apache.org/maven2/org/apache/maven/shared/maven-common-artifact-filters/3.0.1/maven-common-artifact-filters-3.0.1.jar
Progress (3): 1.7/1.7 MB | 492/527 kB | 16/52 kBProgress (3): 1.7/1.7 MB | 492/527 kB | 33/52 kBProgress (3): 1.7/1.7 MB | 492/527 kB | 49/52 kBProgress (3): 1.7/1.7 MB | 492/527 kB | 52 kB   Progress (3): 1.7/1.7 MB | 508/527 kB | 52 kB                                             Downloaded from central: https://repo.maven.apache.org/maven2/org/apache/maven/maven-artifact/3.0/maven-artifact-3.0.jar (52 kB at 51 kB/s)
Progress (2): 1.7/1.7 MB | 524/527 kB                                     Downloading from central: https://repo.maven.apache.org/maven2/org/apache/maven/shared/maven-shared-utils/3.1.0/maven-shared-utils-3.1.0.jar
Progress (2): 1.7/1.7 MB | 527 kBProgress (3): 1.7/1.7 MB | 527 kB | 16/120 kBProgress (4): 1.7/1.7 MB | 527 kB | 16/120 kB | 16/61 kBProgress (4): 1.7 MB | 527 kB | 16/120 kB | 16/61 kB    Progress (4): 1.7 MB | 527 kB | 33/120 kB | 16/61 kBProgress (5): 1.7 MB | 527 kB | 33/120 kB | 16/61 kB | 16/164 kBProgress (5): 1.7 MB | 527 kB | 49/120 kB | 16/61 kB | 16/164 kB                                                                Downloaded from central: https://repo.maven.apache.org/maven2/org/apache/maven/maven-core/3.0/maven-core-3.0.jar (527 kB at 513 kB/s)
Downloaded from central: https://repo.maven.apache.org/maven2/net/java/dev/jna/jna/5.7.0/jna-5.7.0.jar (1.7 MB at 1.6 MB/s)
Downloading from central: https://repo.maven.apache.org/maven2/org/ow2/asm/asm/8.0/asm-8.0.jar
Downloading from central: https://repo.maven.apache.org/maven2/org/slf4j/slf4j-api/1.7.5/slf4j-api-1.7.5.jar
Progress (3): 49/120 kB | 33/61 kB | 16/164 kBProgress (3): 49/120 kB | 49/61 kB | 16/164 kBProgress (3): 66/120 kB | 49/61 kB | 16/164 kBProgress (3): 66/120 kB | 49/61 kB | 32/164 kBProgress (3): 82/120 kB | 49/61 kB | 32/164 kBProgress (3): 82/120 kB | 49/61 kB | 49/164 kBProgress (3): 98/120 kB | 49/61 kB | 49/164 kBProgress (4): 98/120 kB | 49/61 kB | 49/164 kB | 16/26 kBProgress (5): 98/120 kB | 49/61 kB | 49/164 kB | 16/26 kB | 16/122 kBProgress (5): 98/120 kB | 49/61 kB | 49/164 kB | 26 kB | 16/122 kB                                                                     Downloaded from central: https://repo.maven.apache.org/maven2/org/slf4j/slf4j-api/1.7.5/slf4j-api-1.7.5.jar (26 kB at 25 kB/s)
Downloading from central: https://repo.maven.apache.org/maven2/org/ow2/asm/asm-commons/8.0/asm-commons-8.0.jar
Progress (4): 98/120 kB | 49/61 kB | 65/164 kB | 16/122 kBProgress (4): 98/120 kB | 49/61 kB | 65/164 kB | 33/122 kBProgress (4): 98/120 kB | 49/61 kB | 65/164 kB | 49/122 kBProgress (4): 115/120 kB | 49/61 kB | 65/164 kB | 49/122 kBProgress (4): 115/120 kB | 49/61 kB | 65/164 kB | 63/122 kBProgress (4): 115/120 kB | 49/61 kB | 81/164 kB | 63/122 kBProgress (4): 115/120 kB | 49/61 kB | 98/164 kB | 63/122 kBProgress (4): 120 kB | 49/61 kB | 98/164 kB | 63/122 kB    Progress (5): 120 kB | 49/61 kB | 98/164 kB | 63/122 kB | 16/72 kBProgress (5): 120 kB | 49/61 kB | 98/164 kB | 79/122 kB | 16/72 kBProgress (5): 120 kB | 49/61 kB | 114/164 kB | 79/122 kB | 16/72 kB                                                                   Downloaded from central: https://repo.maven.apache.org/maven2/org/apache/maven/shared/maven-artifact-transfer/0.12.0/maven-artifact-transfer-0.12.0.jar (120 kB at 113 kB/s)
Downloading from central: https://repo.maven.apache.org/maven2/org/ow2/asm/asm-tree/8.0/asm-tree-8.0.jar
Progress (4): 61 kB | 114/164 kB | 79/122 kB | 16/72 kBProgress (4): 61 kB | 114/164 kB | 96/122 kB | 16/72 kBProgress (4): 61 kB | 114/164 kB | 96/122 kB | 33/72 kBProgress (4): 61 kB | 131/164 kB | 96/122 kB | 33/72 kB                                                       Downloaded from central: https://repo.maven.apache.org/maven2/org/apache/maven/shared/maven-common-artifact-filters/3.0.1/maven-common-artifact-filters-3.0.1.jar (61 kB at 57 kB/s)
Downloading from central: https://repo.maven.apache.org/maven2/org/ow2/asm/asm-analysis/8.0/asm-analysis-8.0.jar
Progress (3): 131/164 kB | 96/122 kB | 49/72 kBProgress (3): 147/164 kB | 96/122 kB | 49/72 kBProgress (3): 147/164 kB | 112/122 kB | 49/72 kBProgress (3): 147/164 kB | 122 kB | 49/72 kB    Progress (3): 147/164 kB | 122 kB | 66/72 kB                                            Downloaded from central: https://repo.maven.apache.org/maven2/org/ow2/asm/asm/8.0/asm-8.0.jar (122 kB at 113 kB/s)
Downloading from central: https://repo.maven.apache.org/maven2/org/jdom/jdom2/2.0.6/jdom2-2.0.6.jar
Progress (3): 147/164 kB | 66/72 kB | 16/53 kBProgress (3): 147/164 kB | 72 kB | 16/53 kB   Progress (3): 163/164 kB | 72 kB | 16/53 kBProgress (3): 164 kB | 72 kB | 16/53 kB                                           Downloaded from central: https://repo.maven.apache.org/maven2/org/ow2/asm/asm-commons/8.0/asm-commons-8.0.jar (72 kB at 66 kB/s)
Downloading from central: https://repo.maven.apache.org/maven2/org/apache/maven/shared/maven-dependency-tree/3.0.1/maven-dependency-tree-3.0.1.jar
Progress (3): 164 kB | 16/53 kB | 16/33 kB                                          Downloaded from central: https://repo.maven.apache.org/maven2/org/apache/maven/shared/maven-shared-utils/3.1.0/maven-shared-utils-3.1.0.jar (164 kB at 151 kB/s)
Downloading from central: https://repo.maven.apache.org/maven2/org/eclipse/aether/aether-util/0.9.0.M2/aether-util-0.9.0.M2.jar
Progress (2): 33/53 kB | 16/33 kBProgress (2): 33/53 kB | 33/33 kBProgress (2): 33/53 kB | 33 kB   Progress (3): 33/53 kB | 33 kB | 16/305 kB                                          Downloaded from central: https://repo.maven.apache.org/maven2/org/ow2/asm/asm-analysis/8.0/asm-analysis-8.0.jar (33 kB at 31 kB/s)
Downloading from central: https://repo.maven.apache.org/maven2/org/vafer/jdependency/2.4.0/jdependency-2.4.0.jar
Progress (2): 49/53 kB | 16/305 kBProgress (2): 53 kB | 16/305 kB                                  Downloaded from central: https://repo.maven.apache.org/maven2/org/ow2/asm/asm-tree/8.0/asm-tree-8.0.jar (53 kB at 48 kB/s)
Downloading from central: https://repo.maven.apache.org/maven2/org/ow2/asm/asm-util/8.0/asm-util-8.0.jar
Progress (2): 16/305 kB | 16/37 kBProgress (3): 16/305 kB | 16/37 kB | 16/134 kBProgress (3): 32/305 kB | 16/37 kB | 16/134 kBProgress (3): 49/305 kB | 16/37 kB | 16/134 kBProgress (3): 49/305 kB | 16/37 kB | 33/134 kBProgress (3): 49/305 kB | 33/37 kB | 33/134 kBProgress (3): 49/305 kB | 37 kB | 33/134 kB                                              Downloaded from central: https://repo.maven.apache.org/maven2/org/apache/maven/shared/maven-dependency-tree/3.0.1/maven-dependency-tree-3.0.1.jar (37 kB at 33 kB/s)
Downloading from central: https://repo.maven.apache.org/maven2/com/google/guava/guava/28.2-android/guava-28.2-android.jar
Progress (3): 49/305 kB | 33/134 kB | 16/85 kBProgress (3): 49/305 kB | 49/134 kB | 16/85 kBProgress (3): 65/305 kB | 49/134 kB | 16/85 kBProgress (4): 65/305 kB | 49/134 kB | 16/85 kB | 16/180 kBProgress (4): 65/305 kB | 49/134 kB | 32/85 kB | 16/180 kBProgress (4): 65/305 kB | 49/134 kB | 32/85 kB | 32/180 kBProgress (4): 65/305 kB | 66/134 kB | 32/85 kB | 32/180 kBProgress (4): 81/305 kB | 66/134 kB | 32/85 kB | 32/180 kBProgress (5): 81/305 kB | 66/134 kB | 32/85 kB | 32/180 kB | 0/2.6 MBProgress (5): 81/305 kB | 66/134 kB | 32/85 kB | 49/180 kB | 0/2.6 MBProgress (5): 81/305 kB | 66/134 kB | 49/85 kB | 49/180 kB | 0/2.6 MBProgress (5): 98/305 kB | 66/134 kB | 49/85 kB | 49/180 kB | 0/2.6 MBProgress (5): 98/305 kB | 82/134 kB | 49/85 kB | 49/180 kB | 0/2.6 MBProgress (5): 98/305 kB | 82/134 kB | 49/85 kB | 65/180 kB | 0/2.6 MBProgress (5): 98/305 kB | 98/134 kB | 49/85 kB | 65/180 kB | 0/2.6 MBProgress (5): 98/305 kB | 98/134 kB | 65/85 kB | 65/180 kB | 0/2.6 MBProgress (5): 114/305 kB | 98/134 kB | 65/85 kB | 65/180 kB | 0/2.6 MBProgress (5): 114/305 kB | 98/134 kB | 65/85 kB | 65/180 kB | 0/2.6 MBProgress (5): 114/305 kB | 98/134 kB | 65/85 kB | 65/180 kB | 0/2.6 MBProgress (5): 114/305 kB | 98/134 kB | 80/85 kB | 65/180 kB | 0/2.6 MBProgress (5): 114/305 kB | 98/134 kB | 85 kB | 65/180 kB | 0/2.6 MB                                                                      Downloaded from central: https://repo.maven.apache.org/maven2/org/ow2/asm/asm-util/8.0/asm-util-8.0.jar (85 kB at 74 kB/s)
Downloading from central: https://repo.maven.apache.org/maven2/com/google/guava/failureaccess/1.0.1/failureaccess-1.0.1.jar
Progress (4): 114/305 kB | 115/134 kB | 65/180 kB | 0/2.6 MBProgress (4): 114/305 kB | 115/134 kB | 81/180 kB | 0/2.6 MBProgress (4): 131/305 kB | 115/134 kB | 81/180 kB | 0/2.6 MBProgress (4): 147/305 kB | 115/134 kB | 81/180 kB | 0/2.6 MBProgress (4): 147/305 kB | 131/134 kB | 81/180 kB | 0/2.6 MBProgress (4): 147/305 kB | 134 kB | 81/180 kB | 0/2.6 MB                                                            Downloaded from central: https://repo.maven.apache.org/maven2/org/eclipse/aether/aether-util/0.9.0.M2/aether-util-0.9.0.M2.jar (134 kB at 115 kB/s)
Downloading from central: https://repo.maven.apache.org/maven2/com/google/guava/listenablefuture/9999.0-empty-to-avoid-conflict-with-guava/listenablefuture-9999.0-empty-to-avoid-conflict-with-guava.jar
Progress (3): 147/305 kB | 98/180 kB | 0/2.6 MBProgress (3): 147/305 kB | 98/180 kB | 0.1/2.6 MBProgress (3): 147/305 kB | 114/180 kB | 0.1/2.6 MBProgress (3): 147/305 kB | 114/180 kB | 0.1/2.6 MBProgress (3): 163/305 kB | 114/180 kB | 0.1/2.6 MBProgress (3): 163/305 kB | 114/180 kB | 0.1/2.6 MBProgress (3): 163/305 kB | 131/180 kB | 0.1/2.6 MBProgress (3): 180/305 kB | 131/180 kB | 0.1/2.6 MBProgress (3): 196/305 kB | 131/180 kB | 0.1/2.6 MBProgress (3): 196/305 kB | 131/180 kB | 0.1/2.6 MBProgress (3): 196/305 kB | 147/180 kB | 0.1/2.6 MBProgress (4): 196/305 kB | 147/180 kB | 0.1/2.6 MB | 4.6 kB                                                           Downloaded from central: https://repo.maven.apache.org/maven2/com/google/guava/failureaccess/1.0.1/failureaccess-1.0.1.jar (4.6 kB at 3.9 kB/s)
Downloading from central: https://repo.maven.apache.org/maven2/org/checkerframework/checker-compat-qual/2.5.5/checker-compat-qual-2.5.5.jar
Progress (4): 196/305 kB | 147/180 kB | 0.1/2.6 MB | 2.2 kB                                                           Downloaded from central: https://repo.maven.apache.org/maven2/com/google/guava/listenablefuture/9999.0-empty-to-avoid-conflict-with-guava/listenablefuture-9999.0-empty-to-avoid-conflict-with-guava.jar (2.2 kB at 1.9 kB/s)
Downloading from central: https://repo.maven.apache.org/maven2/com/google/errorprone/error_prone_annotations/2.3.4/error_prone_annotations-2.3.4.jar
Progress (3): 212/305 kB | 147/180 kB | 0.1/2.6 MBProgress (3): 212/305 kB | 147/180 kB | 0.1/2.6 MBProgress (3): 212/305 kB | 163/180 kB | 0.1/2.6 MBProgress (3): 229/305 kB | 163/180 kB | 0.1/2.6 MBProgress (3): 229/305 kB | 163/180 kB | 0.1/2.6 MBProgress (3): 229/305 kB | 180/180 kB | 0.1/2.6 MBProgress (3): 229/305 kB | 180 kB | 0.1/2.6 MB                                                  Downloaded from central: https://repo.maven.apache.org/maven2/org/vafer/jdependency/2.4.0/jdependency-2.4.0.jar (180 kB at 151 kB/s)
Downloading from central: https://repo.maven.apache.org/maven2/com/google/j2objc/j2objc-annotations/1.3/j2objc-annotations-1.3.jar
Progress (3): 229/305 kB | 0.1/2.6 MB | 5.9 kBProgress (4): 229/305 kB | 0.1/2.6 MB | 5.9 kB | 14 kB                                                      Downloaded from central: https://repo.maven.apache.org/maven2/com/google/errorprone/error_prone_annotations/2.3.4/error_prone_annotations-2.3.4.jar (14 kB at 12 kB/s)
Downloading from central: https://repo.maven.apache.org/maven2/org/apache/commons/commons-lang3/3.7/commons-lang3-3.7.jar
Progress (3): 245/305 kB | 0.1/2.6 MB | 5.9 kB                                              Downloaded from central: https://repo.maven.apache.org/maven2/org/checkerframework/checker-compat-qual/2.5.5/checker-compat-qual-2.5.5.jar (5.9 kB at 4.9 kB/s)
Progress (2): 262/305 kB | 0.1/2.6 MBProgress (2): 262/305 kB | 0.2/2.6 MBProgress (2): 262/305 kB | 0.2/2.6 MBProgress (2): 262/305 kB | 0.2/2.6 MBProgress (2): 278/305 kB | 0.2/2.6 MBProgress (3): 278/305 kB | 0.2/2.6 MB | 16/500 kBProgress (3): 294/305 kB | 0.2/2.6 MB | 16/500 kBProgress (3): 294/305 kB | 0.2/2.6 MB | 16/500 kBProgress (3): 294/305 kB | 0.2/2.6 MB | 33/500 kBProgress (3): 294/305 kB | 0.2/2.6 MB | 33/500 kBProgress (3): 305 kB | 0.2/2.6 MB | 33/500 kB                                                 Downloaded from central: https://repo.maven.apache.org/maven2/org/jdom/jdom2/2.0.6/jdom2-2.0.6.jar (305 kB at 250 kB/s)
Progress (2): 0.2/2.6 MB | 49/500 kBProgress (3): 0.2/2.6 MB | 49/500 kB | 8.8 kB                                             Downloaded from central: https://repo.maven.apache.org/maven2/com/google/j2objc/j2objc-annotations/1.3/j2objc-annotations-1.3.jar (8.8 kB at 7.2 kB/s)
Progress (2): 0.2/2.6 MB | 63/500 kBProgress (2): 0.2/2.6 MB | 63/500 kBProgress (2): 0.3/2.6 MB | 63/500 kBProgress (2): 0.3/2.6 MB | 80/500 kBProgress (2): 0.3/2.6 MB | 80/500 kBProgress (2): 0.3/2.6 MB | 96/500 kBProgress (2): 0.3/2.6 MB | 96/500 kBProgress (2): 0.3/2.6 MB | 113/500 kBProgress (2): 0.3/2.6 MB | 113/500 kBProgress (2): 0.3/2.6 MB | 129/500 kBProgress (2): 0.3/2.6 MB | 129/500 kBProgress (2): 0.3/2.6 MB | 145/500 kBProgress (2): 0.3/2.6 MB | 145/500 kBProgress (2): 0.3/2.6 MB | 162/500 kBProgress (2): 0.4/2.6 MB | 162/500 kBProgress (2): 0.4/2.6 MB | 178/500 kBProgress (2): 0.4/2.6 MB | 178/500 kBProgress (2): 0.4/2.6 MB | 194/500 kBProgress (2): 0.4/2.6 MB | 194/500 kBProgress (2): 0.4/2.6 MB | 194/500 kBProgress (2): 0.4/2.6 MB | 211/500 kBProgress (2): 0.4/2.6 MB | 211/500 kBProgress (2): 0.4/2.6 MB | 227/500 kBProgress (2): 0.4/2.6 MB | 227/500 kBProgress (2): 0.4/2.6 MB | 244/500 kBProgress (2): 0.5/2.6 MB | 244/500 kBProgress (2): 0.5/2.6 MB | 260/500 kBProgress (2): 0.5/2.6 MB | 260/500 kBProgress (2): 0.5/2.6 MB | 276/500 kBProgress (2): 0.5/2.6 MB | 276/500 kBProgress (2): 0.5/2.6 MB | 293/500 kBProgress (2): 0.5/2.6 MB | 293/500 kBProgress (2): 0.5/2.6 MB | 309/500 kBProgress (2): 0.5/2.6 MB | 309/500 kBProgress (2): 0.5/2.6 MB | 326/500 kBProgress (2): 0.5/2.6 MB | 326/500 kBProgress (2): 0.5/2.6 MB | 342/500 kBProgress (2): 0.5/2.6 MB | 342/500 kBProgress (2): 0.5/2.6 MB | 358/500 kBProgress (2): 0.6/2.6 MB | 358/500 kBProgress (2): 0.6/2.6 MB | 375/500 kBProgress (2): 0.6/2.6 MB | 375/500 kBProgress (2): 0.6/2.6 MB | 391/500 kBProgress (2): 0.6/2.6 MB | 391/500 kBProgress (2): 0.6/2.6 MB | 407/500 kBProgress (2): 0.6/2.6 MB | 407/500 kBProgress (2): 0.6/2.6 MB | 424/500 kBProgress (2): 0.6/2.6 MB | 424/500 kBProgress (2): 0.6/2.6 MB | 440/500 kBProgress (2): 0.6/2.6 MB | 440/500 kBProgress (2): 0.6/2.6 MB | 457/500 kBProgress (2): 0.7/2.6 MB | 457/500 kBProgress (2): 0.7/2.6 MB | 473/500 kBProgress (2): 0.7/2.6 MB | 473/500 kBProgress (2): 0.7/2.6 MB | 473/500 kBProgress (2): 0.7/2.6 MB | 473/500 kBProgress (2): 0.7/2.6 MB | 473/500 kBProgress (2): 0.7/2.6 MB | 473/500 kBProgress (2): 0.8/2.6 MB | 473/500 kBProgress (2): 0.8/2.6 MB | 473/500 kBProgress (2): 0.8/2.6 MB | 489/500 kBProgress (2): 0.8/2.6 MB | 500 kB    Progress (2): 0.8/2.6 MB | 500 kBProgress (2): 0.8/2.6 MB | 500 kBProgress (2): 0.8/2.6 MB | 500 kBProgress (2): 0.8/2.6 MB | 500 kBProgress (2): 0.9/2.6 MB | 500 kB                                 Downloaded from central: https://repo.maven.apache.org/maven2/org/apache/commons/commons-lang3/3.7/commons-lang3-3.7.jar (500 kB at 371 kB/s)
Progress (1): 0.9/2.6 MBProgress (1): 0.9/2.6 MBProgress (1): 0.9/2.6 MBProgress (1): 0.9/2.6 MBProgress (1): 0.9/2.6 MBProgress (1): 1.0/2.6 MBProgress (1): 1.0/2.6 MBProgress (1): 1.0/2.6 MBProgress (1): 1.0/2.6 MBProgress (1): 1.0/2.6 MBProgress (1): 1.0/2.6 MBProgress (1): 1.1/2.6 MBProgress (1): 1.1/2.6 MBProgress (1): 1.1/2.6 MBProgress (1): 1.1/2.6 MBProgress (1): 1.1/2.6 MBProgress (1): 1.1/2.6 MBProgress (1): 1.2/2.6 MBProgress (1): 1.2/2.6 MBProgress (1): 1.2/2.6 MBProgress (1): 1.2/2.6 MBProgress (1): 1.2/2.6 MBProgress (1): 1.2/2.6 MBProgress (1): 1.2/2.6 MBProgress (1): 1.3/2.6 MBProgress (1): 1.3/2.6 MBProgress (1): 1.3/2.6 MBProgress (1): 1.3/2.6 MBProgress (1): 1.3/2.6 MBProgress (1): 1.3/2.6 MBProgress (1): 1.4/2.6 MBProgress (1): 1.4/2.6 MBProgress (1): 1.4/2.6 MBProgress (1): 1.4/2.6 MBProgress (1): 1.4/2.6 MBProgress (1): 1.4/2.6 MBProgress (1): 1.5/2.6 MBProgress (1): 1.5/2.6 MBProgress (1): 1.5/2.6 MBProgress (1): 1.5/2.6 MBProgress (1): 1.5/2.6 MBProgress (1): 1.5/2.6 MBProgress (1): 1.6/2.6 MBProgress (1): 1.6/2.6 MBProgress (1): 1.6/2.6 MBProgress (1): 1.6/2.6 MBProgress (1): 1.6/2.6 MBProgress (1): 1.6/2.6 MBProgress (1): 1.7/2.6 MBProgress (1): 1.7/2.6 MBProgress (1): 1.7/2.6 MBProgress (1): 1.7/2.6 MBProgress (1): 1.7/2.6 MBProgress (1): 1.7/2.6 MBProgress (1): 1.8/2.6 MBProgress (1): 1.8/2.6 MBProgress (1): 1.8/2.6 MBProgress (1): 1.8/2.6 MBProgress (1): 1.8/2.6 MBProgress (1): 1.8/2.6 MBProgress (1): 1.8/2.6 MBProgress (1): 1.9/2.6 MBProgress (1): 1.9/2.6 MBProgress (1): 1.9/2.6 MBProgress (1): 1.9/2.6 MBProgress (1): 1.9/2.6 MBProgress (1): 1.9/2.6 MBProgress (1): 2.0/2.6 MBProgress (1): 2.0/2.6 MBProgress (1): 2.0/2.6 MBProgress (1): 2.0/2.6 MBProgress (1): 2.0/2.6 MBProgress (1): 2.0/2.6 MBProgress (1): 2.1/2.6 MBProgress (1): 2.1/2.6 MBProgress (1): 2.1/2.6 MBProgress (1): 2.1/2.6 MBProgress (1): 2.1/2.6 MBProgress (1): 2.1/2.6 MBProgress (1): 2.2/2.6 MBProgress (1): 2.2/2.6 MBProgress (1): 2.2/2.6 MBProgress (1): 2.2/2.6 MBProgress (1): 2.2/2.6 MBProgress (1): 2.2/2.6 MBProgress (1): 2.3/2.6 MBProgress (1): 2.3/2.6 MBProgress (1): 2.3/2.6 MBProgress (1): 2.3/2.6 MBProgress (1): 2.3/2.6 MBProgress (1): 2.3/2.6 MBProgress (1): 2.4/2.6 MBProgress (1): 2.4/2.6 MBProgress (1): 2.4/2.6 MBProgress (1): 2.4/2.6 MBProgress (1): 2.4/2.6 MBProgress (1): 2.4/2.6 MBProgress (1): 2.4/2.6 MBProgress (1): 2.5/2.6 MBProgress (1): 2.5/2.6 MBProgress (1): 2.5/2.6 MBProgress (1): 2.5/2.6 MBProgress (1): 2.5/2.6 MBProgress (1): 2.5/2.6 MBProgress (1): 2.6/2.6 MBProgress (1): 2.6/2.6 MBProgress (1): 2.6/2.6 MBProgress (1): 2.6/2.6 MBProgress (1): 2.6/2.6 MBProgress (1): 2.6 MB                        Downloaded from central: https://repo.maven.apache.org/maven2/com/google/guava/guava/28.2-android/guava-28.2-android.jar (2.6 MB at 1.6 MB/s)
[INFO] Replacing main artifact with repackaged archive
[INFO] 
[INFO] --- install:3.0.1:install (default-install) @ devops ---
Downloading from central: https://repo.maven.apache.org/maven2/org/eclipse/aether/aether-util/1.0.0.v20140518/aether-util-1.0.0.v20140518.pom
Progress (1): 2.2 kB                    Downloaded from central: https://repo.maven.apache.org/maven2/org/eclipse/aether/aether-util/1.0.0.v20140518/aether-util-1.0.0.v20140518.pom (2.2 kB at 157 kB/s)
Downloading from central: https://repo.maven.apache.org/maven2/org/eclipse/aether/aether/1.0.0.v20140518/aether-1.0.0.v20140518.pom
Progress (1): 16/30 kBProgress (1): 30 kB                      Downloaded from central: https://repo.maven.apache.org/maven2/org/eclipse/aether/aether/1.0.0.v20140518/aether-1.0.0.v20140518.pom (30 kB at 1.6 MB/s)
Downloading from central: https://repo.maven.apache.org/maven2/org/eclipse/aether/aether-api/1.0.0.v20140518/aether-api-1.0.0.v20140518.pom
Progress (1): 1.9 kB                    Downloaded from central: https://repo.maven.apache.org/maven2/org/eclipse/aether/aether-api/1.0.0.v20140518/aether-api-1.0.0.v20140518.pom (1.9 kB at 172 kB/s)
Downloading from central: https://repo.maven.apache.org/maven2/org/eclipse/aether/aether-util/1.0.0.v20140518/aether-util-1.0.0.v20140518.jar
Progress (1): 16/146 kBProgress (1): 33/146 kBProgress (1): 49/146 kBProgress (1): 66/146 kBProgress (1): 82/146 kBProgress (1): 98/146 kBProgress (1): 115/146 kBProgress (1): 131/146 kBProgress (1): 146 kB                        Downloaded from central: https://repo.maven.apache.org/maven2/org/eclipse/aether/aether-util/1.0.0.v20140518/aether-util-1.0.0.v20140518.jar (146 kB at 2.3 MB/s)
Downloading from central: https://repo.maven.apache.org/maven2/org/eclipse/aether/aether-api/1.0.0.v20140518/aether-api-1.0.0.v20140518.jar
Downloading from central: https://repo.maven.apache.org/maven2/org/codehaus/plexus/plexus-utils/3.3.0/plexus-utils-3.3.0.jar
Progress (1): 16/136 kBProgress (1): 32/136 kBProgress (1): 49/136 kBProgress (1): 65/136 kBProgress (2): 65/136 kB | 16/263 kBProgress (2): 81/136 kB | 16/263 kBProgress (2): 81/136 kB | 33/263 kBProgress (2): 98/136 kB | 33/263 kBProgress (2): 98/136 kB | 49/263 kBProgress (2): 114/136 kB | 49/263 kBProgress (2): 114/136 kB | 66/263 kBProgress (2): 131/136 kB | 66/263 kBProgress (2): 131/136 kB | 82/263 kBProgress (2): 136 kB | 82/263 kB                                    Downloaded from central: https://repo.maven.apache.org/maven2/org/eclipse/aether/aether-api/1.0.0.v20140518/aether-api-1.0.0.v20140518.jar (136 kB at 3.4 MB/s)
Progress (1): 98/263 kBProgress (1): 115/263 kBProgress (1): 131/263 kBProgress (1): 147/263 kBProgress (1): 164/263 kBProgress (1): 180/263 kBProgress (1): 197/263 kBProgress (1): 213/263 kBProgress (1): 229/263 kBProgress (1): 246/263 kBProgress (1): 262/263 kBProgress (1): 263 kB                        Downloaded from central: https://repo.maven.apache.org/maven2/org/codehaus/plexus/plexus-utils/3.3.0/plexus-utils-3.3.0.jar (263 kB at 4.1 MB/s)
[INFO] Installing /var/jenkins_home/workspace/devopsCompleto/pom.xml to /root/.m2/repository/com/kibernumacademy/devops/0.0.1-SNAPSHOT/devops-0.0.1-SNAPSHOT.pom
[INFO] Installing /var/jenkins_home/workspace/devopsCompleto/target/devops-0.0.1-SNAPSHOT.jar to /root/.m2/repository/com/kibernumacademy/devops/0.0.1-SNAPSHOT/devops-0.0.1-SNAPSHOT.jar
[INFO] ------------------------------------------------------------------------
[INFO] BUILD SUCCESS
[INFO] ------------------------------------------------------------------------
[INFO] Total time:  46.679 s
[INFO] Finished at: 2023-07-25T01:31:54Z
[INFO] ------------------------------------------------------------------------
Unpacking https://repo1.maven.org/maven2/org/sonarsource/scanner/cli/sonar-scanner-cli/4.8.0.2856/sonar-scanner-cli-4.8.0.2856.zip to /var/jenkins_home/tools/hudson.plugins.sonar.SonarRunnerInstallation/sonar on Jenkins
[devopsCompleto] $ /var/jenkins_home/tools/hudson.plugins.sonar.SonarRunnerInstallation/sonar/bin/sonar-scanner sonar -X -Dsonar.host.url=http://SonarQube:9000 ******** -Dsonar.projectKey=sonarqube -Dsonar.sources=src/main/java -Dsonar.java.binaries=target/classes -Dsonar.projectBaseDir=/var/jenkins_home/workspace/devopsCompleto
01:31:57.175 INFO: Scanner configuration file: /var/jenkins_home/tools/hudson.plugins.sonar.SonarRunnerInstallation/sonar/conf/sonar-scanner.properties
01:31:57.185 INFO: Project root configuration file: NONE
01:31:57.310 INFO: SonarScanner 4.8.0.2856
01:31:57.311 INFO: Java 17.0.7 Debian (64-bit)
01:31:57.311 INFO: Linux 5.15.0-76-generic amd64
01:31:57.684 DEBUG: keyStore is : 
01:31:57.685 DEBUG: keyStore type is : pkcs12
01:31:57.685 DEBUG: keyStore provider is : 
01:31:57.685 DEBUG: init keystore
01:31:57.686 DEBUG: init keymanager of type SunX509
01:31:57.935 DEBUG: Create: /root/.sonar/cache
01:31:57.938 INFO: User cache: /root/.sonar/cache
01:31:57.939 DEBUG: Create: /root/.sonar/cache/_tmp
01:31:57.942 DEBUG: Extract sonar-scanner-api-batch in temp...
01:31:57.949 DEBUG: Get bootstrap index...
01:31:57.949 DEBUG: Download: http://SonarQube:9000/batch/index
01:31:58.397 DEBUG: Get bootstrap completed
01:31:58.405 DEBUG: Download http://SonarQube:9000/batch/file?name=sonar-scanner-engine-shaded-9.9.1.69595-all.jar to /root/.sonar/cache/_tmp/fileCache3228608439551369091.tmp
01:31:59.803 DEBUG: Create isolated classloader...
01:31:59.822 DEBUG: Start temp cleaning...
01:31:59.831 DEBUG: Temp cleaning done
01:31:59.832 DEBUG: Execution getVersion
01:31:59.856 INFO: Analyzing on SonarQube server 9.9.1.69595
01:31:59.859 DEBUG: Execution execute
01:32:00.489 DEBUG: Community 9.9.1.69595
01:32:00.888 INFO: Load global settings
01:32:01.000 DEBUG: GET 401 http://sonarqube:9000/api/settings/values.protobuf | time=110ms
01:32:01.029 INFO: ------------------------------------------------------------------------
01:32:01.029 INFO: EXECUTION FAILURE
01:32:01.030 INFO: ------------------------------------------------------------------------
01:32:01.030 INFO: Total time: 3.920s
01:32:01.061 INFO: Final Memory: 6M/27M
01:32:01.062 INFO: ------------------------------------------------------------------------
01:32:01.062 ERROR: Error during SonarScanner execution
org.springframework.beans.factory.UnsatisfiedDependencyException: Error creating bean with name 'org.sonarsource.scanner.api.internal.IsolatedClassloader@4abdb505-org.sonar.scanner.bootstrap.ScannerPluginRepository': Unsatisfied dependency expressed through constructor parameter 0; nested exception is org.springframework.beans.factory.UnsatisfiedDependencyException: Error creating bean with name 'org.sonarsource.scanner.api.internal.IsolatedClassloader@4abdb505-org.sonar.scanner.bootstrap.ScannerPluginInstaller': Unsatisfied dependency expressed through constructor parameter 0; nested exception is org.springframework.beans.factory.UnsatisfiedDependencyException: Error creating bean with name 'org.sonarsource.scanner.api.internal.IsolatedClassloader@4abdb505-org.sonar.scanner.bootstrap.PluginFiles': Unsatisfied dependency expressed through constructor parameter 1; nested exception is org.springframework.beans.factory.UnsatisfiedDependencyException: Error creating bean with name 'GlobalConfiguration' defined in org.sonar.scanner.bootstrap.GlobalConfigurationProvider: Unsatisfied dependency expressed through method 'provide' parameter 0; nested exception is org.springframework.beans.factory.BeanCreationException: Error creating bean with name 'GlobalServerSettings' defined in org.sonar.scanner.bootstrap.GlobalServerSettingsProvider: Bean instantiation via factory method failed; nested exception is org.springframework.beans.BeanInstantiationException: Failed to instantiate [org.sonar.scanner.bootstrap.GlobalServerSettings]: Factory method 'provide' threw exception; nested exception is Not authorized. Please check the properties sonar.login and sonar.password.
	at org.springframework.beans.factory.support.ConstructorResolver.createArgumentArray(ConstructorResolver.java:800)
	at org.springframework.beans.factory.support.ConstructorResolver.autowireConstructor(ConstructorResolver.java:229)
	at org.springframework.beans.factory.support.AbstractAutowireCapableBeanFactory.autowireConstructor(AbstractAutowireCapableBeanFactory.java:1372)
	at org.springframework.beans.factory.support.AbstractAutowireCapableBeanFactory.createBeanInstance(AbstractAutowireCapableBeanFactory.java:1222)
	at org.springframework.beans.factory.support.AbstractAutowireCapableBeanFactory.doCreateBean(AbstractAutowireCapableBeanFactory.java:582)
	at org.springframework.beans.factory.support.AbstractAutowireCapableBeanFactory.createBean(AbstractAutowireCapableBeanFactory.java:542)
	at org.springframework.beans.factory.support.AbstractBeanFactory.lambda$doGetBean$0(AbstractBeanFactory.java:335)
	at org.springframework.beans.factory.support.DefaultSingletonBeanRegistry.getSingleton(DefaultSingletonBeanRegistry.java:234)
	at org.springframework.beans.factory.support.AbstractBeanFactory.doGetBean(AbstractBeanFactory.java:333)
	at org.springframework.beans.factory.support.AbstractBeanFactory.getBean(AbstractBeanFactory.java:208)
	at org.springframework.beans.factory.support.DefaultListableBeanFactory.preInstantiateSingletons(DefaultListableBeanFactory.java:955)
	at org.springframework.context.support.AbstractApplicationContext.finishBeanFactoryInitialization(AbstractApplicationContext.java:920)
	at org.springframework.context.support.AbstractApplicationContext.refresh(AbstractApplicationContext.java:583)
	at org.sonar.core.platform.SpringComponentContainer.startComponents(SpringComponentContainer.java:187)
	at org.sonar.core.platform.SpringComponentContainer.execute(SpringComponentContainer.java:167)
	at org.sonar.batch.bootstrapper.Batch.doExecute(Batch.java:72)
	at org.sonar.batch.bootstrapper.Batch.execute(Batch.java:66)
	at org.sonarsource.scanner.api.internal.batch.BatchIsolatedLauncher.execute(BatchIsolatedLauncher.java:46)
	at java.base/jdk.internal.reflect.NativeMethodAccessorImpl.invoke0(Native Method)
	at java.base/jdk.internal.reflect.NativeMethodAccessorImpl.invoke(NativeMethodAccessorImpl.java:77)
	at java.base/jdk.internal.reflect.DelegatingMethodAccessorImpl.invoke(DelegatingMethodAccessorImpl.java:43)
	at java.base/java.lang.reflect.Method.invoke(Method.java:568)
	at org.sonarsource.scanner.api.internal.IsolatedLauncherProxy.invoke(IsolatedLauncherProxy.java:60)
	at jdk.proxy1/jdk.proxy1.$Proxy0.execute(Unknown Source)
	at org.sonarsource.scanner.api.EmbeddedScanner.doExecute(EmbeddedScanner.java:189)
	at org.sonarsource.scanner.api.EmbeddedScanner.execute(EmbeddedScanner.java:138)
	at org.sonarsource.scanner.cli.Main.execute(Main.java:126)
	at org.sonarsource.scanner.cli.Main.execute(Main.java:81)
	at org.sonarsource.scanner.cli.Main.main(Main.java:62)
Caused by: org.springframework.beans.factory.UnsatisfiedDependencyException: Error creating bean with name 'org.sonarsource.scanner.api.internal.IsolatedClassloader@4abdb505-org.sonar.scanner.bootstrap.ScannerPluginInstaller': Unsatisfied dependency expressed through constructor parameter 0; nested exception is org.springframework.beans.factory.UnsatisfiedDependencyException: Error creating bean with name 'org.sonarsource.scanner.api.internal.IsolatedClassloader@4abdb505-org.sonar.scanner.bootstrap.PluginFiles': Unsatisfied dependency expressed through constructor parameter 1; nested exception is org.springframework.beans.factory.UnsatisfiedDependencyException: Error creating bean with name 'GlobalConfiguration' defined in org.sonar.scanner.bootstrap.GlobalConfigurationProvider: Unsatisfied dependency expressed through method 'provide' parameter 0; nested exception is org.springframework.beans.factory.BeanCreationException: Error creating bean with name 'GlobalServerSettings' defined in org.sonar.scanner.bootstrap.GlobalServerSettingsProvider: Bean instantiation via factory method failed; nested exception is org.springframework.beans.BeanInstantiationException: Failed to instantiate [org.sonar.scanner.bootstrap.GlobalServerSettings]: Factory method 'provide' threw exception; nested exception is Not authorized. Please check the properties sonar.login and sonar.password.
	at org.springframework.beans.factory.support.ConstructorResolver.createArgumentArray(ConstructorResolver.java:800)
	at org.springframework.beans.factory.support.ConstructorResolver.autowireConstructor(ConstructorResolver.java:229)
	at org.springframework.beans.factory.support.AbstractAutowireCapableBeanFactory.autowireConstructor(AbstractAutowireCapableBeanFactory.java:1372)
	at org.springframework.beans.factory.support.AbstractAutowireCapableBeanFactory.createBeanInstance(AbstractAutowireCapableBeanFactory.java:1222)
	at org.springframework.beans.factory.support.AbstractAutowireCapableBeanFactory.doCreateBean(AbstractAutowireCapableBeanFactory.java:582)
	at org.springframework.beans.factory.support.AbstractAutowireCapableBeanFactory.createBean(AbstractAutowireCapableBeanFactory.java:542)
	at org.springframework.beans.factory.support.AbstractBeanFactory.lambda$doGetBean$0(AbstractBeanFactory.java:335)
	at org.springframework.beans.factory.support.DefaultSingletonBeanRegistry.getSingleton(DefaultSingletonBeanRegistry.java:234)
	at org.springframework.beans.factory.support.AbstractBeanFactory.doGetBean(AbstractBeanFactory.java:333)
	at org.springframework.beans.factory.support.AbstractBeanFactory.getBean(AbstractBeanFactory.java:208)
	at org.springframework.beans.factory.config.DependencyDescriptor.resolveCandidate(DependencyDescriptor.java:276)
	at org.springframework.beans.factory.support.DefaultListableBeanFactory.doResolveDependency(DefaultListableBeanFactory.java:1391)
	at org.springframework.beans.factory.support.DefaultListableBeanFactory.resolveDependency(DefaultListableBeanFactory.java:1311)
	at org.springframework.beans.factory.support.ConstructorResolver.resolveAutowiredArgument(ConstructorResolver.java:887)
	at org.springframework.beans.factory.support.ConstructorResolver.createArgumentArray(ConstructorResolver.java:791)
	... 28 more
Caused by: org.springframework.beans.factory.UnsatisfiedDependencyException: Error creating bean with name 'org.sonarsource.scanner.api.internal.IsolatedClassloader@4abdb505-org.sonar.scanner.bootstrap.PluginFiles': Unsatisfied dependency expressed through constructor parameter 1; nested exception is org.springframework.beans.factory.UnsatisfiedDependencyException: Error creating bean with name 'GlobalConfiguration' defined in org.sonar.scanner.bootstrap.GlobalConfigurationProvider: Unsatisfied dependency expressed through method 'provide' parameter 0; nested exception is org.springframework.beans.factory.BeanCreationException: Error creating bean with name 'GlobalServerSettings' defined in org.sonar.scanner.bootstrap.GlobalServerSettingsProvider: Bean instantiation via factory method failed; nested exception is org.springframework.beans.BeanInstantiationException: Failed to instantiate [org.sonar.scanner.bootstrap.GlobalServerSettings]: Factory method 'provide' threw exception; nested exception is Not authorized. Please check the properties sonar.login and sonar.password.
	at org.springframework.beans.factory.support.ConstructorResolver.createArgumentArray(ConstructorResolver.java:800)
	at org.springframework.beans.factory.support.ConstructorResolver.autowireConstructor(ConstructorResolver.java:229)
	at org.springframework.beans.factory.support.AbstractAutowireCapableBeanFactory.autowireConstructor(AbstractAutowireCapableBeanFactory.java:1372)
	at org.springframework.beans.factory.support.AbstractAutowireCapableBeanFactory.createBeanInstance(AbstractAutowireCapableBeanFactory.java:1222)
	at org.springframework.beans.factory.support.AbstractAutowireCapableBeanFactory.doCreateBean(AbstractAutowireCapableBeanFactory.java:582)
	at org.springframework.beans.factory.support.AbstractAutowireCapableBeanFactory.createBean(AbstractAutowireCapableBeanFactory.java:542)
	at org.springframework.beans.factory.support.AbstractBeanFactory.lambda$doGetBean$0(AbstractBeanFactory.java:335)
	at org.springframework.beans.factory.support.DefaultSingletonBeanRegistry.getSingleton(DefaultSingletonBeanRegistry.java:234)
	at org.springframework.beans.factory.support.AbstractBeanFactory.doGetBean(AbstractBeanFactory.java:333)
	at org.springframework.beans.factory.support.AbstractBeanFactory.getBean(AbstractBeanFactory.java:208)
	at org.springframework.beans.factory.config.DependencyDescriptor.resolveCandidate(DependencyDescriptor.java:276)
	at org.springframework.beans.factory.support.DefaultListableBeanFactory.doResolveDependency(DefaultListableBeanFactory.java:1391)
	at org.springframework.beans.factory.support.DefaultListableBeanFactory.resolveDependency(DefaultListableBeanFactory.java:1311)
	at org.springframework.beans.factory.support.ConstructorResolver.resolveAutowiredArgument(ConstructorResolver.java:887)
	at org.springframework.beans.factory.support.ConstructorResolver.createArgumentArray(ConstructorResolver.java:791)
	... 42 more
Caused by: org.springframework.beans.factory.UnsatisfiedDependencyException: Error creating bean with name 'GlobalConfiguration' defined in org.sonar.scanner.bootstrap.GlobalConfigurationProvider: Unsatisfied dependency expressed through method 'provide' parameter 0; nested exception is org.springframework.beans.factory.BeanCreationException: Error creating bean with name 'GlobalServerSettings' defined in org.sonar.scanner.bootstrap.GlobalServerSettingsProvider: Bean instantiation via factory method failed; nested exception is org.springframework.beans.BeanInstantiationException: Failed to instantiate [org.sonar.scanner.bootstrap.GlobalServerSettings]: Factory method 'provide' threw exception; nested exception is Not authorized. Please check the properties sonar.login and sonar.password.
	at org.springframework.beans.factory.support.ConstructorResolver.createArgumentArray(ConstructorResolver.java:800)
	at org.springframework.beans.factory.support.ConstructorResolver.instantiateUsingFactoryMethod(ConstructorResolver.java:541)
	at org.springframework.beans.factory.support.AbstractAutowireCapableBeanFactory.instantiateUsingFactoryMethod(AbstractAutowireCapableBeanFactory.java:1352)
	at org.springframework.beans.factory.support.AbstractAutowireCapableBeanFactory.createBeanInstance(AbstractAutowireCapableBeanFactory.java:1195)
	at org.springframework.beans.factory.support.AbstractAutowireCapableBeanFactory.doCreateBean(AbstractAutowireCapableBeanFactory.java:582)
	at org.springframework.beans.factory.support.AbstractAutowireCapableBeanFactory.createBean(AbstractAutowireCapableBeanFactory.java:542)
	at org.springframework.beans.factory.support.AbstractBeanFactory.lambda$doGetBean$0(AbstractBeanFactory.java:335)
	at org.springframework.beans.factory.support.DefaultSingletonBeanRegistry.getSingleton(DefaultSingletonBeanRegistry.java:234)
	at org.springframework.beans.factory.support.AbstractBeanFactory.doGetBean(AbstractBeanFactory.java:333)
	at org.springframework.beans.factory.support.AbstractBeanFactory.getBean(AbstractBeanFactory.java:208)
	at org.springframework.beans.factory.config.DependencyDescriptor.resolveCandidate(DependencyDescriptor.java:276)
	at org.springframework.beans.factory.support.DefaultListableBeanFactory.doResolveDependency(DefaultListableBeanFactory.java:1391)
	at org.springframework.beans.factory.support.DefaultListableBeanFactory.resolveDependency(DefaultListableBeanFactory.java:1311)
	at org.springframework.beans.factory.support.ConstructorResolver.resolveAutowiredArgument(ConstructorResolver.java:887)
	at org.springframework.beans.factory.support.ConstructorResolver.createArgumentArray(ConstructorResolver.java:791)
	... 56 more
Caused by: org.springframework.beans.factory.BeanCreationException: Error creating bean with name 'GlobalServerSettings' defined in org.sonar.scanner.bootstrap.GlobalServerSettingsProvider: Bean instantiation via factory method failed; nested exception is org.springframework.beans.BeanInstantiationException: Failed to instantiate [org.sonar.scanner.bootstrap.GlobalServerSettings]: Factory method 'provide' threw exception; nested exception is Not authorized. Please check the properties sonar.login and sonar.password.
	at org.springframework.beans.factory.support.ConstructorResolver.instantiate(ConstructorResolver.java:658)
	at org.springframework.beans.factory.support.ConstructorResolver.instantiateUsingFactoryMethod(ConstructorResolver.java:638)
	at org.springframework.beans.factory.support.AbstractAutowireCapableBeanFactory.instantiateUsingFactoryMethod(AbstractAutowireCapableBeanFactory.java:1352)
	at org.springframework.beans.factory.support.AbstractAutowireCapableBeanFactory.createBeanInstance(AbstractAutowireCapableBeanFactory.java:1195)
	at org.springframework.beans.factory.support.AbstractAutowireCapableBeanFactory.doCreateBean(AbstractAutowireCapableBeanFactory.java:582)
	at org.springframework.beans.factory.support.AbstractAutowireCapableBeanFactory.createBean(AbstractAutowireCapableBeanFactory.java:542)
	at org.springframework.beans.factory.support.AbstractBeanFactory.lambda$doGetBean$0(AbstractBeanFactory.java:335)
	at org.springframework.beans.factory.support.DefaultSingletonBeanRegistry.getSingleton(DefaultSingletonBeanRegistry.java:234)
	at org.springframework.beans.factory.support.AbstractBeanFactory.doGetBean(AbstractBeanFactory.java:333)
	at org.springframework.beans.factory.support.AbstractBeanFactory.getBean(AbstractBeanFactory.java:208)
	at org.springframework.beans.factory.config.DependencyDescriptor.resolveCandidate(DependencyDescriptor.java:276)
	at org.springframework.beans.factory.support.DefaultListableBeanFactory.doResolveDependency(DefaultListableBeanFactory.java:1391)
	at org.springframework.beans.factory.support.DefaultListableBeanFactory.resolveDependency(DefaultListableBeanFactory.java:1311)
	at org.springframework.beans.factory.support.ConstructorResolver.resolveAutowiredArgument(ConstructorResolver.java:887)
	at org.springframework.beans.factory.support.ConstructorResolver.createArgumentArray(ConstructorResolver.java:791)
	... 70 more
Caused by: org.springframework.beans.BeanInstantiationException: Failed to instantiate [org.sonar.scanner.bootstrap.GlobalServerSettings]: Factory method 'provide' threw exception; nested exception is Not authorized. Please check the properties sonar.login and sonar.password.
	at org.springframework.beans.factory.support.SimpleInstantiationStrategy.instantiate(SimpleInstantiationStrategy.java:185)
	at org.springframework.beans.factory.support.ConstructorResolver.instantiate(ConstructorResolver.java:653)
	... 84 more
Caused by: Not authorized. Please check the properties sonar.login and sonar.password.
WARN: Unable to locate 'report-task.txt' in the workspace. Did the SonarScanner succeed?
ERROR: SonarQube scanner exited with non-zero code: 1
Finished: FAILURE
